[ 2018-05-17T12:55:03+08:00 ] 122.235.233.252 /layui/index.php/Home/Index/index.html
INFO: [ app_init ] --START--
INFO: Run Behavior\BuildLiteBehavior [ RunTime:0.000000s ]
INFO: [ app_init ] --END-- [ RunTime:0.000000s ]

[ 2018-05-17T12:55:08+08:00 ] 122.235.233.252 /layui/index.php/Home/Public/loginb.html
INFO: [ app_init ] --START--
INFO: Run Behavior\BuildLiteBehavior [ RunTime:0.000000s ]
INFO: [ app_init ] --END-- [ RunTime:0.015624s ]

[ 2018-05-17T12:55:14+08:00 ] 122.235.233.252 /layui/index.php/Home/Public/loginb.html
INFO: [ app_init ] --START--
INFO: Run Behavior\BuildLiteBehavior [ RunTime:0.000000s ]
INFO: [ app_init ] --END-- [ RunTime:0.000000s ]

[ 2018-05-17T12:55:14+08:00 ] 122.235.233.252 /layui/index.php/Home/Index/index.html
INFO: [ app_init ] --START--
INFO: Run Behavior\BuildLiteBehavior [ RunTime:0.000000s ]
INFO: [ app_init ] --END-- [ RunTime:0.000000s ]

[ 2018-05-17T12:55:14+08:00 ] 122.235.233.252 /layui/index.php/Home/Public/welcome.html
INFO: [ app_init ] --START--
INFO: Run Behavior\BuildLiteBehavior [ RunTime:0.000000s ]
INFO: [ app_init ] --END-- [ RunTime:0.000000s ]

[ 2018-05-17T12:58:45+08:00 ] 122.235.233.252 /layui/index.php/Home/Index/index.html
INFO: [ app_init ] --START--
INFO: Run Behavior\BuildLiteBehavior [ RunTime:0.000000s ]
INFO: [ app_init ] --END-- [ RunTime:0.000000s ]

[ 2018-05-17T12:58:46+08:00 ] 122.235.233.252 /layui/index.php/Home/Public/welcome.html
INFO: [ app_init ] --START--
INFO: Run Behavior\BuildLiteBehavior [ RunTime:0.000000s ]
INFO: [ app_init ] --END-- [ RunTime:0.000000s ]

[ 2018-05-17T12:58:53+08:00 ] 122.235.233.252 /layui/index.php/Home/Index/index.html
INFO: [ app_init ] --START--
INFO: Run Behavior\BuildLiteBehavior [ RunTime:0.000000s ]
INFO: [ app_init ] --END-- [ RunTime:0.000000s ]

[ 2018-05-17T12:58:53+08:00 ] 122.235.233.252 /layui/index.php/Home/Public/welcome.html
INFO: [ app_init ] --START--
INFO: Run Behavior\BuildLiteBehavior [ RunTime:0.000000s ]
INFO: [ app_init ] --END-- [ RunTime:0.000000s ]

[ 2018-05-17T12:59:12+08:00 ] 122.235.233.252 /layui/index.php/Home/Index/index.html
INFO: [ app_init ] --START--
INFO: Run Behavior\BuildLiteBehavior [ RunTime:0.000000s ]
INFO: [ app_init ] --END-- [ RunTime:0.000000s ]

[ 2018-05-17T12:59:12+08:00 ] 122.235.233.252 /layui/index.php/Home/Public/welcome.html
INFO: [ app_init ] --START--
INFO: Run Behavior\BuildLiteBehavior [ RunTime:0.000000s ]
INFO: [ app_init ] --END-- [ RunTime:0.000000s ]

[ 2018-05-17T12:59:15+08:00 ] 122.235.233.252 /layui/index.php/Home/index/vrList.html
INFO: [ app_init ] --START--
INFO: Run Behavior\BuildLiteBehavior [ RunTime:0.000000s ]
INFO: [ app_init ] --END-- [ RunTime:0.000000s ]

[ 2018-05-17T12:59:15+08:00 ] 122.235.233.252 /layui/index.php/Home/index/vrList.html?page=1&limit=10
INFO: [ app_init ] --START--
INFO: Run Behavior\BuildLiteBehavior [ RunTime:0.000000s ]
INFO: [ app_init ] --END-- [ RunTime:0.000000s ]

[ 2018-05-17T12:59:22+08:00 ] 122.235.233.252 /layui/index.php/Home/index/vrAdd.html
INFO: [ app_init ] --START--
INFO: Run Behavior\BuildLiteBehavior [ RunTime:0.000000s ]
INFO: [ app_init ] --END-- [ RunTime:0.000000s ]

[ 2018-05-17T12:59:27+08:00 ] 122.235.233.252 /layui/index.php/Home/auth/roleList.html
INFO: [ app_init ] --START--
INFO: Run Behavior\BuildLiteBehavior [ RunTime:0.000000s ]
INFO: [ app_init ] --END-- [ RunTime:0.015625s ]

[ 2018-05-17T12:59:27+08:00 ] 122.235.233.252 /layui/index.php/Home/auth/roleList.html?page=1&limit=10
INFO: [ app_init ] --START--
INFO: Run Behavior\BuildLiteBehavior [ RunTime:0.000000s ]
INFO: [ app_init ] --END-- [ RunTime:0.000000s ]

[ 2018-05-17T12:59:28+08:00 ] 122.235.233.252 /layui/index.php/Home/auth/adminList.html
INFO: [ app_init ] --START--
INFO: Run Behavior\BuildLiteBehavior [ RunTime:0.000000s ]
INFO: [ app_init ] --END-- [ RunTime:0.000000s ]

[ 2018-05-17T12:59:28+08:00 ] 122.235.233.252 /layui/index.php/Home/auth/adminList.html?page=1&limit=10
INFO: [ app_init ] --START--
INFO: Run Behavior\BuildLiteBehavior [ RunTime:0.000000s ]
INFO: [ app_init ] --END-- [ RunTime:0.000000s ]

[ 2018-05-17T12:59:30+08:00 ] 122.235.233.252 /layui/index.php/Home/auth/ruleList.html
INFO: [ app_init ] --START--
INFO: Run Behavior\BuildLiteBehavior [ RunTime:0.000000s ]
INFO: [ app_init ] --END-- [ RunTime:0.000000s ]

[ 2018-05-17T12:59:30+08:00 ] 122.235.233.252 /layui/index.php/Home/auth/ruleList.html?page=1&limit=10
INFO: [ app_init ] --START--
INFO: Run Behavior\BuildLiteBehavior [ RunTime:0.000000s ]
INFO: [ app_init ] --END-- [ RunTime:0.000000s ]

[ 2018-05-17T13:00:22+08:00 ] 122.235.233.252 /layui/index.php/Home/index/vrAdd.html
INFO: [ app_init ] --START--
INFO: Run Behavior\BuildLiteBehavior [ RunTime:0.000000s ]
INFO: [ app_init ] --END-- [ RunTime:0.000000s ]

[ 2018-05-17T13:00:31+08:00 ] 122.235.233.252 /layui/index.php/Home/Public/loginb.html
INFO: [ app_init ] --START--
INFO: Run Behavior\BuildLiteBehavior [ RunTime:0.000000s ]
INFO: [ app_init ] --END-- [ RunTime:0.000000s ]

[ 2018-05-17T13:00:39+08:00 ] 122.235.233.252 /layui/index.php/Home/Public/loginb.html
INFO: [ app_init ] --START--
INFO: Run Behavior\BuildLiteBehavior [ RunTime:0.000000s ]
INFO: [ app_init ] --END-- [ RunTime:0.000000s ]

[ 2018-05-17T13:00:40+08:00 ] 122.235.233.252 /layui/index.php/Home/Public/loginb.html
INFO: [ app_init ] --START--
INFO: Run Behavior\BuildLiteBehavior [ RunTime:0.000000s ]
INFO: [ app_init ] --END-- [ RunTime:0.000000s ]

[ 2018-05-17T13:00:40+08:00 ] 122.235.233.252 /layui/index.php/Home/Index/index.html
INFO: [ app_init ] --START--
INFO: Run Behavior\BuildLiteBehavior [ RunTime:0.000000s ]
INFO: [ app_init ] --END-- [ RunTime:0.000000s ]

[ 2018-05-17T13:00:40+08:00 ] 122.235.233.252 /layui/index.php/Home/Public/welcome.html
INFO: [ app_init ] --START--
INFO: Run Behavior\BuildLiteBehavior [ RunTime:0.000000s ]
INFO: [ app_init ] --END-- [ RunTime:0.000000s ]

[ 2018-05-17T13:00:43+08:00 ] 122.235.233.252 /layui/index.php/Home/index/vrList.html
INFO: [ app_init ] --START--
INFO: Run Behavior\BuildLiteBehavior [ RunTime:0.000000s ]
INFO: [ app_init ] --END-- [ RunTime:0.000000s ]

[ 2018-05-17T13:00:43+08:00 ] 122.235.233.252 /layui/index.php/Home/index/vrList.html?page=1&limit=10
INFO: [ app_init ] --START--
INFO: Run Behavior\BuildLiteBehavior [ RunTime:0.000000s ]
INFO: [ app_init ] --END-- [ RunTime:0.000000s ]

[ 2018-05-17T13:00:44+08:00 ] 122.235.233.252 /layui/index.php/Home/index/vrAdd.html
INFO: [ app_init ] --START--
INFO: Run Behavior\BuildLiteBehavior [ RunTime:0.000000s ]
INFO: [ app_init ] --END-- [ RunTime:0.000000s ]

[ 2018-05-17T13:02:21+08:00 ] 122.235.233.252 /layui/index.php/Home/auth/adminList.html
INFO: [ app_init ] --START--
INFO: Run Behavior\BuildLiteBehavior [ RunTime:0.000000s ]
INFO: [ app_init ] --END-- [ RunTime:0.000000s ]

[ 2018-05-17T13:02:21+08:00 ] 122.235.233.252 /layui/index.php/Home/auth/adminList.html?page=1&limit=10
INFO: [ app_init ] --START--
INFO: Run Behavior\BuildLiteBehavior [ RunTime:0.000000s ]
INFO: [ app_init ] --END-- [ RunTime:0.000000s ]

[ 2018-05-17T13:02:21+08:00 ] 122.235.233.252 /layui/index.php/Home/auth/roleList.html
INFO: [ app_init ] --START--
INFO: Run Behavior\BuildLiteBehavior [ RunTime:0.000000s ]
INFO: [ app_init ] --END-- [ RunTime:0.000000s ]

[ 2018-05-17T13:02:21+08:00 ] 122.235.233.252 /layui/index.php/Home/auth/roleList.html?page=1&limit=10
INFO: [ app_init ] --START--
INFO: Run Behavior\BuildLiteBehavior [ RunTime:0.000000s ]
INFO: [ app_init ] --END-- [ RunTime:0.000000s ]

[ 2018-05-17T13:02:23+08:00 ] 122.235.233.252 /layui/index.php/Home/auth/ruleList.html
INFO: [ app_init ] --START--
INFO: Run Behavior\BuildLiteBehavior [ RunTime:0.000000s ]
INFO: [ app_init ] --END-- [ RunTime:0.000000s ]

[ 2018-05-17T13:02:23+08:00 ] 122.235.233.252 /layui/index.php/Home/auth/ruleList.html?page=1&limit=10
INFO: [ app_init ] --START--
INFO: Run Behavior\BuildLiteBehavior [ RunTime:0.000000s ]
INFO: [ app_init ] --END-- [ RunTime:0.000000s ]

[ 2018-05-17T13:42:35+08:00 ] 122.235.233.252 /layui/index.php/Home/Index/index.html
INFO: [ app_init ] --START--
INFO: Run Behavior\BuildLiteBehavior [ RunTime:0.000000s ]
INFO: [ app_init ] --END-- [ RunTime:0.000976s ]

[ 2018-05-17T13:42:35+08:00 ] 122.235.233.252 /layui/index.php/Home/Public/welcome.html
INFO: [ app_init ] --START--
INFO: Run Behavior\BuildLiteBehavior [ RunTime:0.000000s ]
INFO: [ app_init ] --END-- [ RunTime:0.000000s ]

[ 2018-05-17T13:42:36+08:00 ] 122.235.233.252 /layui/index.php/Home/index/vrList.html
INFO: [ app_init ] --START--
INFO: Run Behavior\BuildLiteBehavior [ RunTime:0.000000s ]
INFO: [ app_init ] --END-- [ RunTime:0.000977s ]

[ 2018-05-17T13:42:36+08:00 ] 122.235.233.252 /layui/index.php/Home/index/vrList.html?page=1&limit=10
INFO: [ app_init ] --START--
INFO: Run Behavior\BuildLiteBehavior [ RunTime:0.000000s ]
INFO: [ app_init ] --END-- [ RunTime:0.000000s ]

[ 2018-05-17T13:42:42+08:00 ] 122.235.233.252 /layui/index.php/Home/Index/vrDownload.html
INFO: [ app_init ] --START--
INFO: Run Behavior\BuildLiteBehavior [ RunTime:0.000000s ]
INFO: [ app_init ] --END-- [ RunTime:0.000000s ]

[ 2018-05-17T13:43:06+08:00 ] 122.235.233.252 /layui/index.php/Home/Index/vrDownload.html
INFO: [ app_init ] --START--
INFO: Run Behavior\BuildLiteBehavior [ RunTime:0.000000s ]
INFO: [ app_init ] --END-- [ RunTime:0.000976s ]

[ 2018-05-17T13:43:24+08:00 ] 122.235.233.252 /layui/index.php/Home/auth/ruleList.html
INFO: [ app_init ] --START--
INFO: Run Behavior\BuildLiteBehavior [ RunTime:0.000000s ]
INFO: [ app_init ] --END-- [ RunTime:0.000977s ]

[ 2018-05-17T13:43:24+08:00 ] 122.235.233.252 /layui/index.php/Home/auth/ruleList.html?page=1&limit=10
INFO: [ app_init ] --START--
INFO: Run Behavior\BuildLiteBehavior [ RunTime:0.000000s ]
INFO: [ app_init ] --END-- [ RunTime:0.000977s ]

[ 2018-05-17T13:43:27+08:00 ] 122.235.233.252 /layui/index.php/Home/auth/ruleAdd.html
INFO: [ app_init ] --START--
INFO: Run Behavior\BuildLiteBehavior [ RunTime:0.000000s ]
INFO: [ app_init ] --END-- [ RunTime:0.000000s ]

[ 2018-05-17T13:44:52+08:00 ] 122.235.233.252 /layui/index.php/Home/Auth/ruleAdd.html
INFO: [ app_init ] --START--
INFO: Run Behavior\BuildLiteBehavior [ RunTime:0.000976s ]
INFO: [ app_init ] --END-- [ RunTime:0.000976s ]

[ 2018-05-17T13:44:53+08:00 ] 122.235.233.252 /layui/index.php/Home/auth/ruleList.html
INFO: [ app_init ] --START--
INFO: Run Behavior\BuildLiteBehavior [ RunTime:0.000000s ]
INFO: [ app_init ] --END-- [ RunTime:0.000000s ]

[ 2018-05-17T13:44:53+08:00 ] 122.235.233.252 /layui/index.php/Home/auth/ruleList.html?page=1&limit=10
INFO: [ app_init ] --START--
INFO: Run Behavior\BuildLiteBehavior [ RunTime:0.000000s ]
INFO: [ app_init ] --END-- [ RunTime:0.000000s ]

[ 2018-05-17T13:44:59+08:00 ] 122.235.233.252 /layui/index.php/Home/auth/roleList.html
INFO: [ app_init ] --START--
INFO: Run Behavior\BuildLiteBehavior [ RunTime:0.000000s ]
INFO: [ app_init ] --END-- [ RunTime:0.000977s ]

[ 2018-05-17T13:44:59+08:00 ] 122.235.233.252 /layui/index.php/Home/auth/roleList.html?page=1&limit=10
INFO: [ app_init ] --START--
INFO: Run Behavior\BuildLiteBehavior [ RunTime:0.000000s ]
INFO: [ app_init ] --END-- [ RunTime:0.000000s ]

[ 2018-05-17T13:45:03+08:00 ] 122.235.233.252 /layui/index.php/Home/auth/roleEdit.html?id=1
INFO: [ app_init ] --START--
INFO: Run Behavior\BuildLiteBehavior [ RunTime:0.000000s ]
INFO: [ app_init ] --END-- [ RunTime:0.000977s ]

[ 2018-05-17T13:45:03+08:00 ] 122.235.233.252 /layui/index.php/Home/Public/rules.html
INFO: [ app_init ] --START--
INFO: Run Behavior\BuildLiteBehavior [ RunTime:0.000000s ]
INFO: [ app_init ] --END-- [ RunTime:0.000977s ]

[ 2018-05-17T13:45:08+08:00 ] 122.235.233.252 /layui/index.php/Home/Auth/roleEdit.html
INFO: [ app_init ] --START--
INFO: Run Behavior\BuildLiteBehavior [ RunTime:0.000000s ]
INFO: [ app_init ] --END-- [ RunTime:0.000000s ]

[ 2018-05-17T13:45:10+08:00 ] 122.235.233.252 /layui/index.php/Home/auth/roleList.html
INFO: [ app_init ] --START--
INFO: Run Behavior\BuildLiteBehavior [ RunTime:0.000000s ]
INFO: [ app_init ] --END-- [ RunTime:0.000000s ]

[ 2018-05-17T13:45:11+08:00 ] 122.235.233.252 /layui/index.php/Home/auth/roleList.html?page=1&limit=10
INFO: [ app_init ] --START--
INFO: Run Behavior\BuildLiteBehavior [ RunTime:0.000000s ]
INFO: [ app_init ] --END-- [ RunTime:0.000000s ]

[ 2018-05-17T13:45:20+08:00 ] 122.235.233.252 /layui/index.php/Home/index/vrList.html
INFO: [ app_init ] --START--
INFO: Run Behavior\BuildLiteBehavior [ RunTime:0.000000s ]
INFO: [ app_init ] --END-- [ RunTime:0.000977s ]

[ 2018-05-17T13:45:20+08:00 ] 122.235.233.252 /layui/index.php/Home/index/vrList.html?page=1&limit=10
INFO: [ app_init ] --START--
INFO: Run Behavior\BuildLiteBehavior [ RunTime:0.000000s ]
INFO: [ app_init ] --END-- [ RunTime:0.000976s ]

[ 2018-05-17T13:45:28+08:00 ] 122.235.233.252 /layui/index.php/Home/Index/vrDownload.html
INFO: [ app_init ] --START--
INFO: Run Behavior\BuildLiteBehavior [ RunTime:0.000000s ]
INFO: [ app_init ] --END-- [ RunTime:0.000977s ]

[ 2018-05-17T13:45:48+08:00 ] 122.235.233.252 /layui/index.php/Home/auth/roleEdit.html?id=1
INFO: [ app_init ] --START--
INFO: Run Behavior\BuildLiteBehavior [ RunTime:0.000000s ]
INFO: [ app_init ] --END-- [ RunTime:0.000000s ]

[ 2018-05-17T13:45:49+08:00 ] 122.235.233.252 /layui/index.php/Home/Public/rules.html
INFO: [ app_init ] --START--
INFO: Run Behavior\BuildLiteBehavior [ RunTime:0.000000s ]
INFO: [ app_init ] --END-- [ RunTime:0.000000s ]

[ 2018-05-17T13:45:54+08:00 ] 122.235.233.252 /layui/index.php/Home/auth/adminList.html
INFO: [ app_init ] --START--
INFO: Run Behavior\BuildLiteBehavior [ RunTime:0.000000s ]
INFO: [ app_init ] --END-- [ RunTime:0.000000s ]

[ 2018-05-17T13:45:54+08:00 ] 122.235.233.252 /layui/index.php/Home/auth/adminList.html?page=1&limit=10
INFO: [ app_init ] --START--
INFO: Run Behavior\BuildLiteBehavior [ RunTime:0.000000s ]
INFO: [ app_init ] --END-- [ RunTime:0.000000s ]

[ 2018-05-17T13:45:57+08:00 ] 122.235.233.252 /layui/index.php/Home/auth/adminEdit.html?id=2
INFO: [ app_init ] --START--
INFO: Run Behavior\BuildLiteBehavior [ RunTime:0.000000s ]
INFO: [ app_init ] --END-- [ RunTime:0.000977s ]

[ 2018-05-17T13:45:59+08:00 ] 122.235.233.252 /layui/index.php/Home/auth/adminEdit.html
INFO: [ app_init ] --START--
INFO: Run Behavior\BuildLiteBehavior [ RunTime:0.000000s ]
INFO: [ app_init ] --END-- [ RunTime:0.000976s ]

[ 2018-05-17T13:46:01+08:00 ] 122.235.233.252 /layui/index.php/Home/auth/adminList.html
INFO: [ app_init ] --START--
INFO: Run Behavior\BuildLiteBehavior [ RunTime:0.000000s ]
INFO: [ app_init ] --END-- [ RunTime:0.000977s ]

[ 2018-05-17T13:46:01+08:00 ] 122.235.233.252 /layui/index.php/Home/auth/adminList.html?page=1&limit=10
INFO: [ app_init ] --START--
INFO: Run Behavior\BuildLiteBehavior [ RunTime:0.000000s ]
INFO: [ app_init ] --END-- [ RunTime:0.000000s ]

[ 2018-05-17T13:46:10+08:00 ] 122.235.233.252 /layui/index.php/Home/Public/loginout.html
INFO: [ app_init ] --START--
INFO: Run Behavior\BuildLiteBehavior [ RunTime:0.000000s ]
INFO: [ app_init ] --END-- [ RunTime:0.000000s ]

[ 2018-05-17T13:46:12+08:00 ] 122.235.233.252 /layui/index.php/Home/Public/loginb.html
INFO: [ app_init ] --START--
INFO: Run Behavior\BuildLiteBehavior [ RunTime:0.000000s ]
INFO: [ app_init ] --END-- [ RunTime:0.000977s ]

[ 2018-05-17T13:46:17+08:00 ] 122.235.233.252 /layui/index.php/Home/Public/loginb.html
INFO: [ app_init ] --START--
INFO: Run Behavior\BuildLiteBehavior [ RunTime:0.000000s ]
INFO: [ app_init ] --END-- [ RunTime:0.000977s ]

[ 2018-05-17T13:46:17+08:00 ] 122.235.233.252 /layui/index.php/Home/Index/index.html
INFO: [ app_init ] --START--
INFO: Run Behavior\BuildLiteBehavior [ RunTime:0.000000s ]
INFO: [ app_init ] --END-- [ RunTime:0.000000s ]

[ 2018-05-17T13:46:17+08:00 ] 122.235.233.252 /layui/index.php/Home/Public/welcome.html
INFO: [ app_init ] --START--
INFO: Run Behavior\BuildLiteBehavior [ RunTime:0.000000s ]
INFO: [ app_init ] --END-- [ RunTime:0.000000s ]

[ 2018-05-17T13:46:20+08:00 ] 122.235.233.252 /layui/index.php/Home/index/vrList.html
INFO: [ app_init ] --START--
INFO: Run Behavior\BuildLiteBehavior [ RunTime:0.000000s ]
INFO: [ app_init ] --END-- [ RunTime:0.000977s ]

[ 2018-05-17T13:46:21+08:00 ] 122.235.233.252 /layui/index.php/Home/index/vrList.html?page=1&limit=10
INFO: [ app_init ] --START--
INFO: Run Behavior\BuildLiteBehavior [ RunTime:0.000000s ]
INFO: [ app_init ] --END-- [ RunTime:0.000976s ]

[ 2018-05-17T13:46:24+08:00 ] 122.235.233.252 /layui/index.php/Home/Index/vrDownload.html
INFO: [ app_init ] --START--
INFO: Run Behavior\BuildLiteBehavior [ RunTime:0.000000s ]
INFO: [ app_init ] --END-- [ RunTime:0.000977s ]

[ 2018-05-17T13:47:18+08:00 ] 122.235.233.252 /layui/index.php/Home/index/vrList.html
INFO: [ app_init ] --START--
INFO: Run Behavior\BuildLiteBehavior [ RunTime:0.000000s ]
INFO: [ app_init ] --END-- [ RunTime:0.000977s ]

[ 2018-05-17T13:47:18+08:00 ] 122.235.233.252 /layui/index.php/Home/index/vrList.html?page=1&limit=10
INFO: [ app_init ] --START--
INFO: Run Behavior\BuildLiteBehavior [ RunTime:0.000000s ]
INFO: [ app_init ] --END-- [ RunTime:0.000000s ]

[ 2018-05-17T13:47:21+08:00 ] 122.235.233.252 /layui/index.php/Home/Index/download.html
INFO: [ app_init ] --START--
INFO: Run Behavior\BuildLiteBehavior [ RunTime:0.000000s ]
INFO: [ app_init ] --END-- [ RunTime:0.000977s ]
ERR: 1054:Champ 'vr_folderurl' inconnu dans field list
 [ SQLËØ≠Âè• ] : SELECT `vr_folder`,`vr_folderurl` FROM `t_all_model_vr` WHERE `vr_id` = 1030 AND `vr_show` <> 0 LIMIT 1  
ERR: 1054:Champ 'vr_folderurl' inconnu dans field list
 [ SQLËØ≠Âè• ] : SELECT `vr_folder`,`vr_folderurl` FROM `t_all_model_vr` WHERE `vr_id` = 1030 AND `vr_show` <> 0 LIMIT 1  

[ 2018-05-17T13:51:10+08:00 ] 122.235.233.252 /layui/index.php/Home/Index/download.html
INFO: [ app_init ] --START--
INFO: Run Behavior\BuildLiteBehavior [ RunTime:0.000000s ]
INFO: [ app_init ] --END-- [ RunTime:0.000977s ]
ERR: ‰∏ãËΩΩÊñá‰ª∂‰∏çÂ≠òÂú®ÔºÅ

[ 2018-05-17T13:51:14+08:00 ] 122.235.233.252 /layui/index.php/Home/Index/download.html
INFO: [ app_init ] --START--
INFO: Run Behavior\BuildLiteBehavior [ RunTime:0.000000s ]
INFO: [ app_init ] --END-- [ RunTime:0.000977s ]
ERR: ‰∏ãËΩΩÊñá‰ª∂‰∏çÂ≠òÂú®ÔºÅ

[ 2018-05-17T13:51:15+08:00 ] 122.235.233.252 /layui/index.php/Home/Index/download.html
INFO: [ app_init ] --START--
INFO: Run Behavior\BuildLiteBehavior [ RunTime:0.000000s ]
INFO: [ app_init ] --END-- [ RunTime:0.000000s ]
ERR: ‰∏ãËΩΩÊñá‰ª∂‰∏çÂ≠òÂú®ÔºÅ

[ 2018-05-17T13:51:15+08:00 ] 122.235.233.252 /layui/index.php/Home/Index/download.html
INFO: [ app_init ] --START--
INFO: Run Behavior\BuildLiteBehavior [ RunTime:0.000000s ]
INFO: [ app_init ] --END-- [ RunTime:0.000000s ]
ERR: ‰∏ãËΩΩÊñá‰ª∂‰∏çÂ≠òÂú®ÔºÅ

[ 2018-05-17T13:51:57+08:00 ] 122.235.233.252 /layui/index.php/Home/Index/download.html
INFO: [ app_init ] --START--
INFO: Run Behavior\BuildLiteBehavior [ RunTime:0.000000s ]
INFO: [ app_init ] --END-- [ RunTime:0.000976s ]

[ 2018-05-17T13:53:02+08:00 ] 122.235.233.252 /layui/index.php/Home/Index/download.html
INFO: [ app_init ] --START--
INFO: Run Behavior\BuildLiteBehavior [ RunTime:0.000000s ]
INFO: [ app_init ] --END-- [ RunTime:0.000000s ]

[ 2018-05-17T13:53:05+08:00 ] 122.235.233.252 /layui/index.php/Home/Index/download.html
INFO: [ app_init ] --START--
INFO: Run Behavior\BuildLiteBehavior [ RunTime:0.000000s ]
INFO: [ app_init ] --END-- [ RunTime:0.000000s ]

[ 2018-05-17T13:53:24+08:00 ] 122.235.233.252 /layui/index.php/Home/Index/download.html
INFO: [ app_init ] --START--
INFO: Run Behavior\BuildLiteBehavior [ RunTime:0.000000s ]
INFO: [ app_init ] --END-- [ RunTime:0.000976s ]

[ 2018-05-17T13:54:32+08:00 ] 122.235.233.252 /layui/index.php/Home/index/vrAdd.html
INFO: [ app_init ] --START--
INFO: Run Behavior\BuildLiteBehavior [ RunTime:0.000000s ]
INFO: [ app_init ] --END-- [ RunTime:0.000977s ]

[ 2018-05-17T14:05:41+08:00 ] 122.235.233.252 /layui/index.php/Home/index/vrAdd.html
INFO: [ app_init ] --START--
INFO: Run Behavior\BuildLiteBehavior [ RunTime:0.000000s ]
INFO: [ app_init ] --END-- [ RunTime:0.000000s ]

[ 2018-05-17T14:05:58+08:00 ] 122.235.233.252 /layui/index.php/Home/index/vrAdd.html
INFO: [ app_init ] --START--
INFO: Run Behavior\BuildLiteBehavior [ RunTime:0.000000s ]
INFO: [ app_init ] --END-- [ RunTime:0.000000s ]

[ 2018-05-17T14:28:43+08:00 ] 122.235.233.252 /layui/index.php/Home/index/vrAdd.html
INFO: [ app_init ] --START--
INFO: Run Behavior\BuildLiteBehavior [ RunTime:0.000000s ]
INFO: [ app_init ] --END-- [ RunTime:0.000000s ]

[ 2018-05-17T14:28:53+08:00 ] 122.235.233.252 /layui/index.php/Home/Index/download.html
INFO: [ app_init ] --START--
INFO: Run Behavior\BuildLiteBehavior [ RunTime:0.000000s ]
INFO: [ app_init ] --END-- [ RunTime:0.000977s ]

[ 2018-05-17T14:28:55+08:00 ] 122.235.233.252 /layui/index.php/Home/index/vrAdd.html
INFO: [ app_init ] --START--
INFO: Run Behavior\BuildLiteBehavior [ RunTime:0.000000s ]
INFO: [ app_init ] --END-- [ RunTime:0.000976s ]

[ 2018-05-17T14:29:38+08:00 ] 122.235.233.252 /layui/index.php/Home/auth/ruleList.html
INFO: [ app_init ] --START--
INFO: Run Behavior\BuildLiteBehavior [ RunTime:0.000000s ]
INFO: [ app_init ] --END-- [ RunTime:0.001953s ]

[ 2018-05-17T14:29:38+08:00 ] 122.235.233.252 /layui/index.php/Home/auth/ruleList.html?page=1&limit=10
INFO: [ app_init ] --START--
INFO: Run Behavior\BuildLiteBehavior [ RunTime:0.000000s ]
INFO: [ app_init ] --END-- [ RunTime:0.000976s ]

[ 2018-05-17T14:32:05+08:00 ] 122.235.233.252 /layui/index.php/Home/index/vrAdd.html
INFO: [ app_init ] --START--
INFO: Run Behavior\BuildLiteBehavior [ RunTime:0.000000s ]
INFO: [ app_init ] --END-- [ RunTime:0.000000s ]

[ 2018-05-17T14:45:09+08:00 ] 122.235.233.252 /layui/index.php/Home/index/vrAdd.html
INFO: [ app_init ] --START--
INFO: Run Behavior\BuildLiteBehavior [ RunTime:0.000000s ]
INFO: [ app_init ] --END-- [ RunTime:0.000000s ]

[ 2018-05-17T14:45:14+08:00 ] 122.235.233.252 /layui/index.php/Home/public/uploadfolder.html
INFO: [ app_init ] --START--
INFO: Run Behavior\BuildLiteBehavior [ RunTime:0.000000s ]
INFO: [ app_init ] --END-- [ RunTime:0.000976s ]

[ 2018-05-17T15:00:10+08:00 ] 122.235.233.252 /layui/index.php/Home/index/vrAdd.html
INFO: [ app_init ] --START--
INFO: Run Behavior\BuildLiteBehavior [ RunTime:0.000000s ]
INFO: [ app_init ] --END-- [ RunTime:0.000977s ]

[ 2018-05-17T15:00:46+08:00 ] 122.235.233.252 /layui/index.php/Home/index/vrAdd.html
INFO: [ app_init ] --START--
INFO: Run Behavior\BuildLiteBehavior [ RunTime:0.000000s ]
INFO: [ app_init ] --END-- [ RunTime:0.000000s ]

[ 2018-05-17T15:00:55+08:00 ] 122.235.233.252 /layui/index.php/Home/public/uploadfolder.html
INFO: [ app_init ] --START--
INFO: Run Behavior\BuildLiteBehavior [ RunTime:0.000000s ]
INFO: [ app_init ] --END-- [ RunTime:0.001953s ]

[ 2018-05-17T15:01:16+08:00 ] 122.235.233.252 /layui/index.php/Home/public/upload.html
INFO: [ app_init ] --START--
INFO: Run Behavior\BuildLiteBehavior [ RunTime:0.000000s ]
INFO: [ app_init ] --END-- [ RunTime:0.000000s ]

[ 2018-05-17T15:02:53+08:00 ] 122.235.233.252 /layui/index.php/Home/Index/vrAdd.html
INFO: [ app_init ] --START--
INFO: Run Behavior\BuildLiteBehavior [ RunTime:0.000000s ]
INFO: [ app_init ] --END-- [ RunTime:0.000977s ]

[ 2018-05-17T15:02:56+08:00 ] 122.235.233.252 /layui/index.php/Home/index/vrList.html
INFO: [ app_init ] --START--
INFO: Run Behavior\BuildLiteBehavior [ RunTime:0.000000s ]
INFO: [ app_init ] --END-- [ RunTime:0.000976s ]

[ 2018-05-17T15:02:56+08:00 ] 122.235.233.252 /layui/index.php/Home/index/vrList.html?page=1&limit=10
INFO: [ app_init ] --START--
INFO: Run Behavior\BuildLiteBehavior [ RunTime:0.000977s ]
INFO: [ app_init ] --END-- [ RunTime:0.000977s ]

[ 2018-05-17T15:03:49+08:00 ] 122.235.233.252 /layui/index.php/Home/Index/download.html
INFO: [ app_init ] --START--
INFO: Run Behavior\BuildLiteBehavior [ RunTime:0.000000s ]
INFO: [ app_init ] --END-- [ RunTime:0.000977s ]
ERR: http://5d.8lei.cn/layui/Upload/folder/2018-05-17/150055301.zip‰∏ãËΩΩÊñá‰ª∂‰∏çÂ≠òÂú®ÔºÅ

[ 2018-05-17T15:04:03+08:00 ] 122.235.233.252 /layui/index.php/Home/index/vrList.html
INFO: [ app_init ] --START--
INFO: Run Behavior\BuildLiteBehavior [ RunTime:0.000000s ]
INFO: [ app_init ] --END-- [ RunTime:0.000977s ]

[ 2018-05-17T15:04:04+08:00 ] 122.235.233.252 /layui/index.php/Home/index/vrList.html?page=1&limit=10
INFO: [ app_init ] --START--
INFO: Run Behavior\BuildLiteBehavior [ RunTime:0.000000s ]
INFO: [ app_init ] --END-- [ RunTime:0.000000s ]

[ 2018-05-17T15:04:16+08:00 ] 122.235.233.252 /layui/index.php/Home/index/vrList.html
INFO: [ app_init ] --START--
INFO: Run Behavior\BuildLiteBehavior [ RunTime:0.000000s ]
INFO: [ app_init ] --END-- [ RunTime:0.000977s ]

[ 2018-05-17T15:04:16+08:00 ] 122.235.233.252 /layui/index.php/Home/index/vrList.html?page=1&limit=10
INFO: [ app_init ] --START--
INFO: Run Behavior\BuildLiteBehavior [ RunTime:0.000000s ]
INFO: [ app_init ] --END-- [ RunTime:0.000000s ]

[ 2018-05-17T15:04:24+08:00 ] 122.235.233.252 /layui/index.php/Home/Index/download.html
INFO: [ app_init ] --START--
INFO: Run Behavior\BuildLiteBehavior [ RunTime:0.000000s ]
INFO: [ app_init ] --END-- [ RunTime:0.000976s ]
ERR: http://5d.8lei.cn/layui/Upload/folder/2018-05-17/150055301.zip‰∏ãËΩΩÊñá‰ª∂‰∏çÂ≠òÂú®ÔºÅ

[ 2018-05-17T15:05:59+08:00 ] 122.235.233.252 /layui/index.php/Home/Index/download.html
INFO: [ app_init ] --START--
INFO: Run Behavior\BuildLiteBehavior [ RunTime:0.000000s ]
INFO: [ app_init ] --END-- [ RunTime:0.000000s ]
ERR: http://5d.8lei.cn/layui/Upload/folder/2018-05-17/150055301.zip‰∏ãËΩΩÊñá‰ª∂‰∏çÂ≠òÂú®ÔºÅ

[ 2018-05-17T15:17:19+08:00 ] 122.235.233.252 /layui/index.php/Home/Index/download.html
INFO: [ app_init ] --START--
INFO: Run Behavior\BuildLiteBehavior [ RunTime:0.000000s ]
INFO: [ app_init ] --END-- [ RunTime:0.000976s ]
ERR: http://5d.8lei.cn/layui/Upload/folder/2018-05-17/150055301.zip‰∏ãËΩΩÊñá‰ª∂‰∏çÂ≠òÂú®ÔºÅ

[ 2018-05-17T15:25:39+08:00 ] 122.235.233.252 /layui/index.php/Home/Index/download.html
INFO: [ app_init ] --START--
INFO: Run Behavior\BuildLiteBehavior [ RunTime:0.000977s ]
INFO: [ app_init ] --END-- [ RunTime:0.001953s ]
ERR: D:\baleijia\wamp\www\layui\UploadolderÅ8-05-17h055301.zip‰∏ãËΩΩÊñá‰ª∂‰∏çÂ≠òÂú®ÔºÅ

[ 2018-05-17T15:27:31+08:00 ] 122.235.233.252 /layui/index.php/Home/Index/download.html
INFO: [ app_init ] --START--
INFO: Run Behavior\BuildLiteBehavior [ RunTime:0.000000s ]
INFO: [ app_init ] --END-- [ RunTime:0.000977s ]

[ 2018-05-17T15:34:27+08:00 ] 122.235.233.252 /layui/index.php/Home/Index/index.html
INFO: [ app_init ] --START--
INFO: Run Behavior\BuildLiteBehavior [ RunTime:0.000000s ]
INFO: [ app_init ] --END-- [ RunTime:0.000977s ]

[ 2018-05-17T15:34:27+08:00 ] 122.235.233.252 /layui/index.php/Home/Public/welcome.html
INFO: [ app_init ] --START--
INFO: Run Behavior\BuildLiteBehavior [ RunTime:0.000000s ]
INFO: [ app_init ] --END-- [ RunTime:0.000977s ]

[ 2018-05-17T15:34:29+08:00 ] 122.235.233.252 /layui/index.php/Home/index/vrList.html
INFO: [ app_init ] --START--
INFO: Run Behavior\BuildLiteBehavior [ RunTime:0.000000s ]
INFO: [ app_init ] --END-- [ RunTime:0.000000s ]

[ 2018-05-17T15:34:30+08:00 ] 122.235.233.252 /layui/index.php/Home/index/vrList.html?page=1&limit=10
INFO: [ app_init ] --START--
INFO: Run Behavior\BuildLiteBehavior [ RunTime:0.000000s ]
INFO: [ app_init ] --END-- [ RunTime:0.000000s ]

[ 2018-05-17T15:34:35+08:00 ] 122.235.233.252 /layui/index.php/Home/Index/download.html
INFO: [ app_init ] --START--
INFO: Run Behavior\BuildLiteBehavior [ RunTime:0.000000s ]
INFO: [ app_init ] --END-- [ RunTime:0.000977s ]

[ 2018-05-17T15:43:25+08:00 ] 122.235.233.252 /layui/index.php/Home/index/vrList.html
INFO: [ app_init ] --START--
INFO: Run Behavior\BuildLiteBehavior [ RunTime:0.000000s ]
INFO: [ app_init ] --END-- [ RunTime:0.000977s ]

[ 2018-05-17T15:43:26+08:00 ] 122.235.233.252 /layui/index.php/Home/index/vrList.html?page=1&limit=10
INFO: [ app_init ] --START--
INFO: Run Behavior\BuildLiteBehavior [ RunTime:0.000000s ]
INFO: [ app_init ] --END-- [ RunTime:0.000977s ]

[ 2018-05-17T15:43:28+08:00 ] 122.235.233.252 /layui/index.php/Home/index/vrList.html
INFO: [ app_init ] --START--
INFO: Run Behavior\BuildLiteBehavior [ RunTime:0.000000s ]
INFO: [ app_init ] --END-- [ RunTime:0.000000s ]

[ 2018-05-17T15:43:28+08:00 ] 122.235.233.252 /layui/index.php/Home/index/vrList.html?page=1&limit=10
INFO: [ app_init ] --START--
INFO: Run Behavior\BuildLiteBehavior [ RunTime:0.000000s ]
INFO: [ app_init ] --END-- [ RunTime:0.000976s ]

[ 2018-05-17T15:43:33+08:00 ] 122.235.233.252 /layui/index.php/Home/Index/download.html
INFO: [ app_init ] --START--
INFO: Run Behavior\BuildLiteBehavior [ RunTime:0.000000s ]
INFO: [ app_init ] --END-- [ RunTime:0.000976s ]

[ 2018-05-17T15:44:33+08:00 ] 122.235.233.252 /layui/index.php/Home/index/vrEdit.html?id=1031
INFO: [ app_init ] --START--
INFO: Run Behavior\BuildLiteBehavior [ RunTime:0.000000s ]
INFO: [ app_init ] --END-- [ RunTime:0.000000s ]

[ 2018-05-17T15:44:37+08:00 ] 122.235.233.252 /layui/index.php/Home/Index/download.html
INFO: [ app_init ] --START--
INFO: Run Behavior\BuildLiteBehavior [ RunTime:0.000000s ]
INFO: [ app_init ] --END-- [ RunTime:0.000977s ]

[ 2018-05-17T15:45:32+08:00 ] 122.235.233.252 /layui/index.php/Home/Index/download.html
INFO: [ app_init ] --START--
INFO: Run Behavior\BuildLiteBehavior [ RunTime:0.000000s ]
INFO: [ app_init ] --END-- [ RunTime:0.000000s ]

[ 2018-05-17T15:48:12+08:00 ] 122.235.233.252 /layui/index.php/Home/Index/download.html
INFO: [ app_init ] --START--
INFO: Run Behavior\BuildLiteBehavior [ RunTime:0.000000s ]
INFO: [ app_init ] --END-- [ RunTime:0.000977s ]

[ 2018-05-17T15:49:47+08:00 ] 122.235.233.252 /layui/index.php/Home/index/vrList.html
INFO: [ app_init ] --START--
INFO: Run Behavior\BuildLiteBehavior [ RunTime:0.000000s ]
INFO: [ app_init ] --END-- [ RunTime:0.001954s ]

[ 2018-05-17T15:49:47+08:00 ] 122.235.233.252 /layui/index.php/Home/index/vrList.html?page=1&limit=10
INFO: [ app_init ] --START--
INFO: Run Behavior\BuildLiteBehavior [ RunTime:0.000000s ]
INFO: [ app_init ] --END-- [ RunTime:0.000000s ]

[ 2018-05-17T15:49:51+08:00 ] 122.235.233.252 /layui/index.php/Home/Index/download.html
INFO: [ app_init ] --START--
INFO: Run Behavior\BuildLiteBehavior [ RunTime:0.000000s ]
INFO: [ app_init ] --END-- [ RunTime:0.000976s ]

[ 2018-05-17T15:57:00+08:00 ] 122.235.233.252 /layui/index.php/Home/Index/index.html
INFO: [ app_init ] --START--
INFO: Run Behavior\BuildLiteBehavior [ RunTime:0.000000s ]
INFO: [ app_init ] --END-- [ RunTime:0.001953s ]

[ 2018-05-17T15:57:00+08:00 ] 122.235.233.252 /layui/index.php/Home/Public/welcome.html
INFO: [ app_init ] --START--
INFO: Run Behavior\BuildLiteBehavior [ RunTime:0.000000s ]
INFO: [ app_init ] --END-- [ RunTime:0.000000s ]

[ 2018-05-17T15:57:02+08:00 ] 122.235.233.252 /layui/index.php/Home/index/vrList.html
INFO: [ app_init ] --START--
INFO: Run Behavior\BuildLiteBehavior [ RunTime:0.000000s ]
INFO: [ app_init ] --END-- [ RunTime:0.000976s ]

[ 2018-05-17T15:57:03+08:00 ] 122.235.233.252 /layui/index.php/Home/index/vrList.html?page=1&limit=10
INFO: [ app_init ] --START--
INFO: Run Behavior\BuildLiteBehavior [ RunTime:0.000000s ]
INFO: [ app_init ] --END-- [ RunTime:0.000976s ]

[ 2018-05-17T16:03:50+08:00 ] 122.235.233.252 /layui/index.php/Home/index/vrList.html
INFO: [ app_init ] --START--
INFO: Run Behavior\BuildLiteBehavior [ RunTime:0.000000s ]
INFO: [ app_init ] --END-- [ RunTime:0.000000s ]

[ 2018-05-17T16:03:50+08:00 ] 122.235.233.252 /layui/index.php/Home/index/vrList.html?page=1&limit=10
INFO: [ app_init ] --START--
INFO: Run Behavior\BuildLiteBehavior [ RunTime:0.000000s ]
INFO: [ app_init ] --END-- [ RunTime:0.000976s ]

[ 2018-05-17T16:03:53+08:00 ] 122.235.233.252 /layui/index.php/Home/Index/index.html
INFO: [ app_init ] --START--
INFO: Run Behavior\BuildLiteBehavior [ RunTime:0.000000s ]
INFO: [ app_init ] --END-- [ RunTime:0.000000s ]

[ 2018-05-17T16:03:53+08:00 ] 122.235.233.252 /layui/index.php/Home/Public/welcome.html
INFO: [ app_init ] --START--
INFO: Run Behavior\BuildLiteBehavior [ RunTime:0.000000s ]
INFO: [ app_init ] --END-- [ RunTime:0.000000s ]

[ 2018-05-17T16:03:55+08:00 ] 122.235.233.252 /layui/index.php/Home/index/vrList.html
INFO: [ app_init ] --START--
INFO: Run Behavior\BuildLiteBehavior [ RunTime:0.000000s ]
INFO: [ app_init ] --END-- [ RunTime:0.000000s ]

[ 2018-05-17T16:03:55+08:00 ] 122.235.233.252 /layui/index.php/Home/index/vrList.html?page=1&limit=10
INFO: [ app_init ] --START--
INFO: Run Behavior\BuildLiteBehavior [ RunTime:0.000000s ]
INFO: [ app_init ] --END-- [ RunTime:0.000000s ]

[ 2018-05-17T16:03:56+08:00 ] 122.235.233.252 /layui/index.php/Home/index/vrAdd.html
INFO: [ app_init ] --START--
INFO: Run Behavior\BuildLiteBehavior [ RunTime:0.000000s ]
INFO: [ app_init ] --END-- [ RunTime:0.000000s ]

[ 2018-05-17T16:04:00+08:00 ] 122.235.233.252 /layui/index.php/Home/public/upload.html
INFO: [ app_init ] --START--
INFO: Run Behavior\BuildLiteBehavior [ RunTime:0.000000s ]
INFO: [ app_init ] --END-- [ RunTime:0.000000s ]

[ 2018-05-17T16:04:10+08:00 ] 122.235.233.252 /layui/index.php/Home/public/uploadfolder.html
INFO: [ app_init ] --START--
INFO: Run Behavior\BuildLiteBehavior [ RunTime:0.000000s ]
INFO: [ app_init ] --END-- [ RunTime:0.000000s ]

[ 2018-05-17T16:06:18+08:00 ] 122.235.233.252 /layui/index.php/Home/public/uploadfolder.html
INFO: [ app_init ] --START--
INFO: Run Behavior\BuildLiteBehavior [ RunTime:0.000000s ]
INFO: [ app_init ] --END-- [ RunTime:0.000976s ]

[ 2018-05-17T16:11:21+08:00 ] 122.235.233.252 /layui/index.php/Home/public/uploadfolder.html
INFO: [ app_init ] --START--
INFO: Run Behavior\BuildLiteBehavior [ RunTime:0.000000s ]
INFO: [ app_init ] --END-- [ RunTime:0.000977s ]

[ 2018-05-17T16:14:50+08:00 ] 122.235.233.252 /layui/index.php/Home/Index/vrAdd.html
INFO: [ app_init ] --START--
INFO: Run Behavior\BuildLiteBehavior [ RunTime:0.000000s ]
INFO: [ app_init ] --END-- [ RunTime:0.000000s ]

[ 2018-05-17T16:14:52+08:00 ] 122.235.233.252 /layui/index.php/Home/index/vrList.html
INFO: [ app_init ] --START--
INFO: Run Behavior\BuildLiteBehavior [ RunTime:0.000000s ]
INFO: [ app_init ] --END-- [ RunTime:0.000000s ]

[ 2018-05-17T16:14:53+08:00 ] 122.235.233.252 /layui/index.php/Home/index/vrList.html?page=1&limit=10
INFO: [ app_init ] --START--
INFO: Run Behavior\BuildLiteBehavior [ RunTime:0.000976s ]
INFO: [ app_init ] --END-- [ RunTime:0.000976s ]

[ 2018-05-17T16:15:01+08:00 ] 122.235.233.252 /layui/index.php/Home/index/vrEdit.html?id=1032
INFO: [ app_init ] --START--
INFO: Run Behavior\BuildLiteBehavior [ RunTime:0.000000s ]
INFO: [ app_init ] --END-- [ RunTime:0.000977s ]

[ 2018-05-17T16:15:14+08:00 ] 122.235.233.252 /layui/index.php/Home/index/vrEdit.html?id=1032
INFO: [ app_init ] --START--
INFO: Run Behavior\BuildLiteBehavior [ RunTime:0.000000s ]
INFO: [ app_init ] --END-- [ RunTime:0.000976s ]

[ 2018-05-17T16:15:21+08:00 ] 122.235.233.252 /layui/index.php/Home/public/uploadfolder.html
INFO: [ app_init ] --START--
INFO: Run Behavior\BuildLiteBehavior [ RunTime:0.000000s ]
INFO: [ app_init ] --END-- [ RunTime:0.000000s ]

[ 2018-05-17T16:15:23+08:00 ] 122.235.233.252 /layui/index.php/Home/Index/vrEdit.html
INFO: [ app_init ] --START--
INFO: Run Behavior\BuildLiteBehavior [ RunTime:0.000000s ]
INFO: [ app_init ] --END-- [ RunTime:0.000000s ]

[ 2018-05-17T16:15:25+08:00 ] 122.235.233.252 /layui/index.php/Home/index/vrList.html
INFO: [ app_init ] --START--
INFO: Run Behavior\BuildLiteBehavior [ RunTime:0.000000s ]
INFO: [ app_init ] --END-- [ RunTime:0.000976s ]

[ 2018-05-17T16:15:25+08:00 ] 122.235.233.252 /layui/index.php/Home/index/vrList.html?page=1&limit=10
INFO: [ app_init ] --START--
INFO: Run Behavior\BuildLiteBehavior [ RunTime:0.000000s ]
INFO: [ app_init ] --END-- [ RunTime:0.000977s ]

[ 2018-05-17T16:16:47+08:00 ] 122.235.233.252 /layui/index.php/Home/auth/ruleList.html
INFO: [ app_init ] --START--
INFO: Run Behavior\BuildLiteBehavior [ RunTime:0.000000s ]
INFO: [ app_init ] --END-- [ RunTime:0.000000s ]

[ 2018-05-17T16:16:47+08:00 ] 122.235.233.252 /layui/index.php/Home/auth/ruleList.html?page=1&limit=10
INFO: [ app_init ] --START--
INFO: Run Behavior\BuildLiteBehavior [ RunTime:0.000000s ]
INFO: [ app_init ] --END-- [ RunTime:0.000000s ]

[ 2018-05-17T16:16:51+08:00 ] 122.235.233.252 /layui/index.php/Home/auth/ruleDelete.html
INFO: [ app_init ] --START--
INFO: Run Behavior\BuildLiteBehavior [ RunTime:0.000000s ]
INFO: [ app_init ] --END-- [ RunTime:0.000977s ]

[ 2018-05-17T16:16:52+08:00 ] 122.235.233.252 /layui/index.php/Home/auth/ruleList.html
INFO: [ app_init ] --START--
INFO: Run Behavior\BuildLiteBehavior [ RunTime:0.000000s ]
INFO: [ app_init ] --END-- [ RunTime:0.000976s ]

[ 2018-05-17T16:16:52+08:00 ] 122.235.233.252 /layui/index.php/Home/auth/ruleList.html?page=1&limit=10
INFO: [ app_init ] --START--
INFO: Run Behavior\BuildLiteBehavior [ RunTime:0.000000s ]
INFO: [ app_init ] --END-- [ RunTime:0.000977s ]

[ 2018-05-17T16:16:54+08:00 ] 122.235.233.252 /layui/index.php/Home/auth/roleList.html
INFO: [ app_init ] --START--
INFO: Run Behavior\BuildLiteBehavior [ RunTime:0.000000s ]
INFO: [ app_init ] --END-- [ RunTime:0.000977s ]

[ 2018-05-17T16:16:54+08:00 ] 122.235.233.252 /layui/index.php/Home/auth/roleList.html?page=1&limit=10
INFO: [ app_init ] --START--
INFO: Run Behavior\BuildLiteBehavior [ RunTime:0.000000s ]
INFO: [ app_init ] --END-- [ RunTime:0.000976s ]

[ 2018-05-17T16:16:55+08:00 ] 122.235.233.252 /layui/index.php/Home/auth/adminList.html
INFO: [ app_init ] --START--
INFO: Run Behavior\BuildLiteBehavior [ RunTime:0.000000s ]
INFO: [ app_init ] --END-- [ RunTime:0.000976s ]

[ 2018-05-17T16:16:55+08:00 ] 122.235.233.252 /layui/index.php/Home/auth/adminList.html?page=1&limit=10
INFO: [ app_init ] --START--
INFO: Run Behavior\BuildLiteBehavior [ RunTime:0.000000s ]
INFO: [ app_init ] --END-- [ RunTime:0.000977s ]

[ 2018-05-17T16:17:01+08:00 ] 122.235.233.252 /layui/index.php/Home/index/vrEdit.html?id=1032
INFO: [ app_init ] --START--
INFO: Run Behavior\BuildLiteBehavior [ RunTime:0.000000s ]
INFO: [ app_init ] --END-- [ RunTime:0.000977s ]

[ 2018-05-17T16:19:25+08:00 ] 122.235.233.252 /layui/index.php/Home/index/vrEdit.html?id=1032
INFO: [ app_init ] --START--
INFO: Run Behavior\BuildLiteBehavior [ RunTime:0.000000s ]
INFO: [ app_init ] --END-- [ RunTime:0.000977s ]

[ 2018-05-17T16:37:58+08:00 ] 122.235.233.252 /layui/index.php/Home/index/vrEdit.html?id=1032
INFO: [ app_init ] --START--
INFO: Run Behavior\BuildLiteBehavior [ RunTime:0.000000s ]
INFO: [ app_init ] --END-- [ RunTime:0.000976s ]

[ 2018-05-17T16:38:27+08:00 ] 122.235.233.252 /layui/index.php/Home/Index/index.html
INFO: [ app_init ] --START--
INFO: Run Behavior\BuildLiteBehavior [ RunTime:0.000000s ]
INFO: [ app_init ] --END-- [ RunTime:0.000977s ]

[ 2018-05-17T16:38:27+08:00 ] 122.235.233.252 /layui/index.php/Home/Public/welcome.html
INFO: [ app_init ] --START--
INFO: Run Behavior\BuildLiteBehavior [ RunTime:0.000000s ]
INFO: [ app_init ] --END-- [ RunTime:0.000977s ]

[ 2018-05-17T16:38:47+08:00 ] 122.235.233.252 /layui/index.php/Home/Index/index.html
INFO: [ app_init ] --START--
INFO: Run Behavior\BuildLiteBehavior [ RunTime:0.000000s ]
INFO: [ app_init ] --END-- [ RunTime:0.000977s ]

[ 2018-05-17T16:38:56+08:00 ] 122.235.233.252 /layui/index.php/Home/Public/welcome.html
INFO: [ app_init ] --START--
INFO: Run Behavior\BuildLiteBehavior [ RunTime:0.000000s ]
INFO: [ app_init ] --END-- [ RunTime:0.000000s ]

[ 2018-05-17T16:40:56+08:00 ] 122.235.233.252 /layui/index.php/Home/Index/index.html
INFO: [ app_init ] --START--
INFO: Run Behavior\BuildLiteBehavior [ RunTime:0.000000s ]
INFO: [ app_init ] --END-- [ RunTime:0.000000s ]

[ 2018-05-17T16:40:56+08:00 ] 122.235.233.252 /layui/index.php/Home/Public/welcome.html
INFO: [ app_init ] --START--
INFO: Run Behavior\BuildLiteBehavior [ RunTime:0.000000s ]
INFO: [ app_init ] --END-- [ RunTime:0.000000s ]

[ 2018-05-17T16:41:18+08:00 ] 122.235.233.252 /layui/index.php/Home/Public/welcome.html
INFO: [ app_init ] --START--
INFO: Run Behavior\BuildLiteBehavior [ RunTime:0.000000s ]
INFO: [ app_init ] --END-- [ RunTime:0.000000s ]

[ 2018-05-17T16:41:57+08:00 ] 122.235.233.252 /layui/index.php/Home/index/vrList.html
INFO: [ app_init ] --START--
INFO: Run Behavior\BuildLiteBehavior [ RunTime:0.000000s ]
INFO: [ app_init ] --END-- [ RunTime:0.000000s ]

[ 2018-05-17T16:41:58+08:00 ] 122.235.233.252 /layui/index.php/Home/index/vrList.html?page=1&limit=10
INFO: [ app_init ] --START--
INFO: Run Behavior\BuildLiteBehavior [ RunTime:0.000000s ]
INFO: [ app_init ] --END-- [ RunTime:0.000000s ]

[ 2018-05-17T16:42:29+08:00 ] 122.235.233.252 /layui/index.php/Home/Index/index.html
INFO: [ app_init ] --START--
INFO: Run Behavior\BuildLiteBehavior [ RunTime:0.000000s ]
INFO: [ app_init ] --END-- [ RunTime:0.000000s ]

[ 2018-05-17T16:42:30+08:00 ] 122.235.233.252 /layui/index.php/Home/Public/welcome.html
INFO: [ app_init ] --START--
INFO: Run Behavior\BuildLiteBehavior [ RunTime:0.000000s ]
INFO: [ app_init ] --END-- [ RunTime:0.000000s ]

[ 2018-05-17T16:42:32+08:00 ] 122.235.233.252 /layui/index.php/Home/index/vrList.html
INFO: [ app_init ] --START--
INFO: Run Behavior\BuildLiteBehavior [ RunTime:0.000000s ]
INFO: [ app_init ] --END-- [ RunTime:0.000000s ]

[ 2018-05-17T16:42:34+08:00 ] 122.235.233.252 /layui/index.php/Home/index/vrList.html?page=1&limit=10
INFO: [ app_init ] --START--
INFO: Run Behavior\BuildLiteBehavior [ RunTime:0.000000s ]
INFO: [ app_init ] --END-- [ RunTime:0.000000s ]

[ 2018-05-17T16:43:26+08:00 ] 122.235.233.252 /layui/index.php/Home/index/vrList.html
INFO: [ app_init ] --START--
INFO: Run Behavior\BuildLiteBehavior [ RunTime:0.000000s ]
INFO: [ app_init ] --END-- [ RunTime:0.000000s ]

[ 2018-05-17T16:43:26+08:00 ] 122.235.233.252 /layui/index.php/Home/index/vrList.html?page=1&limit=10
INFO: [ app_init ] --START--
INFO: Run Behavior\BuildLiteBehavior [ RunTime:0.000000s ]
INFO: [ app_init ] --END-- [ RunTime:0.000000s ]

[ 2018-05-17T16:43:51+08:00 ] 122.235.233.252 /layui/index.php/Home/index/vrEdit.html?id=1032
INFO: [ app_init ] --START--
INFO: Run Behavior\BuildLiteBehavior [ RunTime:0.000000s ]
INFO: [ app_init ] --END-- [ RunTime:0.000000s ]

[ 2018-05-17T16:43:54+08:00 ] 122.235.233.252 /layui/index.php/Home/Index/vrEdit.html
INFO: [ app_init ] --START--
INFO: Run Behavior\BuildLiteBehavior [ RunTime:0.000000s ]
INFO: [ app_init ] --END-- [ RunTime:0.000000s ]

[ 2018-05-17T16:43:56+08:00 ] 122.235.233.252 /layui/index.php/Home/index/vrList.html
INFO: [ app_init ] --START--
INFO: Run Behavior\BuildLiteBehavior [ RunTime:0.000000s ]
INFO: [ app_init ] --END-- [ RunTime:0.015625s ]

[ 2018-05-17T16:43:58+08:00 ] 122.235.233.252 /layui/index.php/Home/index/vrList.html?page=1&limit=10
INFO: [ app_init ] --START--
INFO: Run Behavior\BuildLiteBehavior [ RunTime:0.000000s ]
INFO: [ app_init ] --END-- [ RunTime:0.000000s ]

[ 2018-05-17T16:44:20+08:00 ] 122.235.233.252 /layui/index.php/Home/index/vrEdit.html?id=1032
INFO: [ app_init ] --START--
INFO: Run Behavior\BuildLiteBehavior [ RunTime:0.000000s ]
INFO: [ app_init ] --END-- [ RunTime:0.000000s ]

[ 2018-05-17T16:44:30+08:00 ] 122.235.233.252 /layui/index.php/Home/Index/vrEdit.html
INFO: [ app_init ] --START--
INFO: Run Behavior\BuildLiteBehavior [ RunTime:0.000000s ]
INFO: [ app_init ] --END-- [ RunTime:0.000000s ]

[ 2018-05-17T16:44:33+08:00 ] 122.235.233.252 /layui/index.php/Home/index/vrList.html
INFO: [ app_init ] --START--
INFO: Run Behavior\BuildLiteBehavior [ RunTime:0.000000s ]
INFO: [ app_init ] --END-- [ RunTime:0.000000s ]

[ 2018-05-17T16:44:35+08:00 ] 122.235.233.252 /layui/index.php/Home/index/vrList.html?page=1&limit=10
INFO: [ app_init ] --START--
INFO: Run Behavior\BuildLiteBehavior [ RunTime:0.000000s ]
INFO: [ app_init ] --END-- [ RunTime:0.000000s ]

[ 2018-05-17T16:44:37+08:00 ] 122.235.233.252 /layui/index.php/Home/public/uploadfolder.html
INFO: [ app_init ] --START--
INFO: Run Behavior\BuildLiteBehavior [ RunTime:0.000000s ]
INFO: [ app_init ] --END-- [ RunTime:0.000000s ]

[ 2018-05-17T16:45:08+08:00 ] 122.235.233.252 /layui/index.php/Home/index/vrAdd.html
INFO: [ app_init ] --START--
INFO: Run Behavior\BuildLiteBehavior [ RunTime:0.000000s ]
INFO: [ app_init ] --END-- [ RunTime:0.000000s ]

[ 2018-05-17T16:45:28+08:00 ] 122.235.233.252 /layui/index.php/Home/public/uploadfolder.html
INFO: [ app_init ] --START--
INFO: Run Behavior\BuildLiteBehavior [ RunTime:0.000000s ]
INFO: [ app_init ] --END-- [ RunTime:0.000000s ]

[ 2018-05-17T16:45:50+08:00 ] 122.235.233.252 /layui/index.php/Home/public/upload.html
INFO: [ app_init ] --START--
INFO: Run Behavior\BuildLiteBehavior [ RunTime:0.000000s ]
INFO: [ app_init ] --END-- [ RunTime:0.000000s ]

[ 2018-05-17T16:46:07+08:00 ] 122.235.233.252 /layui/index.php/Home/Index/vrAdd.html
INFO: [ app_init ] --START--
INFO: Run Behavior\BuildLiteBehavior [ RunTime:0.000000s ]
INFO: [ app_init ] --END-- [ RunTime:0.000000s ]

[ 2018-05-17T16:46:09+08:00 ] 122.235.233.252 /layui/index.php/Home/index/vrList.html
INFO: [ app_init ] --START--
INFO: Run Behavior\BuildLiteBehavior [ RunTime:0.000000s ]
INFO: [ app_init ] --END-- [ RunTime:0.000000s ]

[ 2018-05-17T16:46:09+08:00 ] 122.235.233.252 /layui/index.php/Home/index/vrList.html?page=1&limit=10
INFO: [ app_init ] --START--
INFO: Run Behavior\BuildLiteBehavior [ RunTime:0.000000s ]
INFO: [ app_init ] --END-- [ RunTime:0.000000s ]

[ 2018-05-17T16:46:30+08:00 ] 122.235.233.252 /layui/index.php/Home/index/vrEdit.html?id=1033
INFO: [ app_init ] --START--
INFO: Run Behavior\BuildLiteBehavior [ RunTime:0.000000s ]
INFO: [ app_init ] --END-- [ RunTime:0.000000s ]

[ 2018-05-17T16:46:46+08:00 ] 122.235.233.252 /layui/index.php/Home/public/uploadfolder.html
INFO: [ app_init ] --START--
INFO: Run Behavior\BuildLiteBehavior [ RunTime:0.000000s ]
INFO: [ app_init ] --END-- [ RunTime:0.000000s ]

[ 2018-05-17T16:46:54+08:00 ] 122.235.233.252 /layui/index.php/Home/Index/vrEdit.html
INFO: [ app_init ] --START--
INFO: Run Behavior\BuildLiteBehavior [ RunTime:0.000000s ]
INFO: [ app_init ] --END-- [ RunTime:0.000000s ]

[ 2018-05-17T16:46:56+08:00 ] 122.235.233.252 /layui/index.php/Home/index/vrList.html
INFO: [ app_init ] --START--
INFO: Run Behavior\BuildLiteBehavior [ RunTime:0.000000s ]
INFO: [ app_init ] --END-- [ RunTime:0.000000s ]

[ 2018-05-17T16:46:58+08:00 ] 122.235.233.252 /layui/index.php/Home/index/vrList.html?page=1&limit=10
INFO: [ app_init ] --START--
INFO: Run Behavior\BuildLiteBehavior [ RunTime:0.000000s ]
INFO: [ app_init ] --END-- [ RunTime:0.000000s ]

[ 2018-05-17T16:48:00+08:00 ] 122.235.233.252 /layui/index.php/Home/index/vrEdit.html?id=1033
INFO: [ app_init ] --START--
INFO: Run Behavior\BuildLiteBehavior [ RunTime:0.000000s ]
INFO: [ app_init ] --END-- [ RunTime:0.000000s ]

[ 2018-05-17T16:48:30+08:00 ] 122.235.233.252 /layui/index.php/Home/public/uploadfolder.html
INFO: [ app_init ] --START--
INFO: Run Behavior\BuildLiteBehavior [ RunTime:0.000000s ]
INFO: [ app_init ] --END-- [ RunTime:0.000000s ]

[ 2018-05-17T16:48:33+08:00 ] 122.235.233.252 /layui/index.php/Home/Index/vrEdit.html
INFO: [ app_init ] --START--
INFO: Run Behavior\BuildLiteBehavior [ RunTime:0.000000s ]
INFO: [ app_init ] --END-- [ RunTime:0.000000s ]

[ 2018-05-17T16:48:36+08:00 ] 122.235.233.252 /layui/index.php/Home/index/vrList.html
INFO: [ app_init ] --START--
INFO: Run Behavior\BuildLiteBehavior [ RunTime:0.000000s ]
INFO: [ app_init ] --END-- [ RunTime:0.000000s ]

[ 2018-05-17T16:48:37+08:00 ] 122.235.233.252 /layui/index.php/Home/index/vrList.html?page=1&limit=10
INFO: [ app_init ] --START--
INFO: Run Behavior\BuildLiteBehavior [ RunTime:0.000000s ]
INFO: [ app_init ] --END-- [ RunTime:0.000000s ]

[ 2018-05-17T16:51:55+08:00 ] 122.235.233.252 /layui/index.php/Home/index/vrEdit.html?id=1033
INFO: [ app_init ] --START--
INFO: Run Behavior\BuildLiteBehavior [ RunTime:0.000000s ]
INFO: [ app_init ] --END-- [ RunTime:0.000000s ]

[ 2018-05-17T16:52:06+08:00 ] 122.235.233.252 /layui/index.php/Home/public/uploadfolder.html
INFO: [ app_init ] --START--
INFO: Run Behavior\BuildLiteBehavior [ RunTime:0.000000s ]
INFO: [ app_init ] --END-- [ RunTime:0.000000s ]

[ 2018-05-17T16:52:08+08:00 ] 122.235.233.252 /layui/index.php/Home/Index/vrEdit.html
INFO: [ app_init ] --START--
INFO: Run Behavior\BuildLiteBehavior [ RunTime:0.000000s ]
INFO: [ app_init ] --END-- [ RunTime:0.000000s ]

[ 2018-05-17T16:52:50+08:00 ] 122.235.233.252 /layui/index.php/Home/Index/vrEdit.html
INFO: [ app_init ] --START--
INFO: Run Behavior\BuildLiteBehavior [ RunTime:0.000000s ]
INFO: [ app_init ] --END-- [ RunTime:0.000000s ]

[ 2018-05-17T16:59:40+08:00 ] 122.235.233.252 /layui/index.php/Home/Index/vrEdit.html
INFO: [ app_init ] --START--
INFO: Run Behavior\BuildLiteBehavior [ RunTime:0.000000s ]
INFO: [ app_init ] --END-- [ RunTime:0.000000s ]

[ 2018-05-17T17:01:08+08:00 ] 122.235.233.252 /layui/index.php/Home/Index/vrEdit.html
INFO: [ app_init ] --START--
INFO: Run Behavior\BuildLiteBehavior [ RunTime:0.000000s ]
INFO: [ app_init ] --END-- [ RunTime:0.000000s ]

[ 2018-05-17T17:01:41+08:00 ] 122.235.233.252 /layui/index.php/Home/Index/vrEdit.html
INFO: [ app_init ] --START--
INFO: Run Behavior\BuildLiteBehavior [ RunTime:0.000000s ]
INFO: [ app_init ] --END-- [ RunTime:0.000000s ]

[ 2018-05-17T17:01:44+08:00 ] 122.235.233.252 /layui/index.php/Home/Index/vrEdit.html
INFO: [ app_init ] --START--
INFO: Run Behavior\BuildLiteBehavior [ RunTime:0.000000s ]
INFO: [ app_init ] --END-- [ RunTime:0.000000s ]

[ 2018-05-17T17:02:21+08:00 ] 122.235.233.252 /layui/index.php/Home/Index/vrEdit.html
INFO: [ app_init ] --START--
INFO: Run Behavior\BuildLiteBehavior [ RunTime:0.000000s ]
INFO: [ app_init ] --END-- [ RunTime:0.000000s ]

[ 2018-05-17T17:02:41+08:00 ] 122.235.233.252 /layui/index.php/Home/Index/vrEdit.html
INFO: [ app_init ] --START--
INFO: Run Behavior\BuildLiteBehavior [ RunTime:0.000000s ]
INFO: [ app_init ] --END-- [ RunTime:0.000000s ]

[ 2018-05-17T17:12:26+08:00 ] 122.235.233.252 /layui/index.php/Home/Index/vrEdit.html
INFO: [ app_init ] --START--
INFO: Run Behavior\BuildLiteBehavior [ RunTime:0.000000s ]
INFO: [ app_init ] --END-- [ RunTime:0.000000s ]

[ 2018-05-17T17:12:46+08:00 ] 122.235.233.252 /layui/index.php/Home/Index/vrEdit.html
INFO: [ app_init ] --START--
INFO: Run Behavior\BuildLiteBehavior [ RunTime:0.000000s ]
INFO: [ app_init ] --END-- [ RunTime:0.000000s ]

[ 2018-05-17T17:20:27+08:00 ] 122.235.233.252 /layui/index.php/Home/Index/vrEdit.html
INFO: [ app_init ] --START--
INFO: Run Behavior\BuildLiteBehavior [ RunTime:0.000000s ]
INFO: [ app_init ] --END-- [ RunTime:0.000000s ]

[ 2018-05-17T17:28:53+08:00 ] 122.235.233.252 /layui/index.php/Home/Index/vrEdit.html
INFO: [ app_init ] --START--
INFO: Run Behavior\BuildLiteBehavior [ RunTime:0.000000s ]
INFO: [ app_init ] --END-- [ RunTime:0.000000s ]

[ 2018-05-17T17:33:16+08:00 ] 122.235.233.252 /layui/index.php/Home/Index/vrEdit.html
INFO: [ app_init ] --START--
INFO: Run Behavior\BuildLiteBehavior [ RunTime:0.000000s ]
INFO: [ app_init ] --END-- [ RunTime:0.000000s ]

[ 2018-05-17T17:34:39+08:00 ] 122.235.233.252 /layui/index.php/Home/Index/index.html
INFO: [ app_init ] --START--
INFO: Run Behavior\BuildLiteBehavior [ RunTime:0.000000s ]
INFO: [ app_init ] --END-- [ RunTime:0.000000s ]

[ 2018-05-17T17:37:05+08:00 ] 122.235.233.252 /layui/index.php/Home/Index/vrEdit.html
INFO: [ app_init ] --START--
INFO: Run Behavior\BuildLiteBehavior [ RunTime:0.000000s ]
INFO: [ app_init ] --END-- [ RunTime:0.000000s ]

[ 2018-05-17T17:37:07+08:00 ] 122.235.233.252 /layui/index.php/Home/index/vrList.html
INFO: [ app_init ] --START--
INFO: Run Behavior\BuildLiteBehavior [ RunTime:0.000000s ]
INFO: [ app_init ] --END-- [ RunTime:0.000000s ]

[ 2018-05-17T17:37:08+08:00 ] 122.235.233.252 /layui/index.php/Home/index/vrList.html?page=1&limit=10
INFO: [ app_init ] --START--
INFO: Run Behavior\BuildLiteBehavior [ RunTime:0.000000s ]
INFO: [ app_init ] --END-- [ RunTime:0.000000s ]

[ 2018-05-17T17:37:25+08:00 ] 122.235.233.252 /layui/index.php/Home/index/vrAdd.html
INFO: [ app_init ] --START--
INFO: Run Behavior\BuildLiteBehavior [ RunTime:0.000000s ]
INFO: [ app_init ] --END-- [ RunTime:0.000000s ]

[ 2018-05-17T17:37:31+08:00 ] 122.235.233.252 /layui/index.php/Home/public/uploadfolder.html
INFO: [ app_init ] --START--
INFO: Run Behavior\BuildLiteBehavior [ RunTime:0.000000s ]
INFO: [ app_init ] --END-- [ RunTime:0.000000s ]

[ 2018-05-17T17:37:36+08:00 ] 122.235.233.252 /layui/index.php/Home/public/upload.html
INFO: [ app_init ] --START--
INFO: Run Behavior\BuildLiteBehavior [ RunTime:0.000000s ]
INFO: [ app_init ] --END-- [ RunTime:0.000000s ]

[ 2018-05-17T17:37:43+08:00 ] 122.235.233.252 /layui/index.php/Home/Index/vrAdd.html
INFO: [ app_init ] --START--
INFO: Run Behavior\BuildLiteBehavior [ RunTime:0.000000s ]
INFO: [ app_init ] --END-- [ RunTime:0.000000s ]

[ 2018-05-17T17:37:46+08:00 ] 122.235.233.252 /layui/index.php/Home/index/vrList.html
INFO: [ app_init ] --START--
INFO: Run Behavior\BuildLiteBehavior [ RunTime:0.000000s ]
INFO: [ app_init ] --END-- [ RunTime:0.000000s ]

[ 2018-05-17T17:37:46+08:00 ] 122.235.233.252 /layui/index.php/Home/index/vrList.html?page=1&limit=10
INFO: [ app_init ] --START--
INFO: Run Behavior\BuildLiteBehavior [ RunTime:0.000000s ]
INFO: [ app_init ] --END-- [ RunTime:0.000000s ]

[ 2018-05-17T17:37:48+08:00 ] 122.235.233.252 /layui/index.php/Home/index/vrEdit.html?id=1034
INFO: [ app_init ] --START--
INFO: Run Behavior\BuildLiteBehavior [ RunTime:0.000000s ]
INFO: [ app_init ] --END-- [ RunTime:0.000000s ]

[ 2018-05-17T17:38:00+08:00 ] 122.235.233.252 /layui/index.php/Home/public/uploadfolder.html
INFO: [ app_init ] --START--
INFO: Run Behavior\BuildLiteBehavior [ RunTime:0.000000s ]
INFO: [ app_init ] --END-- [ RunTime:0.000000s ]

[ 2018-05-17T17:38:11+08:00 ] 122.235.233.252 /layui/index.php/Home/public/upload.html
INFO: [ app_init ] --START--
INFO: Run Behavior\BuildLiteBehavior [ RunTime:0.000000s ]
INFO: [ app_init ] --END-- [ RunTime:0.000000s ]

[ 2018-05-17T17:38:13+08:00 ] 122.235.233.252 /layui/index.php/Home/Index/vrEdit.html
INFO: [ app_init ] --START--
INFO: Run Behavior\BuildLiteBehavior [ RunTime:0.000000s ]
INFO: [ app_init ] --END-- [ RunTime:0.000000s ]

[ 2018-05-17T17:38:15+08:00 ] 122.235.233.252 /layui/index.php/Home/index/vrList.html
INFO: [ app_init ] --START--
INFO: Run Behavior\BuildLiteBehavior [ RunTime:0.000000s ]
INFO: [ app_init ] --END-- [ RunTime:0.000000s ]

[ 2018-05-17T17:38:16+08:00 ] 122.235.233.252 /layui/index.php/Home/index/vrList.html?page=1&limit=10
INFO: [ app_init ] --START--
INFO: Run Behavior\BuildLiteBehavior [ RunTime:0.000000s ]
INFO: [ app_init ] --END-- [ RunTime:0.000000s ]

[ 2018-05-17T17:38:26+08:00 ] 122.235.233.252 /layui/index.php/Home/index/vrEdit.html?id=1034
INFO: [ app_init ] --START--
INFO: Run Behavior\BuildLiteBehavior [ RunTime:0.000000s ]
INFO: [ app_init ] --END-- [ RunTime:0.000000s ]

[ 2018-05-17T17:38:33+08:00 ] 122.235.233.252 /layui/index.php/Home/public/uploadfolder.html
INFO: [ app_init ] --START--
INFO: Run Behavior\BuildLiteBehavior [ RunTime:0.000000s ]
INFO: [ app_init ] --END-- [ RunTime:0.000000s ]

[ 2018-05-17T17:38:34+08:00 ] 122.235.233.252 /layui/index.php/Home/Index/vrEdit.html
INFO: [ app_init ] --START--
INFO: Run Behavior\BuildLiteBehavior [ RunTime:0.000000s ]
INFO: [ app_init ] --END-- [ RunTime:0.000000s ]

[ 2018-05-17T17:38:36+08:00 ] 122.235.233.252 /layui/index.php/Home/index/vrList.html
INFO: [ app_init ] --START--
INFO: Run Behavior\BuildLiteBehavior [ RunTime:0.000000s ]
INFO: [ app_init ] --END-- [ RunTime:0.000000s ]

[ 2018-05-17T17:38:36+08:00 ] 122.235.233.252 /layui/index.php/Home/index/vrList.html?page=1&limit=10
INFO: [ app_init ] --START--
INFO: Run Behavior\BuildLiteBehavior [ RunTime:0.000000s ]
INFO: [ app_init ] --END-- [ RunTime:0.000000s ]

[ 2018-05-17T17:39:41+08:00 ] 122.235.233.252 /layui/index.php/Home/index/vrEdit.html?id=1034
INFO: [ app_init ] --START--
INFO: Run Behavior\BuildLiteBehavior [ RunTime:0.000000s ]
INFO: [ app_init ] --END-- [ RunTime:0.000000s ]

[ 2018-05-17T17:39:50+08:00 ] 122.235.233.252 /layui/index.php/Home/public/uploadfolder.html
INFO: [ app_init ] --START--
INFO: Run Behavior\BuildLiteBehavior [ RunTime:0.000000s ]
INFO: [ app_init ] --END-- [ RunTime:0.000000s ]

[ 2018-05-17T17:39:52+08:00 ] 122.235.233.252 /layui/index.php/Home/Index/vrEdit.html
INFO: [ app_init ] --START--
INFO: Run Behavior\BuildLiteBehavior [ RunTime:0.000000s ]
INFO: [ app_init ] --END-- [ RunTime:0.000000s ]

[ 2018-05-17T17:39:54+08:00 ] 122.235.233.252 /layui/index.php/Home/index/vrList.html
INFO: [ app_init ] --START--
INFO: Run Behavior\BuildLiteBehavior [ RunTime:0.000000s ]
INFO: [ app_init ] --END-- [ RunTime:0.000000s ]

[ 2018-05-17T17:39:54+08:00 ] 122.235.233.252 /layui/index.php/Home/index/vrList.html?page=1&limit=10
INFO: [ app_init ] --START--
INFO: Run Behavior\BuildLiteBehavior [ RunTime:0.000000s ]
INFO: [ app_init ] --END-- [ RunTime:0.000000s ]

