[ 2018-07-19T04:34:12+08:00 ] 140.205.205.25 /layui/index.php/Home/Public/loginb.html
INFO: [ app_init ] --START--
INFO: Run Behavior\BuildLiteBehavior [ RunTime:0.000000s ]
INFO: [ app_init ] --END-- [ RunTime:0.004883s ]

[ 2018-07-19T14:15:07+08:00 ] 115.192.49.173 /company/
INFO: [ app_init ] --START--
INFO: Run Behavior\BuildLiteBehavior [ RunTime:0.000000s ]
INFO: [ app_init ] --END-- [ RunTime:0.000000s ]

[ 2018-07-19T14:15:10+08:00 ] 115.192.49.173 /company/index.php/Home/Public/loginb.html
INFO: [ app_init ] --START--
INFO: Run Behavior\BuildLiteBehavior [ RunTime:0.000000s ]
INFO: [ app_init ] --END-- [ RunTime:0.000000s ]

[ 2018-07-19T14:42:09+08:00 ] 115.192.49.173 /company/index.php/Home/Public/loginb.html
INFO: [ app_init ] --START--
INFO: Run Behavior\BuildLiteBehavior [ RunTime:0.000000s ]
INFO: [ app_init ] --END-- [ RunTime:0.000000s ]

[ 2018-07-19T14:43:11+08:00 ] 115.192.49.173 /company/index.php/Home/Public/loginb.html
INFO: [ app_init ] --START--
INFO: Run Behavior\BuildLiteBehavior [ RunTime:0.000000s ]
INFO: [ app_init ] --END-- [ RunTime:0.000000s ]

[ 2018-07-19T15:40:30+08:00 ] 115.192.49.173 /company/index.php/Home/Public/loginb.html
INFO: [ app_init ] --START--
INFO: Run Behavior\BuildLiteBehavior [ RunTime:0.000000s ]
INFO: [ app_init ] --END-- [ RunTime:0.001953s ]

[ 2018-07-19T15:40:35+08:00 ] 115.192.49.173 /company/index.php/Home/Public/loginb.html
INFO: [ app_init ] --START--
INFO: Run Behavior\BuildLiteBehavior [ RunTime:0.000000s ]
INFO: [ app_init ] --END-- [ RunTime:0.000977s ]

[ 2018-07-19T15:40:35+08:00 ] 115.192.49.173 /company/index.php/Home/Index/index.html
INFO: [ app_init ] --START--
INFO: Run Behavior\BuildLiteBehavior [ RunTime:0.000000s ]
INFO: [ app_init ] --END-- [ RunTime:0.000976s ]

[ 2018-07-19T15:40:38+08:00 ] 115.192.49.173 /company/index.php/Home/Public/loginb.html
INFO: [ app_init ] --START--
INFO: Run Behavior\BuildLiteBehavior [ RunTime:0.000000s ]
INFO: [ app_init ] --END-- [ RunTime:0.000976s ]

[ 2018-07-19T15:40:38+08:00 ] 115.192.49.173 /company/index.php/Home/Index/index.html
INFO: [ app_init ] --START--
INFO: Run Behavior\BuildLiteBehavior [ RunTime:0.000000s ]
INFO: [ app_init ] --END-- [ RunTime:0.000977s ]

[ 2018-07-19T15:40:41+08:00 ] 115.192.49.173 /company/index.php/Home/Public/loginb.html
INFO: [ app_init ] --START--
INFO: Run Behavior\BuildLiteBehavior [ RunTime:0.000000s ]
INFO: [ app_init ] --END-- [ RunTime:0.000977s ]

[ 2018-07-19T15:40:41+08:00 ] 115.192.49.173 /company/index.php/Home/Index/index.html
INFO: [ app_init ] --START--
INFO: Run Behavior\BuildLiteBehavior [ RunTime:0.000000s ]
INFO: [ app_init ] --END-- [ RunTime:0.000976s ]

[ 2018-07-19T15:40:45+08:00 ] 115.192.49.173 /company/index.php/Home/Public/loginb.html
INFO: [ app_init ] --START--
INFO: Run Behavior\BuildLiteBehavior [ RunTime:0.000000s ]
INFO: [ app_init ] --END-- [ RunTime:0.000976s ]

[ 2018-07-19T15:40:45+08:00 ] 115.192.49.173 /company/index.php/Home/Index/index.html
INFO: [ app_init ] --START--
INFO: Run Behavior\BuildLiteBehavior [ RunTime:0.000000s ]
INFO: [ app_init ] --END-- [ RunTime:0.000976s ]

[ 2018-07-19T15:40:45+08:00 ] 115.192.49.173 /company/index.php/Home/Index/index.html
INFO: [ app_init ] --START--
INFO: Run Behavior\BuildLiteBehavior [ RunTime:0.000977s ]
INFO: [ app_init ] --END-- [ RunTime:0.000977s ]

[ 2018-07-19T15:40:46+08:00 ] 115.192.49.173 /company/index.php/Home/Index/index.html
INFO: [ app_init ] --START--
INFO: Run Behavior\BuildLiteBehavior [ RunTime:0.000000s ]
INFO: [ app_init ] --END-- [ RunTime:0.000976s ]

[ 2018-07-19T15:40:47+08:00 ] 115.192.49.173 /company/index.php/Home/Index/index.html
INFO: [ app_init ] --START--
INFO: Run Behavior\BuildLiteBehavior [ RunTime:0.000000s ]
INFO: [ app_init ] --END-- [ RunTime:0.000977s ]

[ 2018-07-19T15:40:47+08:00 ] 115.192.49.173 /company/index.php/Home/Public/loginb.html
INFO: [ app_init ] --START--
INFO: Run Behavior\BuildLiteBehavior [ RunTime:0.000000s ]
INFO: [ app_init ] --END-- [ RunTime:0.000976s ]

[ 2018-07-19T15:40:47+08:00 ] 115.192.49.173 /company/index.php/Home/Index/index.html
INFO: [ app_init ] --START--
INFO: Run Behavior\BuildLiteBehavior [ RunTime:0.000000s ]
INFO: [ app_init ] --END-- [ RunTime:0.000977s ]

[ 2018-07-19T15:40:47+08:00 ] 115.192.49.173 /company/
INFO: [ app_init ] --START--
INFO: Run Behavior\BuildLiteBehavior [ RunTime:0.000000s ]
INFO: [ app_init ] --END-- [ RunTime:0.000977s ]

[ 2018-07-19T15:40:50+08:00 ] 115.192.49.173 /company/
INFO: [ app_init ] --START--
INFO: Run Behavior\BuildLiteBehavior [ RunTime:0.000000s ]
INFO: [ app_init ] --END-- [ RunTime:0.000977s ]

[ 2018-07-19T15:41:18+08:00 ] 115.192.49.173 /company/
INFO: [ app_init ] --START--
INFO: Run Behavior\BuildLiteBehavior [ RunTime:0.000000s ]
INFO: [ app_init ] --END-- [ RunTime:0.000977s ]
ERR: 1146:La table 'baleijia.t_company_authrule' n'existe pas
 [ SQL语句 ] : SHOW COLUMNS FROM `t_company_authRule`
ERR: 1146:La table 'baleijia.t_company_authrule' n'existe pas
 [ SQL语句 ] : SHOW COLUMNS FROM `t_company_authRule`

[ 2018-07-19T15:42:28+08:00 ] 115.192.49.173 /company/
INFO: [ app_init ] --START--
INFO: Run Behavior\BuildLiteBehavior [ RunTime:0.000000s ]
INFO: [ app_init ] --END-- [ RunTime:0.000977s ]
ERR: 1146:La table 'baleijia.t_company_authrule' n'existe pas
 [ SQL语句 ] : SHOW COLUMNS FROM `t_company_authRule`
ERR: 1146:La table 'baleijia.t_company_authrule' n'existe pas
 [ SQL语句 ] : SHOW COLUMNS FROM `t_company_authRule`

[ 2018-07-19T15:43:27+08:00 ] 115.192.49.173 /company/
INFO: [ app_init ] --START--
INFO: Run Behavior\BuildLiteBehavior [ RunTime:0.000000s ]
INFO: [ app_init ] --END-- [ RunTime:0.000977s ]
ERR: 1146:La table 'baleijia.t_company_authrule' n'existe pas
 [ SQL语句 ] : SHOW COLUMNS FROM `t_company_authrule`
ERR: 1146:La table 'baleijia.t_company_authrule' n'existe pas
 [ SQL语句 ] : SHOW COLUMNS FROM `t_company_authrule`

[ 2018-07-19T15:43:40+08:00 ] 115.192.49.173 /company/
INFO: [ app_init ] --START--
INFO: Run Behavior\BuildLiteBehavior [ RunTime:0.000000s ]
INFO: [ app_init ] --END-- [ RunTime:0.000976s ]
ERR: 1146:La table 'baleijia.t_company_authrule' n'existe pas
 [ SQL语句 ] : SHOW COLUMNS FROM `t_company_authrule`
ERR: 1146:La table 'baleijia.t_company_authrule' n'existe pas
 [ SQL语句 ] : SHOW COLUMNS FROM `t_company_authrule`

[ 2018-07-19T15:43:52+08:00 ] 115.192.49.173 /company/
INFO: [ app_init ] --START--
INFO: Run Behavior\BuildLiteBehavior [ RunTime:0.000000s ]
INFO: [ app_init ] --END-- [ RunTime:0.000000s ]
ERR: 1146:La table 'baleijia.t_company_authrule' n'existe pas
 [ SQL语句 ] : SHOW COLUMNS FROM `t_company_authrule`
ERR: 1146:La table 'baleijia.t_company_authrule' n'existe pas
 [ SQL语句 ] : SHOW COLUMNS FROM `t_company_authrule`

[ 2018-07-19T15:44:19+08:00 ] 115.192.49.173 /company/
INFO: [ app_init ] --START--
INFO: Run Behavior\BuildLiteBehavior [ RunTime:0.000000s ]
INFO: [ app_init ] --END-- [ RunTime:0.000976s ]
ERR: 1146:La table 'baleijia.t_company_authrule' n'existe pas
 [ SQL语句 ] : SHOW COLUMNS FROM `t_company_authrule`
ERR: 1146:La table 'baleijia.t_company_authrule' n'existe pas
 [ SQL语句 ] : SHOW COLUMNS FROM `t_company_authrule`

[ 2018-07-19T15:44:21+08:00 ] 115.192.49.173 /company/
INFO: [ app_init ] --START--
INFO: Run Behavior\BuildLiteBehavior [ RunTime:0.000000s ]
INFO: [ app_init ] --END-- [ RunTime:0.000976s ]
ERR: 1146:La table 'baleijia.t_company_authrule' n'existe pas
 [ SQL语句 ] : SHOW COLUMNS FROM `t_company_authrule`
ERR: 1146:La table 'baleijia.t_company_authrule' n'existe pas
 [ SQL语句 ] : SHOW COLUMNS FROM `t_company_authrule`

[ 2018-07-19T15:45:46+08:00 ] 115.192.49.173 /company/
INFO: [ app_init ] --START--
INFO: Run Behavior\BuildLiteBehavior [ RunTime:0.000000s ]
INFO: [ app_init ] --END-- [ RunTime:0.000976s ]
ERR: 1146:La table 'baleijia.t_company_authrule' n'existe pas
 [ SQL语句 ] : SHOW COLUMNS FROM `t_company_authrule`
ERR: 1146:La table 'baleijia.t_company_authrule' n'existe pas
 [ SQL语句 ] : SHOW COLUMNS FROM `t_company_authrule`

[ 2018-07-19T15:46:07+08:00 ] 115.192.49.173 /company/
INFO: [ app_init ] --START--
INFO: Run Behavior\BuildLiteBehavior [ RunTime:0.000000s ]
INFO: [ app_init ] --END-- [ RunTime:0.000976s ]

[ 2018-07-19T15:46:33+08:00 ] 115.192.49.173 /company/
INFO: [ app_init ] --START--
INFO: Run Behavior\BuildLiteBehavior [ RunTime:0.000000s ]
INFO: [ app_init ] --END-- [ RunTime:0.000977s ]

[ 2018-07-19T15:46:53+08:00 ] 115.192.49.173 /company/
INFO: [ app_init ] --START--
INFO: Run Behavior\BuildLiteBehavior [ RunTime:0.000976s ]
INFO: [ app_init ] --END-- [ RunTime:0.000976s ]

[ 2018-07-19T15:47:11+08:00 ] 115.192.49.173 /company/
INFO: [ app_init ] --START--
INFO: Run Behavior\BuildLiteBehavior [ RunTime:0.000000s ]
INFO: [ app_init ] --END-- [ RunTime:0.000976s ]

[ 2018-07-19T15:47:33+08:00 ] 115.192.49.173 /company/
INFO: [ app_init ] --START--
INFO: Run Behavior\BuildLiteBehavior [ RunTime:0.000000s ]
INFO: [ app_init ] --END-- [ RunTime:0.000977s ]

[ 2018-07-19T15:47:36+08:00 ] 115.192.49.173 /company/index.php/Home/Public/loginb.html
INFO: [ app_init ] --START--
INFO: Run Behavior\BuildLiteBehavior [ RunTime:0.000000s ]
INFO: [ app_init ] --END-- [ RunTime:0.000976s ]

[ 2018-07-19T15:48:27+08:00 ] 115.192.49.173 /company/index.php/Home/Public/loginb.html
INFO: [ app_init ] --START--
INFO: Run Behavior\BuildLiteBehavior [ RunTime:0.000000s ]
INFO: [ app_init ] --END-- [ RunTime:0.000977s ]

[ 2018-07-19T15:48:30+08:00 ] 115.192.49.173 /company/index.php/Home/Public/loginb.html
INFO: [ app_init ] --START--
INFO: Run Behavior\BuildLiteBehavior [ RunTime:0.000000s ]
INFO: [ app_init ] --END-- [ RunTime:0.000977s ]

[ 2018-07-19T15:48:39+08:00 ] 115.192.49.173 /company/index.php/Home/Public/loginb.html
INFO: [ app_init ] --START--
INFO: Run Behavior\BuildLiteBehavior [ RunTime:0.000000s ]
INFO: [ app_init ] --END-- [ RunTime:0.000976s ]

[ 2018-07-19T15:49:08+08:00 ] 115.192.49.173 /company/index.php/Home/Public/loginb.html
INFO: [ app_init ] --START--
INFO: Run Behavior\BuildLiteBehavior [ RunTime:0.000000s ]
INFO: [ app_init ] --END-- [ RunTime:0.000977s ]

[ 2018-07-19T15:49:11+08:00 ] 115.192.49.173 /company/index.php/Home/Public/loginb.html
INFO: [ app_init ] --START--
INFO: Run Behavior\BuildLiteBehavior [ RunTime:0.000000s ]
INFO: [ app_init ] --END-- [ RunTime:0.000977s ]

[ 2018-07-19T15:49:35+08:00 ] 115.192.49.173 /company/index.php/Home/Public/loginb.html
INFO: [ app_init ] --START--
INFO: Run Behavior\BuildLiteBehavior [ RunTime:0.000000s ]
INFO: [ app_init ] --END-- [ RunTime:0.000977s ]

[ 2018-07-19T15:49:40+08:00 ] 115.192.49.173 /company/index.php/Home/Public/loginb.html
INFO: [ app_init ] --START--
INFO: Run Behavior\BuildLiteBehavior [ RunTime:0.000000s ]
INFO: [ app_init ] --END-- [ RunTime:0.000976s ]

[ 2018-07-19T15:49:40+08:00 ] 115.192.49.173 /company/index.php/Home/Index/index.html
INFO: [ app_init ] --START--
INFO: Run Behavior\BuildLiteBehavior [ RunTime:0.000000s ]
INFO: [ app_init ] --END-- [ RunTime:0.000000s ]
ERR: 1146:La table 'baleijia.t_company_authrule' n'existe pas
 [ SQL语句 ] : SHOW COLUMNS FROM `t_company_authrule`
ERR: 1146:La table 'baleijia.t_company_authrule' n'existe pas
 [ SQL语句 ] : SHOW COLUMNS FROM `t_company_authrule`

[ 2018-07-19T15:51:14+08:00 ] 115.192.49.173 /company/index.php/Home/Index/index.html
INFO: [ app_init ] --START--
INFO: Run Behavior\BuildLiteBehavior [ RunTime:0.000000s ]
INFO: [ app_init ] --END-- [ RunTime:0.000977s ]

[ 2018-07-19T15:51:15+08:00 ] 115.192.49.173 /company/index.php/Home/index/vrList.html
INFO: [ app_init ] --START--
INFO: Run Behavior\BuildLiteBehavior [ RunTime:0.000977s ]
INFO: [ app_init ] --END-- [ RunTime:0.000977s ]

[ 2018-07-19T15:51:53+08:00 ] 115.192.49.173 /company/index.php/Home/Index/index.html
INFO: [ app_init ] --START--
INFO: Run Behavior\BuildLiteBehavior [ RunTime:0.000000s ]
INFO: [ app_init ] --END-- [ RunTime:0.000976s ]

[ 2018-07-19T15:51:53+08:00 ] 115.192.49.173 /company/index.php/Home/public/welcome.html
INFO: [ app_init ] --START--
INFO: Run Behavior\BuildLiteBehavior [ RunTime:0.000000s ]
INFO: [ app_init ] --END-- [ RunTime:0.000000s ]

[ 2018-07-19T15:54:07+08:00 ] 115.192.49.173 /company/index.php/Home/Index/index.html
INFO: [ app_init ] --START--
INFO: Run Behavior\BuildLiteBehavior [ RunTime:0.000976s ]
INFO: [ app_init ] --END-- [ RunTime:0.000976s ]

[ 2018-07-19T15:54:08+08:00 ] 115.192.49.173 /company/index.php/Home/public/welcome.html
INFO: [ app_init ] --START--
INFO: Run Behavior\BuildLiteBehavior [ RunTime:0.000000s ]
INFO: [ app_init ] --END-- [ RunTime:0.000976s ]

[ 2018-07-19T15:55:28+08:00 ] 115.192.49.173 /company/index.php/Home/Index/index.html
INFO: [ app_init ] --START--
INFO: Run Behavior\BuildLiteBehavior [ RunTime:0.000000s ]
INFO: [ app_init ] --END-- [ RunTime:0.000977s ]

[ 2018-07-19T15:55:28+08:00 ] 115.192.49.173 /company/index.php/Home/public/welcome.html
INFO: [ app_init ] --START--
INFO: Run Behavior\BuildLiteBehavior [ RunTime:0.000000s ]
INFO: [ app_init ] --END-- [ RunTime:0.000976s ]

[ 2018-07-19T15:55:34+08:00 ] 115.192.49.173 /company/index.php/Home/Index/index.html
INFO: [ app_init ] --START--
INFO: Run Behavior\BuildLiteBehavior [ RunTime:0.000000s ]
INFO: [ app_init ] --END-- [ RunTime:0.000977s ]

[ 2018-07-19T15:55:34+08:00 ] 115.192.49.173 /company/index.php/Home/public/welcome.html
INFO: [ app_init ] --START--
INFO: Run Behavior\BuildLiteBehavior [ RunTime:0.000000s ]
INFO: [ app_init ] --END-- [ RunTime:0.000976s ]

[ 2018-07-19T15:56:40+08:00 ] 115.192.49.173 /company/index.php/Home/Index/index.html
INFO: [ app_init ] --START--
INFO: Run Behavior\BuildLiteBehavior [ RunTime:0.000000s ]
INFO: [ app_init ] --END-- [ RunTime:0.000976s ]

[ 2018-07-19T15:56:40+08:00 ] 115.192.49.173 /company/index.php/Home/public/welcome.html
INFO: [ app_init ] --START--
INFO: Run Behavior\BuildLiteBehavior [ RunTime:0.000000s ]
INFO: [ app_init ] --END-- [ RunTime:0.000976s ]

[ 2018-07-19T15:56:42+08:00 ] 115.192.49.173 /company/index.php/Home/Index/index.html
INFO: [ app_init ] --START--
INFO: Run Behavior\BuildLiteBehavior [ RunTime:0.000000s ]
INFO: [ app_init ] --END-- [ RunTime:0.000000s ]

[ 2018-07-19T15:56:42+08:00 ] 115.192.49.173 /company/index.php/Home/public/welcome.html
INFO: [ app_init ] --START--
INFO: Run Behavior\BuildLiteBehavior [ RunTime:0.000000s ]
INFO: [ app_init ] --END-- [ RunTime:0.000977s ]

[ 2018-07-19T15:57:27+08:00 ] 115.192.49.173 /company/index.php/Home/Index/index.html
INFO: [ app_init ] --START--
INFO: Run Behavior\BuildLiteBehavior [ RunTime:0.000000s ]
INFO: [ app_init ] --END-- [ RunTime:0.000976s ]

[ 2018-07-19T15:57:28+08:00 ] 115.192.49.173 /company/index.php/Home/public/welcome.html
INFO: [ app_init ] --START--
INFO: Run Behavior\BuildLiteBehavior [ RunTime:0.000000s ]
INFO: [ app_init ] --END-- [ RunTime:0.000977s ]

[ 2018-07-19T16:55:54+08:00 ] 115.192.49.173 /company/index.php/Home/Index/index.html
INFO: [ app_init ] --START--
INFO: Run Behavior\BuildLiteBehavior [ RunTime:0.000000s ]
INFO: [ app_init ] --END-- [ RunTime:0.000000s ]

[ 2018-07-19T16:55:57+08:00 ] 115.192.49.173 /company/index.php/Home/Public/loginb.html
INFO: [ app_init ] --START--
INFO: Run Behavior\BuildLiteBehavior [ RunTime:0.000000s ]
INFO: [ app_init ] --END-- [ RunTime:0.000000s ]

[ 2018-07-19T16:56:12+08:00 ] 115.192.49.173 /company/index.php/Home/Public/loginb.html
INFO: [ app_init ] --START--
INFO: Run Behavior\BuildLiteBehavior [ RunTime:0.000000s ]
INFO: [ app_init ] --END-- [ RunTime:0.000000s ]

[ 2018-07-19T16:56:13+08:00 ] 115.192.49.173 /company/index.php/Home/Index/index.html
INFO: [ app_init ] --START--
INFO: Run Behavior\BuildLiteBehavior [ RunTime:0.000000s ]
INFO: [ app_init ] --END-- [ RunTime:0.000000s ]

[ 2018-07-19T16:56:21+08:00 ] 115.192.49.173 /company/index.php/Home/public/welcome.html
INFO: [ app_init ] --START--
INFO: Run Behavior\BuildLiteBehavior [ RunTime:0.000000s ]
INFO: [ app_init ] --END-- [ RunTime:0.000000s ]

[ 2018-07-19T16:58:17+08:00 ] 115.192.49.173 /company/index.php/Home/Index/index.html
INFO: [ app_init ] --START--
INFO: Run Behavior\BuildLiteBehavior [ RunTime:0.000000s ]
INFO: [ app_init ] --END-- [ RunTime:0.000000s ]

[ 2018-07-19T16:58:17+08:00 ] 115.192.49.173 /company/index.php/Home/public/welcome.html
INFO: [ app_init ] --START--
INFO: Run Behavior\BuildLiteBehavior [ RunTime:0.000000s ]
INFO: [ app_init ] --END-- [ RunTime:0.000000s ]

[ 2018-07-19T16:58:20+08:00 ] 115.192.49.173 /company/index.php/Home/index/vrTypeList.html
INFO: [ app_init ] --START--
INFO: Run Behavior\BuildLiteBehavior [ RunTime:0.000000s ]
INFO: [ app_init ] --END-- [ RunTime:0.000000s ]

[ 2018-07-19T16:58:21+08:00 ] 115.192.49.173 /company/index.php/Home/index/vrTypeList.html?page=1&limit=10
INFO: [ app_init ] --START--
INFO: Run Behavior\BuildLiteBehavior [ RunTime:0.000000s ]
INFO: [ app_init ] --END-- [ RunTime:0.000000s ]

[ 2018-07-19T16:58:22+08:00 ] 115.192.49.173 /company/index.php/Home/index/vrTypesList.html
INFO: [ app_init ] --START--
INFO: Run Behavior\BuildLiteBehavior [ RunTime:0.000000s ]
INFO: [ app_init ] --END-- [ RunTime:0.000000s ]

[ 2018-07-19T16:58:22+08:00 ] 115.192.49.173 /company/index.php/Home/index/vrTypesList.html?page=1&limit=10
INFO: [ app_init ] --START--
INFO: Run Behavior\BuildLiteBehavior [ RunTime:0.000000s ]
INFO: [ app_init ] --END-- [ RunTime:0.000000s ]

[ 2018-07-19T16:58:32+08:00 ] 115.192.49.173 /company/index.php/Home/log/logsList.html
INFO: [ app_init ] --START--
INFO: Run Behavior\BuildLiteBehavior [ RunTime:0.000000s ]
INFO: [ app_init ] --END-- [ RunTime:0.000000s ]

[ 2018-07-19T16:58:33+08:00 ] 115.192.49.173 /company/index.php/Home/log/logsList.html?page=1&limit=10
INFO: [ app_init ] --START--
INFO: Run Behavior\BuildLiteBehavior [ RunTime:0.000000s ]
INFO: [ app_init ] --END-- [ RunTime:0.000000s ]

[ 2018-07-19T16:58:36+08:00 ] 115.192.49.173 /company/index.php/Home/auth/companyList.html
INFO: [ app_init ] --START--
INFO: Run Behavior\BuildLiteBehavior [ RunTime:0.000000s ]
INFO: [ app_init ] --END-- [ RunTime:0.015625s ]

[ 2018-07-19T16:58:36+08:00 ] 115.192.49.173 /company/index.php/Home/auth/companyList.html?page=1&limit=10
INFO: [ app_init ] --START--
INFO: Run Behavior\BuildLiteBehavior [ RunTime:0.000000s ]
INFO: [ app_init ] --END-- [ RunTime:0.000000s ]

[ 2018-07-19T17:08:21+08:00 ] 115.192.49.173 /company/index.php/Home/auth/adminList.html
INFO: [ app_init ] --START--
INFO: Run Behavior\BuildLiteBehavior [ RunTime:0.000000s ]
INFO: [ app_init ] --END-- [ RunTime:0.000977s ]

[ 2018-07-19T17:08:21+08:00 ] 115.192.49.173 /company/index.php/Home/auth/adminList.html?page=1&limit=10
INFO: [ app_init ] --START--
INFO: Run Behavior\BuildLiteBehavior [ RunTime:0.000000s ]
INFO: [ app_init ] --END-- [ RunTime:0.000976s ]

[ 2018-07-19T17:08:21+08:00 ] 115.192.49.173 /company/index.php/Home/auth/roleList.html
INFO: [ app_init ] --START--
INFO: Run Behavior\BuildLiteBehavior [ RunTime:0.000000s ]
INFO: [ app_init ] --END-- [ RunTime:0.000000s ]

[ 2018-07-19T17:08:22+08:00 ] 115.192.49.173 /company/index.php/Home/auth/roleList.html?page=1&limit=10
INFO: [ app_init ] --START--
INFO: Run Behavior\BuildLiteBehavior [ RunTime:0.000000s ]
INFO: [ app_init ] --END-- [ RunTime:0.000977s ]

[ 2018-07-19T17:08:23+08:00 ] 115.192.49.173 /company/index.php/Home/auth/ruleList.html
INFO: [ app_init ] --START--
INFO: Run Behavior\BuildLiteBehavior [ RunTime:0.000000s ]
INFO: [ app_init ] --END-- [ RunTime:0.000977s ]

[ 2018-07-19T17:08:24+08:00 ] 115.192.49.173 /company/index.php/Home/auth/ruleList.html?page=1&limit=10
INFO: [ app_init ] --START--
INFO: Run Behavior\BuildLiteBehavior [ RunTime:0.000000s ]
INFO: [ app_init ] --END-- [ RunTime:0.000976s ]

[ 2018-07-19T17:08:58+08:00 ] 115.192.49.173 /company/index.php/Home/Index/index.html
INFO: [ app_init ] --START--
INFO: Run Behavior\BuildLiteBehavior [ RunTime:0.000000s ]
INFO: [ app_init ] --END-- [ RunTime:0.000977s ]

[ 2018-07-19T17:08:58+08:00 ] 115.192.49.173 /company/index.php/Home/public/welcome.html
INFO: [ app_init ] --START--
INFO: Run Behavior\BuildLiteBehavior [ RunTime:0.000000s ]
INFO: [ app_init ] --END-- [ RunTime:0.000977s ]

[ 2018-07-19T17:09:42+08:00 ] 115.192.49.173 /company/index.php/Home/Index/index.html
INFO: [ app_init ] --START--
INFO: Run Behavior\BuildLiteBehavior [ RunTime:0.000000s ]
INFO: [ app_init ] --END-- [ RunTime:0.000000s ]

[ 2018-07-19T17:09:42+08:00 ] 115.192.49.173 /company/index.php/Home/public/welcome.html
INFO: [ app_init ] --START--
INFO: Run Behavior\BuildLiteBehavior [ RunTime:0.000000s ]
INFO: [ app_init ] --END-- [ RunTime:0.001953s ]

[ 2018-07-19T17:09:45+08:00 ] 115.192.49.173 /company/index.php/Home/index/vrTypeList.html
INFO: [ app_init ] --START--
INFO: Run Behavior\BuildLiteBehavior [ RunTime:0.000000s ]
INFO: [ app_init ] --END-- [ RunTime:0.000000s ]

[ 2018-07-19T17:09:46+08:00 ] 115.192.49.173 /company/index.php/Home/index/vrTypeList.html?page=1&limit=10
INFO: [ app_init ] --START--
INFO: Run Behavior\BuildLiteBehavior [ RunTime:0.000000s ]
INFO: [ app_init ] --END-- [ RunTime:0.000976s ]

[ 2018-07-19T17:09:50+08:00 ] 115.192.49.173 /company/index.php/Home/auth/adminList.html
INFO: [ app_init ] --START--
INFO: Run Behavior\BuildLiteBehavior [ RunTime:0.000000s ]
INFO: [ app_init ] --END-- [ RunTime:0.000000s ]

[ 2018-07-19T17:09:50+08:00 ] 115.192.49.173 /company/index.php/Home/auth/adminList.html?page=1&limit=10
INFO: [ app_init ] --START--
INFO: Run Behavior\BuildLiteBehavior [ RunTime:0.000000s ]
INFO: [ app_init ] --END-- [ RunTime:0.000976s ]

[ 2018-07-19T17:09:51+08:00 ] 115.192.49.173 /company/index.php/Home/auth/roleList.html
INFO: [ app_init ] --START--
INFO: Run Behavior\BuildLiteBehavior [ RunTime:0.000000s ]
INFO: [ app_init ] --END-- [ RunTime:0.000977s ]

[ 2018-07-19T17:09:52+08:00 ] 115.192.49.173 /company/index.php/Home/auth/roleList.html?page=1&limit=10
INFO: [ app_init ] --START--
INFO: Run Behavior\BuildLiteBehavior [ RunTime:0.000000s ]
INFO: [ app_init ] --END-- [ RunTime:0.000977s ]

[ 2018-07-19T17:09:52+08:00 ] 115.192.49.173 /company/index.php/Home/auth/ruleList.html
INFO: [ app_init ] --START--
INFO: Run Behavior\BuildLiteBehavior [ RunTime:0.000000s ]
INFO: [ app_init ] --END-- [ RunTime:0.001953s ]

[ 2018-07-19T17:09:52+08:00 ] 115.192.49.173 /company/index.php/Home/auth/ruleList.html?page=1&limit=10
INFO: [ app_init ] --START--
INFO: Run Behavior\BuildLiteBehavior [ RunTime:0.000000s ]
INFO: [ app_init ] --END-- [ RunTime:0.000977s ]

[ 2018-07-19T17:09:53+08:00 ] 115.192.49.173 /company/index.php/Home/auth/companyList.html
INFO: [ app_init ] --START--
INFO: Run Behavior\BuildLiteBehavior [ RunTime:0.000000s ]
INFO: [ app_init ] --END-- [ RunTime:0.000976s ]

[ 2018-07-19T17:09:53+08:00 ] 115.192.49.173 /company/index.php/Home/auth/companyList.html?page=1&limit=10
INFO: [ app_init ] --START--
INFO: Run Behavior\BuildLiteBehavior [ RunTime:0.000000s ]
INFO: [ app_init ] --END-- [ RunTime:0.000976s ]

[ 2018-07-19T17:10:02+08:00 ] 115.192.49.173 /company/index.php/Home/Index/index.html
INFO: [ app_init ] --START--
INFO: Run Behavior\BuildLiteBehavior [ RunTime:0.000000s ]
INFO: [ app_init ] --END-- [ RunTime:0.000976s ]

[ 2018-07-19T17:10:03+08:00 ] 115.192.49.173 /company/index.php/Home/public/welcome.html
INFO: [ app_init ] --START--
INFO: Run Behavior\BuildLiteBehavior [ RunTime:0.000000s ]
INFO: [ app_init ] --END-- [ RunTime:0.000977s ]

[ 2018-07-19T17:10:05+08:00 ] 115.192.49.173 /company/index.php/Home/auth/companyList.html
INFO: [ app_init ] --START--
INFO: Run Behavior\BuildLiteBehavior [ RunTime:0.000000s ]
INFO: [ app_init ] --END-- [ RunTime:0.000000s ]

[ 2018-07-19T17:10:06+08:00 ] 115.192.49.173 /company/index.php/Home/auth/companyList.html?page=1&limit=10
INFO: [ app_init ] --START--
INFO: Run Behavior\BuildLiteBehavior [ RunTime:0.000000s ]
INFO: [ app_init ] --END-- [ RunTime:0.000977s ]

[ 2018-07-19T17:10:35+08:00 ] 115.192.49.173 /company/index.php/Home/Index/index.html
INFO: [ app_init ] --START--
INFO: Run Behavior\BuildLiteBehavior [ RunTime:0.000000s ]
INFO: [ app_init ] --END-- [ RunTime:0.000977s ]

[ 2018-07-19T17:10:35+08:00 ] 115.192.49.173 /company/index.php/Home/public/welcome.html
INFO: [ app_init ] --START--
INFO: Run Behavior\BuildLiteBehavior [ RunTime:0.000000s ]
INFO: [ app_init ] --END-- [ RunTime:0.000977s ]

[ 2018-07-19T17:13:21+08:00 ] 115.192.49.173 /company/index.php/Home/auth/companyList.html
INFO: [ app_init ] --START--
INFO: Run Behavior\BuildLiteBehavior [ RunTime:0.000000s ]
INFO: [ app_init ] --END-- [ RunTime:0.000977s ]

[ 2018-07-19T17:13:23+08:00 ] 115.192.49.173 /company/index.php/Home/auth/companyList.html?page=1&limit=10
INFO: [ app_init ] --START--
INFO: Run Behavior\BuildLiteBehavior [ RunTime:0.000000s ]
INFO: [ app_init ] --END-- [ RunTime:0.000976s ]

[ 2018-07-19T17:13:31+08:00 ] 115.192.49.173 /company/index.php/Home/auth/ruleList.html
INFO: [ app_init ] --START--
INFO: Run Behavior\BuildLiteBehavior [ RunTime:0.000000s ]
INFO: [ app_init ] --END-- [ RunTime:0.000976s ]

[ 2018-07-19T17:13:31+08:00 ] 115.192.49.173 /company/index.php/Home/auth/ruleList.html?page=1&limit=10
INFO: [ app_init ] --START--
INFO: Run Behavior\BuildLiteBehavior [ RunTime:0.000000s ]
INFO: [ app_init ] --END-- [ RunTime:0.000976s ]

[ 2018-07-19T17:13:33+08:00 ] 115.192.49.173 /company/index.php/Home/auth/ruleAdd.html
INFO: [ app_init ] --START--
INFO: Run Behavior\BuildLiteBehavior [ RunTime:0.000000s ]
INFO: [ app_init ] --END-- [ RunTime:0.000976s ]

[ 2018-07-19T17:13:37+08:00 ] 115.192.49.173 /company/index.php/Home/auth/roleList.html
INFO: [ app_init ] --START--
INFO: Run Behavior\BuildLiteBehavior [ RunTime:0.000000s ]
INFO: [ app_init ] --END-- [ RunTime:0.000976s ]

[ 2018-07-19T17:13:37+08:00 ] 115.192.49.173 /company/index.php/Home/auth/roleList.html?page=1&limit=10
INFO: [ app_init ] --START--
INFO: Run Behavior\BuildLiteBehavior [ RunTime:0.000000s ]
INFO: [ app_init ] --END-- [ RunTime:0.001953s ]

[ 2018-07-19T17:13:43+08:00 ] 115.192.49.173 /company/index.php/Home/auth/adminList.html
INFO: [ app_init ] --START--
INFO: Run Behavior\BuildLiteBehavior [ RunTime:0.000000s ]
INFO: [ app_init ] --END-- [ RunTime:0.000977s ]

[ 2018-07-19T17:13:44+08:00 ] 115.192.49.173 /company/index.php/Home/auth/adminList.html?page=1&limit=10
INFO: [ app_init ] --START--
INFO: Run Behavior\BuildLiteBehavior [ RunTime:0.000000s ]
INFO: [ app_init ] --END-- [ RunTime:0.000977s ]

[ 2018-07-19T17:21:55+08:00 ] 115.192.49.173 /company/index.php/Home/auth/ruleList.html
INFO: [ app_init ] --START--
INFO: Run Behavior\BuildLiteBehavior [ RunTime:0.000000s ]
INFO: [ app_init ] --END-- [ RunTime:0.000977s ]

[ 2018-07-19T17:21:55+08:00 ] 115.192.49.173 /company/index.php/Home/auth/ruleList.html?page=1&limit=10
INFO: [ app_init ] --START--
INFO: Run Behavior\BuildLiteBehavior [ RunTime:0.000000s ]
INFO: [ app_init ] --END-- [ RunTime:0.000977s ]

[ 2018-07-19T17:25:36+08:00 ] 115.192.49.173 /company/index.php/Home/Index/index.html
INFO: [ app_init ] --START--
INFO: Run Behavior\BuildLiteBehavior [ RunTime:0.000000s ]
INFO: [ app_init ] --END-- [ RunTime:0.000976s ]

[ 2018-07-19T17:25:37+08:00 ] 115.192.49.173 /company/index.php/Home/public/welcome.html
INFO: [ app_init ] --START--
INFO: Run Behavior\BuildLiteBehavior [ RunTime:0.000000s ]
INFO: [ app_init ] --END-- [ RunTime:0.000976s ]

[ 2018-07-19T17:25:39+08:00 ] 115.192.49.173 /company/index.php/Home/auth/adminList.html
INFO: [ app_init ] --START--
INFO: Run Behavior\BuildLiteBehavior [ RunTime:0.000000s ]
INFO: [ app_init ] --END-- [ RunTime:0.000977s ]

[ 2018-07-19T17:25:39+08:00 ] 115.192.49.173 /company/index.php/Home/auth/adminList.html?page=1&limit=10
INFO: [ app_init ] --START--
INFO: Run Behavior\BuildLiteBehavior [ RunTime:0.000000s ]
INFO: [ app_init ] --END-- [ RunTime:0.000976s ]

[ 2018-07-19T17:25:42+08:00 ] 115.192.49.173 /company/index.php/Home/auth/roleList.html
INFO: [ app_init ] --START--
INFO: Run Behavior\BuildLiteBehavior [ RunTime:0.000000s ]
INFO: [ app_init ] --END-- [ RunTime:0.000977s ]

[ 2018-07-19T17:25:43+08:00 ] 115.192.49.173 /company/index.php/Home/auth/roleList.html?page=1&limit=10
INFO: [ app_init ] --START--
INFO: Run Behavior\BuildLiteBehavior [ RunTime:0.000000s ]
INFO: [ app_init ] --END-- [ RunTime:0.000977s ]

[ 2018-07-19T17:25:44+08:00 ] 115.192.49.173 /company/index.php/Home/auth/ruleList.html
INFO: [ app_init ] --START--
INFO: Run Behavior\BuildLiteBehavior [ RunTime:0.000000s ]
INFO: [ app_init ] --END-- [ RunTime:0.000977s ]

[ 2018-07-19T17:25:44+08:00 ] 115.192.49.173 /company/index.php/Home/auth/ruleList.html?page=1&limit=10
INFO: [ app_init ] --START--
INFO: Run Behavior\BuildLiteBehavior [ RunTime:0.000000s ]
INFO: [ app_init ] --END-- [ RunTime:0.000977s ]

[ 2018-07-19T17:25:46+08:00 ] 115.192.49.173 /company/index.php/Home/auth/companyList.html
INFO: [ app_init ] --START--
INFO: Run Behavior\BuildLiteBehavior [ RunTime:0.000000s ]
INFO: [ app_init ] --END-- [ RunTime:0.000000s ]

[ 2018-07-19T17:25:46+08:00 ] 115.192.49.173 /company/index.php/Home/auth/companyList.html?page=1&limit=10
INFO: [ app_init ] --START--
INFO: Run Behavior\BuildLiteBehavior [ RunTime:0.000000s ]
INFO: [ app_init ] --END-- [ RunTime:0.000977s ]

[ 2018-07-19T17:26:00+08:00 ] 115.192.49.173 /company/index.php/Home/Index/index.html
INFO: [ app_init ] --START--
INFO: Run Behavior\BuildLiteBehavior [ RunTime:0.000000s ]
INFO: [ app_init ] --END-- [ RunTime:0.001953s ]

[ 2018-07-19T17:26:00+08:00 ] 115.192.49.173 /company/index.php/Home/public/welcome.html
INFO: [ app_init ] --START--
INFO: Run Behavior\BuildLiteBehavior [ RunTime:0.000000s ]
INFO: [ app_init ] --END-- [ RunTime:0.000977s ]

[ 2018-07-19T17:26:02+08:00 ] 115.192.49.173 /company/index.php/Home/auth/ruleList.html
INFO: [ app_init ] --START--
INFO: Run Behavior\BuildLiteBehavior [ RunTime:0.000000s ]
INFO: [ app_init ] --END-- [ RunTime:0.000000s ]

[ 2018-07-19T17:26:03+08:00 ] 115.192.49.173 /company/index.php/Home/auth/ruleList.html?page=1&limit=10
INFO: [ app_init ] --START--
INFO: Run Behavior\BuildLiteBehavior [ RunTime:0.000000s ]
INFO: [ app_init ] --END-- [ RunTime:0.000000s ]

[ 2018-07-19T17:26:03+08:00 ] 115.192.49.173 /company/index.php/Home/auth/roleList.html
INFO: [ app_init ] --START--
INFO: Run Behavior\BuildLiteBehavior [ RunTime:0.000000s ]
INFO: [ app_init ] --END-- [ RunTime:0.000977s ]

[ 2018-07-19T17:26:04+08:00 ] 115.192.49.173 /company/index.php/Home/auth/roleList.html?page=1&limit=10
INFO: [ app_init ] --START--
INFO: Run Behavior\BuildLiteBehavior [ RunTime:0.000000s ]
INFO: [ app_init ] --END-- [ RunTime:0.000977s ]

[ 2018-07-19T17:26:08+08:00 ] 115.192.49.173 /company/index.php/Home/auth/adminList.html
INFO: [ app_init ] --START--
INFO: Run Behavior\BuildLiteBehavior [ RunTime:0.000000s ]
INFO: [ app_init ] --END-- [ RunTime:0.000977s ]

[ 2018-07-19T17:26:08+08:00 ] 115.192.49.173 /company/index.php/Home/auth/adminList.html?page=1&limit=10
INFO: [ app_init ] --START--
INFO: Run Behavior\BuildLiteBehavior [ RunTime:0.000000s ]
INFO: [ app_init ] --END-- [ RunTime:0.000977s ]

[ 2018-07-19T17:33:20+08:00 ] 115.192.49.173 /company/index.php/Home/Index/index.html
INFO: [ app_init ] --START--
INFO: Run Behavior\BuildLiteBehavior [ RunTime:0.000000s ]
INFO: [ app_init ] --END-- [ RunTime:0.000000s ]

[ 2018-07-19T17:33:20+08:00 ] 115.192.49.173 /company/index.php/Home/public/welcome.html
INFO: [ app_init ] --START--
INFO: Run Behavior\BuildLiteBehavior [ RunTime:0.000000s ]
INFO: [ app_init ] --END-- [ RunTime:0.000977s ]

[ 2018-07-19T17:33:23+08:00 ] 115.192.49.173 /company/index.php/Home/log/logsList.html
INFO: [ app_init ] --START--
INFO: Run Behavior\BuildLiteBehavior [ RunTime:0.000000s ]
INFO: [ app_init ] --END-- [ RunTime:0.000977s ]

[ 2018-07-19T17:33:23+08:00 ] 115.192.49.173 /company/index.php/Home/log/logsList.html?page=1&limit=10
INFO: [ app_init ] --START--
INFO: Run Behavior\BuildLiteBehavior [ RunTime:0.000000s ]
INFO: [ app_init ] --END-- [ RunTime:0.000977s ]

[ 2018-07-19T17:33:24+08:00 ] 115.192.49.173 /company/index.php/Home/auth/adminList.html
INFO: [ app_init ] --START--
INFO: Run Behavior\BuildLiteBehavior [ RunTime:0.000000s ]
INFO: [ app_init ] --END-- [ RunTime:0.000977s ]

[ 2018-07-19T17:33:24+08:00 ] 115.192.49.173 /company/index.php/Home/auth/adminList.html?page=1&limit=10
INFO: [ app_init ] --START--
INFO: Run Behavior\BuildLiteBehavior [ RunTime:0.000000s ]
INFO: [ app_init ] --END-- [ RunTime:0.000976s ]

[ 2018-07-19T17:33:25+08:00 ] 115.192.49.173 /company/index.php/Home/auth/roleList.html
INFO: [ app_init ] --START--
INFO: Run Behavior\BuildLiteBehavior [ RunTime:0.000000s ]
INFO: [ app_init ] --END-- [ RunTime:0.000976s ]

[ 2018-07-19T17:33:25+08:00 ] 115.192.49.173 /company/index.php/Home/auth/roleList.html?page=1&limit=10
INFO: [ app_init ] --START--
INFO: Run Behavior\BuildLiteBehavior [ RunTime:0.000000s ]
INFO: [ app_init ] --END-- [ RunTime:0.000000s ]

[ 2018-07-19T17:33:27+08:00 ] 115.192.49.173 /company/index.php/Home/auth/ruleList.html
INFO: [ app_init ] --START--
INFO: Run Behavior\BuildLiteBehavior [ RunTime:0.000000s ]
INFO: [ app_init ] --END-- [ RunTime:0.000977s ]

[ 2018-07-19T17:33:27+08:00 ] 115.192.49.173 /company/index.php/Home/auth/ruleList.html?page=1&limit=10
INFO: [ app_init ] --START--
INFO: Run Behavior\BuildLiteBehavior [ RunTime:0.000000s ]
INFO: [ app_init ] --END-- [ RunTime:0.000977s ]

[ 2018-07-19T17:33:30+08:00 ] 115.192.49.173 /company/index.php/Home/index/vrTypeList.html
INFO: [ app_init ] --START--
INFO: Run Behavior\BuildLiteBehavior [ RunTime:0.000000s ]
INFO: [ app_init ] --END-- [ RunTime:0.000976s ]

[ 2018-07-19T17:33:30+08:00 ] 115.192.49.173 /company/index.php/Home/index/vrTypeList.html?page=1&limit=10
INFO: [ app_init ] --START--
INFO: Run Behavior\BuildLiteBehavior [ RunTime:0.000000s ]
INFO: [ app_init ] --END-- [ RunTime:0.000976s ]

[ 2018-07-19T17:33:31+08:00 ] 115.192.49.173 /company/index.php/Home/index/vrTypesList.html
INFO: [ app_init ] --START--
INFO: Run Behavior\BuildLiteBehavior [ RunTime:0.000000s ]
INFO: [ app_init ] --END-- [ RunTime:0.000977s ]

[ 2018-07-19T17:33:32+08:00 ] 115.192.49.173 /company/index.php/Home/index/vrTypesList.html?page=1&limit=10
INFO: [ app_init ] --START--
INFO: Run Behavior\BuildLiteBehavior [ RunTime:0.000000s ]
INFO: [ app_init ] --END-- [ RunTime:0.000976s ]

[ 2018-07-19T17:35:21+08:00 ] 115.192.49.173 /company/index.php/Home/Index/index.html
INFO: [ app_init ] --START--
INFO: Run Behavior\BuildLiteBehavior [ RunTime:0.000000s ]
INFO: [ app_init ] --END-- [ RunTime:0.000977s ]

[ 2018-07-19T17:35:21+08:00 ] 115.192.49.173 /company/index.php/Home/public/welcome.html
INFO: [ app_init ] --START--
INFO: Run Behavior\BuildLiteBehavior [ RunTime:0.000000s ]
INFO: [ app_init ] --END-- [ RunTime:0.000000s ]

[ 2018-07-19T17:35:25+08:00 ] 115.192.49.173 /company/index.php/Home/auth/roleList.html
INFO: [ app_init ] --START--
INFO: Run Behavior\BuildLiteBehavior [ RunTime:0.000976s ]
INFO: [ app_init ] --END-- [ RunTime:0.000976s ]

[ 2018-07-19T17:35:25+08:00 ] 115.192.49.173 /company/index.php/Home/auth/roleList.html?page=1&limit=10
INFO: [ app_init ] --START--
INFO: Run Behavior\BuildLiteBehavior [ RunTime:0.000000s ]
INFO: [ app_init ] --END-- [ RunTime:0.000977s ]

[ 2018-07-19T17:35:32+08:00 ] 115.192.49.173 /company/index.php/Home/auth/roleDelete.html
INFO: [ app_init ] --START--
INFO: Run Behavior\BuildLiteBehavior [ RunTime:0.000000s ]
INFO: [ app_init ] --END-- [ RunTime:0.000977s ]
ERR: 1048:Le champ 'operator' ne peut être vide (null)
 [ SQL语句 ] : INSERT INTO `t_all_vr_model_logs` (`url`,`operator`,`operate_time`,`ip`,`status`,`description`,`toid`) VALUES ('home/auth/roledelete',NULL,'2018-07-19 17:35:32','115.192.49.173','0','角色管理-删除','1')
ERR: 1048:Le champ 'operator' ne peut être vide (null)
 [ SQL语句 ] : INSERT INTO `t_all_vr_model_logs` (`url`,`operator`,`operate_time`,`ip`,`status`,`description`,`toid`) VALUES ('home/auth/roledelete',NULL,'2018-07-19 17:35:32','115.192.49.173','0','角色管理-删除','1')

[ 2018-07-19T17:35:33+08:00 ] 115.192.49.173 /company/index.php/Home/auth/roleDelete.html
INFO: [ app_init ] --START--
INFO: Run Behavior\BuildLiteBehavior [ RunTime:0.000000s ]
INFO: [ app_init ] --END-- [ RunTime:0.000977s ]

[ 2018-07-19T17:35:47+08:00 ] 115.192.49.173 /company/index.php/Home/Index/index.html
INFO: [ app_init ] --START--
INFO: Run Behavior\BuildLiteBehavior [ RunTime:0.000000s ]
INFO: [ app_init ] --END-- [ RunTime:0.000976s ]

[ 2018-07-19T17:35:50+08:00 ] 115.192.49.173 /company/index.php/Home/Index/index.html
INFO: [ app_init ] --START--
INFO: Run Behavior\BuildLiteBehavior [ RunTime:0.000000s ]
INFO: [ app_init ] --END-- [ RunTime:0.000977s ]

[ 2018-07-19T17:35:52+08:00 ] 115.192.49.173 /company/index.php/Home/Index/index.html
INFO: [ app_init ] --START--
INFO: Run Behavior\BuildLiteBehavior [ RunTime:0.000000s ]
INFO: [ app_init ] --END-- [ RunTime:0.000976s ]

[ 2018-07-19T17:36:21+08:00 ] 115.192.49.173 /company/index.php/Home/Index/index.html
INFO: [ app_init ] --START--
INFO: Run Behavior\BuildLiteBehavior [ RunTime:0.000000s ]
INFO: [ app_init ] --END-- [ RunTime:0.000976s ]

[ 2018-07-19T17:36:27+08:00 ] 115.192.49.173 /company/index.php/Home/
INFO: [ app_init ] --START--
INFO: Run Behavior\BuildLiteBehavior [ RunTime:0.000000s ]
INFO: [ app_init ] --END-- [ RunTime:0.000976s ]

[ 2018-07-19T17:36:50+08:00 ] 115.192.49.173 /company/index.php/Home/Index/index.html
INFO: [ app_init ] --START--
INFO: Run Behavior\BuildLiteBehavior [ RunTime:0.000000s ]
INFO: [ app_init ] --END-- [ RunTime:0.000977s ]

[ 2018-07-19T17:37:23+08:00 ] 115.192.49.173 /company/index.php/Home/Index/index.html
INFO: [ app_init ] --START--
INFO: Run Behavior\BuildLiteBehavior [ RunTime:0.000000s ]
INFO: [ app_init ] --END-- [ RunTime:0.000977s ]

[ 2018-07-19T17:37:40+08:00 ] 115.192.49.173 /company/index.php/Home/Index/index.html
INFO: [ app_init ] --START--
INFO: Run Behavior\BuildLiteBehavior [ RunTime:0.000000s ]
INFO: [ app_init ] --END-- [ RunTime:0.000976s ]

[ 2018-07-19T17:37:41+08:00 ] 115.192.49.173 /company/index.php/Home/Index/index.html
INFO: [ app_init ] --START--
INFO: Run Behavior\BuildLiteBehavior [ RunTime:0.000000s ]
INFO: [ app_init ] --END-- [ RunTime:0.000976s ]

[ 2018-07-19T17:38:08+08:00 ] 115.192.49.173 /company/index.php/Home/Index/index.html
INFO: [ app_init ] --START--
INFO: Run Behavior\BuildLiteBehavior [ RunTime:0.000000s ]
INFO: [ app_init ] --END-- [ RunTime:0.000976s ]

[ 2018-07-19T17:38:12+08:00 ] 115.192.49.173 /company/index.php/Home/Public/loginb.html
INFO: [ app_init ] --START--
INFO: Run Behavior\BuildLiteBehavior [ RunTime:0.000000s ]
INFO: [ app_init ] --END-- [ RunTime:0.000977s ]

[ 2018-07-19T17:38:20+08:00 ] 115.192.49.173 /company/index.php/Home/Public/loginb.html
INFO: [ app_init ] --START--
INFO: Run Behavior\BuildLiteBehavior [ RunTime:0.000000s ]
INFO: [ app_init ] --END-- [ RunTime:0.000977s ]

[ 2018-07-19T17:38:20+08:00 ] 115.192.49.173 /company/index.php/Home/Index/index.html
INFO: [ app_init ] --START--
INFO: Run Behavior\BuildLiteBehavior [ RunTime:0.000000s ]
INFO: [ app_init ] --END-- [ RunTime:0.000977s ]

[ 2018-07-19T17:38:56+08:00 ] 115.192.49.173 /company/index.php/Home/Index/index.html
INFO: [ app_init ] --START--
INFO: Run Behavior\BuildLiteBehavior [ RunTime:0.000000s ]
INFO: [ app_init ] --END-- [ RunTime:0.000000s ]

[ 2018-07-19T17:39:07+08:00 ] 115.192.49.173 /company/index.php/Home/Index/index.html
INFO: [ app_init ] --START--
INFO: Run Behavior\BuildLiteBehavior [ RunTime:0.000000s ]
INFO: [ app_init ] --END-- [ RunTime:0.000977s ]

[ 2018-07-19T17:40:59+08:00 ] 115.192.49.173 /company/index.php/Home/Index/index.html
INFO: [ app_init ] --START--
INFO: Run Behavior\BuildLiteBehavior [ RunTime:0.000000s ]
INFO: [ app_init ] --END-- [ RunTime:0.000977s ]

[ 2018-07-19T17:41:01+08:00 ] 115.192.49.173 /company/index.php/Home/Index/index.html
INFO: [ app_init ] --START--
INFO: Run Behavior\BuildLiteBehavior [ RunTime:0.000000s ]
INFO: [ app_init ] --END-- [ RunTime:0.000977s ]

[ 2018-07-19T17:41:28+08:00 ] 115.192.49.173 /company/index.php/Home/Index/index.html
INFO: [ app_init ] --START--
INFO: Run Behavior\BuildLiteBehavior [ RunTime:0.000000s ]
INFO: [ app_init ] --END-- [ RunTime:0.000976s ]

[ 2018-07-19T17:41:45+08:00 ] 115.192.49.173 /company/index.php/Home/Index/index.html
INFO: [ app_init ] --START--
INFO: Run Behavior\BuildLiteBehavior [ RunTime:0.000000s ]
INFO: [ app_init ] --END-- [ RunTime:0.000976s ]

[ 2018-07-19T17:41:57+08:00 ] 115.192.49.173 /company/index.php/Home/Index/index.html
INFO: [ app_init ] --START--
INFO: Run Behavior\BuildLiteBehavior [ RunTime:0.000000s ]
INFO: [ app_init ] --END-- [ RunTime:0.000000s ]

[ 2018-07-19T17:45:17+08:00 ] 115.192.49.173 /company/index.php/Home/Index/index.html
INFO: [ app_init ] --START--
INFO: Run Behavior\BuildLiteBehavior [ RunTime:0.000000s ]
INFO: [ app_init ] --END-- [ RunTime:0.000976s ]

[ 2018-07-19T17:46:14+08:00 ] 115.192.49.173 /company/index.php/Home/Index/index.html
INFO: [ app_init ] --START--
INFO: Run Behavior\BuildLiteBehavior [ RunTime:0.000000s ]
INFO: [ app_init ] --END-- [ RunTime:0.000976s ]

[ 2018-07-19T17:46:15+08:00 ] 115.192.49.173 /company/index.php/Home/Index/index.html
INFO: [ app_init ] --START--
INFO: Run Behavior\BuildLiteBehavior [ RunTime:0.000000s ]
INFO: [ app_init ] --END-- [ RunTime:0.000977s ]

[ 2018-07-19T17:47:53+08:00 ] 115.192.49.173 /company/index.php/Home/Index/index.html
INFO: [ app_init ] --START--
INFO: Run Behavior\BuildLiteBehavior [ RunTime:0.000000s ]
INFO: [ app_init ] --END-- [ RunTime:0.000977s ]

[ 2018-07-19T17:49:05+08:00 ] 115.192.49.173 /company/index.php/Home/Index/index.html
INFO: [ app_init ] --START--
INFO: Run Behavior\BuildLiteBehavior [ RunTime:0.000000s ]
INFO: [ app_init ] --END-- [ RunTime:0.000977s ]

[ 2018-07-19T17:50:31+08:00 ] 115.192.49.173 /company/index.php/Home/Index/index.html
INFO: [ app_init ] --START--
INFO: Run Behavior\BuildLiteBehavior [ RunTime:0.000000s ]
INFO: [ app_init ] --END-- [ RunTime:0.000976s ]

[ 2018-07-19T17:51:24+08:00 ] 115.192.49.173 /company/index.php/Home/Index/index.html
INFO: [ app_init ] --START--
INFO: Run Behavior\BuildLiteBehavior [ RunTime:0.000000s ]
INFO: [ app_init ] --END-- [ RunTime:0.000977s ]

[ 2018-07-19T17:51:26+08:00 ] 115.192.49.173 /company/index.php/Home/Index/index.html
INFO: [ app_init ] --START--
INFO: Run Behavior\BuildLiteBehavior [ RunTime:0.000000s ]
INFO: [ app_init ] --END-- [ RunTime:0.000977s ]

[ 2018-07-19T17:53:20+08:00 ] 115.192.49.173 /company/index.php/Home/Index/index.html
INFO: [ app_init ] --START--
INFO: Run Behavior\BuildLiteBehavior [ RunTime:0.000000s ]
INFO: [ app_init ] --END-- [ RunTime:0.000977s ]

[ 2018-07-19T17:53:39+08:00 ] 115.192.49.173 /company/index.php/Home/Index/index.html
INFO: [ app_init ] --START--
INFO: Run Behavior\BuildLiteBehavior [ RunTime:0.000000s ]
INFO: [ app_init ] --END-- [ RunTime:0.000976s ]

[ 2018-07-19T17:54:43+08:00 ] 115.192.49.173 /company/index.php/Home/Index/index.html
INFO: [ app_init ] --START--
INFO: Run Behavior\BuildLiteBehavior [ RunTime:0.000000s ]
INFO: [ app_init ] --END-- [ RunTime:0.000977s ]

[ 2018-07-19T17:56:06+08:00 ] 115.192.49.173 /company/index.php/Home/Index/index.html
INFO: [ app_init ] --START--
INFO: Run Behavior\BuildLiteBehavior [ RunTime:0.000000s ]
INFO: [ app_init ] --END-- [ RunTime:0.000000s ]

[ 2018-07-19T17:59:33+08:00 ] 115.192.49.173 /company/index.php/Home/Index/index.html
INFO: [ app_init ] --START--
INFO: Run Behavior\BuildLiteBehavior [ RunTime:0.000000s ]
INFO: [ app_init ] --END-- [ RunTime:0.000977s ]

[ 2018-07-19T17:59:33+08:00 ] 115.192.49.173 /company/index.php/Home/public/welcome.html
INFO: [ app_init ] --START--
INFO: Run Behavior\BuildLiteBehavior [ RunTime:0.000000s ]
INFO: [ app_init ] --END-- [ RunTime:0.000976s ]

[ 2018-07-19T17:59:37+08:00 ] 115.192.49.173 /company/index.php/Home/auth/roleList.html
INFO: [ app_init ] --START--
INFO: Run Behavior\BuildLiteBehavior [ RunTime:0.000000s ]
INFO: [ app_init ] --END-- [ RunTime:0.000977s ]

[ 2018-07-19T17:59:38+08:00 ] 115.192.49.173 /company/index.php/Home/auth/roleList.html?page=1&limit=10
INFO: [ app_init ] --START--
INFO: Run Behavior\BuildLiteBehavior [ RunTime:0.000976s ]
INFO: [ app_init ] --END-- [ RunTime:0.000976s ]

[ 2018-07-19T17:59:41+08:00 ] 115.192.49.173 /company/index.php/Home/auth/roleList.html
INFO: [ app_init ] --START--
INFO: Run Behavior\BuildLiteBehavior [ RunTime:0.000000s ]
INFO: [ app_init ] --END-- [ RunTime:0.000977s ]

[ 2018-07-19T17:59:41+08:00 ] 115.192.49.173 /company/index.php/Home/auth/roleList.html?page=1&limit=10
INFO: [ app_init ] --START--
INFO: Run Behavior\BuildLiteBehavior [ RunTime:0.000000s ]
INFO: [ app_init ] --END-- [ RunTime:0.000000s ]

[ 2018-07-19T17:59:44+08:00 ] 115.192.49.173 /company/index.php/Home/auth/roleList.html?page=2&limit=10
INFO: [ app_init ] --START--
INFO: Run Behavior\BuildLiteBehavior [ RunTime:0.000000s ]
INFO: [ app_init ] --END-- [ RunTime:0.000976s ]

[ 2018-07-19T17:59:46+08:00 ] 115.192.49.173 /company/index.php/Home/auth/roleList.html?page=1&limit=10
INFO: [ app_init ] --START--
INFO: Run Behavior\BuildLiteBehavior [ RunTime:0.000000s ]
INFO: [ app_init ] --END-- [ RunTime:0.000000s ]

[ 2018-07-19T18:00:03+08:00 ] 115.192.49.173 /company/index.php/Home/auth/roleDelete.html
INFO: [ app_init ] --START--
INFO: Run Behavior\BuildLiteBehavior [ RunTime:0.000000s ]
INFO: [ app_init ] --END-- [ RunTime:0.000976s ]
ERR: 1048:Le champ 'operator' ne peut être vide (null)
 [ SQL语句 ] : INSERT INTO `t_all_vr_model_logs` (`url`,`operator`,`operate_time`,`ip`,`status`,`description`,`toid`) VALUES ('home/auth/roledelete',NULL,'2018-07-19 18:00:03','115.192.49.173','0','角色管理-删除','12')
ERR: 1048:Le champ 'operator' ne peut être vide (null)
 [ SQL语句 ] : INSERT INTO `t_all_vr_model_logs` (`url`,`operator`,`operate_time`,`ip`,`status`,`description`,`toid`) VALUES ('home/auth/roledelete',NULL,'2018-07-19 18:00:03','115.192.49.173','0','角色管理-删除','12')

[ 2018-07-19T18:02:33+08:00 ] 115.192.49.173 /company/index.php/Home/auth/roleList.html
INFO: [ app_init ] --START--
INFO: Run Behavior\BuildLiteBehavior [ RunTime:0.000000s ]
INFO: [ app_init ] --END-- [ RunTime:0.000976s ]

[ 2018-07-19T18:02:33+08:00 ] 115.192.49.173 /company/index.php/Home/auth/roleList.html?page=1&limit=10
INFO: [ app_init ] --START--
INFO: Run Behavior\BuildLiteBehavior [ RunTime:0.000000s ]
INFO: [ app_init ] --END-- [ RunTime:0.000000s ]

