[ 2018-07-07T13:51:38+08:00 ] 60.191.95.18 /layui/index.php/Home/Public/loginb.html
INFO: [ app_init ] --START--
INFO: Run Behavior\BuildLiteBehavior [ RunTime:0.000000s ]
INFO: [ app_init ] --END-- [ RunTime:0.000000s ]

[ 2018-07-07T13:51:38+08:00 ] 60.191.95.18 /layui/index.php/Home/Public/loginb.html
INFO: [ app_init ] --START--
INFO: Run Behavior\BuildLiteBehavior [ RunTime:0.000977s ]
INFO: [ app_init ] --END-- [ RunTime:0.000977s ]

[ 2018-07-07T13:51:42+08:00 ] 60.191.95.18 /layui/index.php/Home/Public/loginb.html
INFO: [ app_init ] --START--
INFO: Run Behavior\BuildLiteBehavior [ RunTime:0.000000s ]
INFO: [ app_init ] --END-- [ RunTime:0.000976s ]

[ 2018-07-07T13:52:02+08:00 ] 60.191.95.18 /layui/index.php/Home/Public/loginb.html
INFO: [ app_init ] --START--
INFO: Run Behavior\BuildLiteBehavior [ RunTime:0.000000s ]
INFO: [ app_init ] --END-- [ RunTime:0.000977s ]

[ 2018-07-07T13:52:05+08:00 ] 60.191.95.18 /layui/index.php/Home/Public/loginb.html
INFO: [ app_init ] --START--
INFO: Run Behavior\BuildLiteBehavior [ RunTime:0.000000s ]
INFO: [ app_init ] --END-- [ RunTime:0.000976s ]

[ 2018-07-07T13:52:12+08:00 ] 60.191.95.18 /layui/index.php/Home/Public/loginb.html
INFO: [ app_init ] --START--
INFO: Run Behavior\BuildLiteBehavior [ RunTime:0.000000s ]
INFO: [ app_init ] --END-- [ RunTime:0.000977s ]

[ 2018-07-07T13:52:38+08:00 ] 101.227.143.141 /layui/index.php/home/public/loginb.html
INFO: [ app_init ] --START--
INFO: Run Behavior\BuildLiteBehavior [ RunTime:0.000000s ]
INFO: [ app_init ] --END-- [ RunTime:0.000000s ]

[ 2018-07-07T13:52:38+08:00 ] 101.227.143.141 /layui/index.php/home/public/
INFO: [ app_init ] --START--
INFO: Run Behavior\BuildLiteBehavior [ RunTime:0.000000s ]
INFO: [ app_init ] --END-- [ RunTime:0.000977s ]
ERR: 非法操作:index

[ 2018-07-07T13:53:38+08:00 ] 60.191.95.18 /layui/index.php/Home/Public/loginb.html
INFO: [ app_init ] --START--
INFO: Run Behavior\BuildLiteBehavior [ RunTime:0.000000s ]
INFO: [ app_init ] --END-- [ RunTime:0.000976s ]

[ 2018-07-07T13:53:38+08:00 ] 60.191.95.18 /layui/index.php/Home/Index/index.html
INFO: [ app_init ] --START--
INFO: Run Behavior\BuildLiteBehavior [ RunTime:0.000000s ]
INFO: [ app_init ] --END-- [ RunTime:0.000976s ]

[ 2018-07-07T13:53:38+08:00 ] 60.191.95.18 /layui/index.php/Home/index/vrList.html
INFO: [ app_init ] --START--
INFO: Run Behavior\BuildLiteBehavior [ RunTime:0.000977s ]
INFO: [ app_init ] --END-- [ RunTime:0.000977s ]

[ 2018-07-07T14:36:37+08:00 ] 60.191.95.18 /layui/index.php/Home/Index/index.html
INFO: [ app_init ] --START--
INFO: Run Behavior\BuildLiteBehavior [ RunTime:0.000000s ]
INFO: [ app_init ] --END-- [ RunTime:0.000977s ]

[ 2018-07-07T14:36:38+08:00 ] 60.191.95.18 /layui/index.php/Home/index/vrList.html
INFO: [ app_init ] --START--
INFO: Run Behavior\BuildLiteBehavior [ RunTime:0.000000s ]
INFO: [ app_init ] --END-- [ RunTime:0.000977s ]

[ 2018-07-07T14:38:28+08:00 ] 60.191.95.18 /layui/index.php/Home/Index/index.html
INFO: [ app_init ] --START--
INFO: Run Behavior\BuildLiteBehavior [ RunTime:0.000000s ]
INFO: [ app_init ] --END-- [ RunTime:0.000977s ]

[ 2018-07-07T14:38:28+08:00 ] 60.191.95.18 /layui/index.php/Home/index/vrList.html
INFO: [ app_init ] --START--
INFO: Run Behavior\BuildLiteBehavior [ RunTime:0.000000s ]
INFO: [ app_init ] --END-- [ RunTime:0.000977s ]

[ 2018-07-07T14:40:15+08:00 ] 183.3.239.158 /layui/index.php/Home/Index/index.html
INFO: [ app_init ] --START--
INFO: Run Behavior\BuildLiteBehavior [ RunTime:0.000000s ]
INFO: [ app_init ] --END-- [ RunTime:0.002930s ]

[ 2018-07-07T14:40:51+08:00 ] 60.176.84.27 /layui/index.php/Home/Public/loginb.html
INFO: [ app_init ] --START--
INFO: Run Behavior\BuildLiteBehavior [ RunTime:0.000000s ]
INFO: [ app_init ] --END-- [ RunTime:0.000976s ]

[ 2018-07-07T14:40:55+08:00 ] 60.176.84.27 /layui/index.php/Home/Public/loginb.html
INFO: [ app_init ] --START--
INFO: Run Behavior\BuildLiteBehavior [ RunTime:0.000000s ]
INFO: [ app_init ] --END-- [ RunTime:0.000976s ]

[ 2018-07-07T14:40:55+08:00 ] 60.176.84.27 /layui/index.php/Home/Index/index.html
INFO: [ app_init ] --START--
INFO: Run Behavior\BuildLiteBehavior [ RunTime:0.000000s ]
INFO: [ app_init ] --END-- [ RunTime:0.000000s ]

[ 2018-07-07T14:40:55+08:00 ] 60.176.84.27 /layui/index.php/Home/index/vrList.html
INFO: [ app_init ] --START--
INFO: Run Behavior\BuildLiteBehavior [ RunTime:0.000000s ]
INFO: [ app_init ] --END-- [ RunTime:0.000977s ]

[ 2018-07-07T14:42:01+08:00 ] 60.176.84.27 /layui/index.php/Home/Index/vrList.html?page=2&limit=10&company_id=&typeid=&typesid=&space=&style=&color=&vendor=&designer=&order=&pricemin=&pricemax=
INFO: [ app_init ] --START--
INFO: Run Behavior\BuildLiteBehavior [ RunTime:0.000000s ]
INFO: [ app_init ] --END-- [ RunTime:0.000000s ]

[ 2018-07-07T14:42:04+08:00 ] 60.176.84.27 /layui/index.php/Home/Index/vrList.html?page=3&limit=10&company_id=&typeid=&typesid=&space=&style=&color=&vendor=&designer=&order=&pricemin=&pricemax=
INFO: [ app_init ] --START--
INFO: Run Behavior\BuildLiteBehavior [ RunTime:0.000000s ]
INFO: [ app_init ] --END-- [ RunTime:0.000976s ]

[ 2018-07-07T14:42:07+08:00 ] 60.176.84.27 /layui/index.php/Home/Index/vrList.html?page=1&limit=10&company_id=&typeid=&typesid=&space=&style=&color=&vendor=&designer=&order=&pricemin=&pricemax=
INFO: [ app_init ] --START--
INFO: Run Behavior\BuildLiteBehavior [ RunTime:0.000000s ]
INFO: [ app_init ] --END-- [ RunTime:0.000977s ]

[ 2018-07-07T14:43:05+08:00 ] 60.176.84.27 /layui/index.php/Home/Index/index.html
INFO: [ app_init ] --START--
INFO: Run Behavior\BuildLiteBehavior [ RunTime:0.000000s ]
INFO: [ app_init ] --END-- [ RunTime:0.000976s ]

[ 2018-07-07T14:43:05+08:00 ] 60.176.84.27 /layui/index.php/Home/index/vrList.html
INFO: [ app_init ] --START--
INFO: Run Behavior\BuildLiteBehavior [ RunTime:0.000000s ]
INFO: [ app_init ] --END-- [ RunTime:0.000976s ]

[ 2018-07-07T14:47:48+08:00 ] 60.176.84.27 /layui/index.php/Home/index/vrList.html
INFO: [ app_init ] --START--
INFO: Run Behavior\BuildLiteBehavior [ RunTime:0.000000s ]
INFO: [ app_init ] --END-- [ RunTime:0.000977s ]

[ 2018-07-07T14:47:49+08:00 ] 60.176.84.27 /layui/index.php/Home/index/vrList.html
INFO: [ app_init ] --START--
INFO: Run Behavior\BuildLiteBehavior [ RunTime:0.000000s ]
INFO: [ app_init ] --END-- [ RunTime:0.000977s ]

[ 2018-07-07T14:47:51+08:00 ] 60.176.84.27 /layui/index.php/Home/index/vrList.html
INFO: [ app_init ] --START--
INFO: Run Behavior\BuildLiteBehavior [ RunTime:0.000000s ]
INFO: [ app_init ] --END-- [ RunTime:0.000000s ]

[ 2018-07-07T14:47:55+08:00 ] 60.176.84.27 /layui/index.php/Home/index/vrList.html
INFO: [ app_init ] --START--
INFO: Run Behavior\BuildLiteBehavior [ RunTime:0.000977s ]
INFO: [ app_init ] --END-- [ RunTime:0.000977s ]

[ 2018-07-07T14:48:27+08:00 ] 60.176.84.27 /layui/index.php/Home/index/vrList.html
INFO: [ app_init ] --START--
INFO: Run Behavior\BuildLiteBehavior [ RunTime:0.000000s ]
INFO: [ app_init ] --END-- [ RunTime:0.000977s ]

[ 2018-07-07T14:48:35+08:00 ] 60.176.84.27 /layui/index.php/Home/index/vrList.html
INFO: [ app_init ] --START--
INFO: Run Behavior\BuildLiteBehavior [ RunTime:0.000000s ]
INFO: [ app_init ] --END-- [ RunTime:0.000977s ]

[ 2018-07-07T14:48:36+08:00 ] 60.176.84.27 /layui/index.php/Home/index/vrList.html
INFO: [ app_init ] --START--
INFO: Run Behavior\BuildLiteBehavior [ RunTime:0.000000s ]
INFO: [ app_init ] --END-- [ RunTime:0.000976s ]

[ 2018-07-07T14:49:20+08:00 ] 60.176.84.27 /layui/index.php/Home/index/vrList.html
INFO: [ app_init ] --START--
INFO: Run Behavior\BuildLiteBehavior [ RunTime:0.000000s ]
INFO: [ app_init ] --END-- [ RunTime:0.000000s ]

[ 2018-07-07T14:49:28+08:00 ] 60.176.84.27 /layui/index.php/Home/index/vrList.html
INFO: [ app_init ] --START--
INFO: Run Behavior\BuildLiteBehavior [ RunTime:0.000000s ]
INFO: [ app_init ] --END-- [ RunTime:0.000977s ]

[ 2018-07-07T14:49:31+08:00 ] 60.176.84.27 /layui/index.php/Home/index/vrList.html
INFO: [ app_init ] --START--
INFO: Run Behavior\BuildLiteBehavior [ RunTime:0.000977s ]
INFO: [ app_init ] --END-- [ RunTime:0.000977s ]

[ 2018-07-07T14:49:43+08:00 ] 60.176.84.27 /layui/index.php/Home/index/vrList.html
INFO: [ app_init ] --START--
INFO: Run Behavior\BuildLiteBehavior [ RunTime:0.000000s ]
INFO: [ app_init ] --END-- [ RunTime:0.000000s ]

[ 2018-07-07T14:50:55+08:00 ] 60.176.84.27 /layui/index.php/Home/index/vrList.html
INFO: [ app_init ] --START--
INFO: Run Behavior\BuildLiteBehavior [ RunTime:0.000000s ]
INFO: [ app_init ] --END-- [ RunTime:0.000977s ]

[ 2018-07-07T14:51:23+08:00 ] 60.176.84.27 /layui/index.php/Home/index/vrList.html
INFO: [ app_init ] --START--
INFO: Run Behavior\BuildLiteBehavior [ RunTime:0.000000s ]
INFO: [ app_init ] --END-- [ RunTime:0.000977s ]

[ 2018-07-07T14:51:24+08:00 ] 60.176.84.27 /layui/index.php/Home/index/vrList.html
INFO: [ app_init ] --START--
INFO: Run Behavior\BuildLiteBehavior [ RunTime:0.000000s ]
INFO: [ app_init ] --END-- [ RunTime:0.000977s ]

[ 2018-07-07T14:53:06+08:00 ] 60.176.84.27 /layui/index.php/Home/index/vrList.html
INFO: [ app_init ] --START--
INFO: Run Behavior\BuildLiteBehavior [ RunTime:0.000000s ]
INFO: [ app_init ] --END-- [ RunTime:0.000976s ]

[ 2018-07-07T14:54:43+08:00 ] 60.176.84.27 /layui/index.php/Home/index/vrList.html
INFO: [ app_init ] --START--
INFO: Run Behavior\BuildLiteBehavior [ RunTime:0.000000s ]
INFO: [ app_init ] --END-- [ RunTime:0.000000s ]

[ 2018-07-07T14:55:09+08:00 ] 60.176.84.27 /layui/index.php/Home/index/vrList.html
INFO: [ app_init ] --START--
INFO: Run Behavior\BuildLiteBehavior [ RunTime:0.000000s ]
INFO: [ app_init ] --END-- [ RunTime:0.000976s ]

[ 2018-07-07T14:56:15+08:00 ] 60.176.84.27 /layui/index.php/Home/index/vrList.html
INFO: [ app_init ] --START--
INFO: Run Behavior\BuildLiteBehavior [ RunTime:0.000000s ]
INFO: [ app_init ] --END-- [ RunTime:0.000977s ]

[ 2018-07-07T14:56:17+08:00 ] 60.176.84.27 /layui/index.php/Home/index/vrList.html
INFO: [ app_init ] --START--
INFO: Run Behavior\BuildLiteBehavior [ RunTime:0.000000s ]
INFO: [ app_init ] --END-- [ RunTime:0.000976s ]

[ 2018-07-07T14:56:33+08:00 ] 60.176.84.27 /layui/index.php/Home/Index/index.html
INFO: [ app_init ] --START--
INFO: Run Behavior\BuildLiteBehavior [ RunTime:0.000000s ]
INFO: [ app_init ] --END-- [ RunTime:0.000976s ]

[ 2018-07-07T14:56:34+08:00 ] 60.176.84.27 /layui/index.php/Home/index/vrList.html
INFO: [ app_init ] --START--
INFO: Run Behavior\BuildLiteBehavior [ RunTime:0.000000s ]
INFO: [ app_init ] --END-- [ RunTime:0.000976s ]

[ 2018-07-07T14:57:50+08:00 ] 60.176.84.27 /layui/index.php/Home/index/vrList.html
INFO: [ app_init ] --START--
INFO: Run Behavior\BuildLiteBehavior [ RunTime:0.000000s ]
INFO: [ app_init ] --END-- [ RunTime:0.000976s ]

[ 2018-07-07T15:00:09+08:00 ] 60.176.84.27 /layui/index.php/Home/Index/index.html
INFO: [ app_init ] --START--
INFO: Run Behavior\BuildLiteBehavior [ RunTime:0.000000s ]
INFO: [ app_init ] --END-- [ RunTime:0.000977s ]

[ 2018-07-07T15:00:10+08:00 ] 60.176.84.27 /layui/index.php/Home/index/vrList.html
INFO: [ app_init ] --START--
INFO: Run Behavior\BuildLiteBehavior [ RunTime:0.000000s ]
INFO: [ app_init ] --END-- [ RunTime:0.000977s ]

[ 2018-07-07T15:00:39+08:00 ] 60.176.84.27 /layui/index.php/Home/Index/index.html
INFO: [ app_init ] --START--
INFO: Run Behavior\BuildLiteBehavior [ RunTime:0.000000s ]
INFO: [ app_init ] --END-- [ RunTime:0.000976s ]

[ 2018-07-07T15:00:40+08:00 ] 60.176.84.27 /layui/index.php/Home/index/vrList.html
INFO: [ app_init ] --START--
INFO: Run Behavior\BuildLiteBehavior [ RunTime:0.000000s ]
INFO: [ app_init ] --END-- [ RunTime:0.000000s ]

[ 2018-07-07T15:00:46+08:00 ] 60.176.84.27 /layui/index.php/Home/index/vrList.html
INFO: [ app_init ] --START--
INFO: Run Behavior\BuildLiteBehavior [ RunTime:0.000000s ]
INFO: [ app_init ] --END-- [ RunTime:0.000976s ]

[ 2018-07-07T15:01:42+08:00 ] 60.176.84.27 /layui/index.php/Home/index/vrList.html
INFO: [ app_init ] --START--
INFO: Run Behavior\BuildLiteBehavior [ RunTime:0.000977s ]
INFO: [ app_init ] --END-- [ RunTime:0.000977s ]

[ 2018-07-07T15:02:59+08:00 ] 60.176.84.27 /layui/index.php/Home/index/vrList.html
INFO: [ app_init ] --START--
INFO: Run Behavior\BuildLiteBehavior [ RunTime:0.000000s ]
INFO: [ app_init ] --END-- [ RunTime:0.000977s ]

[ 2018-07-07T15:03:28+08:00 ] 60.176.84.27 /layui/index.php/Home/index/vrList.html
INFO: [ app_init ] --START--
INFO: Run Behavior\BuildLiteBehavior [ RunTime:0.000000s ]
INFO: [ app_init ] --END-- [ RunTime:0.000976s ]

[ 2018-07-07T15:04:24+08:00 ] 60.176.84.27 /layui/index.php/Home/index/vrList.html
INFO: [ app_init ] --START--
INFO: Run Behavior\BuildLiteBehavior [ RunTime:0.000000s ]
INFO: [ app_init ] --END-- [ RunTime:0.000977s ]

[ 2018-07-07T15:05:40+08:00 ] 60.176.84.27 /layui/index.php/Home/index/vrList.html
INFO: [ app_init ] --START--
INFO: Run Behavior\BuildLiteBehavior [ RunTime:0.000000s ]
INFO: [ app_init ] --END-- [ RunTime:0.000977s ]

[ 2018-07-07T15:05:41+08:00 ] 60.176.84.27 /layui/index.php/Home/index/vrList.html
INFO: [ app_init ] --START--
INFO: Run Behavior\BuildLiteBehavior [ RunTime:0.000000s ]
INFO: [ app_init ] --END-- [ RunTime:0.000976s ]

[ 2018-07-07T15:05:42+08:00 ] 60.176.84.27 /layui/index.php/Home/index/vrList.html
INFO: [ app_init ] --START--
INFO: Run Behavior\BuildLiteBehavior [ RunTime:0.000000s ]
INFO: [ app_init ] --END-- [ RunTime:0.000977s ]

[ 2018-07-07T15:05:45+08:00 ] 60.176.84.27 /layui/index.php/Home/index/vrList.html
INFO: [ app_init ] --START--
INFO: Run Behavior\BuildLiteBehavior [ RunTime:0.000000s ]
INFO: [ app_init ] --END-- [ RunTime:0.000976s ]

[ 2018-07-07T15:06:23+08:00 ] 60.176.84.27 /layui/index.php/Home/index/vrList.html
INFO: [ app_init ] --START--
INFO: Run Behavior\BuildLiteBehavior [ RunTime:0.000000s ]
INFO: [ app_init ] --END-- [ RunTime:0.000977s ]

[ 2018-07-07T15:07:06+08:00 ] 60.176.84.27 /layui/index.php/Home/Index/index.html
INFO: [ app_init ] --START--
INFO: Run Behavior\BuildLiteBehavior [ RunTime:0.000000s ]
INFO: [ app_init ] --END-- [ RunTime:0.000976s ]

[ 2018-07-07T15:07:06+08:00 ] 60.176.84.27 /layui/index.php/Home/index/vrList.html
INFO: [ app_init ] --START--
INFO: Run Behavior\BuildLiteBehavior [ RunTime:0.000000s ]
INFO: [ app_init ] --END-- [ RunTime:0.000977s ]

[ 2018-07-07T15:08:48+08:00 ] 60.176.84.27 /layui/index.php/Home/index/vrList.html
INFO: [ app_init ] --START--
INFO: Run Behavior\BuildLiteBehavior [ RunTime:0.000000s ]
INFO: [ app_init ] --END-- [ RunTime:0.000000s ]

[ 2018-07-07T15:30:50+08:00 ] 60.191.95.18 /layui/index.php/Home/Index/index.html
INFO: [ app_init ] --START--
INFO: Run Behavior\BuildLiteBehavior [ RunTime:0.000977s ]
INFO: [ app_init ] --END-- [ RunTime:0.000977s ]

[ 2018-07-07T15:30:50+08:00 ] 60.191.95.18 /layui/index.php/Home/index/vrList.html
INFO: [ app_init ] --START--
INFO: Run Behavior\BuildLiteBehavior [ RunTime:0.000000s ]
INFO: [ app_init ] --END-- [ RunTime:0.000977s ]

