[ 2018-05-16T09:01:21+08:00 ] 122.235.233.252 /layui/index.php/Home/Index/index.html
INFO: [ app_init ] --START--
INFO: Run Behavior\BuildLiteBehavior [ RunTime:0.000000s ]
INFO: [ app_init ] --END-- [ RunTime:0.000000s ]

[ 2018-05-16T09:01:25+08:00 ] 122.235.233.252 /layui/index.php/Home/Public/loginb.html
INFO: [ app_init ] --START--
INFO: Run Behavior\BuildLiteBehavior [ RunTime:0.000000s ]
INFO: [ app_init ] --END-- [ RunTime:0.000000s ]

[ 2018-05-16T09:01:33+08:00 ] 122.235.233.252 /layui/index.php/Home/Public/loginb.html
INFO: [ app_init ] --START--
INFO: Run Behavior\BuildLiteBehavior [ RunTime:0.000000s ]
INFO: [ app_init ] --END-- [ RunTime:0.000000s ]

[ 2018-05-16T09:01:33+08:00 ] 122.235.233.252 /layui/index.php/Home/Index/index.html
INFO: [ app_init ] --START--
INFO: Run Behavior\BuildLiteBehavior [ RunTime:0.000000s ]
INFO: [ app_init ] --END-- [ RunTime:0.000000s ]

[ 2018-05-16T09:01:33+08:00 ] 122.235.233.252 /layui/index.php/Home/Public/welcome.html
INFO: [ app_init ] --START--
INFO: Run Behavior\BuildLiteBehavior [ RunTime:0.000000s ]
INFO: [ app_init ] --END-- [ RunTime:0.000000s ]

[ 2018-05-16T09:03:35+08:00 ] 122.235.233.252 /layui/index.php/Home/index/vrList.html
INFO: [ app_init ] --START--
INFO: Run Behavior\BuildLiteBehavior [ RunTime:0.000000s ]
INFO: [ app_init ] --END-- [ RunTime:0.000000s ]

[ 2018-05-16T09:03:35+08:00 ] 122.235.233.252 /layui/index.php/Home/index/vrList.html?page=1&limit=10
INFO: [ app_init ] --START--
INFO: Run Behavior\BuildLiteBehavior [ RunTime:0.000000s ]
INFO: [ app_init ] --END-- [ RunTime:0.000000s ]

[ 2018-05-16T09:48:13+08:00 ] 122.235.233.252 /layui/index.php/Home/Index/index.html
INFO: [ app_init ] --START--
INFO: Run Behavior\BuildLiteBehavior [ RunTime:0.000000s ]
INFO: [ app_init ] --END-- [ RunTime:0.000000s ]

[ 2018-05-16T09:48:16+08:00 ] 122.235.233.252 /layui/index.php/Home/Public/loginb.html
INFO: [ app_init ] --START--
INFO: Run Behavior\BuildLiteBehavior [ RunTime:0.000000s ]
INFO: [ app_init ] --END-- [ RunTime:0.000000s ]

[ 2018-05-16T09:48:24+08:00 ] 122.235.233.252 /layui/index.php/Home/Public/loginb.html
INFO: [ app_init ] --START--
INFO: Run Behavior\BuildLiteBehavior [ RunTime:0.000000s ]
INFO: [ app_init ] --END-- [ RunTime:0.000000s ]

[ 2018-05-16T09:48:24+08:00 ] 122.235.233.252 /layui/index.php/Home/Index/index.html
INFO: [ app_init ] --START--
INFO: Run Behavior\BuildLiteBehavior [ RunTime:0.000000s ]
INFO: [ app_init ] --END-- [ RunTime:0.000000s ]

[ 2018-05-16T09:48:24+08:00 ] 122.235.233.252 /layui/index.php/Home/Public/welcome.html
INFO: [ app_init ] --START--
INFO: Run Behavior\BuildLiteBehavior [ RunTime:0.000000s ]
INFO: [ app_init ] --END-- [ RunTime:0.000000s ]

[ 2018-05-16T09:48:53+08:00 ] 122.235.233.252 /layui/index.php/Home/index/vrList.html
INFO: [ app_init ] --START--
INFO: Run Behavior\BuildLiteBehavior [ RunTime:0.000000s ]
INFO: [ app_init ] --END-- [ RunTime:0.000000s ]

[ 2018-05-16T09:48:54+08:00 ] 122.235.233.252 /layui/index.php/Home/index/vrList.html?page=1&limit=10
INFO: [ app_init ] --START--
INFO: Run Behavior\BuildLiteBehavior [ RunTime:0.000000s ]
INFO: [ app_init ] --END-- [ RunTime:0.000000s ]

[ 2018-05-16T13:55:26+08:00 ] 122.235.233.252 /layui/index.php/Home/Index/index.html
INFO: [ app_init ] --START--
INFO: Run Behavior\BuildLiteBehavior [ RunTime:0.000000s ]
INFO: [ app_init ] --END-- [ RunTime:0.000977s ]
ERR: 1146:La table 'bl123.t_all_vr_model_authgroup_access' n'existe pas
 [ SQL语句 ] : SHOW COLUMNS FROM `t_all_vr_model_authGroup_access`

[ 2018-05-16T13:55:28+08:00 ] 122.235.233.252 /layui/index.php/Home/Index/index.html
INFO: [ app_init ] --START--
INFO: Run Behavior\BuildLiteBehavior [ RunTime:0.000000s ]
INFO: [ app_init ] --END-- [ RunTime:0.000976s ]
ERR: 1146:La table 'bl123.t_all_vr_model_authgroup_access' n'existe pas
 [ SQL语句 ] : SHOW COLUMNS FROM `t_all_vr_model_authGroup_access`

[ 2018-05-16T13:56:03+08:00 ] 122.235.233.252 /layui/index.php/Home/Index/index.html
INFO: [ app_init ] --START--
INFO: Run Behavior\BuildLiteBehavior [ RunTime:0.000000s ]
INFO: [ app_init ] --END-- [ RunTime:0.000000s ]
ERR: 1146:La table 'bl123.t_all_vr_model_authgroup_access' n'existe pas
 [ SQL语句 ] : SHOW COLUMNS FROM `t_all_vr_model_authGroup_access`

[ 2018-05-16T14:01:42+08:00 ] 122.235.233.252 /layui/index.php/Home/Index/index.html
INFO: [ app_init ] --START--
INFO: Run Behavior\BuildLiteBehavior [ RunTime:0.000000s ]
INFO: [ app_init ] --END-- [ RunTime:0.000977s ]
ERR: 1146:La table 'bl123.t_all_vr_model_authgroup_access' n'existe pas
 [ SQL语句 ] : SHOW COLUMNS FROM `t_all_vr_model_authGroup_access`

[ 2018-05-16T14:01:42+08:00 ] 122.235.233.252 /layui/index.php/Home/Index/index.html
INFO: [ app_init ] --START--
INFO: Run Behavior\BuildLiteBehavior [ RunTime:0.000000s ]
INFO: [ app_init ] --END-- [ RunTime:0.000000s ]
ERR: 1146:La table 'bl123.t_all_vr_model_authgroup_access' n'existe pas
 [ SQL语句 ] : SHOW COLUMNS FROM `t_all_vr_model_authGroup_access`

[ 2018-05-16T14:01:43+08:00 ] 122.235.233.252 /layui/index.php/Home/Index/index.html
INFO: [ app_init ] --START--
INFO: Run Behavior\BuildLiteBehavior [ RunTime:0.000000s ]
INFO: [ app_init ] --END-- [ RunTime:0.000976s ]
ERR: 1146:La table 'bl123.t_all_vr_model_authgroup_access' n'existe pas
 [ SQL语句 ] : SHOW COLUMNS FROM `t_all_vr_model_authGroup_access`

[ 2018-05-16T14:01:43+08:00 ] 122.235.233.252 /layui/index.php/Home/Index/index.html
INFO: [ app_init ] --START--
INFO: Run Behavior\BuildLiteBehavior [ RunTime:0.000000s ]
INFO: [ app_init ] --END-- [ RunTime:0.000000s ]
ERR: 1146:La table 'bl123.t_all_vr_model_authgroup_access' n'existe pas
 [ SQL语句 ] : SHOW COLUMNS FROM `t_all_vr_model_authGroup_access`

[ 2018-05-16T14:01:43+08:00 ] 122.235.233.252 /layui/index.php/Home/Index/index.html
INFO: [ app_init ] --START--
INFO: Run Behavior\BuildLiteBehavior [ RunTime:0.000976s ]
INFO: [ app_init ] --END-- [ RunTime:0.000976s ]
ERR: 1146:La table 'bl123.t_all_vr_model_authgroup_access' n'existe pas
 [ SQL语句 ] : SHOW COLUMNS FROM `t_all_vr_model_authGroup_access`

[ 2018-05-16T14:01:44+08:00 ] 122.235.233.252 /layui/index.php/Home/Index/index.html
INFO: [ app_init ] --START--
INFO: Run Behavior\BuildLiteBehavior [ RunTime:0.000000s ]
INFO: [ app_init ] --END-- [ RunTime:0.000976s ]
ERR: 1146:La table 'bl123.t_all_vr_model_authgroup_access' n'existe pas
 [ SQL语句 ] : SHOW COLUMNS FROM `t_all_vr_model_authGroup_access`

[ 2018-05-16T14:01:44+08:00 ] 122.235.233.252 /layui/index.php/Home/Index/index.html
INFO: [ app_init ] --START--
INFO: Run Behavior\BuildLiteBehavior [ RunTime:0.000000s ]
INFO: [ app_init ] --END-- [ RunTime:0.000000s ]
ERR: 1146:La table 'bl123.t_all_vr_model_authgroup_access' n'existe pas
 [ SQL语句 ] : SHOW COLUMNS FROM `t_all_vr_model_authGroup_access`

[ 2018-05-16T14:01:44+08:00 ] 122.235.233.252 /layui/index.php/Home/Index/index.html
INFO: [ app_init ] --START--
INFO: Run Behavior\BuildLiteBehavior [ RunTime:0.000000s ]
INFO: [ app_init ] --END-- [ RunTime:0.000000s ]
ERR: 1146:La table 'bl123.t_all_vr_model_authgroup_access' n'existe pas
 [ SQL语句 ] : SHOW COLUMNS FROM `t_all_vr_model_authGroup_access`

[ 2018-05-16T14:01:44+08:00 ] 122.235.233.252 /layui/index.php/Home/Index/index.html
INFO: [ app_init ] --START--
INFO: Run Behavior\BuildLiteBehavior [ RunTime:0.000000s ]
INFO: [ app_init ] --END-- [ RunTime:0.000977s ]
ERR: 1146:La table 'bl123.t_all_vr_model_authgroup_access' n'existe pas
 [ SQL语句 ] : SHOW COLUMNS FROM `t_all_vr_model_authGroup_access`

[ 2018-05-16T14:02:02+08:00 ] 122.235.233.252 /layui/index.php
INFO: [ app_init ] --START--
INFO: Run Behavior\BuildLiteBehavior [ RunTime:0.000000s ]
INFO: [ app_init ] --END-- [ RunTime:0.000976s ]
ERR: 1146:La table 'bl123.t_all_vr_model_authgroup_access' n'existe pas
 [ SQL语句 ] : SHOW COLUMNS FROM `t_all_vr_model_authGroup_access`

[ 2018-05-16T14:02:23+08:00 ] 122.235.233.252 /layui/
INFO: [ app_init ] --START--
INFO: Run Behavior\BuildLiteBehavior [ RunTime:0.000000s ]
INFO: [ app_init ] --END-- [ RunTime:0.000000s ]

[ 2018-05-16T14:02:26+08:00 ] 122.235.233.252 /layui/index.php/Home/Public/loginb.html
INFO: [ app_init ] --START--
INFO: Run Behavior\BuildLiteBehavior [ RunTime:0.000000s ]
INFO: [ app_init ] --END-- [ RunTime:0.000000s ]

[ 2018-05-16T14:02:31+08:00 ] 122.235.233.252 /layui/index.php/Home/Public/loginb.html
INFO: [ app_init ] --START--
INFO: Run Behavior\BuildLiteBehavior [ RunTime:0.000000s ]
INFO: [ app_init ] --END-- [ RunTime:0.000977s ]

[ 2018-05-16T14:02:31+08:00 ] 122.235.233.252 /layui/index.php/Home/Index/index.html
INFO: [ app_init ] --START--
INFO: Run Behavior\BuildLiteBehavior [ RunTime:0.000000s ]
INFO: [ app_init ] --END-- [ RunTime:0.000000s ]
ERR: 1146:La table 'bl123.t_all_vr_model_authgroup_access' n'existe pas
 [ SQL语句 ] : SHOW COLUMNS FROM `t_all_vr_model_authGroup_access`

[ 2018-05-16T14:03:36+08:00 ] 122.235.233.252 /layui/index.php/Home/Index/index.html
INFO: [ app_init ] --START--
INFO: Run Behavior\BuildLiteBehavior [ RunTime:0.000000s ]
INFO: [ app_init ] --END-- [ RunTime:0.000977s ]
ERR: 1146:La table 'bl123.t_all_vr_model_authgroup_access' n'existe pas
 [ SQL语句 ] : SHOW COLUMNS FROM `t_all_vr_model_authGroup_access`

[ 2018-05-16T14:03:37+08:00 ] 122.235.233.252 /layui/index.php/Home/Index/index.html
INFO: [ app_init ] --START--
INFO: Run Behavior\BuildLiteBehavior [ RunTime:0.000000s ]
INFO: [ app_init ] --END-- [ RunTime:0.000000s ]
ERR: 1146:La table 'bl123.t_all_vr_model_authgroup_access' n'existe pas
 [ SQL语句 ] : SHOW COLUMNS FROM `t_all_vr_model_authGroup_access`

[ 2018-05-16T14:03:37+08:00 ] 122.235.233.252 /layui/index.php/Home/Index/index.html
INFO: [ app_init ] --START--
INFO: Run Behavior\BuildLiteBehavior [ RunTime:0.000000s ]
INFO: [ app_init ] --END-- [ RunTime:0.000977s ]
ERR: 1146:La table 'bl123.t_all_vr_model_authgroup_access' n'existe pas
 [ SQL语句 ] : SHOW COLUMNS FROM `t_all_vr_model_authGroup_access`

[ 2018-05-16T14:03:38+08:00 ] 122.235.233.252 /layui/index.php/Home/Index/index.html
INFO: [ app_init ] --START--
INFO: Run Behavior\BuildLiteBehavior [ RunTime:0.000000s ]
INFO: [ app_init ] --END-- [ RunTime:0.000976s ]
ERR: 1146:La table 'bl123.t_all_vr_model_authgroup_access' n'existe pas
 [ SQL语句 ] : SHOW COLUMNS FROM `t_all_vr_model_authGroup_access`

[ 2018-05-16T14:03:38+08:00 ] 122.235.233.252 /layui/index.php/Home/Index/index.html
INFO: [ app_init ] --START--
INFO: Run Behavior\BuildLiteBehavior [ RunTime:0.000000s ]
INFO: [ app_init ] --END-- [ RunTime:0.000000s ]
ERR: 1146:La table 'bl123.t_all_vr_model_authgroup_access' n'existe pas
 [ SQL语句 ] : SHOW COLUMNS FROM `t_all_vr_model_authGroup_access`

[ 2018-05-16T14:03:38+08:00 ] 122.235.233.252 /layui/index.php/Home/Index/index.html
INFO: [ app_init ] --START--
INFO: Run Behavior\BuildLiteBehavior [ RunTime:0.000000s ]
INFO: [ app_init ] --END-- [ RunTime:0.000000s ]
ERR: 1146:La table 'bl123.t_all_vr_model_authgroup_access' n'existe pas
 [ SQL语句 ] : SHOW COLUMNS FROM `t_all_vr_model_authGroup_access`

[ 2018-05-16T14:12:42+08:00 ] 122.235.233.252 /layui/index.php/Home/Index/index.html
INFO: [ app_init ] --START--
INFO: Run Behavior\BuildLiteBehavior [ RunTime:0.000000s ]
INFO: [ app_init ] --END-- [ RunTime:0.000000s ]

[ 2018-05-16T14:12:44+08:00 ] 122.235.233.252 /layui/index.php/Home/Index/index.html
INFO: [ app_init ] --START--
INFO: Run Behavior\BuildLiteBehavior [ RunTime:0.000000s ]
INFO: [ app_init ] --END-- [ RunTime:0.000977s ]

[ 2018-05-16T14:13:11+08:00 ] 122.235.233.252 /layui/index.php/Home/Index/index.html
INFO: [ app_init ] --START--
INFO: Run Behavior\BuildLiteBehavior [ RunTime:0.000000s ]
INFO: [ app_init ] --END-- [ RunTime:0.000000s ]

[ 2018-05-16T14:13:11+08:00 ] 122.235.233.252 /layui/index.php/Home/Public/welcome.html
INFO: [ app_init ] --START--
INFO: Run Behavior\BuildLiteBehavior [ RunTime:0.000000s ]
INFO: [ app_init ] --END-- [ RunTime:0.000976s ]

[ 2018-05-16T14:13:13+08:00 ] 122.235.233.252 /layui/index.php/Home/index/vrList.html
INFO: [ app_init ] --START--
INFO: Run Behavior\BuildLiteBehavior [ RunTime:0.000000s ]
INFO: [ app_init ] --END-- [ RunTime:0.000000s ]

[ 2018-05-16T14:13:13+08:00 ] 122.235.233.252 /layui/index.php/Home/index/vrList.html?page=1&limit=10
INFO: [ app_init ] --START--
INFO: Run Behavior\BuildLiteBehavior [ RunTime:0.000000s ]
INFO: [ app_init ] --END-- [ RunTime:0.000976s ]

[ 2018-05-16T14:13:16+08:00 ] 122.235.233.252 /layui/index.php/Home/auth/adminList.html
INFO: [ app_init ] --START--
INFO: Run Behavior\BuildLiteBehavior [ RunTime:0.000000s ]
INFO: [ app_init ] --END-- [ RunTime:0.000976s ]

[ 2018-05-16T14:13:16+08:00 ] 122.235.233.252 /layui/index.php/Home/auth/adminList.html?page=1&limit=10
INFO: [ app_init ] --START--
INFO: Run Behavior\BuildLiteBehavior [ RunTime:0.000000s ]
INFO: [ app_init ] --END-- [ RunTime:0.000000s ]

[ 2018-05-16T14:13:16+08:00 ] 122.235.233.252 /layui/index.php/Home/auth/roleList.html
INFO: [ app_init ] --START--
INFO: Run Behavior\BuildLiteBehavior [ RunTime:0.000000s ]
INFO: [ app_init ] --END-- [ RunTime:0.000976s ]

[ 2018-05-16T14:13:17+08:00 ] 122.235.233.252 /layui/index.php/Home/auth/roleList.html?page=1&limit=10
INFO: [ app_init ] --START--
INFO: Run Behavior\BuildLiteBehavior [ RunTime:0.000000s ]
INFO: [ app_init ] --END-- [ RunTime:0.000000s ]
ERR: 1146:La table 'bl123.t_all_vr_model_auth_group' n'existe pas
 [ SQL语句 ] : SHOW COLUMNS FROM `t_all_vr_model_auth_group`
ERR: 1146:La table 'bl123.t_all_vr_model_auth_group' n'existe pas
 [ SQL语句 ] : SHOW COLUMNS FROM `t_all_vr_model_auth_group`

[ 2018-05-16T14:13:17+08:00 ] 122.235.233.252 /layui/index.php/Home/auth/ruleList.html
INFO: [ app_init ] --START--
INFO: Run Behavior\BuildLiteBehavior [ RunTime:0.000000s ]
INFO: [ app_init ] --END-- [ RunTime:0.000977s ]

[ 2018-05-16T14:13:18+08:00 ] 122.235.233.252 /layui/index.php/Home/auth/ruleList.html?page=1&limit=10
INFO: [ app_init ] --START--
INFO: Run Behavior\BuildLiteBehavior [ RunTime:0.000000s ]
INFO: [ app_init ] --END-- [ RunTime:0.000976s ]
ERR: 1146:La table 'bl123.t_all_vr_model_auth_rule' n'existe pas
 [ SQL语句 ] : SHOW COLUMNS FROM `t_all_vr_model_auth_rule`
ERR: 1146:La table 'bl123.t_all_vr_model_auth_rule' n'existe pas
 [ SQL语句 ] : SHOW COLUMNS FROM `t_all_vr_model_auth_rule`

[ 2018-05-16T14:15:33+08:00 ] 122.235.233.252 /layui/index.php/Home/Index/index.html
INFO: [ app_init ] --START--
INFO: Run Behavior\BuildLiteBehavior [ RunTime:0.000000s ]
INFO: [ app_init ] --END-- [ RunTime:0.000976s ]

[ 2018-05-16T14:15:33+08:00 ] 122.235.233.252 /layui/index.php/Home/Public/welcome.html
INFO: [ app_init ] --START--
INFO: Run Behavior\BuildLiteBehavior [ RunTime:0.000000s ]
INFO: [ app_init ] --END-- [ RunTime:0.000976s ]

[ 2018-05-16T14:15:49+08:00 ] 122.235.233.252 /layui/index.php/Home/Index/index.html
INFO: [ app_init ] --START--
INFO: Run Behavior\BuildLiteBehavior [ RunTime:0.000000s ]
INFO: [ app_init ] --END-- [ RunTime:0.000976s ]

[ 2018-05-16T14:15:50+08:00 ] 122.235.233.252 /layui/index.php/Home/Public/welcome.html
INFO: [ app_init ] --START--
INFO: Run Behavior\BuildLiteBehavior [ RunTime:0.000000s ]
INFO: [ app_init ] --END-- [ RunTime:0.000000s ]

[ 2018-05-16T14:15:53+08:00 ] 122.235.233.252 /layui/index.php/Home/auth/ruleList.html
INFO: [ app_init ] --START--
INFO: Run Behavior\BuildLiteBehavior [ RunTime:0.000000s ]
INFO: [ app_init ] --END-- [ RunTime:0.000976s ]

[ 2018-05-16T14:15:54+08:00 ] 122.235.233.252 /layui/index.php/Home/auth/ruleList.html?page=1&limit=10
INFO: [ app_init ] --START--
INFO: Run Behavior\BuildLiteBehavior [ RunTime:0.000000s ]
INFO: [ app_init ] --END-- [ RunTime:0.000000s ]
ERR: 1146:La table 'bl123.t_all_vr_model_auth_rule' n'existe pas
 [ SQL语句 ] : SHOW COLUMNS FROM `t_all_vr_model_auth_rule`
ERR: 1146:La table 'bl123.t_all_vr_model_auth_rule' n'existe pas
 [ SQL语句 ] : SHOW COLUMNS FROM `t_all_vr_model_auth_rule`

[ 2018-05-16T14:17:51+08:00 ] 122.235.233.252 /layui/index.php/Home/Index/index.html
INFO: [ app_init ] --START--
INFO: Run Behavior\BuildLiteBehavior [ RunTime:0.000976s ]
INFO: [ app_init ] --END-- [ RunTime:0.000976s ]

[ 2018-05-16T14:17:52+08:00 ] 122.235.233.252 /layui/index.php/Home/Public/welcome.html
INFO: [ app_init ] --START--
INFO: Run Behavior\BuildLiteBehavior [ RunTime:0.000976s ]
INFO: [ app_init ] --END-- [ RunTime:0.000976s ]

[ 2018-05-16T14:17:53+08:00 ] 122.235.233.252 /layui/index.php/Home/auth/roleList.html
INFO: [ app_init ] --START--
INFO: Run Behavior\BuildLiteBehavior [ RunTime:0.000000s ]
INFO: [ app_init ] --END-- [ RunTime:0.000977s ]

[ 2018-05-16T14:17:54+08:00 ] 122.235.233.252 /layui/index.php/Home/auth/roleList.html?page=1&limit=10
INFO: [ app_init ] --START--
INFO: Run Behavior\BuildLiteBehavior [ RunTime:0.000000s ]
INFO: [ app_init ] --END-- [ RunTime:0.000000s ]
ERR: 1146:La table 'bl123.t_all_vr_model_auth_group' n'existe pas
 [ SQL语句 ] : SHOW COLUMNS FROM `t_all_vr_model_auth_group`
ERR: 1146:La table 'bl123.t_all_vr_model_auth_group' n'existe pas
 [ SQL语句 ] : SHOW COLUMNS FROM `t_all_vr_model_auth_group`

[ 2018-05-16T14:20:07+08:00 ] 122.235.233.252 /layui/index.php/Home/Index/index.html
INFO: [ app_init ] --START--
INFO: Run Behavior\BuildLiteBehavior [ RunTime:0.000000s ]
INFO: [ app_init ] --END-- [ RunTime:0.000977s ]

[ 2018-05-16T14:20:08+08:00 ] 122.235.233.252 /layui/index.php/Home/Public/welcome.html
INFO: [ app_init ] --START--
INFO: Run Behavior\BuildLiteBehavior [ RunTime:0.000000s ]
INFO: [ app_init ] --END-- [ RunTime:0.000000s ]

[ 2018-05-16T14:20:12+08:00 ] 122.235.233.252 /layui/index.php/Home/auth/roleList.html
INFO: [ app_init ] --START--
INFO: Run Behavior\BuildLiteBehavior [ RunTime:0.000000s ]
INFO: [ app_init ] --END-- [ RunTime:0.000000s ]

[ 2018-05-16T14:20:12+08:00 ] 122.235.233.252 /layui/index.php/Home/auth/roleList.html?page=1&limit=10
INFO: [ app_init ] --START--
INFO: Run Behavior\BuildLiteBehavior [ RunTime:0.000000s ]
INFO: [ app_init ] --END-- [ RunTime:0.000000s ]
ERR: 1146:La table 'bl123.t_all_vr_model_auth_group' n'existe pas
 [ SQL语句 ] : SHOW COLUMNS FROM `t_all_vr_model_auth_group`
ERR: 1146:La table 'bl123.t_all_vr_model_auth_group' n'existe pas
 [ SQL语句 ] : SHOW COLUMNS FROM `t_all_vr_model_auth_group`

[ 2018-05-16T14:21:19+08:00 ] 122.235.233.252 /layui/index.php/Home/auth/roleList.html
INFO: [ app_init ] --START--
INFO: Run Behavior\BuildLiteBehavior [ RunTime:0.000000s ]
INFO: [ app_init ] --END-- [ RunTime:0.000976s ]

[ 2018-05-16T14:21:20+08:00 ] 122.235.233.252 /layui/index.php/Home/auth/roleList.html?page=1&limit=10
INFO: [ app_init ] --START--
INFO: Run Behavior\BuildLiteBehavior [ RunTime:0.000000s ]
INFO: [ app_init ] --END-- [ RunTime:0.000000s ]

[ 2018-05-16T14:22:11+08:00 ] 122.235.233.252 /layui/index.php/Home/Index/index.html
INFO: [ app_init ] --START--
INFO: Run Behavior\BuildLiteBehavior [ RunTime:0.000000s ]
INFO: [ app_init ] --END-- [ RunTime:0.000000s ]

[ 2018-05-16T14:22:12+08:00 ] 122.235.233.252 /layui/index.php/Home/Public/welcome.html
INFO: [ app_init ] --START--
INFO: Run Behavior\BuildLiteBehavior [ RunTime:0.000000s ]
INFO: [ app_init ] --END-- [ RunTime:0.000000s ]

[ 2018-05-16T14:22:14+08:00 ] 122.235.233.252 /layui/index.php/Home/auth/roleList.html
INFO: [ app_init ] --START--
INFO: Run Behavior\BuildLiteBehavior [ RunTime:0.000976s ]
INFO: [ app_init ] --END-- [ RunTime:0.000976s ]

[ 2018-05-16T14:22:15+08:00 ] 122.235.233.252 /layui/index.php/Home/auth/roleList.html?page=1&limit=10
INFO: [ app_init ] --START--
INFO: Run Behavior\BuildLiteBehavior [ RunTime:0.000000s ]
INFO: [ app_init ] --END-- [ RunTime:0.000000s ]
ERR: 1146:La table 'bl123.t_all_vr_model_auth_group' n'existe pas
 [ SQL语句 ] : SHOW COLUMNS FROM `t_all_vr_model_auth_group`
ERR: 1146:La table 'bl123.t_all_vr_model_auth_group' n'existe pas
 [ SQL语句 ] : SHOW COLUMNS FROM `t_all_vr_model_auth_group`

[ 2018-05-16T14:22:46+08:00 ] 122.235.233.252 /layui/index.php/Home/auth/roleList.html
INFO: [ app_init ] --START--
INFO: Run Behavior\BuildLiteBehavior [ RunTime:0.000000s ]
INFO: [ app_init ] --END-- [ RunTime:0.000977s ]

[ 2018-05-16T14:22:46+08:00 ] 122.235.233.252 /layui/index.php/Home/auth/roleList.html?page=1&limit=10
INFO: [ app_init ] --START--
INFO: Run Behavior\BuildLiteBehavior [ RunTime:0.000000s ]
INFO: [ app_init ] --END-- [ RunTime:0.000000s ]
ERR: 1146:La table 'bl123.t_all_vr_model_auth_group' n'existe pas
 [ SQL语句 ] : SHOW COLUMNS FROM `t_all_vr_model_auth_group`
ERR: 1146:La table 'bl123.t_all_vr_model_auth_group' n'existe pas
 [ SQL语句 ] : SHOW COLUMNS FROM `t_all_vr_model_auth_group`

[ 2018-05-16T14:24:28+08:00 ] 122.235.233.252 /layui/index.php/Home/Index/index.html
INFO: [ app_init ] --START--
INFO: Run Behavior\BuildLiteBehavior [ RunTime:0.000000s ]
INFO: [ app_init ] --END-- [ RunTime:0.000977s ]

[ 2018-05-16T14:24:29+08:00 ] 122.235.233.252 /layui/index.php/Home/Public/welcome.html
INFO: [ app_init ] --START--
INFO: Run Behavior\BuildLiteBehavior [ RunTime:0.000000s ]
INFO: [ app_init ] --END-- [ RunTime:0.000000s ]

[ 2018-05-16T14:24:31+08:00 ] 122.235.233.252 /layui/index.php/Home/auth/roleList.html
INFO: [ app_init ] --START--
INFO: Run Behavior\BuildLiteBehavior [ RunTime:0.000000s ]
INFO: [ app_init ] --END-- [ RunTime:0.000000s ]

[ 2018-05-16T14:24:31+08:00 ] 122.235.233.252 /layui/index.php/Home/auth/roleList.html?page=1&limit=10
INFO: [ app_init ] --START--
INFO: Run Behavior\BuildLiteBehavior [ RunTime:0.000000s ]
INFO: [ app_init ] --END-- [ RunTime:0.000977s ]
ERR: 1146:La table 'bl123.t_t_all_vr_model_authgroup' n'existe pas
 [ SQL语句 ] : SHOW COLUMNS FROM `t_t_all_vr_model_authgroup`
ERR: 1146:La table 'bl123.t_t_all_vr_model_authgroup' n'existe pas
 [ SQL语句 ] : SHOW COLUMNS FROM `t_t_all_vr_model_authgroup`

[ 2018-05-16T14:25:48+08:00 ] 122.235.233.252 /layui/index.php/Home/auth/roleList.html
INFO: [ app_init ] --START--
INFO: Run Behavior\BuildLiteBehavior [ RunTime:0.000000s ]
INFO: [ app_init ] --END-- [ RunTime:0.000000s ]

[ 2018-05-16T14:25:48+08:00 ] 122.235.233.252 /layui/index.php/Home/auth/roleList.html?page=1&limit=10
INFO: [ app_init ] --START--
INFO: Run Behavior\BuildLiteBehavior [ RunTime:0.000000s ]
INFO: [ app_init ] --END-- [ RunTime:0.000976s ]

[ 2018-05-16T14:26:37+08:00 ] 122.235.233.252 /layui/index.php/Home/auth/roleList.html
INFO: [ app_init ] --START--
INFO: Run Behavior\BuildLiteBehavior [ RunTime:0.000000s ]
INFO: [ app_init ] --END-- [ RunTime:0.000977s ]

[ 2018-05-16T14:26:38+08:00 ] 122.235.233.252 /layui/index.php/Home/auth/roleList.html?page=1&limit=10
INFO: [ app_init ] --START--
INFO: Run Behavior\BuildLiteBehavior [ RunTime:0.000000s ]
INFO: [ app_init ] --END-- [ RunTime:0.000977s ]

[ 2018-05-16T14:26:40+08:00 ] 122.235.233.252 /layui/index.php/Home/auth/ruleList.html
INFO: [ app_init ] --START--
INFO: Run Behavior\BuildLiteBehavior [ RunTime:0.000000s ]
INFO: [ app_init ] --END-- [ RunTime:0.000000s ]

[ 2018-05-16T14:26:41+08:00 ] 122.235.233.252 /layui/index.php/Home/auth/ruleList.html?page=1&limit=10
INFO: [ app_init ] --START--
INFO: Run Behavior\BuildLiteBehavior [ RunTime:0.000000s ]
INFO: [ app_init ] --END-- [ RunTime:0.000000s ]
ERR: 1146:La table 'bl123.t_all_vr_model_auth_rule' n'existe pas
 [ SQL语句 ] : SHOW COLUMNS FROM `t_all_vr_model_auth_rule`
ERR: 1146:La table 'bl123.t_all_vr_model_auth_rule' n'existe pas
 [ SQL语句 ] : SHOW COLUMNS FROM `t_all_vr_model_auth_rule`

[ 2018-05-16T14:28:43+08:00 ] 122.235.233.252 /layui/index.php/Home/Index/index.html
INFO: [ app_init ] --START--
INFO: Run Behavior\BuildLiteBehavior [ RunTime:0.000000s ]
INFO: [ app_init ] --END-- [ RunTime:0.000000s ]

[ 2018-05-16T14:28:44+08:00 ] 122.235.233.252 /layui/index.php/Home/Public/welcome.html
INFO: [ app_init ] --START--
INFO: Run Behavior\BuildLiteBehavior [ RunTime:0.000000s ]
INFO: [ app_init ] --END-- [ RunTime:0.000976s ]

[ 2018-05-16T14:28:46+08:00 ] 122.235.233.252 /layui/index.php/Home/log/logsList.html
INFO: [ app_init ] --START--
INFO: Run Behavior\BuildLiteBehavior [ RunTime:0.000000s ]
INFO: [ app_init ] --END-- [ RunTime:0.000977s ]

[ 2018-05-16T14:28:47+08:00 ] 122.235.233.252 /layui/index.php/Home/log/logsList.html?page=1&limit=10
INFO: [ app_init ] --START--
INFO: Run Behavior\BuildLiteBehavior [ RunTime:0.000000s ]
INFO: [ app_init ] --END-- [ RunTime:0.000000s ]

[ 2018-05-16T14:28:50+08:00 ] 122.235.233.252 /layui/index.php/Home/auth/adminList.html
INFO: [ app_init ] --START--
INFO: Run Behavior\BuildLiteBehavior [ RunTime:0.000000s ]
INFO: [ app_init ] --END-- [ RunTime:0.000977s ]

[ 2018-05-16T14:28:50+08:00 ] 122.235.233.252 /layui/index.php/Home/auth/adminList.html?page=1&limit=10
INFO: [ app_init ] --START--
INFO: Run Behavior\BuildLiteBehavior [ RunTime:0.000000s ]
INFO: [ app_init ] --END-- [ RunTime:0.000000s ]

[ 2018-05-16T14:28:53+08:00 ] 122.235.233.252 /layui/index.php/Home/auth/roleList.html
INFO: [ app_init ] --START--
INFO: Run Behavior\BuildLiteBehavior [ RunTime:0.000000s ]
INFO: [ app_init ] --END-- [ RunTime:0.000000s ]

[ 2018-05-16T14:28:53+08:00 ] 122.235.233.252 /layui/index.php/Home/auth/roleList.html?page=1&limit=10
INFO: [ app_init ] --START--
INFO: Run Behavior\BuildLiteBehavior [ RunTime:0.000000s ]
INFO: [ app_init ] --END-- [ RunTime:0.000977s ]

[ 2018-05-16T14:28:55+08:00 ] 122.235.233.252 /layui/index.php/Home/auth/ruleList.html
INFO: [ app_init ] --START--
INFO: Run Behavior\BuildLiteBehavior [ RunTime:0.000000s ]
INFO: [ app_init ] --END-- [ RunTime:0.000976s ]

[ 2018-05-16T14:28:56+08:00 ] 122.235.233.252 /layui/index.php/Home/auth/ruleList.html?page=1&limit=10
INFO: [ app_init ] --START--
INFO: Run Behavior\BuildLiteBehavior [ RunTime:0.000000s ]
INFO: [ app_init ] --END-- [ RunTime:0.000977s ]

[ 2018-05-16T14:28:57+08:00 ] 122.235.233.252 /layui/index.php/Home/auth/ruleAdd.html
INFO: [ app_init ] --START--
INFO: Run Behavior\BuildLiteBehavior [ RunTime:0.000000s ]
INFO: [ app_init ] --END-- [ RunTime:0.000977s ]

[ 2018-05-16T14:29:04+08:00 ] 122.235.233.252 /layui/index.php/Home/auth/adminAdd.html
INFO: [ app_init ] --START--
INFO: Run Behavior\BuildLiteBehavior [ RunTime:0.000000s ]
INFO: [ app_init ] --END-- [ RunTime:0.000000s ]

[ 2018-05-16T14:29:09+08:00 ] 122.235.233.252 /layui/index.php/Home/auth/roleAdd.html
INFO: [ app_init ] --START--
INFO: Run Behavior\BuildLiteBehavior [ RunTime:0.000000s ]
INFO: [ app_init ] --END-- [ RunTime:0.000976s ]

[ 2018-05-16T14:29:09+08:00 ] 122.235.233.252 /layui/index.php/Home/Public/rules.html
INFO: [ app_init ] --START--
INFO: Run Behavior\BuildLiteBehavior [ RunTime:0.000000s ]
INFO: [ app_init ] --END-- [ RunTime:0.000000s ]
ERR: 1146:La table 'bl123.t_auth_rule' n'existe pas
 [ SQL语句 ] : SHOW COLUMNS FROM `t_auth_rule`
ERR: 1146:La table 'bl123.t_auth_rule' n'existe pas
 [ SQL语句 ] : SHOW COLUMNS FROM `t_auth_rule`

[ 2018-05-16T14:30:19+08:00 ] 122.235.233.252 /layui/index.php/Home/Index/index.html
INFO: [ app_init ] --START--
INFO: Run Behavior\BuildLiteBehavior [ RunTime:0.000000s ]
INFO: [ app_init ] --END-- [ RunTime:0.000000s ]

[ 2018-05-16T14:30:19+08:00 ] 122.235.233.252 /layui/index.php/Home/Public/welcome.html
INFO: [ app_init ] --START--
INFO: Run Behavior\BuildLiteBehavior [ RunTime:0.000000s ]
INFO: [ app_init ] --END-- [ RunTime:0.000000s ]

[ 2018-05-16T14:30:22+08:00 ] 122.235.233.252 /layui/index.php/Home/auth/adminList.html
INFO: [ app_init ] --START--
INFO: Run Behavior\BuildLiteBehavior [ RunTime:0.000000s ]
INFO: [ app_init ] --END-- [ RunTime:0.000000s ]

[ 2018-05-16T14:30:23+08:00 ] 122.235.233.252 /layui/index.php/Home/auth/adminList.html?page=1&limit=10
INFO: [ app_init ] --START--
INFO: Run Behavior\BuildLiteBehavior [ RunTime:0.000000s ]
INFO: [ app_init ] --END-- [ RunTime:0.000977s ]

[ 2018-05-16T14:30:24+08:00 ] 122.235.233.252 /layui/index.php/Home/auth/adminAdd.html
INFO: [ app_init ] --START--
INFO: Run Behavior\BuildLiteBehavior [ RunTime:0.000000s ]
INFO: [ app_init ] --END-- [ RunTime:0.000000s ]

[ 2018-05-16T14:30:26+08:00 ] 122.235.233.252 /layui/index.php/Home/auth/roleList.html
INFO: [ app_init ] --START--
INFO: Run Behavior\BuildLiteBehavior [ RunTime:0.000000s ]
INFO: [ app_init ] --END-- [ RunTime:0.000977s ]

[ 2018-05-16T14:30:26+08:00 ] 122.235.233.252 /layui/index.php/Home/auth/roleList.html?page=1&limit=10
INFO: [ app_init ] --START--
INFO: Run Behavior\BuildLiteBehavior [ RunTime:0.000000s ]
INFO: [ app_init ] --END-- [ RunTime:0.000000s ]

[ 2018-05-16T14:30:27+08:00 ] 122.235.233.252 /layui/index.php/Home/auth/roleAdd.html
INFO: [ app_init ] --START--
INFO: Run Behavior\BuildLiteBehavior [ RunTime:0.000000s ]
INFO: [ app_init ] --END-- [ RunTime:0.000977s ]

[ 2018-05-16T14:30:28+08:00 ] 122.235.233.252 /layui/index.php/Home/Public/rules.html
INFO: [ app_init ] --START--
INFO: Run Behavior\BuildLiteBehavior [ RunTime:0.000000s ]
INFO: [ app_init ] --END-- [ RunTime:0.000977s ]
ERR: 1146:La table 'bl123.t_auth_rule' n'existe pas
 [ SQL语句 ] : SHOW COLUMNS FROM `t_auth_rule`
ERR: 1146:La table 'bl123.t_auth_rule' n'existe pas
 [ SQL语句 ] : SHOW COLUMNS FROM `t_auth_rule`

[ 2018-05-16T14:30:43+08:00 ] 122.235.233.252 /layui/index.php/Home/Index/index.html
INFO: [ app_init ] --START--
INFO: Run Behavior\BuildLiteBehavior [ RunTime:0.000000s ]
INFO: [ app_init ] --END-- [ RunTime:0.000977s ]

[ 2018-05-16T14:30:44+08:00 ] 122.235.233.252 /layui/index.php/Home/Public/welcome.html
INFO: [ app_init ] --START--
INFO: Run Behavior\BuildLiteBehavior [ RunTime:0.000000s ]
INFO: [ app_init ] --END-- [ RunTime:0.000977s ]

[ 2018-05-16T14:30:47+08:00 ] 122.235.233.252 /layui/index.php/Home/auth/roleList.html
INFO: [ app_init ] --START--
INFO: Run Behavior\BuildLiteBehavior [ RunTime:0.000000s ]
INFO: [ app_init ] --END-- [ RunTime:0.000000s ]

[ 2018-05-16T14:30:47+08:00 ] 122.235.233.252 /layui/index.php/Home/auth/roleList.html?page=1&limit=10
INFO: [ app_init ] --START--
INFO: Run Behavior\BuildLiteBehavior [ RunTime:0.000977s ]
INFO: [ app_init ] --END-- [ RunTime:0.000977s ]

[ 2018-05-16T14:30:48+08:00 ] 122.235.233.252 /layui/index.php/Home/auth/roleAdd.html
INFO: [ app_init ] --START--
INFO: Run Behavior\BuildLiteBehavior [ RunTime:0.000000s ]
INFO: [ app_init ] --END-- [ RunTime:0.000977s ]

[ 2018-05-16T14:30:48+08:00 ] 122.235.233.252 /layui/index.php/Home/Public/rules.html
INFO: [ app_init ] --START--
INFO: Run Behavior\BuildLiteBehavior [ RunTime:0.000000s ]
INFO: [ app_init ] --END-- [ RunTime:0.000976s ]
ERR: 1146:La table 'bl123.t_auth_rule' n'existe pas
 [ SQL语句 ] : SHOW COLUMNS FROM `t_auth_rule`
ERR: 1146:La table 'bl123.t_auth_rule' n'existe pas
 [ SQL语句 ] : SHOW COLUMNS FROM `t_auth_rule`

[ 2018-05-16T14:32:02+08:00 ] 122.235.233.252 /layui/index.php/Home/auth/roleList.html
INFO: [ app_init ] --START--
INFO: Run Behavior\BuildLiteBehavior [ RunTime:0.000000s ]
INFO: [ app_init ] --END-- [ RunTime:0.000977s ]

[ 2018-05-16T14:32:03+08:00 ] 122.235.233.252 /layui/index.php/Home/auth/roleList.html?page=1&limit=10
INFO: [ app_init ] --START--
INFO: Run Behavior\BuildLiteBehavior [ RunTime:0.000000s ]
INFO: [ app_init ] --END-- [ RunTime:0.000000s ]

[ 2018-05-16T14:32:04+08:00 ] 122.235.233.252 /layui/index.php/Home/auth/roleAdd.html
INFO: [ app_init ] --START--
INFO: Run Behavior\BuildLiteBehavior [ RunTime:0.000977s ]
INFO: [ app_init ] --END-- [ RunTime:0.000977s ]

[ 2018-05-16T14:32:04+08:00 ] 122.235.233.252 /layui/index.php/Home/Public/rules.html
INFO: [ app_init ] --START--
INFO: Run Behavior\BuildLiteBehavior [ RunTime:0.000000s ]
INFO: [ app_init ] --END-- [ RunTime:0.000000s ]

[ 2018-05-16T14:32:12+08:00 ] 122.235.233.252 /layui/index.php/Home/auth/ruleList.html
INFO: [ app_init ] --START--
INFO: Run Behavior\BuildLiteBehavior [ RunTime:0.000000s ]
INFO: [ app_init ] --END-- [ RunTime:0.000000s ]

[ 2018-05-16T14:32:13+08:00 ] 122.235.233.252 /layui/index.php/Home/auth/ruleList.html?page=1&limit=10
INFO: [ app_init ] --START--
INFO: Run Behavior\BuildLiteBehavior [ RunTime:0.000977s ]
INFO: [ app_init ] --END-- [ RunTime:0.000977s ]

[ 2018-05-16T14:32:14+08:00 ] 122.235.233.252 /layui/index.php/Home/auth/ruleAdd.html
INFO: [ app_init ] --START--
INFO: Run Behavior\BuildLiteBehavior [ RunTime:0.000000s ]
INFO: [ app_init ] --END-- [ RunTime:0.000976s ]

[ 2018-05-16T14:32:18+08:00 ] 122.235.233.252 /layui/index.php/Home/index/vrList.html
INFO: [ app_init ] --START--
INFO: Run Behavior\BuildLiteBehavior [ RunTime:0.000000s ]
INFO: [ app_init ] --END-- [ RunTime:0.000000s ]

[ 2018-05-16T14:32:19+08:00 ] 122.235.233.252 /layui/index.php/Home/index/vrList.html?page=1&limit=10
INFO: [ app_init ] --START--
INFO: Run Behavior\BuildLiteBehavior [ RunTime:0.000000s ]
INFO: [ app_init ] --END-- [ RunTime:0.000000s ]

[ 2018-05-16T14:32:19+08:00 ] 122.235.233.252 /layui/index.php/Home/index/vrAdd.html
INFO: [ app_init ] --START--
INFO: Run Behavior\BuildLiteBehavior [ RunTime:0.000000s ]
INFO: [ app_init ] --END-- [ RunTime:0.000000s ]

[ 2018-05-16T14:32:36+08:00 ] 122.235.233.252 /layui/index.php/Home/public/upload.html
INFO: [ app_init ] --START--
INFO: Run Behavior\BuildLiteBehavior [ RunTime:0.000000s ]
INFO: [ app_init ] --END-- [ RunTime:0.000977s ]

[ 2018-05-16T14:32:50+08:00 ] 122.235.233.252 /layui/index.php/Home/Index/vrAdd.html
INFO: [ app_init ] --START--
INFO: Run Behavior\BuildLiteBehavior [ RunTime:0.000000s ]
INFO: [ app_init ] --END-- [ RunTime:0.000000s ]
ERR: 1146:La table 'bl123.t_logs' n'existe pas
 [ SQL语句 ] : SHOW COLUMNS FROM `t_logs`
ERR: 1146:La table 'bl123.t_logs' n'existe pas
 [ SQL语句 ] : SHOW COLUMNS FROM `t_logs`

[ 2018-05-16T14:34:16+08:00 ] 122.235.233.252 /layui/index.php/Home/Index/vrAdd.html
INFO: [ app_init ] --START--
INFO: Run Behavior\BuildLiteBehavior [ RunTime:0.000000s ]
INFO: [ app_init ] --END-- [ RunTime:0.000000s ]

[ 2018-05-16T14:34:18+08:00 ] 122.235.233.252 /layui/index.php/Home/index/vrList.html
INFO: [ app_init ] --START--
INFO: Run Behavior\BuildLiteBehavior [ RunTime:0.000000s ]
INFO: [ app_init ] --END-- [ RunTime:0.000977s ]

[ 2018-05-16T14:34:19+08:00 ] 122.235.233.252 /layui/index.php/Home/index/vrList.html?page=1&limit=10
INFO: [ app_init ] --START--
INFO: Run Behavior\BuildLiteBehavior [ RunTime:0.000000s ]
INFO: [ app_init ] --END-- [ RunTime:0.000977s ]

[ 2018-05-16T14:34:37+08:00 ] 122.235.233.252 /layui/index.php/Home/index/vrEdit.html?id=1032
INFO: [ app_init ] --START--
INFO: Run Behavior\BuildLiteBehavior [ RunTime:0.000000s ]
INFO: [ app_init ] --END-- [ RunTime:0.000977s ]

[ 2018-05-16T14:34:43+08:00 ] 122.235.233.252 /layui/index.php/Home/Index/vrEdit.html
INFO: [ app_init ] --START--
INFO: Run Behavior\BuildLiteBehavior [ RunTime:0.000000s ]
INFO: [ app_init ] --END-- [ RunTime:0.000977s ]

[ 2018-05-16T14:34:45+08:00 ] 122.235.233.252 /layui/index.php/Home/index/vrList.html
INFO: [ app_init ] --START--
INFO: Run Behavior\BuildLiteBehavior [ RunTime:0.000000s ]
INFO: [ app_init ] --END-- [ RunTime:0.000000s ]

[ 2018-05-16T14:34:46+08:00 ] 122.235.233.252 /layui/index.php/Home/index/vrList.html?page=1&limit=10
INFO: [ app_init ] --START--
INFO: Run Behavior\BuildLiteBehavior [ RunTime:0.000000s ]
INFO: [ app_init ] --END-- [ RunTime:0.000000s ]

[ 2018-05-16T14:34:49+08:00 ] 122.235.233.252 /layui/index.php/Home/log/logsList.html
INFO: [ app_init ] --START--
INFO: Run Behavior\BuildLiteBehavior [ RunTime:0.000000s ]
INFO: [ app_init ] --END-- [ RunTime:0.000976s ]

[ 2018-05-16T14:34:50+08:00 ] 122.235.233.252 /layui/index.php/Home/log/logsList.html?page=1&limit=10
INFO: [ app_init ] --START--
INFO: Run Behavior\BuildLiteBehavior [ RunTime:0.000000s ]
INFO: [ app_init ] --END-- [ RunTime:0.000977s ]

[ 2018-05-16T14:35:01+08:00 ] 122.235.233.252 /layui/index.php/Home/Index/vrDelete.html
INFO: [ app_init ] --START--
INFO: Run Behavior\BuildLiteBehavior [ RunTime:0.000000s ]
INFO: [ app_init ] --END-- [ RunTime:0.000976s ]

[ 2018-05-16T14:35:02+08:00 ] 122.235.233.252 /layui/index.php/Home/index/vrList.html
INFO: [ app_init ] --START--
INFO: Run Behavior\BuildLiteBehavior [ RunTime:0.000000s ]
INFO: [ app_init ] --END-- [ RunTime:0.000977s ]

[ 2018-05-16T14:35:03+08:00 ] 122.235.233.252 /layui/index.php/Home/index/vrList.html?page=1&limit=10
INFO: [ app_init ] --START--
INFO: Run Behavior\BuildLiteBehavior [ RunTime:0.000000s ]
INFO: [ app_init ] --END-- [ RunTime:0.000977s ]

[ 2018-05-16T14:35:12+08:00 ] 122.235.233.252 /layui/index.php/Home/auth/adminList.html
INFO: [ app_init ] --START--
INFO: Run Behavior\BuildLiteBehavior [ RunTime:0.000000s ]
INFO: [ app_init ] --END-- [ RunTime:0.000000s ]

[ 2018-05-16T14:35:12+08:00 ] 122.235.233.252 /layui/index.php/Home/auth/adminList.html?page=1&limit=10
INFO: [ app_init ] --START--
INFO: Run Behavior\BuildLiteBehavior [ RunTime:0.000000s ]
INFO: [ app_init ] --END-- [ RunTime:0.000977s ]

[ 2018-05-16T14:35:14+08:00 ] 122.235.233.252 /layui/index.php/Home/auth/adminAdd.html
INFO: [ app_init ] --START--
INFO: Run Behavior\BuildLiteBehavior [ RunTime:0.000000s ]
INFO: [ app_init ] --END-- [ RunTime:0.000000s ]

[ 2018-05-16T14:35:49+08:00 ] 122.235.233.252 /layui/index.php/Home/Auth/adminAdd.html
INFO: [ app_init ] --START--
INFO: Run Behavior\BuildLiteBehavior [ RunTime:0.000000s ]
INFO: [ app_init ] --END-- [ RunTime:0.000977s ]

[ 2018-05-16T14:35:52+08:00 ] 122.235.233.252 /layui/index.php/Home/auth/adminList.html
INFO: [ app_init ] --START--
INFO: Run Behavior\BuildLiteBehavior [ RunTime:0.000000s ]
INFO: [ app_init ] --END-- [ RunTime:0.000976s ]

[ 2018-05-16T14:35:52+08:00 ] 122.235.233.252 /layui/index.php/Home/auth/adminList.html?page=1&limit=10
INFO: [ app_init ] --START--
INFO: Run Behavior\BuildLiteBehavior [ RunTime:0.000000s ]
INFO: [ app_init ] --END-- [ RunTime:0.000000s ]

[ 2018-05-16T14:35:56+08:00 ] 122.235.233.252 /layui/index.php/Home/auth/changeshow.html
INFO: [ app_init ] --START--
INFO: Run Behavior\BuildLiteBehavior [ RunTime:0.000000s ]
INFO: [ app_init ] --END-- [ RunTime:0.000000s ]

[ 2018-05-16T14:35:57+08:00 ] 122.235.233.252 /layui/index.php/Home/auth/adminList.html
INFO: [ app_init ] --START--
INFO: Run Behavior\BuildLiteBehavior [ RunTime:0.000977s ]
INFO: [ app_init ] --END-- [ RunTime:0.000977s ]

[ 2018-05-16T14:35:58+08:00 ] 122.235.233.252 /layui/index.php/Home/auth/adminList.html?page=1&limit=10
INFO: [ app_init ] --START--
INFO: Run Behavior\BuildLiteBehavior [ RunTime:0.000000s ]
INFO: [ app_init ] --END-- [ RunTime:0.000976s ]

[ 2018-05-16T14:36:00+08:00 ] 122.235.233.252 /layui/index.php/Home/auth/changeshow.html
INFO: [ app_init ] --START--
INFO: Run Behavior\BuildLiteBehavior [ RunTime:0.000000s ]
INFO: [ app_init ] --END-- [ RunTime:0.000000s ]

[ 2018-05-16T14:36:02+08:00 ] 122.235.233.252 /layui/index.php/Home/auth/adminList.html
INFO: [ app_init ] --START--
INFO: Run Behavior\BuildLiteBehavior [ RunTime:0.000000s ]
INFO: [ app_init ] --END-- [ RunTime:0.000977s ]

[ 2018-05-16T14:36:02+08:00 ] 122.235.233.252 /layui/index.php/Home/auth/adminList.html?page=1&limit=10
INFO: [ app_init ] --START--
INFO: Run Behavior\BuildLiteBehavior [ RunTime:0.000000s ]
INFO: [ app_init ] --END-- [ RunTime:0.000977s ]

[ 2018-05-16T14:36:03+08:00 ] 122.235.233.252 /layui/index.php/Home/auth/adminEdit.html?id=42
INFO: [ app_init ] --START--
INFO: Run Behavior\BuildLiteBehavior [ RunTime:0.000000s ]
INFO: [ app_init ] --END-- [ RunTime:0.000000s ]

[ 2018-05-16T14:36:08+08:00 ] 122.235.233.252 /layui/index.php/Home/auth/adminEdit.html
INFO: [ app_init ] --START--
INFO: Run Behavior\BuildLiteBehavior [ RunTime:0.000000s ]
INFO: [ app_init ] --END-- [ RunTime:0.000000s ]

[ 2018-05-16T14:36:11+08:00 ] 122.235.233.252 /layui/index.php/Home/auth/adminList.html
INFO: [ app_init ] --START--
INFO: Run Behavior\BuildLiteBehavior [ RunTime:0.000000s ]
INFO: [ app_init ] --END-- [ RunTime:0.000000s ]

[ 2018-05-16T14:36:11+08:00 ] 122.235.233.252 /layui/index.php/Home/auth/adminList.html?page=1&limit=10
INFO: [ app_init ] --START--
INFO: Run Behavior\BuildLiteBehavior [ RunTime:0.000977s ]
INFO: [ app_init ] --END-- [ RunTime:0.000977s ]

[ 2018-05-16T14:36:15+08:00 ] 122.235.233.252 /layui/index.php/Home/auth/adminDelete.html
INFO: [ app_init ] --START--
INFO: Run Behavior\BuildLiteBehavior [ RunTime:0.000000s ]
INFO: [ app_init ] --END-- [ RunTime:0.000977s ]

[ 2018-05-16T14:36:17+08:00 ] 122.235.233.252 /layui/index.php/Home/auth/adminList.html
INFO: [ app_init ] --START--
INFO: Run Behavior\BuildLiteBehavior [ RunTime:0.000000s ]
INFO: [ app_init ] --END-- [ RunTime:0.000977s ]

[ 2018-05-16T14:36:18+08:00 ] 122.235.233.252 /layui/index.php/Home/auth/adminList.html?page=1&limit=10
INFO: [ app_init ] --START--
INFO: Run Behavior\BuildLiteBehavior [ RunTime:0.000000s ]
INFO: [ app_init ] --END-- [ RunTime:0.000000s ]

[ 2018-05-16T14:36:20+08:00 ] 122.235.233.252 /layui/index.php/Home/log/logsList.html
INFO: [ app_init ] --START--
INFO: Run Behavior\BuildLiteBehavior [ RunTime:0.000000s ]
INFO: [ app_init ] --END-- [ RunTime:0.000977s ]

[ 2018-05-16T14:36:21+08:00 ] 122.235.233.252 /layui/index.php/Home/log/logsList.html?page=1&limit=10
INFO: [ app_init ] --START--
INFO: Run Behavior\BuildLiteBehavior [ RunTime:0.000000s ]
INFO: [ app_init ] --END-- [ RunTime:0.000977s ]

[ 2018-05-16T14:36:28+08:00 ] 122.235.233.252 /layui/index.php/Home/auth/roleAdd.html
INFO: [ app_init ] --START--
INFO: Run Behavior\BuildLiteBehavior [ RunTime:0.000000s ]
INFO: [ app_init ] --END-- [ RunTime:0.000000s ]

[ 2018-05-16T14:36:29+08:00 ] 122.235.233.252 /layui/index.php/Home/Public/rules.html
INFO: [ app_init ] --START--
INFO: Run Behavior\BuildLiteBehavior [ RunTime:0.000000s ]
INFO: [ app_init ] --END-- [ RunTime:0.000000s ]

[ 2018-05-16T14:36:43+08:00 ] 122.235.233.252 /layui/index.php/Home/Auth/roleAdd.html
INFO: [ app_init ] --START--
INFO: Run Behavior\BuildLiteBehavior [ RunTime:0.000000s ]
INFO: [ app_init ] --END-- [ RunTime:0.000000s ]

[ 2018-05-16T14:36:45+08:00 ] 122.235.233.252 /layui/index.php/Home/auth/roleList.html
INFO: [ app_init ] --START--
INFO: Run Behavior\BuildLiteBehavior [ RunTime:0.000000s ]
INFO: [ app_init ] --END-- [ RunTime:0.000976s ]

[ 2018-05-16T14:36:46+08:00 ] 122.235.233.252 /layui/index.php/Home/auth/roleList.html?page=1&limit=10
INFO: [ app_init ] --START--
INFO: Run Behavior\BuildLiteBehavior [ RunTime:0.000000s ]
INFO: [ app_init ] --END-- [ RunTime:0.000977s ]

[ 2018-05-16T14:36:52+08:00 ] 122.235.233.252 /layui/index.php/Home/auth/ruleAdd.html
INFO: [ app_init ] --START--
INFO: Run Behavior\BuildLiteBehavior [ RunTime:0.000977s ]
INFO: [ app_init ] --END-- [ RunTime:0.000977s ]

[ 2018-05-16T14:37:00+08:00 ] 122.235.233.252 /layui/index.php/Home/Auth/ruleAdd.html
INFO: [ app_init ] --START--
INFO: Run Behavior\BuildLiteBehavior [ RunTime:0.000000s ]
INFO: [ app_init ] --END-- [ RunTime:0.000977s ]

[ 2018-05-16T14:37:01+08:00 ] 122.235.233.252 /layui/index.php/Home/auth/ruleList.html
INFO: [ app_init ] --START--
INFO: Run Behavior\BuildLiteBehavior [ RunTime:0.000000s ]
INFO: [ app_init ] --END-- [ RunTime:0.000976s ]

[ 2018-05-16T14:37:02+08:00 ] 122.235.233.252 /layui/index.php/Home/auth/ruleList.html?page=1&limit=10
INFO: [ app_init ] --START--
INFO: Run Behavior\BuildLiteBehavior [ RunTime:0.000000s ]
INFO: [ app_init ] --END-- [ RunTime:0.000000s ]

[ 2018-05-16T14:37:04+08:00 ] 122.235.233.252 /layui/index.php/Home/auth/ruleEdit.html?id=28
INFO: [ app_init ] --START--
INFO: Run Behavior\BuildLiteBehavior [ RunTime:0.000000s ]
INFO: [ app_init ] --END-- [ RunTime:0.000977s ]

[ 2018-05-16T14:37:06+08:00 ] 122.235.233.252 /layui/index.php/Home/auth/ruleEdit.html
INFO: [ app_init ] --START--
INFO: Run Behavior\BuildLiteBehavior [ RunTime:0.000000s ]
INFO: [ app_init ] --END-- [ RunTime:0.000976s ]

[ 2018-05-16T14:37:07+08:00 ] 122.235.233.252 /layui/index.php/Home/auth/ruleList.html
INFO: [ app_init ] --START--
INFO: Run Behavior\BuildLiteBehavior [ RunTime:0.000000s ]
INFO: [ app_init ] --END-- [ RunTime:0.000977s ]

[ 2018-05-16T14:37:08+08:00 ] 122.235.233.252 /layui/index.php/Home/auth/ruleList.html?page=1&limit=10
INFO: [ app_init ] --START--
INFO: Run Behavior\BuildLiteBehavior [ RunTime:0.000000s ]
INFO: [ app_init ] --END-- [ RunTime:0.000976s ]

[ 2018-05-16T14:37:11+08:00 ] 122.235.233.252 /layui/index.php/Home/auth/ruleDelete.html
INFO: [ app_init ] --START--
INFO: Run Behavior\BuildLiteBehavior [ RunTime:0.000000s ]
INFO: [ app_init ] --END-- [ RunTime:0.000977s ]

[ 2018-05-16T14:37:12+08:00 ] 122.235.233.252 /layui/index.php/Home/auth/ruleList.html
INFO: [ app_init ] --START--
INFO: Run Behavior\BuildLiteBehavior [ RunTime:0.000000s ]
INFO: [ app_init ] --END-- [ RunTime:0.000976s ]

[ 2018-05-16T14:37:13+08:00 ] 122.235.233.252 /layui/index.php/Home/auth/ruleList.html?page=1&limit=10
INFO: [ app_init ] --START--
INFO: Run Behavior\BuildLiteBehavior [ RunTime:0.000000s ]
INFO: [ app_init ] --END-- [ RunTime:0.000000s ]

[ 2018-05-16T14:37:17+08:00 ] 122.235.233.252 /layui/index.php/Home/log/logsList.html
INFO: [ app_init ] --START--
INFO: Run Behavior\BuildLiteBehavior [ RunTime:0.000000s ]
INFO: [ app_init ] --END-- [ RunTime:0.000000s ]

[ 2018-05-16T14:37:18+08:00 ] 122.235.233.252 /layui/index.php/Home/log/logsList.html?page=1&limit=10
INFO: [ app_init ] --START--
INFO: Run Behavior\BuildLiteBehavior [ RunTime:0.000000s ]
INFO: [ app_init ] --END-- [ RunTime:0.000000s ]

[ 2018-05-16T14:37:24+08:00 ] 122.235.233.252 /layui/index.php/Home/log/logsList.html
INFO: [ app_init ] --START--
INFO: Run Behavior\BuildLiteBehavior [ RunTime:0.000000s ]
INFO: [ app_init ] --END-- [ RunTime:0.000000s ]

[ 2018-05-16T14:37:24+08:00 ] 122.235.233.252 /layui/index.php/Home/log/logsList.html?page=1&limit=10
INFO: [ app_init ] --START--
INFO: Run Behavior\BuildLiteBehavior [ RunTime:0.000000s ]
INFO: [ app_init ] --END-- [ RunTime:0.000976s ]

[ 2018-05-16T14:37:29+08:00 ] 122.235.233.252 /layui/index.php/Home/Log/logsDelete.html
INFO: [ app_init ] --START--
INFO: Run Behavior\BuildLiteBehavior [ RunTime:0.000000s ]
INFO: [ app_init ] --END-- [ RunTime:0.000977s ]

[ 2018-05-16T14:37:30+08:00 ] 122.235.233.252 /layui/index.php/Home/log/logsList.html
INFO: [ app_init ] --START--
INFO: Run Behavior\BuildLiteBehavior [ RunTime:0.000977s ]
INFO: [ app_init ] --END-- [ RunTime:0.000977s ]

[ 2018-05-16T14:37:31+08:00 ] 122.235.233.252 /layui/index.php/Home/log/logsList.html?page=1&limit=10
INFO: [ app_init ] --START--
INFO: Run Behavior\BuildLiteBehavior [ RunTime:0.000000s ]
INFO: [ app_init ] --END-- [ RunTime:0.000976s ]

[ 2018-05-16T14:37:34+08:00 ] 122.235.233.252 /layui/index.php/Home/Log/logsDelete.html
INFO: [ app_init ] --START--
INFO: Run Behavior\BuildLiteBehavior [ RunTime:0.000000s ]
INFO: [ app_init ] --END-- [ RunTime:0.000000s ]

[ 2018-05-16T14:37:35+08:00 ] 122.235.233.252 /layui/index.php/Home/log/logsList.html
INFO: [ app_init ] --START--
INFO: Run Behavior\BuildLiteBehavior [ RunTime:0.000000s ]
INFO: [ app_init ] --END-- [ RunTime:0.000977s ]

[ 2018-05-16T14:37:36+08:00 ] 122.235.233.252 /layui/index.php/Home/log/logsList.html?page=1&limit=10
INFO: [ app_init ] --START--
INFO: Run Behavior\BuildLiteBehavior [ RunTime:0.000000s ]
INFO: [ app_init ] --END-- [ RunTime:0.000977s ]

[ 2018-05-16T14:37:38+08:00 ] 122.235.233.252 /layui/index.php/Home/Log/logsDelete.html
INFO: [ app_init ] --START--
INFO: Run Behavior\BuildLiteBehavior [ RunTime:0.000000s ]
INFO: [ app_init ] --END-- [ RunTime:0.000000s ]

[ 2018-05-16T14:37:39+08:00 ] 122.235.233.252 /layui/index.php/Home/log/logsList.html
INFO: [ app_init ] --START--
INFO: Run Behavior\BuildLiteBehavior [ RunTime:0.000000s ]
INFO: [ app_init ] --END-- [ RunTime:0.000000s ]

[ 2018-05-16T14:37:40+08:00 ] 122.235.233.252 /layui/index.php/Home/log/logsList.html?page=1&limit=10
INFO: [ app_init ] --START--
INFO: Run Behavior\BuildLiteBehavior [ RunTime:0.000000s ]
INFO: [ app_init ] --END-- [ RunTime:0.000977s ]

[ 2018-05-16T14:42:25+08:00 ] 122.235.233.252 /layui/index.php/Home/Index/index.html
INFO: [ app_init ] --START--
INFO: Run Behavior\BuildLiteBehavior [ RunTime:0.000000s ]
INFO: [ app_init ] --END-- [ RunTime:0.000000s ]

[ 2018-05-16T14:42:26+08:00 ] 122.235.233.252 /layui/index.php/Home/Public/welcome.html
INFO: [ app_init ] --START--
INFO: Run Behavior\BuildLiteBehavior [ RunTime:0.000000s ]
INFO: [ app_init ] --END-- [ RunTime:0.000976s ]

[ 2018-05-16T14:42:28+08:00 ] 122.235.233.252 /layui/index.php/Home/index/vrList.html
INFO: [ app_init ] --START--
INFO: Run Behavior\BuildLiteBehavior [ RunTime:0.000000s ]
INFO: [ app_init ] --END-- [ RunTime:0.000976s ]

[ 2018-05-16T14:42:29+08:00 ] 122.235.233.252 /layui/index.php/Home/index/vrList.html?page=1&limit=10
INFO: [ app_init ] --START--
INFO: Run Behavior\BuildLiteBehavior [ RunTime:0.000000s ]
INFO: [ app_init ] --END-- [ RunTime:0.000976s ]

[ 2018-05-16T14:42:31+08:00 ] 122.235.233.252 /layui/index.php/Home/auth/adminList.html
INFO: [ app_init ] --START--
INFO: Run Behavior\BuildLiteBehavior [ RunTime:0.000000s ]
INFO: [ app_init ] --END-- [ RunTime:0.000977s ]

[ 2018-05-16T14:42:32+08:00 ] 122.235.233.252 /layui/index.php/Home/auth/adminList.html?page=1&limit=10
INFO: [ app_init ] --START--
INFO: Run Behavior\BuildLiteBehavior [ RunTime:0.000000s ]
INFO: [ app_init ] --END-- [ RunTime:0.001954s ]

[ 2018-05-16T14:42:32+08:00 ] 122.235.233.252 /layui/index.php/Home/auth/roleList.html
INFO: [ app_init ] --START--
INFO: Run Behavior\BuildLiteBehavior [ RunTime:0.000000s ]
INFO: [ app_init ] --END-- [ RunTime:0.000977s ]

[ 2018-05-16T14:42:33+08:00 ] 122.235.233.252 /layui/index.php/Home/auth/roleList.html?page=1&limit=10
INFO: [ app_init ] --START--
INFO: Run Behavior\BuildLiteBehavior [ RunTime:0.000000s ]
INFO: [ app_init ] --END-- [ RunTime:0.000976s ]

[ 2018-05-16T14:42:34+08:00 ] 122.235.233.252 /layui/index.php/Home/auth/ruleList.html
INFO: [ app_init ] --START--
INFO: Run Behavior\BuildLiteBehavior [ RunTime:0.000000s ]
INFO: [ app_init ] --END-- [ RunTime:0.000000s ]

[ 2018-05-16T14:42:35+08:00 ] 122.235.233.252 /layui/index.php/Home/auth/ruleList.html?page=1&limit=10
INFO: [ app_init ] --START--
INFO: Run Behavior\BuildLiteBehavior [ RunTime:0.000000s ]
INFO: [ app_init ] --END-- [ RunTime:0.000000s ]

[ 2018-05-16T14:42:40+08:00 ] 122.235.233.252 /layui/index.php/Home/log/logsList.html
INFO: [ app_init ] --START--
INFO: Run Behavior\BuildLiteBehavior [ RunTime:0.000000s ]
INFO: [ app_init ] --END-- [ RunTime:0.000976s ]

[ 2018-05-16T14:42:40+08:00 ] 122.235.233.252 /layui/index.php/Home/log/logsList.html?page=1&limit=10
INFO: [ app_init ] --START--
INFO: Run Behavior\BuildLiteBehavior [ RunTime:0.000000s ]
INFO: [ app_init ] --END-- [ RunTime:0.000977s ]

[ 2018-05-16T14:42:59+08:00 ] 122.235.233.252 /layui/index.php
INFO: [ app_init ] --START--
INFO: Run Behavior\BuildLiteBehavior [ RunTime:0.000000s ]
INFO: [ app_init ] --END-- [ RunTime:0.000000s ]

[ 2018-05-16T14:42:59+08:00 ] 122.235.233.252 /layui/index.php/Home/Public/welcome.html
INFO: [ app_init ] --START--
INFO: Run Behavior\BuildLiteBehavior [ RunTime:0.000000s ]
INFO: [ app_init ] --END-- [ RunTime:0.000976s ]

[ 2018-05-16T16:51:11+08:00 ] 122.235.233.252 /layui/index.php/Home/Index/index.html
INFO: [ app_init ] --START--
INFO: Run Behavior\BuildLiteBehavior [ RunTime:0.000000s ]
INFO: [ app_init ] --END-- [ RunTime:0.000976s ]

[ 2018-05-16T16:51:15+08:00 ] 122.235.233.252 /layui/index.php/Home/Public/loginb.html
INFO: [ app_init ] --START--
INFO: Run Behavior\BuildLiteBehavior [ RunTime:0.000000s ]
INFO: [ app_init ] --END-- [ RunTime:0.000977s ]

[ 2018-05-16T16:51:19+08:00 ] 122.235.233.252 /layui/index.php/Home/Public/loginb.html
INFO: [ app_init ] --START--
INFO: Run Behavior\BuildLiteBehavior [ RunTime:0.000000s ]
INFO: [ app_init ] --END-- [ RunTime:0.000000s ]

[ 2018-05-16T16:51:20+08:00 ] 122.235.233.252 /layui/index.php/Home/Index/index.html
INFO: [ app_init ] --START--
INFO: Run Behavior\BuildLiteBehavior [ RunTime:0.000000s ]
INFO: [ app_init ] --END-- [ RunTime:0.000977s ]

[ 2018-05-16T16:51:20+08:00 ] 122.235.233.252 /layui/index.php/Home/Public/welcome.html
INFO: [ app_init ] --START--
INFO: Run Behavior\BuildLiteBehavior [ RunTime:0.000000s ]
INFO: [ app_init ] --END-- [ RunTime:0.000977s ]

[ 2018-05-16T16:51:22+08:00 ] 122.235.233.252 /layui/index.php/Home/auth/adminList.html
INFO: [ app_init ] --START--
INFO: Run Behavior\BuildLiteBehavior [ RunTime:0.000000s ]
INFO: [ app_init ] --END-- [ RunTime:0.000000s ]

[ 2018-05-16T16:51:23+08:00 ] 122.235.233.252 /layui/index.php/Home/auth/adminList.html?page=1&limit=10
INFO: [ app_init ] --START--
INFO: Run Behavior\BuildLiteBehavior [ RunTime:0.000000s ]
INFO: [ app_init ] --END-- [ RunTime:0.000000s ]

[ 2018-05-16T16:51:25+08:00 ] 122.235.233.252 /layui/index.php/Home/auth/roleList.html
INFO: [ app_init ] --START--
INFO: Run Behavior\BuildLiteBehavior [ RunTime:0.000000s ]
INFO: [ app_init ] --END-- [ RunTime:0.000000s ]

[ 2018-05-16T16:51:25+08:00 ] 122.235.233.252 /layui/index.php/Home/auth/roleList.html?page=1&limit=10
INFO: [ app_init ] --START--
INFO: Run Behavior\BuildLiteBehavior [ RunTime:0.000000s ]
INFO: [ app_init ] --END-- [ RunTime:0.001953s ]

[ 2018-05-16T16:51:26+08:00 ] 122.235.233.252 /layui/index.php/Home/auth/ruleList.html
INFO: [ app_init ] --START--
INFO: Run Behavior\BuildLiteBehavior [ RunTime:0.000000s ]
INFO: [ app_init ] --END-- [ RunTime:0.000977s ]

[ 2018-05-16T16:51:26+08:00 ] 122.235.233.252 /layui/index.php/Home/auth/ruleList.html?page=1&limit=10
INFO: [ app_init ] --START--
INFO: Run Behavior\BuildLiteBehavior [ RunTime:0.000000s ]
INFO: [ app_init ] --END-- [ RunTime:0.000000s ]

[ 2018-05-16T16:51:29+08:00 ] 122.235.233.252 /layui/index.php/Home/log/logsList.html
INFO: [ app_init ] --START--
INFO: Run Behavior\BuildLiteBehavior [ RunTime:0.000000s ]
INFO: [ app_init ] --END-- [ RunTime:0.000000s ]

[ 2018-05-16T16:51:29+08:00 ] 122.235.233.252 /layui/index.php/Home/log/logsList.html?page=1&limit=10
INFO: [ app_init ] --START--
INFO: Run Behavior\BuildLiteBehavior [ RunTime:0.000976s ]
INFO: [ app_init ] --END-- [ RunTime:0.000976s ]

[ 2018-05-16T16:51:32+08:00 ] 122.235.233.252 /layui/index.php/Home/index/vrList.html
INFO: [ app_init ] --START--
INFO: Run Behavior\BuildLiteBehavior [ RunTime:0.000000s ]
INFO: [ app_init ] --END-- [ RunTime:0.000976s ]

[ 2018-05-16T16:51:32+08:00 ] 122.235.233.252 /layui/index.php/Home/index/vrList.html?page=1&limit=10
INFO: [ app_init ] --START--
INFO: Run Behavior\BuildLiteBehavior [ RunTime:0.000000s ]
INFO: [ app_init ] --END-- [ RunTime:0.000000s ]

[ 2018-05-16T17:02:30+08:00 ] 122.235.233.252 /layui/index.php/Home/index/vrList.html
INFO: [ app_init ] --START--
INFO: Run Behavior\BuildLiteBehavior [ RunTime:0.000000s ]
INFO: [ app_init ] --END-- [ RunTime:0.000000s ]

[ 2018-05-16T17:02:30+08:00 ] 122.235.233.252 /layui/index.php/Home/index/vrList.html?page=1&limit=10
INFO: [ app_init ] --START--
INFO: Run Behavior\BuildLiteBehavior [ RunTime:0.000000s ]
INFO: [ app_init ] --END-- [ RunTime:0.000977s ]

[ 2018-05-16T17:08:23+08:00 ] 122.235.233.252 /layui/index.php/Home/auth/adminAdd.html
INFO: [ app_init ] --START--
INFO: Run Behavior\BuildLiteBehavior [ RunTime:0.000000s ]
INFO: [ app_init ] --END-- [ RunTime:0.000000s ]

[ 2018-05-16T17:10:35+08:00 ] 122.235.233.252 /layui/index.php/Home/auth/ruleAdd.html
INFO: [ app_init ] --START--
INFO: Run Behavior\BuildLiteBehavior [ RunTime:0.000000s ]
INFO: [ app_init ] --END-- [ RunTime:0.000976s ]

[ 2018-05-16T17:10:43+08:00 ] 122.235.233.252 /layui/index.php/Home/auth/ruleAdd.html
INFO: [ app_init ] --START--
INFO: Run Behavior\BuildLiteBehavior [ RunTime:0.000000s ]
INFO: [ app_init ] --END-- [ RunTime:0.000976s ]

[ 2018-05-16T17:16:30+08:00 ] 122.235.233.252 /layui/index.php/Home/auth/ruleList.html
INFO: [ app_init ] --START--
INFO: Run Behavior\BuildLiteBehavior [ RunTime:0.000000s ]
INFO: [ app_init ] --END-- [ RunTime:0.000977s ]

[ 2018-05-16T17:16:31+08:00 ] 122.235.233.252 /layui/index.php/Home/auth/ruleList.html?page=1&limit=10
INFO: [ app_init ] --START--
INFO: Run Behavior\BuildLiteBehavior [ RunTime:0.000000s ]
INFO: [ app_init ] --END-- [ RunTime:0.000977s ]

[ 2018-05-16T17:16:35+08:00 ] 122.235.233.252 /layui/index.php/Home/auth/ruleList.html
INFO: [ app_init ] --START--
INFO: Run Behavior\BuildLiteBehavior [ RunTime:0.000000s ]
INFO: [ app_init ] --END-- [ RunTime:0.000000s ]

[ 2018-05-16T17:16:35+08:00 ] 122.235.233.252 /layui/index.php/Home/auth/ruleList.html?page=1&limit=10
INFO: [ app_init ] --START--
INFO: Run Behavior\BuildLiteBehavior [ RunTime:0.000000s ]
INFO: [ app_init ] --END-- [ RunTime:0.000976s ]

[ 2018-05-16T17:16:36+08:00 ] 122.235.233.252 /layui/index.php/Home/auth/ruleList.html
INFO: [ app_init ] --START--
INFO: Run Behavior\BuildLiteBehavior [ RunTime:0.000000s ]
INFO: [ app_init ] --END-- [ RunTime:0.000977s ]

[ 2018-05-16T17:16:36+08:00 ] 122.235.233.252 /layui/index.php/Home/auth/ruleList.html?page=1&limit=10
INFO: [ app_init ] --START--
INFO: Run Behavior\BuildLiteBehavior [ RunTime:0.000000s ]
INFO: [ app_init ] --END-- [ RunTime:0.000000s ]

