[ 2018-05-24T10:41:05+08:00 ] 218.74.29.32 /layui/Upload/quanjing/2018-05-10/175109454.jpeg
INFO: [ app_init ] --START--
INFO: Run Behavior\BuildLiteBehavior [ RunTime:0.000000s ]
INFO: [ app_init ] --END-- [ RunTime:0.000976s ]
ERR: 无法加载模块:Upload

[ 2018-05-24T10:41:05+08:00 ] 218.74.29.32 /layui/Upload/quanjing/2018-05-17/164550406.png
INFO: [ app_init ] --START--
INFO: Run Behavior\BuildLiteBehavior [ RunTime:0.000000s ]
INFO: [ app_init ] --END-- [ RunTime:0.000976s ]
ERR: 无法加载模块:Upload

[ 2018-05-24T10:41:05+08:00 ] 218.74.29.32 /layui/Upload/quanjing/2018-05-17/173811990.png
INFO: [ app_init ] --START--
INFO: Run Behavior\BuildLiteBehavior [ RunTime:0.000000s ]
INFO: [ app_init ] --END-- [ RunTime:0.000976s ]
ERR: 无法加载模块:Upload

[ 2018-05-24T10:41:05+08:00 ] 218.74.29.32 /layui/Upload/quanjing/2018-05-09/195702495.gif
INFO: [ app_init ] --START--
INFO: Run Behavior\BuildLiteBehavior [ RunTime:0.000000s ]
INFO: [ app_init ] --END-- [ RunTime:0.000976s ]
ERR: 无法加载模块:Upload

[ 2018-05-24T10:52:04+08:00 ] 218.74.29.32 /layui/Upload/quanjing/2018-05-17/173811990.png
INFO: [ app_init ] --START--
INFO: Run Behavior\BuildLiteBehavior [ RunTime:0.000977s ]
INFO: [ app_init ] --END-- [ RunTime:0.000977s ]
ERR: 无法加载模块:Upload

[ 2018-05-24T10:52:04+08:00 ] 218.74.29.32 /layui/Upload/quanjing/2018-05-17/164550406.png
INFO: [ app_init ] --START--
INFO: Run Behavior\BuildLiteBehavior [ RunTime:0.000000s ]
INFO: [ app_init ] --END-- [ RunTime:0.000000s ]
ERR: 无法加载模块:Upload

[ 2018-05-24T10:52:04+08:00 ] 218.74.29.32 /layui/Upload/quanjing/2018-05-10/175109454.jpeg
INFO: [ app_init ] --START--
INFO: Run Behavior\BuildLiteBehavior [ RunTime:0.000000s ]
INFO: [ app_init ] --END-- [ RunTime:0.000000s ]
ERR: 无法加载模块:Upload

[ 2018-05-24T10:52:04+08:00 ] 218.74.29.32 /layui/Upload/quanjing/2018-05-09/195702495.gif
INFO: [ app_init ] --START--
INFO: Run Behavior\BuildLiteBehavior [ RunTime:0.000977s ]
INFO: [ app_init ] --END-- [ RunTime:0.000977s ]
ERR: 无法加载模块:Upload

[ 2018-05-24T10:55:06+08:00 ] 218.74.29.32 /layui/Upload/quanjing/2018-05-17/173811990.png
INFO: [ app_init ] --START--
INFO: Run Behavior\BuildLiteBehavior [ RunTime:0.000000s ]
INFO: [ app_init ] --END-- [ RunTime:0.000000s ]
ERR: 无法加载模块:Upload

[ 2018-05-24T10:55:06+08:00 ] 218.74.29.32 /layui/Upload/quanjing/2018-05-17/164550406.png
INFO: [ app_init ] --START--
INFO: Run Behavior\BuildLiteBehavior [ RunTime:0.000000s ]
INFO: [ app_init ] --END-- [ RunTime:0.000000s ]
ERR: 无法加载模块:Upload

[ 2018-05-24T10:55:06+08:00 ] 218.74.29.32 /layui/Upload/quanjing/2018-05-10/175109454.jpeg
INFO: [ app_init ] --START--
INFO: Run Behavior\BuildLiteBehavior [ RunTime:0.000000s ]
INFO: [ app_init ] --END-- [ RunTime:0.000977s ]
ERR: 无法加载模块:Upload

[ 2018-05-24T10:55:06+08:00 ] 218.74.29.32 /layui/Upload/quanjing/2018-05-09/195702495.gif
INFO: [ app_init ] --START--
INFO: Run Behavior\BuildLiteBehavior [ RunTime:0.000000s ]
INFO: [ app_init ] --END-- [ RunTime:0.000977s ]
ERR: 无法加载模块:Upload

[ 2018-05-24T10:55:08+08:00 ] 218.74.29.32 /layui/Upload/quanjing/2018-05-17/173811990.png
INFO: [ app_init ] --START--
INFO: Run Behavior\BuildLiteBehavior [ RunTime:0.000000s ]
INFO: [ app_init ] --END-- [ RunTime:0.000976s ]
ERR: 无法加载模块:Upload

[ 2018-05-24T10:55:08+08:00 ] 218.74.29.32 /layui/Upload/quanjing/2018-05-17/164550406.png
INFO: [ app_init ] --START--
INFO: Run Behavior\BuildLiteBehavior [ RunTime:0.000000s ]
INFO: [ app_init ] --END-- [ RunTime:0.000000s ]
ERR: 无法加载模块:Upload

[ 2018-05-24T10:55:08+08:00 ] 218.74.29.32 /layui/Upload/quanjing/2018-05-10/175109454.jpeg
INFO: [ app_init ] --START--
INFO: Run Behavior\BuildLiteBehavior [ RunTime:0.000000s ]
INFO: [ app_init ] --END-- [ RunTime:0.000000s ]
ERR: 无法加载模块:Upload

[ 2018-05-24T10:55:08+08:00 ] 218.74.29.32 /layui/Upload/quanjing/2018-05-09/195702495.gif
INFO: [ app_init ] --START--
INFO: Run Behavior\BuildLiteBehavior [ RunTime:0.000000s ]
INFO: [ app_init ] --END-- [ RunTime:0.000977s ]
ERR: 无法加载模块:Upload

[ 2018-05-24T10:55:14+08:00 ] 218.74.29.32 /layui/Upload/quanjing/2018-05-17/164550406.png
INFO: [ app_init ] --START--
INFO: Run Behavior\BuildLiteBehavior [ RunTime:0.000000s ]
INFO: [ app_init ] --END-- [ RunTime:0.000000s ]
ERR: 无法加载模块:Upload

[ 2018-05-24T10:55:14+08:00 ] 218.74.29.32 /layui/Upload/quanjing/2018-05-10/175109454.jpeg
INFO: [ app_init ] --START--
INFO: Run Behavior\BuildLiteBehavior [ RunTime:0.000000s ]
INFO: [ app_init ] --END-- [ RunTime:0.000000s ]
ERR: 无法加载模块:Upload

[ 2018-05-24T10:55:14+08:00 ] 218.74.29.32 /layui/Upload/quanjing/2018-05-17/173811990.png
INFO: [ app_init ] --START--
INFO: Run Behavior\BuildLiteBehavior [ RunTime:0.000000s ]
INFO: [ app_init ] --END-- [ RunTime:0.000976s ]
ERR: 无法加载模块:Upload

[ 2018-05-24T10:55:14+08:00 ] 218.74.29.32 /layui/Upload/quanjing/2018-05-09/195702495.gif
INFO: [ app_init ] --START--
INFO: Run Behavior\BuildLiteBehavior [ RunTime:0.000000s ]
INFO: [ app_init ] --END-- [ RunTime:0.000000s ]
ERR: 无法加载模块:Upload

[ 2018-05-24T10:55:24+08:00 ] 218.74.29.32 /layui/Upload/quanjing/2018-05-17/173811990.png
INFO: [ app_init ] --START--
INFO: Run Behavior\BuildLiteBehavior [ RunTime:0.000000s ]
INFO: [ app_init ] --END-- [ RunTime:0.000977s ]
ERR: 无法加载模块:Upload

[ 2018-05-24T10:55:24+08:00 ] 218.74.29.32 /layui/Upload/quanjing/2018-05-17/164550406.png
INFO: [ app_init ] --START--
INFO: Run Behavior\BuildLiteBehavior [ RunTime:0.000000s ]
INFO: [ app_init ] --END-- [ RunTime:0.000000s ]
ERR: 无法加载模块:Upload

[ 2018-05-24T10:55:24+08:00 ] 218.74.29.32 /layui/Upload/quanjing/2018-05-10/175109454.jpeg
INFO: [ app_init ] --START--
INFO: Run Behavior\BuildLiteBehavior [ RunTime:0.000000s ]
INFO: [ app_init ] --END-- [ RunTime:0.000000s ]
ERR: 无法加载模块:Upload

[ 2018-05-24T10:55:24+08:00 ] 218.74.29.32 /layui/Upload/quanjing/2018-05-09/195702495.gif
INFO: [ app_init ] --START--
INFO: Run Behavior\BuildLiteBehavior [ RunTime:0.000000s ]
INFO: [ app_init ] --END-- [ RunTime:0.000000s ]
ERR: 无法加载模块:Upload

[ 2018-05-24T10:55:26+08:00 ] 218.74.29.32 /layui/Upload/quanjing/2018-05-09/195207262.gif
INFO: [ app_init ] --START--
INFO: Run Behavior\BuildLiteBehavior [ RunTime:0.000000s ]
INFO: [ app_init ] --END-- [ RunTime:0.000000s ]
ERR: 无法加载模块:Upload

[ 2018-05-24T10:55:31+08:00 ] 218.74.29.32 /layui/Upload/quanjing/2018-05-17/173811990.png
INFO: [ app_init ] --START--
INFO: Run Behavior\BuildLiteBehavior [ RunTime:0.000000s ]
INFO: [ app_init ] --END-- [ RunTime:0.000000s ]
ERR: 无法加载模块:Upload

[ 2018-05-24T10:55:31+08:00 ] 218.74.29.32 /layui/Upload/quanjing/2018-05-17/164550406.png
INFO: [ app_init ] --START--
INFO: Run Behavior\BuildLiteBehavior [ RunTime:0.000000s ]
INFO: [ app_init ] --END-- [ RunTime:0.000977s ]
ERR: 无法加载模块:Upload

[ 2018-05-24T10:55:31+08:00 ] 218.74.29.32 /layui/Upload/quanjing/2018-05-10/175109454.jpeg
INFO: [ app_init ] --START--
INFO: Run Behavior\BuildLiteBehavior [ RunTime:0.000000s ]
INFO: [ app_init ] --END-- [ RunTime:0.000000s ]
ERR: 无法加载模块:Upload

[ 2018-05-24T10:55:31+08:00 ] 218.74.29.32 /layui/Upload/quanjing/2018-05-09/195702495.gif
INFO: [ app_init ] --START--
INFO: Run Behavior\BuildLiteBehavior [ RunTime:0.000000s ]
INFO: [ app_init ] --END-- [ RunTime:0.000000s ]
ERR: 无法加载模块:Upload

[ 2018-05-24T10:56:56+08:00 ] 218.74.29.32 /layui/Upload/quanjing/2018-05-17/173811990.png
INFO: [ app_init ] --START--
INFO: Run Behavior\BuildLiteBehavior [ RunTime:0.000000s ]
INFO: [ app_init ] --END-- [ RunTime:0.000977s ]
ERR: 无法加载模块:Upload

[ 2018-05-24T10:56:56+08:00 ] 218.74.29.32 /layui/Upload/quanjing/2018-05-09/195207262.gif
INFO: [ app_init ] --START--
INFO: Run Behavior\BuildLiteBehavior [ RunTime:0.000000s ]
INFO: [ app_init ] --END-- [ RunTime:0.000000s ]
ERR: 无法加载模块:Upload

[ 2018-05-24T10:56:56+08:00 ] 218.74.29.32 /layui/Upload/quanjing/2018-05-10/175109454.jpeg
INFO: [ app_init ] --START--
INFO: Run Behavior\BuildLiteBehavior [ RunTime:0.000000s ]
INFO: [ app_init ] --END-- [ RunTime:0.000000s ]
ERR: 无法加载模块:Upload

[ 2018-05-24T10:56:56+08:00 ] 218.74.29.32 /layui/Upload/quanjing/2018-05-17/164550406.png
INFO: [ app_init ] --START--
INFO: Run Behavior\BuildLiteBehavior [ RunTime:0.000000s ]
INFO: [ app_init ] --END-- [ RunTime:0.000000s ]
ERR: 无法加载模块:Upload

[ 2018-05-24T10:56:56+08:00 ] 218.74.29.32 /layui/Upload/quanjing/2018-05-09/195702495.gif
INFO: [ app_init ] --START--
INFO: Run Behavior\BuildLiteBehavior [ RunTime:0.000000s ]
INFO: [ app_init ] --END-- [ RunTime:0.000977s ]
ERR: 无法加载模块:Upload

[ 2018-05-24T10:57:02+08:00 ] 218.74.29.32 /layui/Upload/quanjing/2018-05-17/173811990.png
INFO: [ app_init ] --START--
INFO: Run Behavior\BuildLiteBehavior [ RunTime:0.000000s ]
INFO: [ app_init ] --END-- [ RunTime:0.000976s ]
ERR: 无法加载模块:Upload

[ 2018-05-24T10:57:02+08:00 ] 218.74.29.32 /layui/Upload/quanjing/2018-05-17/164550406.png
INFO: [ app_init ] --START--
INFO: Run Behavior\BuildLiteBehavior [ RunTime:0.000977s ]
INFO: [ app_init ] --END-- [ RunTime:0.000977s ]
ERR: 无法加载模块:Upload

[ 2018-05-24T10:57:02+08:00 ] 218.74.29.32 /layui/Upload/quanjing/2018-05-10/175109454.jpeg
INFO: [ app_init ] --START--
INFO: Run Behavior\BuildLiteBehavior [ RunTime:0.000000s ]
INFO: [ app_init ] --END-- [ RunTime:0.000977s ]
ERR: 无法加载模块:Upload

[ 2018-05-24T10:57:02+08:00 ] 218.74.29.32 /layui/Upload/quanjing/2018-05-09/195702495.gif
INFO: [ app_init ] --START--
INFO: Run Behavior\BuildLiteBehavior [ RunTime:0.000000s ]
INFO: [ app_init ] --END-- [ RunTime:0.000976s ]
ERR: 无法加载模块:Upload

[ 2018-05-24T10:57:02+08:00 ] 218.74.29.32 /layui/Upload/quanjing/2018-05-09/195207262.gif
INFO: [ app_init ] --START--
INFO: Run Behavior\BuildLiteBehavior [ RunTime:0.000000s ]
INFO: [ app_init ] --END-- [ RunTime:0.000000s ]
ERR: 无法加载模块:Upload

[ 2018-05-24T10:58:13+08:00 ] 218.74.29.32 /layui/Upload/quanjing/2018-05-17/173811990.png
INFO: [ app_init ] --START--
INFO: Run Behavior\BuildLiteBehavior [ RunTime:0.000000s ]
INFO: [ app_init ] --END-- [ RunTime:0.000000s ]
ERR: 无法加载模块:Upload

[ 2018-05-24T10:58:13+08:00 ] 218.74.29.32 /layui/Upload/quanjing/2018-05-17/164550406.png
INFO: [ app_init ] --START--
INFO: Run Behavior\BuildLiteBehavior [ RunTime:0.000000s ]
INFO: [ app_init ] --END-- [ RunTime:0.000000s ]
ERR: 无法加载模块:Upload

[ 2018-05-24T10:58:13+08:00 ] 218.74.29.32 /layui/Upload/quanjing/2018-05-10/175109454.jpeg
INFO: [ app_init ] --START--
INFO: Run Behavior\BuildLiteBehavior [ RunTime:0.000000s ]
INFO: [ app_init ] --END-- [ RunTime:0.000976s ]
ERR: 无法加载模块:Upload

[ 2018-05-24T10:58:13+08:00 ] 218.74.29.32 /layui/Upload/quanjing/2018-05-09/195702495.gif
INFO: [ app_init ] --START--
INFO: Run Behavior\BuildLiteBehavior [ RunTime:0.000000s ]
INFO: [ app_init ] --END-- [ RunTime:0.000976s ]
ERR: 无法加载模块:Upload

[ 2018-05-24T10:58:13+08:00 ] 218.74.29.32 /layui/Upload/quanjing/2018-05-09/195207262.gif
INFO: [ app_init ] --START--
INFO: Run Behavior\BuildLiteBehavior [ RunTime:0.000000s ]
INFO: [ app_init ] --END-- [ RunTime:0.000977s ]
ERR: 无法加载模块:Upload

[ 2018-05-24T10:58:20+08:00 ] 218.74.29.32 /layui/Upload/quanjing/2018-05-17/173811990.png
INFO: [ app_init ] --START--
INFO: Run Behavior\BuildLiteBehavior [ RunTime:0.000000s ]
INFO: [ app_init ] --END-- [ RunTime:0.000976s ]
ERR: 无法加载模块:Upload

[ 2018-05-24T10:58:20+08:00 ] 218.74.29.32 /layui/Upload/quanjing/2018-05-17/164550406.png
INFO: [ app_init ] --START--
INFO: Run Behavior\BuildLiteBehavior [ RunTime:0.000000s ]
INFO: [ app_init ] --END-- [ RunTime:0.000000s ]
ERR: 无法加载模块:Upload

[ 2018-05-24T10:58:20+08:00 ] 218.74.29.32 /layui/Upload/quanjing/2018-05-10/175109454.jpeg
INFO: [ app_init ] --START--
INFO: Run Behavior\BuildLiteBehavior [ RunTime:0.000000s ]
INFO: [ app_init ] --END-- [ RunTime:0.000976s ]
ERR: 无法加载模块:Upload

[ 2018-05-24T10:58:20+08:00 ] 218.74.29.32 /layui/Upload/quanjing/2018-05-09/195702495.gif
INFO: [ app_init ] --START--
INFO: Run Behavior\BuildLiteBehavior [ RunTime:0.000000s ]
INFO: [ app_init ] --END-- [ RunTime:0.000977s ]
ERR: 无法加载模块:Upload

[ 2018-05-24T10:58:20+08:00 ] 218.74.29.32 /layui/Upload/quanjing/2018-05-09/195207262.gif
INFO: [ app_init ] --START--
INFO: Run Behavior\BuildLiteBehavior [ RunTime:0.000000s ]
INFO: [ app_init ] --END-- [ RunTime:0.000977s ]
ERR: 无法加载模块:Upload

[ 2018-05-24T11:11:25+08:00 ] 218.74.24.168 /layui/Upload/quanjing/2018-05-17/173811990.png
INFO: [ app_init ] --START--
INFO: Run Behavior\BuildLiteBehavior [ RunTime:0.000000s ]
INFO: [ app_init ] --END-- [ RunTime:0.000977s ]
ERR: 无法加载模块:Upload

[ 2018-05-24T11:11:25+08:00 ] 218.74.24.168 /layui/Upload/quanjing/2018-05-17/164550406.png
INFO: [ app_init ] --START--
INFO: Run Behavior\BuildLiteBehavior [ RunTime:0.000000s ]
INFO: [ app_init ] --END-- [ RunTime:0.000000s ]
ERR: 无法加载模块:Upload

[ 2018-05-24T11:11:25+08:00 ] 218.74.24.168 /layui/Upload/quanjing/2018-05-10/175109454.jpeg
INFO: [ app_init ] --START--
INFO: Run Behavior\BuildLiteBehavior [ RunTime:0.000000s ]
INFO: [ app_init ] --END-- [ RunTime:0.000976s ]
ERR: 无法加载模块:Upload

[ 2018-05-24T11:11:25+08:00 ] 218.74.24.168 /layui/Upload/quanjing/2018-05-09/195702495.gif
INFO: [ app_init ] --START--
INFO: Run Behavior\BuildLiteBehavior [ RunTime:0.000000s ]
INFO: [ app_init ] --END-- [ RunTime:0.000977s ]
ERR: 无法加载模块:Upload

[ 2018-05-24T11:11:25+08:00 ] 218.74.24.168 /layui/Upload/quanjing/2018-05-09/195207262.gif
INFO: [ app_init ] --START--
INFO: Run Behavior\BuildLiteBehavior [ RunTime:0.000000s ]
INFO: [ app_init ] --END-- [ RunTime:0.000000s ]
ERR: 无法加载模块:Upload

[ 2018-05-24T11:15:35+08:00 ] 218.74.24.168 /layui/Upload/quanjing/2018-05-17/173811990.png
INFO: [ app_init ] --START--
INFO: Run Behavior\BuildLiteBehavior [ RunTime:0.000000s ]
INFO: [ app_init ] --END-- [ RunTime:0.000000s ]
ERR: 无法加载模块:Upload

[ 2018-05-24T11:15:35+08:00 ] 218.74.24.168 /layui/Upload/quanjing/2018-05-17/164550406.png
INFO: [ app_init ] --START--
INFO: Run Behavior\BuildLiteBehavior [ RunTime:0.000000s ]
INFO: [ app_init ] --END-- [ RunTime:0.000000s ]
ERR: 无法加载模块:Upload

[ 2018-05-24T11:15:35+08:00 ] 218.74.24.168 /layui/Upload/quanjing/2018-05-10/175109454.jpeg
INFO: [ app_init ] --START--
INFO: Run Behavior\BuildLiteBehavior [ RunTime:0.000000s ]
INFO: [ app_init ] --END-- [ RunTime:0.000976s ]
ERR: 无法加载模块:Upload

[ 2018-05-24T11:15:35+08:00 ] 218.74.24.168 /layui/Upload/quanjing/2018-05-09/195702495.gif
INFO: [ app_init ] --START--
INFO: Run Behavior\BuildLiteBehavior [ RunTime:0.000000s ]
INFO: [ app_init ] --END-- [ RunTime:0.000977s ]
ERR: 无法加载模块:Upload

[ 2018-05-24T11:15:42+08:00 ] 218.74.24.168 /layui/Upload/quanjing/2018-05-17/173811990.png
INFO: [ app_init ] --START--
INFO: Run Behavior\BuildLiteBehavior [ RunTime:0.000000s ]
INFO: [ app_init ] --END-- [ RunTime:0.000000s ]
ERR: 无法加载模块:Upload

[ 2018-05-24T11:15:42+08:00 ] 218.74.24.168 /layui/Upload/quanjing/2018-05-17/164550406.png
INFO: [ app_init ] --START--
INFO: Run Behavior\BuildLiteBehavior [ RunTime:0.000000s ]
INFO: [ app_init ] --END-- [ RunTime:0.000000s ]
ERR: 无法加载模块:Upload

[ 2018-05-24T11:15:42+08:00 ] 218.74.24.168 /layui/Upload/quanjing/2018-05-10/175109454.jpeg
INFO: [ app_init ] --START--
INFO: Run Behavior\BuildLiteBehavior [ RunTime:0.000977s ]
INFO: [ app_init ] --END-- [ RunTime:0.000977s ]
ERR: 无法加载模块:Upload

[ 2018-05-24T11:15:42+08:00 ] 218.74.24.168 /layui/Upload/quanjing/2018-05-09/195702495.gif
INFO: [ app_init ] --START--
INFO: Run Behavior\BuildLiteBehavior [ RunTime:0.000000s ]
INFO: [ app_init ] --END-- [ RunTime:0.000000s ]
ERR: 无法加载模块:Upload

[ 2018-05-24T11:16:00+08:00 ] 218.74.24.168 /layui/Upload/quanjing/2018-05-17/173811990.png
INFO: [ app_init ] --START--
INFO: Run Behavior\BuildLiteBehavior [ RunTime:0.000000s ]
INFO: [ app_init ] --END-- [ RunTime:0.000976s ]
ERR: 无法加载模块:Upload

[ 2018-05-24T11:16:00+08:00 ] 218.74.24.168 /layui/Upload/quanjing/2018-05-17/164550406.png
INFO: [ app_init ] --START--
INFO: Run Behavior\BuildLiteBehavior [ RunTime:0.000000s ]
INFO: [ app_init ] --END-- [ RunTime:0.000000s ]
ERR: 无法加载模块:Upload

[ 2018-05-24T11:16:00+08:00 ] 218.74.24.168 /layui/Upload/quanjing/2018-05-10/175109454.jpeg
INFO: [ app_init ] --START--
INFO: Run Behavior\BuildLiteBehavior [ RunTime:0.000000s ]
INFO: [ app_init ] --END-- [ RunTime:0.000000s ]
ERR: 无法加载模块:Upload

[ 2018-05-24T11:16:00+08:00 ] 218.74.24.168 /layui/Upload/quanjing/2018-05-09/195702495.gif
INFO: [ app_init ] --START--
INFO: Run Behavior\BuildLiteBehavior [ RunTime:0.000000s ]
INFO: [ app_init ] --END-- [ RunTime:0.000976s ]
ERR: 无法加载模块:Upload

[ 2018-05-24T11:16:07+08:00 ] 218.74.24.168 /layui/Upload/quanjing/2018-05-17/173811990.png
INFO: [ app_init ] --START--
INFO: Run Behavior\BuildLiteBehavior [ RunTime:0.000000s ]
INFO: [ app_init ] --END-- [ RunTime:0.000000s ]
ERR: 无法加载模块:Upload

[ 2018-05-24T11:16:07+08:00 ] 218.74.24.168 /layui/Upload/quanjing/2018-05-10/175109454.jpeg
INFO: [ app_init ] --START--
INFO: Run Behavior\BuildLiteBehavior [ RunTime:0.000000s ]
INFO: [ app_init ] --END-- [ RunTime:0.000977s ]
ERR: 无法加载模块:Upload

[ 2018-05-24T11:16:07+08:00 ] 218.74.24.168 /layui/Upload/quanjing/2018-05-09/195702495.gif
INFO: [ app_init ] --START--
INFO: Run Behavior\BuildLiteBehavior [ RunTime:0.000000s ]
INFO: [ app_init ] --END-- [ RunTime:0.000000s ]
ERR: 无法加载模块:Upload

[ 2018-05-24T11:16:08+08:00 ] 218.74.24.168 /layui/Upload/quanjing/2018-05-17/164550406.png
INFO: [ app_init ] --START--
INFO: Run Behavior\BuildLiteBehavior [ RunTime:0.000000s ]
INFO: [ app_init ] --END-- [ RunTime:0.000000s ]
ERR: 无法加载模块:Upload

[ 2018-05-24T11:16:25+08:00 ] 218.74.24.168 /layui/Upload/quanjing/2018-05-17/164550406.png
INFO: [ app_init ] --START--
INFO: Run Behavior\BuildLiteBehavior [ RunTime:0.000000s ]
INFO: [ app_init ] --END-- [ RunTime:0.000977s ]
ERR: 无法加载模块:Upload

[ 2018-05-24T11:16:25+08:00 ] 218.74.24.168 /layui/Upload/quanjing/2018-05-17/173811990.png
INFO: [ app_init ] --START--
INFO: Run Behavior\BuildLiteBehavior [ RunTime:0.000977s ]
INFO: [ app_init ] --END-- [ RunTime:0.000977s ]
ERR: 无法加载模块:Upload

[ 2018-05-24T11:16:25+08:00 ] 218.74.24.168 /layui/Upload/quanjing/2018-05-09/195702495.gif
INFO: [ app_init ] --START--
INFO: Run Behavior\BuildLiteBehavior [ RunTime:0.000000s ]
INFO: [ app_init ] --END-- [ RunTime:0.000000s ]
ERR: 无法加载模块:Upload

[ 2018-05-24T11:16:25+08:00 ] 218.74.24.168 /layui/Upload/quanjing/2018-05-10/175109454.jpeg
INFO: [ app_init ] --START--
INFO: Run Behavior\BuildLiteBehavior [ RunTime:0.000000s ]
INFO: [ app_init ] --END-- [ RunTime:0.000000s ]
ERR: 无法加载模块:Upload

[ 2018-05-24T11:20:52+08:00 ] 218.74.29.32 /layui/Upload/quanjing/2018-05-17/173811990.png
INFO: [ app_init ] --START--
INFO: Run Behavior\BuildLiteBehavior [ RunTime:0.000000s ]
INFO: [ app_init ] --END-- [ RunTime:0.000000s ]
ERR: 无法加载模块:Upload

[ 2018-05-24T11:20:52+08:00 ] 218.74.29.32 /layui/Upload/quanjing/2018-05-17/164550406.png
INFO: [ app_init ] --START--
INFO: Run Behavior\BuildLiteBehavior [ RunTime:0.000000s ]
INFO: [ app_init ] --END-- [ RunTime:0.000976s ]
ERR: 无法加载模块:Upload

[ 2018-05-24T11:20:52+08:00 ] 218.74.29.32 /layui/Upload/quanjing/2018-05-10/175109454.jpeg
INFO: [ app_init ] --START--
INFO: Run Behavior\BuildLiteBehavior [ RunTime:0.000000s ]
INFO: [ app_init ] --END-- [ RunTime:0.000976s ]
ERR: 无法加载模块:Upload

[ 2018-05-24T11:20:52+08:00 ] 218.74.29.32 /layui/Upload/quanjing/2018-05-09/195702495.gif
INFO: [ app_init ] --START--
INFO: Run Behavior\BuildLiteBehavior [ RunTime:0.000000s ]
INFO: [ app_init ] --END-- [ RunTime:0.000976s ]
ERR: 无法加载模块:Upload

[ 2018-05-24T11:20:52+08:00 ] 218.74.29.32 /layui/Upload/quanjing/2018-05-09/195207262.gif
INFO: [ app_init ] --START--
INFO: Run Behavior\BuildLiteBehavior [ RunTime:0.000000s ]
INFO: [ app_init ] --END-- [ RunTime:0.000977s ]
ERR: 无法加载模块:Upload

[ 2018-05-24T11:21:02+08:00 ] 218.74.29.32 /layui/Upload/quanjing/2018-05-17/173811990.png
INFO: [ app_init ] --START--
INFO: Run Behavior\BuildLiteBehavior [ RunTime:0.000000s ]
INFO: [ app_init ] --END-- [ RunTime:0.000000s ]
ERR: 无法加载模块:Upload

[ 2018-05-24T11:21:02+08:00 ] 218.74.29.32 /layui/Upload/quanjing/2018-05-17/164550406.png
INFO: [ app_init ] --START--
INFO: Run Behavior\BuildLiteBehavior [ RunTime:0.000000s ]
INFO: [ app_init ] --END-- [ RunTime:0.000976s ]
ERR: 无法加载模块:Upload

[ 2018-05-24T11:21:02+08:00 ] 218.74.29.32 /layui/Upload/quanjing/2018-05-10/175109454.jpeg
INFO: [ app_init ] --START--
INFO: Run Behavior\BuildLiteBehavior [ RunTime:0.000000s ]
INFO: [ app_init ] --END-- [ RunTime:0.000977s ]
ERR: 无法加载模块:Upload

[ 2018-05-24T11:21:02+08:00 ] 218.74.29.32 /layui/Upload/quanjing/2018-05-09/195702495.gif
INFO: [ app_init ] --START--
INFO: Run Behavior\BuildLiteBehavior [ RunTime:0.000000s ]
INFO: [ app_init ] --END-- [ RunTime:0.000977s ]
ERR: 无法加载模块:Upload

[ 2018-05-24T11:23:41+08:00 ] 218.74.29.32 /layui/Upload/quanjing/2018-05-17/173811990.png
INFO: [ app_init ] --START--
INFO: Run Behavior\BuildLiteBehavior [ RunTime:0.000000s ]
INFO: [ app_init ] --END-- [ RunTime:0.000976s ]
ERR: 无法加载模块:Upload

[ 2018-05-24T11:23:41+08:00 ] 218.74.29.32 /layui/Upload/quanjing/2018-05-17/164550406.png
INFO: [ app_init ] --START--
INFO: Run Behavior\BuildLiteBehavior [ RunTime:0.000000s ]
INFO: [ app_init ] --END-- [ RunTime:0.000977s ]
ERR: 无法加载模块:Upload

[ 2018-05-24T11:23:41+08:00 ] 218.74.29.32 /layui/Upload/quanjing/2018-05-10/175109454.jpeg
INFO: [ app_init ] --START--
INFO: Run Behavior\BuildLiteBehavior [ RunTime:0.000000s ]
INFO: [ app_init ] --END-- [ RunTime:0.000976s ]
ERR: 无法加载模块:Upload

[ 2018-05-24T11:23:41+08:00 ] 218.74.29.32 /layui/Upload/quanjing/2018-05-09/195702495.gif
INFO: [ app_init ] --START--
INFO: Run Behavior\BuildLiteBehavior [ RunTime:0.000977s ]
INFO: [ app_init ] --END-- [ RunTime:0.000977s ]
ERR: 无法加载模块:Upload

[ 2018-05-24T11:23:44+08:00 ] 218.74.29.32 /layui/Upload/quanjing/2018-05-10/175109454.jpeg
INFO: [ app_init ] --START--
INFO: Run Behavior\BuildLiteBehavior [ RunTime:0.000000s ]
INFO: [ app_init ] --END-- [ RunTime:0.000000s ]
ERR: 无法加载模块:Upload

[ 2018-05-24T11:23:44+08:00 ] 218.74.29.32 /layui/Upload/quanjing/2018-05-17/164550406.png
INFO: [ app_init ] --START--
INFO: Run Behavior\BuildLiteBehavior [ RunTime:0.000000s ]
INFO: [ app_init ] --END-- [ RunTime:0.000000s ]
ERR: 无法加载模块:Upload

[ 2018-05-24T11:23:44+08:00 ] 218.74.29.32 /layui/Upload/quanjing/2018-05-17/173811990.png
INFO: [ app_init ] --START--
INFO: Run Behavior\BuildLiteBehavior [ RunTime:0.000000s ]
INFO: [ app_init ] --END-- [ RunTime:0.000000s ]
ERR: 无法加载模块:Upload

[ 2018-05-24T11:23:44+08:00 ] 218.74.29.32 /layui/Upload/quanjing/2018-05-09/195702495.gif
INFO: [ app_init ] --START--
INFO: Run Behavior\BuildLiteBehavior [ RunTime:0.000977s ]
INFO: [ app_init ] --END-- [ RunTime:0.000977s ]
ERR: 无法加载模块:Upload

[ 2018-05-24T11:23:47+08:00 ] 218.74.29.32 /layui/Upload/quanjing/2018-05-17/173811990.png
INFO: [ app_init ] --START--
INFO: Run Behavior\BuildLiteBehavior [ RunTime:0.000000s ]
INFO: [ app_init ] --END-- [ RunTime:0.000977s ]
ERR: 无法加载模块:Upload

[ 2018-05-24T11:23:47+08:00 ] 218.74.29.32 /layui/Upload/quanjing/2018-05-17/164550406.png
INFO: [ app_init ] --START--
INFO: Run Behavior\BuildLiteBehavior [ RunTime:0.000000s ]
INFO: [ app_init ] --END-- [ RunTime:0.000000s ]
ERR: 无法加载模块:Upload

[ 2018-05-24T11:23:47+08:00 ] 218.74.29.32 /layui/Upload/quanjing/2018-05-09/195702495.gif
INFO: [ app_init ] --START--
INFO: Run Behavior\BuildLiteBehavior [ RunTime:0.000000s ]
INFO: [ app_init ] --END-- [ RunTime:0.000000s ]
ERR: 无法加载模块:Upload

[ 2018-05-24T11:23:47+08:00 ] 218.74.29.32 /layui/Upload/quanjing/2018-05-10/175109454.jpeg
INFO: [ app_init ] --START--
INFO: Run Behavior\BuildLiteBehavior [ RunTime:0.000000s ]
INFO: [ app_init ] --END-- [ RunTime:0.000000s ]
ERR: 无法加载模块:Upload

[ 2018-05-24T11:23:54+08:00 ] 218.74.29.32 /layui/Upload/quanjing/2018-05-17/164550406.png
INFO: [ app_init ] --START--
INFO: Run Behavior\BuildLiteBehavior [ RunTime:0.000000s ]
INFO: [ app_init ] --END-- [ RunTime:0.000000s ]
ERR: 无法加载模块:Upload

[ 2018-05-24T11:23:54+08:00 ] 218.74.29.32 /layui/Upload/quanjing/2018-05-10/175109454.jpeg
INFO: [ app_init ] --START--
INFO: Run Behavior\BuildLiteBehavior [ RunTime:0.000000s ]
INFO: [ app_init ] --END-- [ RunTime:0.000000s ]
ERR: 无法加载模块:Upload

[ 2018-05-24T11:23:54+08:00 ] 218.74.29.32 /layui/Upload/quanjing/2018-05-17/173811990.png
INFO: [ app_init ] --START--
INFO: Run Behavior\BuildLiteBehavior [ RunTime:0.000000s ]
INFO: [ app_init ] --END-- [ RunTime:0.000000s ]
ERR: 无法加载模块:Upload

[ 2018-05-24T11:23:54+08:00 ] 218.74.29.32 /layui/Upload/quanjing/2018-05-09/195702495.gif
INFO: [ app_init ] --START--
INFO: Run Behavior\BuildLiteBehavior [ RunTime:0.000000s ]
INFO: [ app_init ] --END-- [ RunTime:0.000976s ]
ERR: 无法加载模块:Upload

[ 2018-05-24T11:24:40+08:00 ] 218.74.29.32 /layui/Upload/quanjing/2018-05-17/173811990.png
INFO: [ app_init ] --START--
INFO: Run Behavior\BuildLiteBehavior [ RunTime:0.000000s ]
INFO: [ app_init ] --END-- [ RunTime:0.000000s ]
ERR: 无法加载模块:Upload

[ 2018-05-24T11:24:40+08:00 ] 218.74.29.32 /layui/Upload/quanjing/2018-05-10/175109454.jpeg
INFO: [ app_init ] --START--
INFO: Run Behavior\BuildLiteBehavior [ RunTime:0.000000s ]
INFO: [ app_init ] --END-- [ RunTime:0.000976s ]
ERR: 无法加载模块:Upload

[ 2018-05-24T11:24:40+08:00 ] 218.74.29.32 /layui/Upload/quanjing/2018-05-17/164550406.png
INFO: [ app_init ] --START--
INFO: Run Behavior\BuildLiteBehavior [ RunTime:0.000000s ]
INFO: [ app_init ] --END-- [ RunTime:0.000000s ]
ERR: 无法加载模块:Upload

[ 2018-05-24T11:24:40+08:00 ] 218.74.29.32 /layui/Upload/quanjing/2018-05-09/195702495.gif
INFO: [ app_init ] --START--
INFO: Run Behavior\BuildLiteBehavior [ RunTime:0.000000s ]
INFO: [ app_init ] --END-- [ RunTime:0.000000s ]
ERR: 无法加载模块:Upload

[ 2018-05-24T11:24:42+08:00 ] 218.74.29.32 /layui/Upload/quanjing/2018-05-17/173811990.png
INFO: [ app_init ] --START--
INFO: Run Behavior\BuildLiteBehavior [ RunTime:0.000000s ]
INFO: [ app_init ] --END-- [ RunTime:0.000977s ]
ERR: 无法加载模块:Upload

[ 2018-05-24T11:24:42+08:00 ] 218.74.29.32 /layui/Upload/quanjing/2018-05-17/164550406.png
INFO: [ app_init ] --START--
INFO: Run Behavior\BuildLiteBehavior [ RunTime:0.000000s ]
INFO: [ app_init ] --END-- [ RunTime:0.000976s ]
ERR: 无法加载模块:Upload

[ 2018-05-24T11:24:42+08:00 ] 218.74.29.32 /layui/Upload/quanjing/2018-05-10/175109454.jpeg
INFO: [ app_init ] --START--
INFO: Run Behavior\BuildLiteBehavior [ RunTime:0.000000s ]
INFO: [ app_init ] --END-- [ RunTime:0.000976s ]
ERR: 无法加载模块:Upload

[ 2018-05-24T11:24:42+08:00 ] 218.74.29.32 /layui/Upload/quanjing/2018-05-09/195702495.gif
INFO: [ app_init ] --START--
INFO: Run Behavior\BuildLiteBehavior [ RunTime:0.000000s ]
INFO: [ app_init ] --END-- [ RunTime:0.000000s ]
ERR: 无法加载模块:Upload

[ 2018-05-24T11:26:48+08:00 ] 218.74.29.32 /layui/Upload/quanjing/2018-05-17/164550406.png
INFO: [ app_init ] --START--
INFO: Run Behavior\BuildLiteBehavior [ RunTime:0.000000s ]
INFO: [ app_init ] --END-- [ RunTime:0.000000s ]
ERR: 无法加载模块:Upload

[ 2018-05-24T11:26:48+08:00 ] 218.74.29.32 /layui/Upload/quanjing/2018-05-17/173811990.png
INFO: [ app_init ] --START--
INFO: Run Behavior\BuildLiteBehavior [ RunTime:0.000000s ]
INFO: [ app_init ] --END-- [ RunTime:0.000976s ]
ERR: 无法加载模块:Upload

[ 2018-05-24T11:26:48+08:00 ] 218.74.29.32 /layui/Upload/quanjing/2018-05-10/175109454.jpeg
INFO: [ app_init ] --START--
INFO: Run Behavior\BuildLiteBehavior [ RunTime:0.000000s ]
INFO: [ app_init ] --END-- [ RunTime:0.000000s ]
ERR: 无法加载模块:Upload

[ 2018-05-24T11:26:48+08:00 ] 218.74.29.32 /layui/Upload/quanjing/2018-05-09/195702495.gif
INFO: [ app_init ] --START--
INFO: Run Behavior\BuildLiteBehavior [ RunTime:0.000000s ]
INFO: [ app_init ] --END-- [ RunTime:0.000976s ]
ERR: 无法加载模块:Upload

[ 2018-05-24T11:27:00+08:00 ] 218.74.29.32 /layui/Upload/quanjing/2018-05-17/173811990.png
INFO: [ app_init ] --START--
INFO: Run Behavior\BuildLiteBehavior [ RunTime:0.000000s ]
INFO: [ app_init ] --END-- [ RunTime:0.000977s ]
ERR: 无法加载模块:Upload

[ 2018-05-24T11:27:00+08:00 ] 218.74.29.32 /layui/Upload/quanjing/2018-05-17/164550406.png
INFO: [ app_init ] --START--
INFO: Run Behavior\BuildLiteBehavior [ RunTime:0.000000s ]
INFO: [ app_init ] --END-- [ RunTime:0.000000s ]
ERR: 无法加载模块:Upload

[ 2018-05-24T11:27:00+08:00 ] 218.74.29.32 /layui/Upload/quanjing/2018-05-10/175109454.jpeg
INFO: [ app_init ] --START--
INFO: Run Behavior\BuildLiteBehavior [ RunTime:0.000000s ]
INFO: [ app_init ] --END-- [ RunTime:0.000000s ]
ERR: 无法加载模块:Upload

[ 2018-05-24T11:27:00+08:00 ] 218.74.29.32 /layui/Upload/quanjing/2018-05-09/195702495.gif
INFO: [ app_init ] --START--
INFO: Run Behavior\BuildLiteBehavior [ RunTime:0.000000s ]
INFO: [ app_init ] --END-- [ RunTime:0.000000s ]
ERR: 无法加载模块:Upload

[ 2018-05-24T11:27:06+08:00 ] 218.74.29.32 /layui/Upload/quanjing/2018-05-09/195207262.gif
INFO: [ app_init ] --START--
INFO: Run Behavior\BuildLiteBehavior [ RunTime:0.000000s ]
INFO: [ app_init ] --END-- [ RunTime:0.000977s ]
ERR: 无法加载模块:Upload

[ 2018-05-24T11:27:08+08:00 ] 218.74.29.32 /layui/Upload/quanjing/2018-05-17/173811990.png
INFO: [ app_init ] --START--
INFO: Run Behavior\BuildLiteBehavior [ RunTime:0.000000s ]
INFO: [ app_init ] --END-- [ RunTime:0.000000s ]
ERR: 无法加载模块:Upload

[ 2018-05-24T11:27:08+08:00 ] 218.74.29.32 /layui/Upload/quanjing/2018-05-09/195702495.gif
INFO: [ app_init ] --START--
INFO: Run Behavior\BuildLiteBehavior [ RunTime:0.000000s ]
INFO: [ app_init ] --END-- [ RunTime:0.000000s ]
ERR: 无法加载模块:Upload

[ 2018-05-24T11:27:08+08:00 ] 218.74.29.32 /layui/Upload/quanjing/2018-05-17/164550406.png
INFO: [ app_init ] --START--
INFO: Run Behavior\BuildLiteBehavior [ RunTime:0.000000s ]
INFO: [ app_init ] --END-- [ RunTime:0.000976s ]
ERR: 无法加载模块:Upload

[ 2018-05-24T11:27:08+08:00 ] 218.74.29.32 /layui/Upload/quanjing/2018-05-10/175109454.jpeg
INFO: [ app_init ] --START--
INFO: Run Behavior\BuildLiteBehavior [ RunTime:0.000000s ]
INFO: [ app_init ] --END-- [ RunTime:0.000977s ]
ERR: 无法加载模块:Upload

[ 2018-05-24T11:27:42+08:00 ] 218.74.29.32 /layui/Upload/quanjing/2018-05-17/173811990.png
INFO: [ app_init ] --START--
INFO: Run Behavior\BuildLiteBehavior [ RunTime:0.000000s ]
INFO: [ app_init ] --END-- [ RunTime:0.000000s ]
ERR: 无法加载模块:Upload

[ 2018-05-24T11:27:42+08:00 ] 218.74.29.32 /layui/Upload/quanjing/2018-05-10/175109454.jpeg
INFO: [ app_init ] --START--
INFO: Run Behavior\BuildLiteBehavior [ RunTime:0.000000s ]
INFO: [ app_init ] --END-- [ RunTime:0.000000s ]
ERR: 无法加载模块:Upload

[ 2018-05-24T11:27:42+08:00 ] 218.74.29.32 /layui/Upload/quanjing/2018-05-17/164550406.png
INFO: [ app_init ] --START--
INFO: Run Behavior\BuildLiteBehavior [ RunTime:0.000000s ]
INFO: [ app_init ] --END-- [ RunTime:0.001953s ]
ERR: 无法加载模块:Upload

[ 2018-05-24T11:27:42+08:00 ] 218.74.29.32 /layui/Upload/quanjing/2018-05-09/195702495.gif
INFO: [ app_init ] --START--
INFO: Run Behavior\BuildLiteBehavior [ RunTime:0.000000s ]
INFO: [ app_init ] --END-- [ RunTime:0.000976s ]
ERR: 无法加载模块:Upload

[ 2018-05-24T11:27:47+08:00 ] 218.74.29.32 /layui/Upload/quanjing/2018-05-17/164550406.png
INFO: [ app_init ] --START--
INFO: Run Behavior\BuildLiteBehavior [ RunTime:0.000000s ]
INFO: [ app_init ] --END-- [ RunTime:0.000000s ]
ERR: 无法加载模块:Upload

[ 2018-05-24T11:27:47+08:00 ] 218.74.29.32 /layui/Upload/quanjing/2018-05-10/175109454.jpeg
INFO: [ app_init ] --START--
INFO: Run Behavior\BuildLiteBehavior [ RunTime:0.000000s ]
INFO: [ app_init ] --END-- [ RunTime:0.000976s ]
ERR: 无法加载模块:Upload

[ 2018-05-24T11:27:47+08:00 ] 218.74.29.32 /layui/Upload/quanjing/2018-05-09/195702495.gif
INFO: [ app_init ] --START--
INFO: Run Behavior\BuildLiteBehavior [ RunTime:0.000000s ]
INFO: [ app_init ] --END-- [ RunTime:0.000976s ]
ERR: 无法加载模块:Upload

[ 2018-05-24T11:27:47+08:00 ] 218.74.29.32 /layui/Upload/quanjing/2018-05-17/173811990.png
INFO: [ app_init ] --START--
INFO: Run Behavior\BuildLiteBehavior [ RunTime:0.000000s ]
INFO: [ app_init ] --END-- [ RunTime:0.000976s ]
ERR: 无法加载模块:Upload

[ 2018-05-24T11:29:12+08:00 ] 218.74.29.32 /layui/Upload/quanjing/2018-05-09/195207262.gif
INFO: [ app_init ] --START--
INFO: Run Behavior\BuildLiteBehavior [ RunTime:0.000000s ]
INFO: [ app_init ] --END-- [ RunTime:0.000976s ]
ERR: 无法加载模块:Upload

[ 2018-05-24T11:29:15+08:00 ] 218.74.29.32 /layui/Upload/quanjing/2018-05-17/173811990.png
INFO: [ app_init ] --START--
INFO: Run Behavior\BuildLiteBehavior [ RunTime:0.000000s ]
INFO: [ app_init ] --END-- [ RunTime:0.000000s ]
ERR: 无法加载模块:Upload

[ 2018-05-24T11:29:15+08:00 ] 218.74.29.32 /layui/Upload/quanjing/2018-05-17/164550406.png
INFO: [ app_init ] --START--
INFO: Run Behavior\BuildLiteBehavior [ RunTime:0.000000s ]
INFO: [ app_init ] --END-- [ RunTime:0.000977s ]
ERR: 无法加载模块:Upload

[ 2018-05-24T11:29:15+08:00 ] 218.74.29.32 /layui/Upload/quanjing/2018-05-10/175109454.jpeg
INFO: [ app_init ] --START--
INFO: Run Behavior\BuildLiteBehavior [ RunTime:0.000000s ]
INFO: [ app_init ] --END-- [ RunTime:0.000000s ]
ERR: 无法加载模块:Upload

[ 2018-05-24T11:29:15+08:00 ] 218.74.29.32 /layui/Upload/quanjing/2018-05-09/195702495.gif
INFO: [ app_init ] --START--
INFO: Run Behavior\BuildLiteBehavior [ RunTime:0.000000s ]
INFO: [ app_init ] --END-- [ RunTime:0.000976s ]
ERR: 无法加载模块:Upload

[ 2018-05-24T11:30:41+08:00 ] 218.74.29.32 /layui/Upload/quanjing/2018-05-17/173811990.png
INFO: [ app_init ] --START--
INFO: Run Behavior\BuildLiteBehavior [ RunTime:0.000000s ]
INFO: [ app_init ] --END-- [ RunTime:0.000977s ]
ERR: 无法加载模块:Upload

[ 2018-05-24T11:30:41+08:00 ] 218.74.29.32 /layui/Upload/quanjing/2018-05-09/195702495.gif
INFO: [ app_init ] --START--
INFO: Run Behavior\BuildLiteBehavior [ RunTime:0.000000s ]
INFO: [ app_init ] --END-- [ RunTime:0.000977s ]
ERR: 无法加载模块:Upload

[ 2018-05-24T11:30:41+08:00 ] 218.74.29.32 /layui/Upload/quanjing/2018-05-17/164550406.png
INFO: [ app_init ] --START--
INFO: Run Behavior\BuildLiteBehavior [ RunTime:0.000000s ]
INFO: [ app_init ] --END-- [ RunTime:0.000000s ]
ERR: 无法加载模块:Upload

[ 2018-05-24T11:30:41+08:00 ] 218.74.29.32 /layui/Upload/quanjing/2018-05-10/175109454.jpeg
INFO: [ app_init ] --START--
INFO: Run Behavior\BuildLiteBehavior [ RunTime:0.000000s ]
INFO: [ app_init ] --END-- [ RunTime:0.000000s ]
ERR: 无法加载模块:Upload

[ 2018-05-24T11:30:42+08:00 ] 218.74.29.32 /layui/Upload/quanjing/2018-05-17/173811990.png
INFO: [ app_init ] --START--
INFO: Run Behavior\BuildLiteBehavior [ RunTime:0.000000s ]
INFO: [ app_init ] --END-- [ RunTime:0.000977s ]
ERR: 无法加载模块:Upload

[ 2018-05-24T11:30:42+08:00 ] 218.74.29.32 /layui/Upload/quanjing/2018-05-17/164550406.png
INFO: [ app_init ] --START--
INFO: Run Behavior\BuildLiteBehavior [ RunTime:0.000000s ]
INFO: [ app_init ] --END-- [ RunTime:0.000976s ]
ERR: 无法加载模块:Upload

[ 2018-05-24T11:30:42+08:00 ] 218.74.29.32 /layui/Upload/quanjing/2018-05-10/175109454.jpeg
INFO: [ app_init ] --START--
INFO: Run Behavior\BuildLiteBehavior [ RunTime:0.000000s ]
INFO: [ app_init ] --END-- [ RunTime:0.000977s ]
ERR: 无法加载模块:Upload

[ 2018-05-24T11:30:42+08:00 ] 218.74.29.32 /layui/Upload/quanjing/2018-05-09/195702495.gif
INFO: [ app_init ] --START--
INFO: Run Behavior\BuildLiteBehavior [ RunTime:0.000000s ]
INFO: [ app_init ] --END-- [ RunTime:0.000000s ]
ERR: 无法加载模块:Upload

[ 2018-05-24T11:30:43+08:00 ] 218.74.29.32 /layui/Upload/quanjing/2018-05-17/164550406.png
INFO: [ app_init ] --START--
INFO: Run Behavior\BuildLiteBehavior [ RunTime:0.000000s ]
INFO: [ app_init ] --END-- [ RunTime:0.000976s ]
ERR: 无法加载模块:Upload

[ 2018-05-24T11:30:43+08:00 ] 218.74.29.32 /layui/Upload/quanjing/2018-05-10/175109454.jpeg
INFO: [ app_init ] --START--
INFO: Run Behavior\BuildLiteBehavior [ RunTime:0.000000s ]
INFO: [ app_init ] --END-- [ RunTime:0.000000s ]
ERR: 无法加载模块:Upload

[ 2018-05-24T11:30:43+08:00 ] 218.74.29.32 /layui/Upload/quanjing/2018-05-17/173811990.png
INFO: [ app_init ] --START--
INFO: Run Behavior\BuildLiteBehavior [ RunTime:0.000977s ]
INFO: [ app_init ] --END-- [ RunTime:0.000977s ]
ERR: 无法加载模块:Upload

[ 2018-05-24T11:30:43+08:00 ] 218.74.29.32 /layui/Upload/quanjing/2018-05-09/195702495.gif
INFO: [ app_init ] --START--
INFO: Run Behavior\BuildLiteBehavior [ RunTime:0.000976s ]
INFO: [ app_init ] --END-- [ RunTime:0.000976s ]
ERR: 无法加载模块:Upload

[ 2018-05-24T11:30:43+08:00 ] 218.74.29.32 /layui/Upload/quanjing/2018-05-17/173811990.png
INFO: [ app_init ] --START--
INFO: Run Behavior\BuildLiteBehavior [ RunTime:0.000000s ]
INFO: [ app_init ] --END-- [ RunTime:0.000977s ]
ERR: 无法加载模块:Upload

[ 2018-05-24T11:30:43+08:00 ] 218.74.29.32 /layui/Upload/quanjing/2018-05-10/175109454.jpeg
INFO: [ app_init ] --START--
INFO: Run Behavior\BuildLiteBehavior [ RunTime:0.000000s ]
INFO: [ app_init ] --END-- [ RunTime:0.000000s ]
ERR: 无法加载模块:Upload

[ 2018-05-24T11:30:43+08:00 ] 218.74.29.32 /layui/Upload/quanjing/2018-05-17/164550406.png
INFO: [ app_init ] --START--
INFO: Run Behavior\BuildLiteBehavior [ RunTime:0.000000s ]
INFO: [ app_init ] --END-- [ RunTime:0.000977s ]
ERR: 无法加载模块:Upload

[ 2018-05-24T11:30:43+08:00 ] 218.74.29.32 /layui/Upload/quanjing/2018-05-09/195702495.gif
INFO: [ app_init ] --START--
INFO: Run Behavior\BuildLiteBehavior [ RunTime:0.000000s ]
INFO: [ app_init ] --END-- [ RunTime:0.000000s ]
ERR: 无法加载模块:Upload

[ 2018-05-24T11:30:44+08:00 ] 218.74.29.32 /layui/Upload/quanjing/2018-05-10/175109454.jpeg
INFO: [ app_init ] --START--
INFO: Run Behavior\BuildLiteBehavior [ RunTime:0.000000s ]
INFO: [ app_init ] --END-- [ RunTime:0.000977s ]
ERR: 无法加载模块:Upload

[ 2018-05-24T11:30:44+08:00 ] 218.74.29.32 /layui/Upload/quanjing/2018-05-17/164550406.png
INFO: [ app_init ] --START--
INFO: Run Behavior\BuildLiteBehavior [ RunTime:0.000000s ]
INFO: [ app_init ] --END-- [ RunTime:0.000976s ]
ERR: 无法加载模块:Upload

[ 2018-05-24T11:30:44+08:00 ] 218.74.29.32 /layui/Upload/quanjing/2018-05-17/173811990.png
INFO: [ app_init ] --START--
INFO: Run Behavior\BuildLiteBehavior [ RunTime:0.000000s ]
INFO: [ app_init ] --END-- [ RunTime:0.000977s ]
ERR: 无法加载模块:Upload

[ 2018-05-24T11:30:44+08:00 ] 218.74.29.32 /layui/Upload/quanjing/2018-05-09/195702495.gif
INFO: [ app_init ] --START--
INFO: Run Behavior\BuildLiteBehavior [ RunTime:0.000000s ]
INFO: [ app_init ] --END-- [ RunTime:0.000977s ]
ERR: 无法加载模块:Upload

[ 2018-05-24T11:30:48+08:00 ] 218.74.29.32 /layui/Upload/quanjing/2018-05-17/173811990.png
INFO: [ app_init ] --START--
INFO: Run Behavior\BuildLiteBehavior [ RunTime:0.000000s ]
INFO: [ app_init ] --END-- [ RunTime:0.000000s ]
ERR: 无法加载模块:Upload

[ 2018-05-24T11:30:48+08:00 ] 218.74.29.32 /layui/Upload/quanjing/2018-05-17/164550406.png
INFO: [ app_init ] --START--
INFO: Run Behavior\BuildLiteBehavior [ RunTime:0.000000s ]
INFO: [ app_init ] --END-- [ RunTime:0.000000s ]
ERR: 无法加载模块:Upload

[ 2018-05-24T11:30:48+08:00 ] 218.74.29.32 /layui/Upload/quanjing/2018-05-09/195702495.gif
INFO: [ app_init ] --START--
INFO: Run Behavior\BuildLiteBehavior [ RunTime:0.000000s ]
INFO: [ app_init ] --END-- [ RunTime:0.000977s ]
ERR: 无法加载模块:Upload

[ 2018-05-24T11:30:48+08:00 ] 218.74.29.32 /layui/Upload/quanjing/2018-05-10/175109454.jpeg
INFO: [ app_init ] --START--
INFO: Run Behavior\BuildLiteBehavior [ RunTime:0.000000s ]
INFO: [ app_init ] --END-- [ RunTime:0.000977s ]
ERR: 无法加载模块:Upload

[ 2018-05-24T11:30:51+08:00 ] 218.74.29.32 /layui/Upload/quanjing/2018-05-17/173811990.png
INFO: [ app_init ] --START--
INFO: Run Behavior\BuildLiteBehavior [ RunTime:0.000000s ]
INFO: [ app_init ] --END-- [ RunTime:0.000977s ]
ERR: 无法加载模块:Upload

[ 2018-05-24T11:30:51+08:00 ] 218.74.29.32 /layui/Upload/quanjing/2018-05-17/164550406.png
INFO: [ app_init ] --START--
INFO: Run Behavior\BuildLiteBehavior [ RunTime:0.000000s ]
INFO: [ app_init ] --END-- [ RunTime:0.000977s ]
ERR: 无法加载模块:Upload

[ 2018-05-24T11:30:51+08:00 ] 218.74.29.32 /layui/Upload/quanjing/2018-05-09/195702495.gif
INFO: [ app_init ] --START--
INFO: Run Behavior\BuildLiteBehavior [ RunTime:0.000000s ]
INFO: [ app_init ] --END-- [ RunTime:0.000000s ]
ERR: 无法加载模块:Upload

[ 2018-05-24T11:30:51+08:00 ] 218.74.29.32 /layui/Upload/quanjing/2018-05-10/175109454.jpeg
INFO: [ app_init ] --START--
INFO: Run Behavior\BuildLiteBehavior [ RunTime:0.000000s ]
INFO: [ app_init ] --END-- [ RunTime:0.000977s ]
ERR: 无法加载模块:Upload

[ 2018-05-24T11:31:22+08:00 ] 218.74.29.32 /layui/Upload/quanjing/2018-05-17/173811990.png
INFO: [ app_init ] --START--
INFO: Run Behavior\BuildLiteBehavior [ RunTime:0.000000s ]
INFO: [ app_init ] --END-- [ RunTime:0.000000s ]
ERR: 无法加载模块:Upload

[ 2018-05-24T11:31:22+08:00 ] 218.74.29.32 /layui/Upload/quanjing/2018-05-10/175109454.jpeg
INFO: [ app_init ] --START--
INFO: Run Behavior\BuildLiteBehavior [ RunTime:0.000000s ]
INFO: [ app_init ] --END-- [ RunTime:0.000976s ]
ERR: 无法加载模块:Upload

[ 2018-05-24T11:31:22+08:00 ] 218.74.29.32 /layui/Upload/quanjing/2018-05-09/195702495.gif
INFO: [ app_init ] --START--
INFO: Run Behavior\BuildLiteBehavior [ RunTime:0.000000s ]
INFO: [ app_init ] --END-- [ RunTime:0.000000s ]
ERR: 无法加载模块:Upload

[ 2018-05-24T11:31:22+08:00 ] 218.74.29.32 /layui/Upload/quanjing/2018-05-17/164550406.png
INFO: [ app_init ] --START--
INFO: Run Behavior\BuildLiteBehavior [ RunTime:0.000000s ]
INFO: [ app_init ] --END-- [ RunTime:0.000976s ]
ERR: 无法加载模块:Upload

[ 2018-05-24T11:31:25+08:00 ] 218.74.29.32 /layui/Upload/quanjing/2018-05-10/175109454.jpeg
INFO: [ app_init ] --START--
INFO: Run Behavior\BuildLiteBehavior [ RunTime:0.000000s ]
INFO: [ app_init ] --END-- [ RunTime:0.000976s ]
ERR: 无法加载模块:Upload

[ 2018-05-24T11:31:25+08:00 ] 218.74.29.32 /layui/Upload/quanjing/2018-05-17/164550406.png
INFO: [ app_init ] --START--
INFO: Run Behavior\BuildLiteBehavior [ RunTime:0.000000s ]
INFO: [ app_init ] --END-- [ RunTime:0.000976s ]
ERR: 无法加载模块:Upload

[ 2018-05-24T11:31:25+08:00 ] 218.74.29.32 /layui/Upload/quanjing/2018-05-17/173811990.png
INFO: [ app_init ] --START--
INFO: Run Behavior\BuildLiteBehavior [ RunTime:0.000000s ]
INFO: [ app_init ] --END-- [ RunTime:0.000000s ]
ERR: 无法加载模块:Upload

[ 2018-05-24T11:31:25+08:00 ] 218.74.29.32 /layui/Upload/quanjing/2018-05-09/195702495.gif
INFO: [ app_init ] --START--
INFO: Run Behavior\BuildLiteBehavior [ RunTime:0.000000s ]
INFO: [ app_init ] --END-- [ RunTime:0.000000s ]
ERR: 无法加载模块:Upload

[ 2018-05-24T11:31:26+08:00 ] 218.74.29.32 /layui/Upload/quanjing/2018-05-17/173811990.png
INFO: [ app_init ] --START--
INFO: Run Behavior\BuildLiteBehavior [ RunTime:0.000000s ]
INFO: [ app_init ] --END-- [ RunTime:0.000000s ]
ERR: 无法加载模块:Upload

[ 2018-05-24T11:31:26+08:00 ] 218.74.29.32 /layui/Upload/quanjing/2018-05-17/164550406.png
INFO: [ app_init ] --START--
INFO: Run Behavior\BuildLiteBehavior [ RunTime:0.000000s ]
INFO: [ app_init ] --END-- [ RunTime:0.000000s ]
ERR: 无法加载模块:Upload

[ 2018-05-24T11:31:26+08:00 ] 218.74.29.32 /layui/Upload/quanjing/2018-05-10/175109454.jpeg
INFO: [ app_init ] --START--
INFO: Run Behavior\BuildLiteBehavior [ RunTime:0.000000s ]
INFO: [ app_init ] --END-- [ RunTime:0.000000s ]
ERR: 无法加载模块:Upload

[ 2018-05-24T11:31:26+08:00 ] 218.74.29.32 /layui/Upload/quanjing/2018-05-09/195702495.gif
INFO: [ app_init ] --START--
INFO: Run Behavior\BuildLiteBehavior [ RunTime:0.000000s ]
INFO: [ app_init ] --END-- [ RunTime:0.000000s ]
ERR: 无法加载模块:Upload

[ 2018-05-24T11:31:38+08:00 ] 218.74.24.168 /layui/Upload/quanjing/2018-05-17/173811990.png
INFO: [ app_init ] --START--
INFO: Run Behavior\BuildLiteBehavior [ RunTime:0.000000s ]
INFO: [ app_init ] --END-- [ RunTime:0.000000s ]
ERR: 无法加载模块:Upload

[ 2018-05-24T11:31:38+08:00 ] 218.74.24.168 /layui/Upload/quanjing/2018-05-17/164550406.png
INFO: [ app_init ] --START--
INFO: Run Behavior\BuildLiteBehavior [ RunTime:0.000000s ]
INFO: [ app_init ] --END-- [ RunTime:0.000977s ]
ERR: 无法加载模块:Upload

[ 2018-05-24T11:31:38+08:00 ] 218.74.24.168 /layui/Upload/quanjing/2018-05-10/175109454.jpeg
INFO: [ app_init ] --START--
INFO: Run Behavior\BuildLiteBehavior [ RunTime:0.000000s ]
INFO: [ app_init ] --END-- [ RunTime:0.000000s ]
ERR: 无法加载模块:Upload

[ 2018-05-24T11:31:38+08:00 ] 218.74.24.168 /layui/Upload/quanjing/2018-05-09/195702495.gif
INFO: [ app_init ] --START--
INFO: Run Behavior\BuildLiteBehavior [ RunTime:0.000976s ]
INFO: [ app_init ] --END-- [ RunTime:0.000976s ]
ERR: 无法加载模块:Upload

[ 2018-05-24T11:31:46+08:00 ] 218.74.24.168 /layui/Upload/quanjing/2018-05-17/173811990.png
INFO: [ app_init ] --START--
INFO: Run Behavior\BuildLiteBehavior [ RunTime:0.000000s ]
INFO: [ app_init ] --END-- [ RunTime:0.000000s ]
ERR: 无法加载模块:Upload

[ 2018-05-24T11:31:46+08:00 ] 218.74.24.168 /layui/Upload/quanjing/2018-05-10/175109454.jpeg
INFO: [ app_init ] --START--
INFO: Run Behavior\BuildLiteBehavior [ RunTime:0.000000s ]
INFO: [ app_init ] --END-- [ RunTime:0.000000s ]
ERR: 无法加载模块:Upload

[ 2018-05-24T11:31:46+08:00 ] 218.74.24.168 /layui/Upload/quanjing/2018-05-09/195702495.gif
INFO: [ app_init ] --START--
INFO: Run Behavior\BuildLiteBehavior [ RunTime:0.000000s ]
INFO: [ app_init ] --END-- [ RunTime:0.000000s ]
ERR: 无法加载模块:Upload

[ 2018-05-24T11:31:46+08:00 ] 218.74.24.168 /layui/Upload/quanjing/2018-05-17/164550406.png
INFO: [ app_init ] --START--
INFO: Run Behavior\BuildLiteBehavior [ RunTime:0.000000s ]
INFO: [ app_init ] --END-- [ RunTime:0.000000s ]
ERR: 无法加载模块:Upload

[ 2018-05-24T11:31:52+08:00 ] 218.74.29.32 /layui/Upload/quanjing/2018-05-17/173811990.png
INFO: [ app_init ] --START--
INFO: Run Behavior\BuildLiteBehavior [ RunTime:0.000000s ]
INFO: [ app_init ] --END-- [ RunTime:0.000976s ]
ERR: 无法加载模块:Upload

[ 2018-05-24T11:31:52+08:00 ] 218.74.29.32 /layui/Upload/quanjing/2018-05-10/175109454.jpeg
INFO: [ app_init ] --START--
INFO: Run Behavior\BuildLiteBehavior [ RunTime:0.000000s ]
INFO: [ app_init ] --END-- [ RunTime:0.000976s ]
ERR: 无法加载模块:Upload

[ 2018-05-24T11:31:52+08:00 ] 218.74.29.32 /layui/Upload/quanjing/2018-05-17/164550406.png
INFO: [ app_init ] --START--
INFO: Run Behavior\BuildLiteBehavior [ RunTime:0.000000s ]
INFO: [ app_init ] --END-- [ RunTime:0.000000s ]
ERR: 无法加载模块:Upload

[ 2018-05-24T11:31:52+08:00 ] 218.74.29.32 /layui/Upload/quanjing/2018-05-09/195702495.gif
INFO: [ app_init ] --START--
INFO: Run Behavior\BuildLiteBehavior [ RunTime:0.000000s ]
INFO: [ app_init ] --END-- [ RunTime:0.000000s ]
ERR: 无法加载模块:Upload

[ 2018-05-24T11:31:56+08:00 ] 218.74.29.32 /layui/Upload/quanjing/2018-05-17/173811990.png
INFO: [ app_init ] --START--
INFO: Run Behavior\BuildLiteBehavior [ RunTime:0.000000s ]
INFO: [ app_init ] --END-- [ RunTime:0.000976s ]
ERR: 无法加载模块:Upload

[ 2018-05-24T11:31:57+08:00 ] 218.74.29.32 /layui/Upload/quanjing/2018-05-10/175109454.jpeg
INFO: [ app_init ] --START--
INFO: Run Behavior\BuildLiteBehavior [ RunTime:0.000000s ]
INFO: [ app_init ] --END-- [ RunTime:0.000977s ]
ERR: 无法加载模块:Upload

[ 2018-05-24T11:31:57+08:00 ] 218.74.29.32 /layui/Upload/quanjing/2018-05-09/195702495.gif
INFO: [ app_init ] --START--
INFO: Run Behavior\BuildLiteBehavior [ RunTime:0.000000s ]
INFO: [ app_init ] --END-- [ RunTime:0.000977s ]
ERR: 无法加载模块:Upload

[ 2018-05-24T11:31:57+08:00 ] 218.74.29.32 /layui/Upload/quanjing/2018-05-17/164550406.png
INFO: [ app_init ] --START--
INFO: Run Behavior\BuildLiteBehavior [ RunTime:0.000000s ]
INFO: [ app_init ] --END-- [ RunTime:0.000977s ]
ERR: 无法加载模块:Upload

[ 2018-05-24T11:34:04+08:00 ] 218.74.29.32 /layui/Upload/quanjing/2018-05-17/164550406.png
INFO: [ app_init ] --START--
INFO: Run Behavior\BuildLiteBehavior [ RunTime:0.000000s ]
INFO: [ app_init ] --END-- [ RunTime:0.000000s ]
ERR: 无法加载模块:Upload

[ 2018-05-24T11:34:04+08:00 ] 218.74.29.32 /layui/Upload/quanjing/2018-05-17/173811990.png
INFO: [ app_init ] --START--
INFO: Run Behavior\BuildLiteBehavior [ RunTime:0.000000s ]
INFO: [ app_init ] --END-- [ RunTime:0.000976s ]
ERR: 无法加载模块:Upload

[ 2018-05-24T11:34:04+08:00 ] 218.74.29.32 /layui/Upload/quanjing/2018-05-10/175109454.jpeg
INFO: [ app_init ] --START--
INFO: Run Behavior\BuildLiteBehavior [ RunTime:0.000000s ]
INFO: [ app_init ] --END-- [ RunTime:0.000976s ]
ERR: 无法加载模块:Upload

[ 2018-05-24T11:34:04+08:00 ] 218.74.29.32 /layui/Upload/quanjing/2018-05-09/195702495.gif
INFO: [ app_init ] --START--
INFO: Run Behavior\BuildLiteBehavior [ RunTime:0.000000s ]
INFO: [ app_init ] --END-- [ RunTime:0.000976s ]
ERR: 无法加载模块:Upload

[ 2018-05-24T11:34:35+08:00 ] 218.74.29.32 /layui/Upload/quanjing/2018-05-17/173811990.png
INFO: [ app_init ] --START--
INFO: Run Behavior\BuildLiteBehavior [ RunTime:0.000000s ]
INFO: [ app_init ] --END-- [ RunTime:0.000977s ]
ERR: 无法加载模块:Upload

[ 2018-05-24T11:34:35+08:00 ] 218.74.29.32 /layui/Upload/quanjing/2018-05-17/164550406.png
INFO: [ app_init ] --START--
INFO: Run Behavior\BuildLiteBehavior [ RunTime:0.000000s ]
INFO: [ app_init ] --END-- [ RunTime:0.000976s ]
ERR: 无法加载模块:Upload

[ 2018-05-24T11:34:35+08:00 ] 218.74.29.32 /layui/Upload/quanjing/2018-05-09/195702495.gif
INFO: [ app_init ] --START--
INFO: Run Behavior\BuildLiteBehavior [ RunTime:0.000000s ]
INFO: [ app_init ] --END-- [ RunTime:0.000000s ]
ERR: 无法加载模块:Upload

[ 2018-05-24T11:34:35+08:00 ] 218.74.29.32 /layui/Upload/quanjing/2018-05-10/175109454.jpeg
INFO: [ app_init ] --START--
INFO: Run Behavior\BuildLiteBehavior [ RunTime:0.000000s ]
INFO: [ app_init ] --END-- [ RunTime:0.000000s ]
ERR: 无法加载模块:Upload

[ 2018-05-24T11:34:36+08:00 ] 218.74.29.32 /layui/Upload/quanjing/2018-05-17/173811990.png
INFO: [ app_init ] --START--
INFO: Run Behavior\BuildLiteBehavior [ RunTime:0.000000s ]
INFO: [ app_init ] --END-- [ RunTime:0.000977s ]
ERR: 无法加载模块:Upload

[ 2018-05-24T11:34:36+08:00 ] 218.74.29.32 /layui/Upload/quanjing/2018-05-17/164550406.png
INFO: [ app_init ] --START--
INFO: Run Behavior\BuildLiteBehavior [ RunTime:0.000000s ]
INFO: [ app_init ] --END-- [ RunTime:0.000977s ]
ERR: 无法加载模块:Upload

[ 2018-05-24T11:34:36+08:00 ] 218.74.29.32 /layui/Upload/quanjing/2018-05-10/175109454.jpeg
INFO: [ app_init ] --START--
INFO: Run Behavior\BuildLiteBehavior [ RunTime:0.000000s ]
INFO: [ app_init ] --END-- [ RunTime:0.000976s ]
ERR: 无法加载模块:Upload

[ 2018-05-24T11:34:36+08:00 ] 218.74.29.32 /layui/Upload/quanjing/2018-05-09/195702495.gif
INFO: [ app_init ] --START--
INFO: Run Behavior\BuildLiteBehavior [ RunTime:0.000000s ]
INFO: [ app_init ] --END-- [ RunTime:0.000977s ]
ERR: 无法加载模块:Upload

[ 2018-05-24T11:34:37+08:00 ] 218.74.29.32 /layui/Upload/quanjing/2018-05-17/164550406.png
INFO: [ app_init ] --START--
INFO: Run Behavior\BuildLiteBehavior [ RunTime:0.000000s ]
INFO: [ app_init ] --END-- [ RunTime:0.000977s ]
ERR: 无法加载模块:Upload

[ 2018-05-24T11:34:37+08:00 ] 218.74.29.32 /layui/Upload/quanjing/2018-05-17/173811990.png
INFO: [ app_init ] --START--
INFO: Run Behavior\BuildLiteBehavior [ RunTime:0.000000s ]
INFO: [ app_init ] --END-- [ RunTime:0.000977s ]
ERR: 无法加载模块:Upload

[ 2018-05-24T11:34:37+08:00 ] 218.74.29.32 /layui/Upload/quanjing/2018-05-10/175109454.jpeg
INFO: [ app_init ] --START--
INFO: Run Behavior\BuildLiteBehavior [ RunTime:0.000000s ]
INFO: [ app_init ] --END-- [ RunTime:0.000977s ]
ERR: 无法加载模块:Upload

[ 2018-05-24T11:34:37+08:00 ] 218.74.29.32 /layui/Upload/quanjing/2018-05-09/195702495.gif
INFO: [ app_init ] --START--
INFO: Run Behavior\BuildLiteBehavior [ RunTime:0.000000s ]
INFO: [ app_init ] --END-- [ RunTime:0.000976s ]
ERR: 无法加载模块:Upload

[ 2018-05-24T11:36:47+08:00 ] 218.74.29.32 /layui/Upload/quanjing/2018-05-10/175109454.jpeg
INFO: [ app_init ] --START--
INFO: Run Behavior\BuildLiteBehavior [ RunTime:0.000000s ]
INFO: [ app_init ] --END-- [ RunTime:0.000977s ]
ERR: 无法加载模块:Upload

[ 2018-05-24T11:36:47+08:00 ] 218.74.29.32 /layui/Upload/quanjing/2018-05-17/173811990.png
INFO: [ app_init ] --START--
INFO: Run Behavior\BuildLiteBehavior [ RunTime:0.000000s ]
INFO: [ app_init ] --END-- [ RunTime:0.000977s ]
ERR: 无法加载模块:Upload

[ 2018-05-24T11:36:47+08:00 ] 218.74.29.32 /layui/Upload/quanjing/2018-05-09/195702495.gif
INFO: [ app_init ] --START--
INFO: Run Behavior\BuildLiteBehavior [ RunTime:0.000000s ]
INFO: [ app_init ] --END-- [ RunTime:0.000976s ]
ERR: 无法加载模块:Upload

[ 2018-05-24T11:36:47+08:00 ] 218.74.29.32 /layui/Upload/quanjing/2018-05-17/164550406.png
INFO: [ app_init ] --START--
INFO: Run Behavior\BuildLiteBehavior [ RunTime:0.000000s ]
INFO: [ app_init ] --END-- [ RunTime:0.000000s ]
ERR: 无法加载模块:Upload

[ 2018-05-24T11:36:51+08:00 ] 218.74.29.32 /layui/Upload/quanjing/2018-05-09/195702495.gif
INFO: [ app_init ] --START--
INFO: Run Behavior\BuildLiteBehavior [ RunTime:0.000000s ]
INFO: [ app_init ] --END-- [ RunTime:0.000977s ]
ERR: 无法加载模块:Upload

[ 2018-05-24T11:36:51+08:00 ] 218.74.29.32 /layui/Upload/quanjing/2018-05-17/173811990.png
INFO: [ app_init ] --START--
INFO: Run Behavior\BuildLiteBehavior [ RunTime:0.000000s ]
INFO: [ app_init ] --END-- [ RunTime:0.000977s ]
ERR: 无法加载模块:Upload

[ 2018-05-24T11:36:51+08:00 ] 218.74.29.32 /layui/Upload/quanjing/2018-05-10/175109454.jpeg
INFO: [ app_init ] --START--
INFO: Run Behavior\BuildLiteBehavior [ RunTime:0.000000s ]
INFO: [ app_init ] --END-- [ RunTime:0.000977s ]
ERR: 无法加载模块:Upload

[ 2018-05-24T11:36:51+08:00 ] 218.74.29.32 /layui/Upload/quanjing/2018-05-17/164550406.png
INFO: [ app_init ] --START--
INFO: Run Behavior\BuildLiteBehavior [ RunTime:0.000000s ]
INFO: [ app_init ] --END-- [ RunTime:0.000000s ]
ERR: 无法加载模块:Upload

[ 2018-05-24T11:36:52+08:00 ] 218.74.29.32 /layui/Upload/quanjing/2018-05-17/164550406.png
INFO: [ app_init ] --START--
INFO: Run Behavior\BuildLiteBehavior [ RunTime:0.000000s ]
INFO: [ app_init ] --END-- [ RunTime:0.000977s ]
ERR: 无法加载模块:Upload

[ 2018-05-24T11:36:52+08:00 ] 218.74.29.32 /layui/Upload/quanjing/2018-05-17/173811990.png
INFO: [ app_init ] --START--
INFO: Run Behavior\BuildLiteBehavior [ RunTime:0.000000s ]
INFO: [ app_init ] --END-- [ RunTime:0.000977s ]
ERR: 无法加载模块:Upload

[ 2018-05-24T11:36:52+08:00 ] 218.74.29.32 /layui/Upload/quanjing/2018-05-09/195702495.gif
INFO: [ app_init ] --START--
INFO: Run Behavior\BuildLiteBehavior [ RunTime:0.000000s ]
INFO: [ app_init ] --END-- [ RunTime:0.000977s ]
ERR: 无法加载模块:Upload

[ 2018-05-24T11:36:52+08:00 ] 218.74.29.32 /layui/Upload/quanjing/2018-05-10/175109454.jpeg
INFO: [ app_init ] --START--
INFO: Run Behavior\BuildLiteBehavior [ RunTime:0.000000s ]
INFO: [ app_init ] --END-- [ RunTime:0.000000s ]
ERR: 无法加载模块:Upload

[ 2018-05-24T11:37:41+08:00 ] 218.74.29.32 /layui/Upload/quanjing/2018-05-09/195702495.gif
INFO: [ app_init ] --START--
INFO: Run Behavior\BuildLiteBehavior [ RunTime:0.000000s ]
INFO: [ app_init ] --END-- [ RunTime:0.000000s ]
ERR: 无法加载模块:Upload

[ 2018-05-24T11:37:41+08:00 ] 218.74.29.32 /layui/Upload/quanjing/2018-05-10/175109454.jpeg
INFO: [ app_init ] --START--
INFO: Run Behavior\BuildLiteBehavior [ RunTime:0.000000s ]
INFO: [ app_init ] --END-- [ RunTime:0.000977s ]
ERR: 无法加载模块:Upload

[ 2018-05-24T11:37:41+08:00 ] 218.74.29.32 /layui/Upload/quanjing/2018-05-17/164550406.png
INFO: [ app_init ] --START--
INFO: Run Behavior\BuildLiteBehavior [ RunTime:0.000000s ]
INFO: [ app_init ] --END-- [ RunTime:0.000000s ]
ERR: 无法加载模块:Upload

[ 2018-05-24T11:37:41+08:00 ] 218.74.29.32 /layui/Upload/quanjing/2018-05-17/173811990.png
INFO: [ app_init ] --START--
INFO: Run Behavior\BuildLiteBehavior [ RunTime:0.000000s ]
INFO: [ app_init ] --END-- [ RunTime:0.000000s ]
ERR: 无法加载模块:Upload

[ 2018-05-24T11:37:42+08:00 ] 218.74.29.32 /layui/Upload/quanjing/2018-05-17/164550406.png
INFO: [ app_init ] --START--
INFO: Run Behavior\BuildLiteBehavior [ RunTime:0.000000s ]
INFO: [ app_init ] --END-- [ RunTime:0.000000s ]
ERR: 无法加载模块:Upload

[ 2018-05-24T11:37:42+08:00 ] 218.74.29.32 /layui/Upload/quanjing/2018-05-17/173811990.png
INFO: [ app_init ] --START--
INFO: Run Behavior\BuildLiteBehavior [ RunTime:0.000000s ]
INFO: [ app_init ] --END-- [ RunTime:0.000976s ]
ERR: 无法加载模块:Upload

[ 2018-05-24T11:37:42+08:00 ] 218.74.29.32 /layui/Upload/quanjing/2018-05-09/195702495.gif
INFO: [ app_init ] --START--
INFO: Run Behavior\BuildLiteBehavior [ RunTime:0.000000s ]
INFO: [ app_init ] --END-- [ RunTime:0.000976s ]
ERR: 无法加载模块:Upload

[ 2018-05-24T11:37:42+08:00 ] 218.74.29.32 /layui/Upload/quanjing/2018-05-10/175109454.jpeg
INFO: [ app_init ] --START--
INFO: Run Behavior\BuildLiteBehavior [ RunTime:0.000977s ]
INFO: [ app_init ] --END-- [ RunTime:0.000977s ]
ERR: 无法加载模块:Upload

[ 2018-05-24T11:39:50+08:00 ] 218.74.29.32 /layui/Upload/quanjing/2018-05-17/173811990.png
INFO: [ app_init ] --START--
INFO: Run Behavior\BuildLiteBehavior [ RunTime:0.000000s ]
INFO: [ app_init ] --END-- [ RunTime:0.000976s ]
ERR: 无法加载模块:Upload

[ 2018-05-24T11:39:50+08:00 ] 218.74.29.32 /layui/Upload/quanjing/2018-05-17/164550406.png
INFO: [ app_init ] --START--
INFO: Run Behavior\BuildLiteBehavior [ RunTime:0.000000s ]
INFO: [ app_init ] --END-- [ RunTime:0.000000s ]
ERR: 无法加载模块:Upload

[ 2018-05-24T11:39:50+08:00 ] 218.74.29.32 /layui/Upload/quanjing/2018-05-10/175109454.jpeg
INFO: [ app_init ] --START--
INFO: Run Behavior\BuildLiteBehavior [ RunTime:0.000000s ]
INFO: [ app_init ] --END-- [ RunTime:0.000977s ]
ERR: 无法加载模块:Upload

[ 2018-05-24T11:39:50+08:00 ] 218.74.29.32 /layui/Upload/quanjing/2018-05-09/195702495.gif
INFO: [ app_init ] --START--
INFO: Run Behavior\BuildLiteBehavior [ RunTime:0.000000s ]
INFO: [ app_init ] --END-- [ RunTime:0.000000s ]
ERR: 无法加载模块:Upload

[ 2018-05-24T11:39:51+08:00 ] 218.74.29.32 /layui/Upload/quanjing/2018-05-17/173811990.png
INFO: [ app_init ] --START--
INFO: Run Behavior\BuildLiteBehavior [ RunTime:0.000000s ]
INFO: [ app_init ] --END-- [ RunTime:0.000976s ]
ERR: 无法加载模块:Upload

[ 2018-05-24T11:39:51+08:00 ] 218.74.29.32 /layui/Upload/quanjing/2018-05-17/164550406.png
INFO: [ app_init ] --START--
INFO: Run Behavior\BuildLiteBehavior [ RunTime:0.000000s ]
INFO: [ app_init ] --END-- [ RunTime:0.000977s ]
ERR: 无法加载模块:Upload

[ 2018-05-24T11:39:51+08:00 ] 218.74.29.32 /layui/Upload/quanjing/2018-05-10/175109454.jpeg
INFO: [ app_init ] --START--
INFO: Run Behavior\BuildLiteBehavior [ RunTime:0.000000s ]
INFO: [ app_init ] --END-- [ RunTime:0.000976s ]
ERR: 无法加载模块:Upload

[ 2018-05-24T11:39:51+08:00 ] 218.74.29.32 /layui/Upload/quanjing/2018-05-09/195702495.gif
INFO: [ app_init ] --START--
INFO: Run Behavior\BuildLiteBehavior [ RunTime:0.000000s ]
INFO: [ app_init ] --END-- [ RunTime:0.000000s ]
ERR: 无法加载模块:Upload

[ 2018-05-24T11:44:44+08:00 ] 218.74.29.32 /layui/Upload/quanjing/2018-05-17/173811990.png
INFO: [ app_init ] --START--
INFO: Run Behavior\BuildLiteBehavior [ RunTime:0.000000s ]
INFO: [ app_init ] --END-- [ RunTime:0.000976s ]
ERR: 无法加载模块:Upload

[ 2018-05-24T11:44:44+08:00 ] 218.74.29.32 /layui/Upload/quanjing/2018-05-17/164550406.png
INFO: [ app_init ] --START--
INFO: Run Behavior\BuildLiteBehavior [ RunTime:0.000000s ]
INFO: [ app_init ] --END-- [ RunTime:0.000000s ]
ERR: 无法加载模块:Upload

[ 2018-05-24T11:44:44+08:00 ] 218.74.29.32 /layui/Upload/quanjing/2018-05-10/175109454.jpeg
INFO: [ app_init ] --START--
INFO: Run Behavior\BuildLiteBehavior [ RunTime:0.000000s ]
INFO: [ app_init ] --END-- [ RunTime:0.000000s ]
ERR: 无法加载模块:Upload

[ 2018-05-24T11:44:44+08:00 ] 218.74.29.32 /layui/Upload/quanjing/2018-05-09/195702495.gif
INFO: [ app_init ] --START--
INFO: Run Behavior\BuildLiteBehavior [ RunTime:0.000000s ]
INFO: [ app_init ] --END-- [ RunTime:0.000977s ]
ERR: 无法加载模块:Upload

[ 2018-05-24T11:45:23+08:00 ] 218.74.29.32 /layui/Upload/quanjing/2018-05-17/173811990.png
INFO: [ app_init ] --START--
INFO: Run Behavior\BuildLiteBehavior [ RunTime:0.000000s ]
INFO: [ app_init ] --END-- [ RunTime:0.000977s ]
ERR: 无法加载模块:Upload

[ 2018-05-24T11:45:23+08:00 ] 218.74.29.32 /layui/Upload/quanjing/2018-05-10/175109454.jpeg
INFO: [ app_init ] --START--
INFO: Run Behavior\BuildLiteBehavior [ RunTime:0.000000s ]
INFO: [ app_init ] --END-- [ RunTime:0.000977s ]
ERR: 无法加载模块:Upload

[ 2018-05-24T11:45:23+08:00 ] 218.74.29.32 /layui/Upload/quanjing/2018-05-17/164550406.png
INFO: [ app_init ] --START--
INFO: Run Behavior\BuildLiteBehavior [ RunTime:0.000000s ]
INFO: [ app_init ] --END-- [ RunTime:0.000977s ]
ERR: 无法加载模块:Upload

[ 2018-05-24T11:45:23+08:00 ] 218.74.29.32 /layui/Upload/quanjing/2018-05-09/195702495.gif
INFO: [ app_init ] --START--
INFO: Run Behavior\BuildLiteBehavior [ RunTime:0.000000s ]
INFO: [ app_init ] --END-- [ RunTime:0.000000s ]
ERR: 无法加载模块:Upload

[ 2018-05-24T11:45:24+08:00 ] 218.74.29.32 /layui/Upload/quanjing/2018-05-17/173811990.png
INFO: [ app_init ] --START--
INFO: Run Behavior\BuildLiteBehavior [ RunTime:0.000000s ]
INFO: [ app_init ] --END-- [ RunTime:0.000976s ]
ERR: 无法加载模块:Upload

[ 2018-05-24T11:45:24+08:00 ] 218.74.29.32 /layui/Upload/quanjing/2018-05-17/164550406.png
INFO: [ app_init ] --START--
INFO: Run Behavior\BuildLiteBehavior [ RunTime:0.000000s ]
INFO: [ app_init ] --END-- [ RunTime:0.000976s ]
ERR: 无法加载模块:Upload

[ 2018-05-24T11:45:24+08:00 ] 218.74.29.32 /layui/Upload/quanjing/2018-05-10/175109454.jpeg
INFO: [ app_init ] --START--
INFO: Run Behavior\BuildLiteBehavior [ RunTime:0.000000s ]
INFO: [ app_init ] --END-- [ RunTime:0.000977s ]
ERR: 无法加载模块:Upload

[ 2018-05-24T11:45:24+08:00 ] 218.74.29.32 /layui/Upload/quanjing/2018-05-09/195702495.gif
INFO: [ app_init ] --START--
INFO: Run Behavior\BuildLiteBehavior [ RunTime:0.000000s ]
INFO: [ app_init ] --END-- [ RunTime:0.000000s ]
ERR: 无法加载模块:Upload

[ 2018-05-24T11:46:26+08:00 ] 218.74.29.32 /layui/Upload/quanjing/2018-05-17/173811990.png
INFO: [ app_init ] --START--
INFO: Run Behavior\BuildLiteBehavior [ RunTime:0.000976s ]
INFO: [ app_init ] --END-- [ RunTime:0.000976s ]
ERR: 无法加载模块:Upload

[ 2018-05-24T11:46:26+08:00 ] 218.74.29.32 /layui/Upload/quanjing/2018-05-17/164550406.png
INFO: [ app_init ] --START--
INFO: Run Behavior\BuildLiteBehavior [ RunTime:0.000000s ]
INFO: [ app_init ] --END-- [ RunTime:0.000977s ]
ERR: 无法加载模块:Upload

[ 2018-05-24T11:46:26+08:00 ] 218.74.29.32 /layui/Upload/quanjing/2018-05-09/195702495.gif
INFO: [ app_init ] --START--
INFO: Run Behavior\BuildLiteBehavior [ RunTime:0.000000s ]
INFO: [ app_init ] --END-- [ RunTime:0.000976s ]
ERR: 无法加载模块:Upload

[ 2018-05-24T11:46:26+08:00 ] 218.74.29.32 /layui/Upload/quanjing/2018-05-10/175109454.jpeg
INFO: [ app_init ] --START--
INFO: Run Behavior\BuildLiteBehavior [ RunTime:0.000000s ]
INFO: [ app_init ] --END-- [ RunTime:0.000000s ]
ERR: 无法加载模块:Upload

[ 2018-05-24T12:25:21+08:00 ] 218.74.24.168 /layui/Upload/quanjing/2018-05-17/173811990.png
INFO: [ app_init ] --START--
INFO: Run Behavior\BuildLiteBehavior [ RunTime:0.000000s ]
INFO: [ app_init ] --END-- [ RunTime:0.000000s ]
ERR: 无法加载模块:Upload

[ 2018-05-24T12:25:21+08:00 ] 218.74.24.168 /layui/Upload/quanjing/2018-05-10/175109454.jpeg
INFO: [ app_init ] --START--
INFO: Run Behavior\BuildLiteBehavior [ RunTime:0.000000s ]
INFO: [ app_init ] --END-- [ RunTime:0.000000s ]
ERR: 无法加载模块:Upload

[ 2018-05-24T12:25:21+08:00 ] 218.74.24.168 /layui/Upload/quanjing/2018-05-17/164550406.png
INFO: [ app_init ] --START--
INFO: Run Behavior\BuildLiteBehavior [ RunTime:0.000000s ]
INFO: [ app_init ] --END-- [ RunTime:0.000977s ]
ERR: 无法加载模块:Upload

[ 2018-05-24T12:25:21+08:00 ] 218.74.24.168 /layui/Upload/quanjing/2018-05-09/195702495.gif
INFO: [ app_init ] --START--
INFO: Run Behavior\BuildLiteBehavior [ RunTime:0.000000s ]
INFO: [ app_init ] --END-- [ RunTime:0.000000s ]
ERR: 无法加载模块:Upload

[ 2018-05-24T12:25:25+08:00 ] 218.74.24.168 /layui/Upload/quanjing/2018-05-09/195702495.gif
INFO: [ app_init ] --START--
INFO: Run Behavior\BuildLiteBehavior [ RunTime:0.000000s ]
INFO: [ app_init ] --END-- [ RunTime:0.000000s ]
ERR: 无法加载模块:Upload

[ 2018-05-24T12:25:25+08:00 ] 218.74.24.168 /layui/Upload/quanjing/2018-05-17/173811990.png
INFO: [ app_init ] --START--
INFO: Run Behavior\BuildLiteBehavior [ RunTime:0.000000s ]
INFO: [ app_init ] --END-- [ RunTime:0.000977s ]
ERR: 无法加载模块:Upload

[ 2018-05-24T12:25:25+08:00 ] 218.74.24.168 /layui/Upload/quanjing/2018-05-17/164550406.png
INFO: [ app_init ] --START--
INFO: Run Behavior\BuildLiteBehavior [ RunTime:0.000000s ]
INFO: [ app_init ] --END-- [ RunTime:0.000000s ]
ERR: 无法加载模块:Upload

[ 2018-05-24T12:25:25+08:00 ] 218.74.24.168 /layui/Upload/quanjing/2018-05-10/175109454.jpeg
INFO: [ app_init ] --START--
INFO: Run Behavior\BuildLiteBehavior [ RunTime:0.000000s ]
INFO: [ app_init ] --END-- [ RunTime:0.000976s ]
ERR: 无法加载模块:Upload

[ 2018-05-24T12:31:58+08:00 ] 218.74.29.32 /layui/Upload/quanjing/2018-05-17/173811990.png
INFO: [ app_init ] --START--
INFO: Run Behavior\BuildLiteBehavior [ RunTime:0.000000s ]
INFO: [ app_init ] --END-- [ RunTime:0.000000s ]
ERR: 无法加载模块:Upload

[ 2018-05-24T12:31:58+08:00 ] 218.74.29.32 /layui/Upload/quanjing/2018-05-17/164550406.png
INFO: [ app_init ] --START--
INFO: Run Behavior\BuildLiteBehavior [ RunTime:0.000000s ]
INFO: [ app_init ] --END-- [ RunTime:0.000976s ]
ERR: 无法加载模块:Upload

[ 2018-05-24T12:31:58+08:00 ] 218.74.29.32 /layui/Upload/quanjing/2018-05-10/175109454.jpeg
INFO: [ app_init ] --START--
INFO: Run Behavior\BuildLiteBehavior [ RunTime:0.000000s ]
INFO: [ app_init ] --END-- [ RunTime:0.000000s ]
ERR: 无法加载模块:Upload

[ 2018-05-24T12:31:58+08:00 ] 218.74.29.32 /layui/Upload/quanjing/2018-05-09/195702495.gif
INFO: [ app_init ] --START--
INFO: Run Behavior\BuildLiteBehavior [ RunTime:0.000000s ]
INFO: [ app_init ] --END-- [ RunTime:0.000000s ]
ERR: 无法加载模块:Upload

[ 2018-05-24T12:31:59+08:00 ] 218.74.29.32 /layui/Upload/quanjing/2018-05-17/173811990.png
INFO: [ app_init ] --START--
INFO: Run Behavior\BuildLiteBehavior [ RunTime:0.000000s ]
INFO: [ app_init ] --END-- [ RunTime:0.000000s ]
ERR: 无法加载模块:Upload

[ 2018-05-24T12:31:59+08:00 ] 218.74.29.32 /layui/Upload/quanjing/2018-05-17/164550406.png
INFO: [ app_init ] --START--
INFO: Run Behavior\BuildLiteBehavior [ RunTime:0.000000s ]
INFO: [ app_init ] --END-- [ RunTime:0.000977s ]
ERR: 无法加载模块:Upload

[ 2018-05-24T12:31:59+08:00 ] 218.74.29.32 /layui/Upload/quanjing/2018-05-10/175109454.jpeg
INFO: [ app_init ] --START--
INFO: Run Behavior\BuildLiteBehavior [ RunTime:0.000000s ]
INFO: [ app_init ] --END-- [ RunTime:0.000000s ]
ERR: 无法加载模块:Upload

[ 2018-05-24T12:31:59+08:00 ] 218.74.29.32 /layui/Upload/quanjing/2018-05-09/195702495.gif
INFO: [ app_init ] --START--
INFO: Run Behavior\BuildLiteBehavior [ RunTime:0.000000s ]
INFO: [ app_init ] --END-- [ RunTime:0.000000s ]
ERR: 无法加载模块:Upload

[ 2018-05-24T12:32:00+08:00 ] 218.74.29.32 /layui/Upload/quanjing/2018-05-17/173811990.png
INFO: [ app_init ] --START--
INFO: Run Behavior\BuildLiteBehavior [ RunTime:0.000000s ]
INFO: [ app_init ] --END-- [ RunTime:0.000977s ]
ERR: 无法加载模块:Upload

[ 2018-05-24T12:32:00+08:00 ] 218.74.29.32 /layui/Upload/quanjing/2018-05-10/175109454.jpeg
INFO: [ app_init ] --START--
INFO: Run Behavior\BuildLiteBehavior [ RunTime:0.000000s ]
INFO: [ app_init ] --END-- [ RunTime:0.000977s ]
ERR: 无法加载模块:Upload

[ 2018-05-24T12:32:00+08:00 ] 218.74.29.32 /layui/Upload/quanjing/2018-05-17/164550406.png
INFO: [ app_init ] --START--
INFO: Run Behavior\BuildLiteBehavior [ RunTime:0.000977s ]
INFO: [ app_init ] --END-- [ RunTime:0.000977s ]
ERR: 无法加载模块:Upload

[ 2018-05-24T12:32:00+08:00 ] 218.74.29.32 /layui/Upload/quanjing/2018-05-09/195702495.gif
INFO: [ app_init ] --START--
INFO: Run Behavior\BuildLiteBehavior [ RunTime:0.000977s ]
INFO: [ app_init ] --END-- [ RunTime:0.000977s ]
ERR: 无法加载模块:Upload

[ 2018-05-24T12:32:00+08:00 ] 218.74.29.32 /layui/Upload/quanjing/2018-05-17/164550406.png
INFO: [ app_init ] --START--
INFO: Run Behavior\BuildLiteBehavior [ RunTime:0.000000s ]
INFO: [ app_init ] --END-- [ RunTime:0.000976s ]
ERR: 无法加载模块:Upload

[ 2018-05-24T12:32:00+08:00 ] 218.74.29.32 /layui/Upload/quanjing/2018-05-17/173811990.png
INFO: [ app_init ] --START--
INFO: Run Behavior\BuildLiteBehavior [ RunTime:0.000977s ]
INFO: [ app_init ] --END-- [ RunTime:0.000977s ]
ERR: 无法加载模块:Upload

[ 2018-05-24T12:32:00+08:00 ] 218.74.29.32 /layui/Upload/quanjing/2018-05-10/175109454.jpeg
INFO: [ app_init ] --START--
INFO: Run Behavior\BuildLiteBehavior [ RunTime:0.000000s ]
INFO: [ app_init ] --END-- [ RunTime:0.000976s ]
ERR: 无法加载模块:Upload

[ 2018-05-24T12:32:00+08:00 ] 218.74.29.32 /layui/Upload/quanjing/2018-05-09/195702495.gif
INFO: [ app_init ] --START--
INFO: Run Behavior\BuildLiteBehavior [ RunTime:0.000000s ]
INFO: [ app_init ] --END-- [ RunTime:0.000000s ]
ERR: 无法加载模块:Upload

[ 2018-05-24T12:33:17+08:00 ] 218.74.29.32 /layui/Upload/quanjing/2018-05-17/173811990.png
INFO: [ app_init ] --START--
INFO: Run Behavior\BuildLiteBehavior [ RunTime:0.000000s ]
INFO: [ app_init ] --END-- [ RunTime:0.000976s ]
ERR: 无法加载模块:Upload

[ 2018-05-24T12:33:17+08:00 ] 218.74.29.32 /layui/Upload/quanjing/2018-05-10/175109454.jpeg
INFO: [ app_init ] --START--
INFO: Run Behavior\BuildLiteBehavior [ RunTime:0.000000s ]
INFO: [ app_init ] --END-- [ RunTime:0.000977s ]
ERR: 无法加载模块:Upload

[ 2018-05-24T12:33:17+08:00 ] 218.74.29.32 /layui/Upload/quanjing/2018-05-17/164550406.png
INFO: [ app_init ] --START--
INFO: Run Behavior\BuildLiteBehavior [ RunTime:0.000000s ]
INFO: [ app_init ] --END-- [ RunTime:0.000000s ]
ERR: 无法加载模块:Upload

[ 2018-05-24T12:33:17+08:00 ] 218.74.29.32 /layui/Upload/quanjing/2018-05-09/195702495.gif
INFO: [ app_init ] --START--
INFO: Run Behavior\BuildLiteBehavior [ RunTime:0.000000s ]
INFO: [ app_init ] --END-- [ RunTime:0.000976s ]
ERR: 无法加载模块:Upload

[ 2018-05-24T23:22:59+08:00 ] 122.225.228.131 /layui/Upload/folder/2018-05-17/150055301.zip
INFO: [ app_init ] --START--
INFO: Run Behavior\BuildLiteBehavior [ RunTime:0.000000s ]
INFO: [ app_init ] --END-- [ RunTime:0.000000s ]
ERR: 无法加载模块:Upload

