[ 2018-05-25T00:43:33+08:00 ] 124.89.79.103 /layui/Upload/bl123/image/2018%E5%B9%B45%E6%9C%8825%E6%97%A5/04327286132125%20
INFO: [ app_init ] --START--
INFO: Run Behavior\BuildLiteBehavior [ RunTime:0.000000s ]
INFO: [ app_init ] --END-- [ RunTime:0.000000s ]
ERR: 无法加载模块:Upload

[ 2018-05-25T00:47:08+08:00 ] 124.89.79.103 /layui/Upload/bl123/image/2018%E5%B9%B45%E6%9C%8825%E6%97%A5/04658137..png
INFO: [ app_init ] --START--
INFO: Run Behavior\BuildLiteBehavior [ RunTime:0.000000s ]
INFO: [ app_init ] --END-- [ RunTime:0.015625s ]
ERR: 无法加载模块:Upload

[ 2018-05-25T04:07:37+08:00 ] 124.89.79.103 /layui/Upload/quanjing/2018-05-17/173811990.png
INFO: [ app_init ] --START--
INFO: Run Behavior\BuildLiteBehavior [ RunTime:0.000000s ]
INFO: [ app_init ] --END-- [ RunTime:0.000000s ]
ERR: 无法加载模块:Upload

[ 2018-05-25T04:12:40+08:00 ] 124.89.79.103 /layui/Upload/quanjing/2018-05-17/173811990.png
INFO: [ app_init ] --START--
INFO: Run Behavior\BuildLiteBehavior [ RunTime:0.000000s ]
INFO: [ app_init ] --END-- [ RunTime:0.000000s ]
ERR: 无法加载模块:Upload

[ 2018-05-25T04:16:30+08:00 ] 124.89.79.103 /layui/Upload/quanjing/2018-05-17/173811990.png
INFO: [ app_init ] --START--
INFO: Run Behavior\BuildLiteBehavior [ RunTime:0.000000s ]
INFO: [ app_init ] --END-- [ RunTime:0.000000s ]
ERR: 无法加载模块:Upload

[ 2018-05-25T04:18:02+08:00 ] 124.89.79.103 /layui/Upload/quanjing/2018-05-17/173811990.png
INFO: [ app_init ] --START--
INFO: Run Behavior\BuildLiteBehavior [ RunTime:0.000000s ]
INFO: [ app_init ] --END-- [ RunTime:0.000000s ]
ERR: 无法加载模块:Upload

[ 2018-05-25T10:18:29+08:00 ] 218.74.24.168 /layui/Upload/quanjing/2018-05-17/173811990.png
INFO: [ app_init ] --START--
INFO: Run Behavior\BuildLiteBehavior [ RunTime:0.000000s ]
INFO: [ app_init ] --END-- [ RunTime:0.000000s ]
ERR: 无法加载模块:Upload

[ 2018-05-25T10:18:30+08:00 ] 218.74.24.168 /layui/Upload/quanjing/2018-05-17/173811990.png
INFO: [ app_init ] --START--
INFO: Run Behavior\BuildLiteBehavior [ RunTime:0.000000s ]
INFO: [ app_init ] --END-- [ RunTime:0.000000s ]
ERR: 无法加载模块:Upload

[ 2018-05-25T10:18:33+08:00 ] 218.74.24.168 /layui/Upload/quanjing/2018-05-17/173811990.png
INFO: [ app_init ] --START--
INFO: Run Behavior\BuildLiteBehavior [ RunTime:0.000000s ]
INFO: [ app_init ] --END-- [ RunTime:0.000000s ]
ERR: 无法加载模块:Upload

[ 2018-05-25T10:18:40+08:00 ] 218.74.24.168 /layui/Upload/quanjing/2018-05-17/173811990.png
INFO: [ app_init ] --START--
INFO: Run Behavior\BuildLiteBehavior [ RunTime:0.000000s ]
INFO: [ app_init ] --END-- [ RunTime:0.000000s ]
ERR: 无法加载模块:Upload

[ 2018-05-25T10:18:41+08:00 ] 218.74.24.168 /layui/Upload/quanjing/2018-05-17/173811990.png
INFO: [ app_init ] --START--
INFO: Run Behavior\BuildLiteBehavior [ RunTime:0.000000s ]
INFO: [ app_init ] --END-- [ RunTime:0.001953s ]
ERR: 无法加载模块:Upload

[ 2018-05-25T10:18:57+08:00 ] 218.74.24.168 /layui/Upload/quanjing/2018-05-17/173811990.png
INFO: [ app_init ] --START--
INFO: Run Behavior\BuildLiteBehavior [ RunTime:0.000000s ]
INFO: [ app_init ] --END-- [ RunTime:0.000000s ]
ERR: 无法加载模块:Upload

[ 2018-05-25T10:18:57+08:00 ] 218.74.24.168 /layui/Upload/quanjing/2018-05-17/173811990.png
INFO: [ app_init ] --START--
INFO: Run Behavior\BuildLiteBehavior [ RunTime:0.000000s ]
INFO: [ app_init ] --END-- [ RunTime:0.000000s ]
ERR: 无法加载模块:Upload

[ 2018-05-25T10:18:58+08:00 ] 218.74.24.168 /layui/Upload/quanjing/2018-05-17/173811990.png
INFO: [ app_init ] --START--
INFO: Run Behavior\BuildLiteBehavior [ RunTime:0.000000s ]
INFO: [ app_init ] --END-- [ RunTime:0.000000s ]
ERR: 无法加载模块:Upload

[ 2018-05-25T10:18:58+08:00 ] 218.74.24.168 /layui/Upload/quanjing/2018-05-17/173811990.png
INFO: [ app_init ] --START--
INFO: Run Behavior\BuildLiteBehavior [ RunTime:0.000000s ]
INFO: [ app_init ] --END-- [ RunTime:0.000000s ]
ERR: 无法加载模块:Upload

[ 2018-05-25T10:19:00+08:00 ] 218.74.24.168 /layui/Upload/quanjing/2018-05-17/173811990.png
INFO: [ app_init ] --START--
INFO: Run Behavior\BuildLiteBehavior [ RunTime:0.000000s ]
INFO: [ app_init ] --END-- [ RunTime:0.000000s ]
ERR: 无法加载模块:Upload

[ 2018-05-25T10:19:00+08:00 ] 218.74.24.168 /layui/Upload/quanjing/2018-05-17/173811990.png
INFO: [ app_init ] --START--
INFO: Run Behavior\BuildLiteBehavior [ RunTime:0.000000s ]
INFO: [ app_init ] --END-- [ RunTime:0.000000s ]
ERR: 无法加载模块:Upload

[ 2018-05-25T10:19:00+08:00 ] 218.74.24.168 /layui/Upload/quanjing/2018-05-17/173811990.png
INFO: [ app_init ] --START--
INFO: Run Behavior\BuildLiteBehavior [ RunTime:0.000000s ]
INFO: [ app_init ] --END-- [ RunTime:0.000000s ]
ERR: 无法加载模块:Upload

[ 2018-05-25T10:19:01+08:00 ] 218.74.24.168 /layui/Upload/quanjing/2018-05-17/173811990.png
INFO: [ app_init ] --START--
INFO: Run Behavior\BuildLiteBehavior [ RunTime:0.000000s ]
INFO: [ app_init ] --END-- [ RunTime:0.000000s ]
ERR: 无法加载模块:Upload

[ 2018-05-25T10:19:01+08:00 ] 218.74.24.168 /layui/Upload/quanjing/2018-05-17/173811990.png
INFO: [ app_init ] --START--
INFO: Run Behavior\BuildLiteBehavior [ RunTime:0.000000s ]
INFO: [ app_init ] --END-- [ RunTime:0.000000s ]
ERR: 无法加载模块:Upload

[ 2018-05-25T10:19:02+08:00 ] 218.74.24.168 /layui/Upload/quanjing/2018-05-17/173811990.png
INFO: [ app_init ] --START--
INFO: Run Behavior\BuildLiteBehavior [ RunTime:0.000000s ]
INFO: [ app_init ] --END-- [ RunTime:0.000000s ]
ERR: 无法加载模块:Upload

[ 2018-05-25T10:19:02+08:00 ] 218.74.24.168 /layui/Upload/quanjing/2018-05-17/173811990.png
INFO: [ app_init ] --START--
INFO: Run Behavior\BuildLiteBehavior [ RunTime:0.000000s ]
INFO: [ app_init ] --END-- [ RunTime:0.000000s ]
ERR: 无法加载模块:Upload

[ 2018-05-25T10:19:02+08:00 ] 218.74.24.168 /layui/Upload/quanjing/2018-05-17/173811990.png
INFO: [ app_init ] --START--
INFO: Run Behavior\BuildLiteBehavior [ RunTime:0.000000s ]
INFO: [ app_init ] --END-- [ RunTime:0.000000s ]
ERR: 无法加载模块:Upload

[ 2018-05-25T10:19:03+08:00 ] 218.74.24.168 /layui/Upload/quanjing/2018-05-17/173811990.png
INFO: [ app_init ] --START--
INFO: Run Behavior\BuildLiteBehavior [ RunTime:0.000000s ]
INFO: [ app_init ] --END-- [ RunTime:0.000000s ]
ERR: 无法加载模块:Upload

[ 2018-05-25T10:19:03+08:00 ] 218.74.24.168 /layui/Upload/quanjing/2018-05-17/173811990.png
INFO: [ app_init ] --START--
INFO: Run Behavior\BuildLiteBehavior [ RunTime:0.000000s ]
INFO: [ app_init ] --END-- [ RunTime:0.000000s ]
ERR: 无法加载模块:Upload

[ 2018-05-25T10:19:19+08:00 ] 218.74.24.168 /layui/Upload/quanjing/2018-05-17/173811990.png
INFO: [ app_init ] --START--
INFO: Run Behavior\BuildLiteBehavior [ RunTime:0.000000s ]
INFO: [ app_init ] --END-- [ RunTime:0.000000s ]
ERR: 无法加载模块:Upload

[ 2018-05-25T10:19:19+08:00 ] 218.74.24.168 /layui/Upload/quanjing/2018-05-17/173811990.png
INFO: [ app_init ] --START--
INFO: Run Behavior\BuildLiteBehavior [ RunTime:0.000000s ]
INFO: [ app_init ] --END-- [ RunTime:0.000000s ]
ERR: 无法加载模块:Upload

[ 2018-05-25T10:19:20+08:00 ] 218.74.24.168 /layui/Upload/quanjing/2018-05-17/173811990.png
INFO: [ app_init ] --START--
INFO: Run Behavior\BuildLiteBehavior [ RunTime:0.000000s ]
INFO: [ app_init ] --END-- [ RunTime:0.000000s ]
ERR: 无法加载模块:Upload

[ 2018-05-25T10:20:01+08:00 ] 124.89.79.103 /layui/Upload/quanjing/2018-05-17/173811990.png
INFO: [ app_init ] --START--
INFO: Run Behavior\BuildLiteBehavior [ RunTime:0.000000s ]
INFO: [ app_init ] --END-- [ RunTime:0.000000s ]
ERR: 无法加载模块:Upload

[ 2018-05-25T10:22:55+08:00 ] 218.74.24.168 /layui/Upload/quanjing/2018-05-17/173811990.png
INFO: [ app_init ] --START--
INFO: Run Behavior\BuildLiteBehavior [ RunTime:0.000000s ]
INFO: [ app_init ] --END-- [ RunTime:0.000000s ]
ERR: 无法加载模块:Upload

[ 2018-05-25T10:22:55+08:00 ] 218.74.24.168 /layui/Upload/quanjing/2018-05-17/173811990.png
INFO: [ app_init ] --START--
INFO: Run Behavior\BuildLiteBehavior [ RunTime:0.000000s ]
INFO: [ app_init ] --END-- [ RunTime:0.000000s ]
ERR: 无法加载模块:Upload

[ 2018-05-25T10:22:55+08:00 ] 218.74.24.168 /layui/Upload/quanjing/2018-05-17/173811990.png
INFO: [ app_init ] --START--
INFO: Run Behavior\BuildLiteBehavior [ RunTime:0.000000s ]
INFO: [ app_init ] --END-- [ RunTime:0.000000s ]
ERR: 无法加载模块:Upload

[ 2018-05-25T10:22:56+08:00 ] 218.74.24.168 /layui/Upload/quanjing/2018-05-17/173811990.png
INFO: [ app_init ] --START--
INFO: Run Behavior\BuildLiteBehavior [ RunTime:0.000000s ]
INFO: [ app_init ] --END-- [ RunTime:0.000000s ]
ERR: 无法加载模块:Upload

[ 2018-05-25T10:23:01+08:00 ] 218.74.24.168 /layui/Upload/quanjing/2018-05-17/173811990.png
INFO: [ app_init ] --START--
INFO: Run Behavior\BuildLiteBehavior [ RunTime:0.000000s ]
INFO: [ app_init ] --END-- [ RunTime:0.000000s ]
ERR: 无法加载模块:Upload

[ 2018-05-25T10:23:07+08:00 ] 218.74.24.168 /layui/Upload/quanjing/2018-05-17/173811990.png
INFO: [ app_init ] --START--
INFO: Run Behavior\BuildLiteBehavior [ RunTime:0.000000s ]
INFO: [ app_init ] --END-- [ RunTime:0.000000s ]
ERR: 无法加载模块:Upload

[ 2018-05-25T10:23:08+08:00 ] 218.74.24.168 /layui/Upload/quanjing/2018-05-17/173811990.png
INFO: [ app_init ] --START--
INFO: Run Behavior\BuildLiteBehavior [ RunTime:0.000000s ]
INFO: [ app_init ] --END-- [ RunTime:0.015625s ]
ERR: 无法加载模块:Upload

[ 2018-05-25T10:23:08+08:00 ] 218.74.24.168 /layui/Upload/quanjing/2018-05-17/173811990.png
INFO: [ app_init ] --START--
INFO: Run Behavior\BuildLiteBehavior [ RunTime:0.000000s ]
INFO: [ app_init ] --END-- [ RunTime:0.000000s ]
ERR: 无法加载模块:Upload

[ 2018-05-25T10:23:09+08:00 ] 218.74.24.168 /layui/Upload/quanjing/2018-05-17/173811990.png
INFO: [ app_init ] --START--
INFO: Run Behavior\BuildLiteBehavior [ RunTime:0.000000s ]
INFO: [ app_init ] --END-- [ RunTime:0.000000s ]
ERR: 无法加载模块:Upload

[ 2018-05-25T10:23:09+08:00 ] 218.74.24.168 /layui/Upload/quanjing/2018-05-17/173811990.png
INFO: [ app_init ] --START--
INFO: Run Behavior\BuildLiteBehavior [ RunTime:0.000000s ]
INFO: [ app_init ] --END-- [ RunTime:0.000000s ]
ERR: 无法加载模块:Upload

[ 2018-05-25T10:23:13+08:00 ] 218.74.24.168 /layui/Upload/quanjing/2018-05-17/173811990.png
INFO: [ app_init ] --START--
INFO: Run Behavior\BuildLiteBehavior [ RunTime:0.000000s ]
INFO: [ app_init ] --END-- [ RunTime:0.000000s ]
ERR: 无法加载模块:Upload

[ 2018-05-25T10:23:13+08:00 ] 218.74.24.168 /layui/Upload/quanjing/2018-05-17/173811990.png
INFO: [ app_init ] --START--
INFO: Run Behavior\BuildLiteBehavior [ RunTime:0.000000s ]
INFO: [ app_init ] --END-- [ RunTime:0.000000s ]
ERR: 无法加载模块:Upload

[ 2018-05-25T10:22:58+08:00 ] 218.74.24.168 /layui/Upload/quanjing/2018-05-17/173811990.png
INFO: [ app_init ] --START--
INFO: Run Behavior\BuildLiteBehavior [ RunTime:0.000000s ]
INFO: [ app_init ] --END-- [ RunTime:0.000000s ]
ERR: 无法加载模块:Upload

[ 2018-05-25T11:34:05+08:00 ] 218.74.29.32 /layui/Upload/quanjing/2018-05-17/173811990.png
INFO: [ app_init ] --START--
INFO: Run Behavior\BuildLiteBehavior [ RunTime:0.000000s ]
INFO: [ app_init ] --END-- [ RunTime:0.000000s ]
ERR: 无法加载模块:Upload

[ 2018-05-25T11:34:08+08:00 ] 218.74.29.32 /layui/Upload/quanjing/2018-05-17/173811990.png
INFO: [ app_init ] --START--
INFO: Run Behavior\BuildLiteBehavior [ RunTime:0.000000s ]
INFO: [ app_init ] --END-- [ RunTime:0.000000s ]
ERR: 无法加载模块:Upload

[ 2018-05-25T11:34:09+08:00 ] 218.74.29.32 /layui/Upload/quanjing/2018-05-17/173811990.png
INFO: [ app_init ] --START--
INFO: Run Behavior\BuildLiteBehavior [ RunTime:0.000000s ]
INFO: [ app_init ] --END-- [ RunTime:0.000000s ]
ERR: 无法加载模块:Upload

[ 2018-05-25T11:34:09+08:00 ] 218.74.29.32 /layui/Upload/quanjing/2018-05-17/173811990.png
INFO: [ app_init ] --START--
INFO: Run Behavior\BuildLiteBehavior [ RunTime:0.000000s ]
INFO: [ app_init ] --END-- [ RunTime:0.000000s ]
ERR: 无法加载模块:Upload

[ 2018-05-25T11:34:19+08:00 ] 218.74.29.32 /layui/Upload/quanjing/2018-05-17/173811990.png
INFO: [ app_init ] --START--
INFO: Run Behavior\BuildLiteBehavior [ RunTime:0.000000s ]
INFO: [ app_init ] --END-- [ RunTime:0.000000s ]
ERR: 无法加载模块:Upload

[ 2018-05-25T14:06:48+08:00 ] 124.89.79.103 /layui/Upload/mumu/image/2018-05-25/140614756.jpg%E3%80%81
INFO: [ app_init ] --START--
INFO: Run Behavior\BuildLiteBehavior [ RunTime:0.000000s ]
INFO: [ app_init ] --END-- [ RunTime:0.000000s ]
ERR: 无法加载模块:Upload

[ 2018-05-25T14:06:50+08:00 ] 124.89.79.103 /layui/Upload/mumu/image/2018-05-25/140614756.jpg
INFO: [ app_init ] --START--
INFO: Run Behavior\BuildLiteBehavior [ RunTime:0.000000s ]
INFO: [ app_init ] --END-- [ RunTime:0.000000s ]
ERR: 无法加载模块:Upload

[ 2018-05-25T14:06:58+08:00 ] 218.74.29.32 /layui/Upload/mumu/image/2018-05-25/140614756.jpg
INFO: [ app_init ] --START--
INFO: Run Behavior\BuildLiteBehavior [ RunTime:0.000000s ]
INFO: [ app_init ] --END-- [ RunTime:0.000000s ]
ERR: 无法加载模块:Upload

[ 2018-05-25T14:07:11+08:00 ] 218.74.29.32 /layui/upload/mumu/image/2018-05-25/140614756.jpg
INFO: [ app_init ] --START--
INFO: Run Behavior\BuildLiteBehavior [ RunTime:0.000000s ]
INFO: [ app_init ] --END-- [ RunTime:0.000974s ]
ERR: 无法加载模块:Upload

[ 2018-05-25T14:09:12+08:00 ] 124.89.79.103 /layui/Upload/mumu/image/2018-05-25/140614756.jpg
INFO: [ app_init ] --START--
INFO: Run Behavior\BuildLiteBehavior [ RunTime:0.000000s ]
INFO: [ app_init ] --END-- [ RunTime:0.000000s ]
ERR: 无法加载模块:Upload

[ 2018-05-25T14:09:56+08:00 ] 124.89.79.103 /layui/Upload/mumu/image/2018-05-25/140921265.jpg
INFO: [ app_init ] --START--
INFO: Run Behavior\BuildLiteBehavior [ RunTime:0.000000s ]
INFO: [ app_init ] --END-- [ RunTime:0.000000s ]
ERR: 无法加载模块:Upload

