[ 2018-05-19T09:20:29+08:00 ] 122.235.153.120 /layui/Upload/quanjing/2018-05-17/164550406.png
INFO: [ app_init ] --START--
INFO: Run Behavior\BuildLiteBehavior [ RunTime:0.000000s ]
INFO: [ app_init ] --END-- [ RunTime:0.000000s ]
ERR: 无法加载模块:Upload

[ 2018-05-19T09:20:29+08:00 ] 122.235.153.120 /layui/Upload/quanjing/2018-05-17/160400146.png
INFO: [ app_init ] --START--
INFO: Run Behavior\BuildLiteBehavior [ RunTime:0.000000s ]
INFO: [ app_init ] --END-- [ RunTime:0.000000s ]
ERR: 无法加载模块:Upload

[ 2018-05-19T09:20:29+08:00 ] 122.235.153.120 /layui/Upload/quanjing/2018-05-17/150116473.png
INFO: [ app_init ] --START--
INFO: Run Behavior\BuildLiteBehavior [ RunTime:0.000000s ]
INFO: [ app_init ] --END-- [ RunTime:0.000000s ]
ERR: 无法加载模块:Upload

[ 2018-05-19T09:20:29+08:00 ] 122.235.153.120 /layui/Upload/quanjing/2018-05-12/105220809.jpg
INFO: [ app_init ] --START--
INFO: Run Behavior\BuildLiteBehavior [ RunTime:0.000000s ]
INFO: [ app_init ] --END-- [ RunTime:0.000000s ]
ERR: 无法加载模块:Upload

[ 2018-05-19T09:20:29+08:00 ] 122.235.153.120 /layui/Upload/quanjing/2018-05-09/195207262.gif
INFO: [ app_init ] --START--
INFO: Run Behavior\BuildLiteBehavior [ RunTime:0.000000s ]
INFO: [ app_init ] --END-- [ RunTime:0.000000s ]
ERR: 无法加载模块:Upload

[ 2018-05-19T09:20:48+08:00 ] 122.235.153.120 /layui/Upload/quanjing/2018-05-17/164550406.png
INFO: [ app_init ] --START--
INFO: Run Behavior\BuildLiteBehavior [ RunTime:0.000000s ]
INFO: [ app_init ] --END-- [ RunTime:0.000000s ]
ERR: 无法加载模块:Upload

[ 2018-05-19T09:20:48+08:00 ] 122.235.153.120 /layui/Upload/quanjing/2018-05-17/160400146.png
INFO: [ app_init ] --START--
INFO: Run Behavior\BuildLiteBehavior [ RunTime:0.000000s ]
INFO: [ app_init ] --END-- [ RunTime:0.000000s ]
ERR: 无法加载模块:Upload

[ 2018-05-19T09:20:48+08:00 ] 122.235.153.120 /layui/Upload/quanjing/2018-05-17/150116473.png
INFO: [ app_init ] --START--
INFO: Run Behavior\BuildLiteBehavior [ RunTime:0.000000s ]
INFO: [ app_init ] --END-- [ RunTime:0.000000s ]
ERR: 无法加载模块:Upload

[ 2018-05-19T09:20:48+08:00 ] 122.235.153.120 /layui/Upload/quanjing/2018-05-12/105220809.jpg
INFO: [ app_init ] --START--
INFO: Run Behavior\BuildLiteBehavior [ RunTime:0.000000s ]
INFO: [ app_init ] --END-- [ RunTime:0.000000s ]
ERR: 无法加载模块:Upload

[ 2018-05-19T09:20:48+08:00 ] 122.235.153.120 /layui/Upload/quanjing/2018-05-09/195207262.gif
INFO: [ app_init ] --START--
INFO: Run Behavior\BuildLiteBehavior [ RunTime:0.000000s ]
INFO: [ app_init ] --END-- [ RunTime:0.000000s ]
ERR: 无法加载模块:Upload

[ 2018-05-19T09:21:06+08:00 ] 122.235.153.120 /layui/Upload/quanjing/2018-05-17/164550406.png
INFO: [ app_init ] --START--
INFO: Run Behavior\BuildLiteBehavior [ RunTime:0.000000s ]
INFO: [ app_init ] --END-- [ RunTime:0.000000s ]
ERR: 无法加载模块:Upload

[ 2018-05-19T09:21:06+08:00 ] 122.235.153.120 /layui/Upload/quanjing/2018-05-17/160400146.png
INFO: [ app_init ] --START--
INFO: Run Behavior\BuildLiteBehavior [ RunTime:0.000000s ]
INFO: [ app_init ] --END-- [ RunTime:0.000000s ]
ERR: 无法加载模块:Upload

[ 2018-05-19T09:21:06+08:00 ] 122.235.153.120 /layui/Upload/quanjing/2018-05-12/105220809.jpg
INFO: [ app_init ] --START--
INFO: Run Behavior\BuildLiteBehavior [ RunTime:0.000000s ]
INFO: [ app_init ] --END-- [ RunTime:0.000000s ]
ERR: 无法加载模块:Upload

[ 2018-05-19T09:21:06+08:00 ] 122.235.153.120 /layui/Upload/quanjing/2018-05-17/150116473.png
INFO: [ app_init ] --START--
INFO: Run Behavior\BuildLiteBehavior [ RunTime:0.000000s ]
INFO: [ app_init ] --END-- [ RunTime:0.000000s ]
ERR: 无法加载模块:Upload

[ 2018-05-19T09:21:06+08:00 ] 122.235.153.120 /layui/Upload/quanjing/2018-05-09/195207262.gif
INFO: [ app_init ] --START--
INFO: Run Behavior\BuildLiteBehavior [ RunTime:0.000000s ]
INFO: [ app_init ] --END-- [ RunTime:0.000000s ]
ERR: 无法加载模块:Upload

[ 2018-05-19T09:21:19+08:00 ] 122.235.153.120 /layui/Upload/quanjing/2018-05-17/164550406.png
INFO: [ app_init ] --START--
INFO: Run Behavior\BuildLiteBehavior [ RunTime:0.000000s ]
INFO: [ app_init ] --END-- [ RunTime:0.000000s ]
ERR: 无法加载模块:Upload

[ 2018-05-19T09:21:19+08:00 ] 122.235.153.120 /layui/Upload/quanjing/2018-05-17/160400146.png
INFO: [ app_init ] --START--
INFO: Run Behavior\BuildLiteBehavior [ RunTime:0.000000s ]
INFO: [ app_init ] --END-- [ RunTime:0.000000s ]
ERR: 无法加载模块:Upload

[ 2018-05-19T09:21:19+08:00 ] 122.235.153.120 /layui/Upload/quanjing/2018-05-17/150116473.png
INFO: [ app_init ] --START--
INFO: Run Behavior\BuildLiteBehavior [ RunTime:0.000000s ]
INFO: [ app_init ] --END-- [ RunTime:0.000000s ]
ERR: 无法加载模块:Upload

[ 2018-05-19T09:21:19+08:00 ] 122.235.153.120 /layui/Upload/quanjing/2018-05-12/105220809.jpg
INFO: [ app_init ] --START--
INFO: Run Behavior\BuildLiteBehavior [ RunTime:0.000000s ]
INFO: [ app_init ] --END-- [ RunTime:0.000000s ]
ERR: 无法加载模块:Upload

[ 2018-05-19T09:21:19+08:00 ] 122.235.153.120 /layui/Upload/quanjing/2018-05-09/195207262.gif
INFO: [ app_init ] --START--
INFO: Run Behavior\BuildLiteBehavior [ RunTime:0.000000s ]
INFO: [ app_init ] --END-- [ RunTime:0.000000s ]
ERR: 无法加载模块:Upload

[ 2018-05-19T09:31:11+08:00 ] 122.235.153.120 /layui/Upload/quanjing/2018-05-12/105220809.jpg
INFO: [ app_init ] --START--
INFO: Run Behavior\BuildLiteBehavior [ RunTime:0.000000s ]
INFO: [ app_init ] --END-- [ RunTime:0.000000s ]
ERR: 无法加载模块:Upload

[ 2018-05-19T09:31:11+08:00 ] 122.235.153.120 /layui/Upload/quanjing/2018-05-17/160400146.png
INFO: [ app_init ] --START--
INFO: Run Behavior\BuildLiteBehavior [ RunTime:0.000000s ]
INFO: [ app_init ] --END-- [ RunTime:0.000000s ]
ERR: 无法加载模块:Upload

[ 2018-05-19T09:31:11+08:00 ] 122.235.153.120 /layui/Upload/quanjing/2018-05-17/164550406.png
INFO: [ app_init ] --START--
INFO: Run Behavior\BuildLiteBehavior [ RunTime:0.000000s ]
INFO: [ app_init ] --END-- [ RunTime:0.000000s ]
ERR: 无法加载模块:Upload

[ 2018-05-19T09:31:11+08:00 ] 122.235.153.120 /layui/Upload/quanjing/2018-05-17/150116473.png
INFO: [ app_init ] --START--
INFO: Run Behavior\BuildLiteBehavior [ RunTime:0.000000s ]
INFO: [ app_init ] --END-- [ RunTime:0.000000s ]
ERR: 无法加载模块:Upload

[ 2018-05-19T09:31:11+08:00 ] 122.235.153.120 /layui/Upload/quanjing/2018-05-09/195207262.gif
INFO: [ app_init ] --START--
INFO: Run Behavior\BuildLiteBehavior [ RunTime:0.000000s ]
INFO: [ app_init ] --END-- [ RunTime:0.000000s ]
ERR: 无法加载模块:Upload

[ 2018-05-19T09:42:56+08:00 ] 122.235.153.120 /layui/Upload/quanjing/2018-05-17/164550406.png
INFO: [ app_init ] --START--
INFO: Run Behavior\BuildLiteBehavior [ RunTime:0.000000s ]
INFO: [ app_init ] --END-- [ RunTime:0.000000s ]
ERR: 无法加载模块:Upload

[ 2018-05-19T09:42:56+08:00 ] 122.235.153.120 /layui/Upload/quanjing/2018-05-17/160400146.png
INFO: [ app_init ] --START--
INFO: Run Behavior\BuildLiteBehavior [ RunTime:0.000000s ]
INFO: [ app_init ] --END-- [ RunTime:0.000000s ]
ERR: 无法加载模块:Upload

[ 2018-05-19T09:42:56+08:00 ] 122.235.153.120 /layui/Upload/quanjing/2018-05-09/195207262.gif
INFO: [ app_init ] --START--
INFO: Run Behavior\BuildLiteBehavior [ RunTime:0.000000s ]
INFO: [ app_init ] --END-- [ RunTime:0.000000s ]
ERR: 无法加载模块:Upload

[ 2018-05-19T09:42:56+08:00 ] 122.235.153.120 /layui/Upload/quanjing/2018-05-17/150116473.png
INFO: [ app_init ] --START--
INFO: Run Behavior\BuildLiteBehavior [ RunTime:0.000000s ]
INFO: [ app_init ] --END-- [ RunTime:0.000000s ]
ERR: 无法加载模块:Upload

[ 2018-05-19T09:42:56+08:00 ] 122.235.153.120 /layui/Upload/quanjing/2018-05-12/105220809.jpg
INFO: [ app_init ] --START--
INFO: Run Behavior\BuildLiteBehavior [ RunTime:0.000000s ]
INFO: [ app_init ] --END-- [ RunTime:0.000000s ]
ERR: 无法加载模块:Upload

[ 2018-05-19T09:46:35+08:00 ] 218.72.121.242 /layui/Upload/quanjing/2018-05-17/164550406.png
INFO: [ app_init ] --START--
INFO: Run Behavior\BuildLiteBehavior [ RunTime:0.000000s ]
INFO: [ app_init ] --END-- [ RunTime:0.000000s ]
ERR: 无法加载模块:Upload

[ 2018-05-19T09:46:35+08:00 ] 218.72.121.242 /layui/Upload/quanjing/2018-05-17/160400146.png
INFO: [ app_init ] --START--
INFO: Run Behavior\BuildLiteBehavior [ RunTime:0.000000s ]
INFO: [ app_init ] --END-- [ RunTime:0.000000s ]
ERR: 无法加载模块:Upload

[ 2018-05-19T09:46:35+08:00 ] 218.72.121.242 /layui/Upload/quanjing/2018-05-17/150116473.png
INFO: [ app_init ] --START--
INFO: Run Behavior\BuildLiteBehavior [ RunTime:0.000000s ]
INFO: [ app_init ] --END-- [ RunTime:0.000000s ]
ERR: 无法加载模块:Upload

[ 2018-05-19T09:46:35+08:00 ] 218.72.121.242 /layui/Upload/quanjing/2018-05-12/105220809.jpg
INFO: [ app_init ] --START--
INFO: Run Behavior\BuildLiteBehavior [ RunTime:0.000000s ]
INFO: [ app_init ] --END-- [ RunTime:0.000000s ]
ERR: 无法加载模块:Upload

[ 2018-05-19T09:46:35+08:00 ] 218.72.121.242 /layui/Upload/quanjing/2018-05-09/195207262.gif
INFO: [ app_init ] --START--
INFO: Run Behavior\BuildLiteBehavior [ RunTime:0.000000s ]
INFO: [ app_init ] --END-- [ RunTime:0.000000s ]
ERR: 无法加载模块:Upload

[ 2018-05-19T09:46:41+08:00 ] 218.72.121.242 /layui/Upload/quanjing/2018-05-17/160400146.png
INFO: [ app_init ] --START--
INFO: Run Behavior\BuildLiteBehavior [ RunTime:0.000000s ]
INFO: [ app_init ] --END-- [ RunTime:0.000000s ]
ERR: 无法加载模块:Upload

[ 2018-05-19T09:46:41+08:00 ] 218.72.121.242 /layui/Upload/quanjing/2018-05-17/150116473.png
INFO: [ app_init ] --START--
INFO: Run Behavior\BuildLiteBehavior [ RunTime:0.000000s ]
INFO: [ app_init ] --END-- [ RunTime:0.000000s ]
ERR: 无法加载模块:Upload

[ 2018-05-19T09:46:41+08:00 ] 218.72.121.242 /layui/Upload/quanjing/2018-05-12/105220809.jpg
INFO: [ app_init ] --START--
INFO: Run Behavior\BuildLiteBehavior [ RunTime:0.000000s ]
INFO: [ app_init ] --END-- [ RunTime:0.000000s ]
ERR: 无法加载模块:Upload

[ 2018-05-19T09:46:41+08:00 ] 218.72.121.242 /layui/Upload/quanjing/2018-05-09/195207262.gif
INFO: [ app_init ] --START--
INFO: Run Behavior\BuildLiteBehavior [ RunTime:0.000000s ]
INFO: [ app_init ] --END-- [ RunTime:0.000000s ]
ERR: 无法加载模块:Upload

[ 2018-05-19T09:46:46+08:00 ] 218.72.121.242 /layui/Upload/quanjing/2018-05-17/150116473.png
INFO: [ app_init ] --START--
INFO: Run Behavior\BuildLiteBehavior [ RunTime:0.000000s ]
INFO: [ app_init ] --END-- [ RunTime:0.000000s ]
ERR: 无法加载模块:Upload

[ 2018-05-19T09:46:46+08:00 ] 218.72.121.242 /layui/Upload/quanjing/2018-05-09/195207262.gif
INFO: [ app_init ] --START--
INFO: Run Behavior\BuildLiteBehavior [ RunTime:0.000000s ]
INFO: [ app_init ] --END-- [ RunTime:0.000000s ]
ERR: 无法加载模块:Upload

[ 2018-05-19T09:46:46+08:00 ] 218.72.121.242 /layui/Upload/quanjing/2018-05-12/105220809.jpg
INFO: [ app_init ] --START--
INFO: Run Behavior\BuildLiteBehavior [ RunTime:0.000000s ]
INFO: [ app_init ] --END-- [ RunTime:0.000000s ]
ERR: 无法加载模块:Upload

[ 2018-05-19T09:46:51+08:00 ] 218.72.121.242 /layui/Upload/quanjing/2018-05-12/105220809.jpg
INFO: [ app_init ] --START--
INFO: Run Behavior\BuildLiteBehavior [ RunTime:0.000000s ]
INFO: [ app_init ] --END-- [ RunTime:0.000000s ]
ERR: 无法加载模块:Upload

[ 2018-05-19T09:46:51+08:00 ] 218.72.121.242 /layui/Upload/quanjing/2018-05-09/195207262.gif
INFO: [ app_init ] --START--
INFO: Run Behavior\BuildLiteBehavior [ RunTime:0.000000s ]
INFO: [ app_init ] --END-- [ RunTime:0.000000s ]
ERR: 无法加载模块:Upload

[ 2018-05-19T09:46:56+08:00 ] 218.72.121.242 /layui/Upload/quanjing/2018-05-09/195207262.gif
INFO: [ app_init ] --START--
INFO: Run Behavior\BuildLiteBehavior [ RunTime:0.015625s ]
INFO: [ app_init ] --END-- [ RunTime:0.015625s ]
ERR: 无法加载模块:Upload

