[ 2018-05-18T09:05:10+08:00 ] 122.235.153.120 /layui/Upload/quanjing/2018-05-18/090510712.png
INFO: [ app_init ] --START--
INFO: Run Behavior\BuildLiteBehavior [ RunTime:0.000000s ]
INFO: [ app_init ] --END-- [ RunTime:0.000000s ]
ERR: 无法加载模块:Upload

[ 2018-05-18T09:05:17+08:00 ] 122.235.153.120 /layui/Upload/quanjing/2018-05-18/090517584.png
INFO: [ app_init ] --START--
INFO: Run Behavior\BuildLiteBehavior [ RunTime:0.000000s ]
INFO: [ app_init ] --END-- [ RunTime:0.000000s ]
ERR: 无法加载模块:Upload

[ 2018-05-18T14:20:22+08:00 ] 122.235.153.120 /layui/Upload/folder/%E5%B9%B4-%E6%9C%88-%E6%97%A5/%E6%97%B6%E5%88%86%E7%A7%92
INFO: [ app_init ] --START--
INFO: Run Behavior\BuildLiteBehavior [ RunTime:0.000000s ]
INFO: [ app_init ] --END-- [ RunTime:0.000000s ]
ERR: 无法加载模块:Upload

[ 2018-05-18T14:20:59+08:00 ] 122.235.153.120 /layui/Upload/quanjing/%E5%B9%B4-%E6%9C%88-%E6%97%A5/%E6%97%B6%E5%88%86%E7%A7%92
INFO: [ app_init ] --START--
INFO: Run Behavior\BuildLiteBehavior [ RunTime:0.000000s ]
INFO: [ app_init ] --END-- [ RunTime:0.000000s ]
ERR: 无法加载模块:Upload

[ 2018-05-18T14:21:03+08:00 ] 122.235.153.120 /layui/Upload/quanjing/%E5%B9%B4-%E6%9C%88-%E6%97%A5/%E6%97%B6%E5%88%86%E7%A7%92
INFO: [ app_init ] --START--
INFO: Run Behavior\BuildLiteBehavior [ RunTime:0.000000s ]
INFO: [ app_init ] --END-- [ RunTime:0.000000s ]
ERR: 无法加载模块:Upload

[ 2018-05-18T14:21:06+08:00 ] 122.235.153.120 /layui/Upload/quanjing/%E5%B9%B4-%E6%9C%88-%E6%97%A5/%E6%97%B6%E5%88%86%E7%A7%92
INFO: [ app_init ] --START--
INFO: Run Behavior\BuildLiteBehavior [ RunTime:0.000000s ]
INFO: [ app_init ] --END-- [ RunTime:0.000000s ]
ERR: 无法加载模块:Upload

[ 2018-05-18T14:21:19+08:00 ] 122.235.153.120 /layui/Upload/quanjing/%E5%B9%B4-%E6%9C%88-%E6%97%A5/%E6%97%B6%E5%88%86%E7%A7%92
INFO: [ app_init ] --START--
INFO: Run Behavior\BuildLiteBehavior [ RunTime:0.000000s ]
INFO: [ app_init ] --END-- [ RunTime:0.000000s ]
ERR: 无法加载模块:Upload

[ 2018-05-18T14:21:29+08:00 ] 122.235.153.120 /layui/Upload/quanjing/%E5%B9%B4-%E6%9C%88-%E6%97%A5/%E6%97%B6%E5%88%86%E7%A7%92
INFO: [ app_init ] --START--
INFO: Run Behavior\BuildLiteBehavior [ RunTime:0.000000s ]
INFO: [ app_init ] --END-- [ RunTime:0.000000s ]
ERR: 无法加载模块:Upload

[ 2018-05-18T14:21:32+08:00 ] 122.235.153.120 /layui/Upload/folder/%E5%B9%B4-%E6%9C%88-%E6%97%A5/%E6%97%B6%E5%88%86%E7%A7%92
INFO: [ app_init ] --START--
INFO: Run Behavior\BuildLiteBehavior [ RunTime:0.000000s ]
INFO: [ app_init ] --END-- [ RunTime:0.000000s ]
ERR: 无法加载模块:Upload

[ 2018-05-18T14:21:36+08:00 ] 122.235.153.120 /layui/Upload/folder/%E5%B9%B4-%E6%9C%88-%E6%97%A5/%E6%97%B6%E5%88%86%E7%A7%92
INFO: [ app_init ] --START--
INFO: Run Behavior\BuildLiteBehavior [ RunTime:0.000000s ]
INFO: [ app_init ] --END-- [ RunTime:0.000000s ]
ERR: 无法加载模块:Upload

[ 2018-05-18T14:21:58+08:00 ] 122.235.153.120 /layui/Upload/quanjing/%E5%B9%B4-%E6%9C%88-%E6%97%A5/%E6%97%B6%E5%88%86%E7%A7%92
INFO: [ app_init ] --START--
INFO: Run Behavior\BuildLiteBehavior [ RunTime:0.000000s ]
INFO: [ app_init ] --END-- [ RunTime:0.000000s ]
ERR: 无法加载模块:Upload

[ 2018-05-18T14:22:15+08:00 ] 122.235.153.120 /layui/Upload/quanjing/%E5%B9%B4-%E6%9C%88-%E6%97%A5/%E6%97%B6%E5%88%86%E7%A7%92
INFO: [ app_init ] --START--
INFO: Run Behavior\BuildLiteBehavior [ RunTime:0.000000s ]
INFO: [ app_init ] --END-- [ RunTime:0.000000s ]
ERR: 无法加载模块:Upload

[ 2018-05-18T14:22:33+08:00 ] 122.235.153.120 /layui/Upload/quanjing/%E5%B9%B4-%E6%9C%88-%E6%97%A5/%E6%97%B6%E5%88%86%E7%A7%92
INFO: [ app_init ] --START--
INFO: Run Behavior\BuildLiteBehavior [ RunTime:0.000000s ]
INFO: [ app_init ] --END-- [ RunTime:0.000000s ]
ERR: 无法加载模块:Upload

[ 2018-05-18T14:22:54+08:00 ] 122.235.153.120 /layui/Upload/folder/%E5%B9%B4-%E6%9C%88-%E6%97%A5/%E6%97%B6%E5%88%86%E7%A7%92
INFO: [ app_init ] --START--
INFO: Run Behavior\BuildLiteBehavior [ RunTime:0.000000s ]
INFO: [ app_init ] --END-- [ RunTime:0.000000s ]
ERR: 无法加载模块:Upload

[ 2018-05-18T14:29:00+08:00 ] 122.235.152.79 /layui/Upload/quanjing/2018-05-17/160400146.png
INFO: [ app_init ] --START--
INFO: Run Behavior\BuildLiteBehavior [ RunTime:0.000000s ]
INFO: [ app_init ] --END-- [ RunTime:0.000000s ]
ERR: 无法加载模块:Upload

[ 2018-05-18T14:29:00+08:00 ] 122.235.152.79 /layui/Upload/quanjing/2018-05-17/164550406.png
INFO: [ app_init ] --START--
INFO: Run Behavior\BuildLiteBehavior [ RunTime:0.000000s ]
INFO: [ app_init ] --END-- [ RunTime:0.000000s ]
ERR: 无法加载模块:Upload

[ 2018-05-18T14:29:00+08:00 ] 122.235.152.79 /layui/Upload/quanjing/2018-05-17/173811990.png
INFO: [ app_init ] --START--
INFO: Run Behavior\BuildLiteBehavior [ RunTime:0.000000s ]
INFO: [ app_init ] --END-- [ RunTime:0.000000s ]
ERR: 无法加载模块:Upload

[ 2018-05-18T14:29:00+08:00 ] 122.235.152.79 /layui/Upload/quanjing/2018-05-17/150116473.png
INFO: [ app_init ] --START--
INFO: Run Behavior\BuildLiteBehavior [ RunTime:0.000000s ]
INFO: [ app_init ] --END-- [ RunTime:0.000000s ]
ERR: 无法加载模块:Upload

[ 2018-05-18T14:29:00+08:00 ] 122.235.152.79 /layui/Upload/quanjing/2018-05-12/105220809.jpg
INFO: [ app_init ] --START--
INFO: Run Behavior\BuildLiteBehavior [ RunTime:0.000000s ]
INFO: [ app_init ] --END-- [ RunTime:0.000000s ]
ERR: 无法加载模块:Upload

[ 2018-05-18T14:29:00+08:00 ] 122.235.152.79 /layui/Upload/quanjing/2018-05-09/195207262.gif
INFO: [ app_init ] --START--
INFO: Run Behavior\BuildLiteBehavior [ RunTime:0.000000s ]
INFO: [ app_init ] --END-- [ RunTime:0.000000s ]
ERR: 无法加载模块:Upload

[ 2018-05-18T14:32:25+08:00 ] 122.235.152.79 /layui/Upload/quanjing/2018-05-17/173811990.png
INFO: [ app_init ] --START--
INFO: Run Behavior\BuildLiteBehavior [ RunTime:0.000000s ]
INFO: [ app_init ] --END-- [ RunTime:0.000000s ]
ERR: 无法加载模块:Upload

[ 2018-05-18T14:32:25+08:00 ] 122.235.152.79 /layui/Upload/quanjing/2018-05-17/160400146.png
INFO: [ app_init ] --START--
INFO: Run Behavior\BuildLiteBehavior [ RunTime:0.000000s ]
INFO: [ app_init ] --END-- [ RunTime:0.000000s ]
ERR: 无法加载模块:Upload

[ 2018-05-18T14:32:25+08:00 ] 122.235.152.79 /layui/Upload/quanjing/2018-05-17/164550406.png
INFO: [ app_init ] --START--
INFO: Run Behavior\BuildLiteBehavior [ RunTime:0.000000s ]
INFO: [ app_init ] --END-- [ RunTime:0.000000s ]
ERR: 无法加载模块:Upload

[ 2018-05-18T14:32:25+08:00 ] 122.235.152.79 /layui/Upload/quanjing/2018-05-17/150116473.png
INFO: [ app_init ] --START--
INFO: Run Behavior\BuildLiteBehavior [ RunTime:0.000000s ]
INFO: [ app_init ] --END-- [ RunTime:0.000000s ]
ERR: 无法加载模块:Upload

[ 2018-05-18T14:32:25+08:00 ] 122.235.152.79 /layui/Upload/quanjing/2018-05-09/195207262.gif
INFO: [ app_init ] --START--
INFO: Run Behavior\BuildLiteBehavior [ RunTime:0.000000s ]
INFO: [ app_init ] --END-- [ RunTime:0.000000s ]
ERR: 无法加载模块:Upload

[ 2018-05-18T14:32:25+08:00 ] 122.235.152.79 /layui/Upload/quanjing/2018-05-12/105220809.jpg
INFO: [ app_init ] --START--
INFO: Run Behavior\BuildLiteBehavior [ RunTime:0.000000s ]
INFO: [ app_init ] --END-- [ RunTime:0.000000s ]
ERR: 无法加载模块:Upload

[ 2018-05-18T14:32:49+08:00 ] 122.235.152.79 /layui/Upload/quanjing/2018-05-09/195207262.gif
INFO: [ app_init ] --START--
INFO: Run Behavior\BuildLiteBehavior [ RunTime:0.000000s ]
INFO: [ app_init ] --END-- [ RunTime:0.015625s ]
ERR: 无法加载模块:Upload

[ 2018-05-18T14:32:49+08:00 ] 122.235.152.79 /layui/Upload/quanjing/2018-05-17/160400146.png
INFO: [ app_init ] --START--
INFO: Run Behavior\BuildLiteBehavior [ RunTime:0.000000s ]
INFO: [ app_init ] --END-- [ RunTime:0.000000s ]
ERR: 无法加载模块:Upload

[ 2018-05-18T14:32:49+08:00 ] 122.235.152.79 /layui/Upload/quanjing/2018-05-17/150116473.png
INFO: [ app_init ] --START--
INFO: Run Behavior\BuildLiteBehavior [ RunTime:0.000000s ]
INFO: [ app_init ] --END-- [ RunTime:0.000000s ]
ERR: 无法加载模块:Upload

[ 2018-05-18T14:32:49+08:00 ] 122.235.152.79 /layui/Upload/quanjing/2018-05-12/105220809.jpg
INFO: [ app_init ] --START--
INFO: Run Behavior\BuildLiteBehavior [ RunTime:0.000000s ]
INFO: [ app_init ] --END-- [ RunTime:0.000000s ]
ERR: 无法加载模块:Upload

[ 2018-05-18T14:32:49+08:00 ] 122.235.152.79 /layui/Upload/quanjing/2018-05-17/173811990.png
INFO: [ app_init ] --START--
INFO: Run Behavior\BuildLiteBehavior [ RunTime:0.000000s ]
INFO: [ app_init ] --END-- [ RunTime:0.000000s ]
ERR: 无法加载模块:Upload

[ 2018-05-18T14:32:49+08:00 ] 122.235.152.79 /layui/Upload/quanjing/2018-05-17/164550406.png
INFO: [ app_init ] --START--
INFO: Run Behavior\BuildLiteBehavior [ RunTime:0.000000s ]
INFO: [ app_init ] --END-- [ RunTime:0.000000s ]
ERR: 无法加载模块:Upload

[ 2018-05-18T15:41:17+08:00 ] 180.157.148.69 /layui/Upload/quanjing/2018-05-17/173811990.png
INFO: [ app_init ] --START--
INFO: Run Behavior\BuildLiteBehavior [ RunTime:0.000000s ]
INFO: [ app_init ] --END-- [ RunTime:0.000000s ]
ERR: 无法加载模块:Upload

[ 2018-05-18T15:41:17+08:00 ] 180.157.148.69 /layui/Upload/quanjing/image/2018-05-18/132734930.png
INFO: [ app_init ] --START--
INFO: Run Behavior\BuildLiteBehavior [ RunTime:0.000000s ]
INFO: [ app_init ] --END-- [ RunTime:0.000977s ]
ERR: 无法加载模块:Upload

[ 2018-05-18T15:41:19+08:00 ] 180.157.148.69 /layui/Upload/quanjing/image/2018-05-18/132734930.png
INFO: [ app_init ] --START--
INFO: Run Behavior\BuildLiteBehavior [ RunTime:0.000000s ]
INFO: [ app_init ] --END-- [ RunTime:0.000977s ]
ERR: 无法加载模块:Upload

[ 2018-05-18T15:41:19+08:00 ] 180.157.148.69 /layui/Upload/quanjing/2018-05-17/173811990.png
INFO: [ app_init ] --START--
INFO: Run Behavior\BuildLiteBehavior [ RunTime:0.000000s ]
INFO: [ app_init ] --END-- [ RunTime:0.000000s ]
ERR: 无法加载模块:Upload

[ 2018-05-18T15:41:20+08:00 ] 180.157.148.69 /layui/Upload/quanjing/image/2018-05-18/132734930.png
INFO: [ app_init ] --START--
INFO: Run Behavior\BuildLiteBehavior [ RunTime:0.000000s ]
INFO: [ app_init ] --END-- [ RunTime:0.000977s ]
ERR: 无法加载模块:Upload

[ 2018-05-18T15:41:20+08:00 ] 180.157.148.69 /layui/Upload/quanjing/2018-05-17/173811990.png
INFO: [ app_init ] --START--
INFO: Run Behavior\BuildLiteBehavior [ RunTime:0.000000s ]
INFO: [ app_init ] --END-- [ RunTime:0.000000s ]
ERR: 无法加载模块:Upload

[ 2018-05-18T15:41:25+08:00 ] 180.157.148.69 /layui/Upload/quanjing/image/2018-05-18/132734930.png
INFO: [ app_init ] --START--
INFO: Run Behavior\BuildLiteBehavior [ RunTime:0.000000s ]
INFO: [ app_init ] --END-- [ RunTime:0.000000s ]
ERR: 无法加载模块:Upload

[ 2018-05-18T15:41:25+08:00 ] 180.157.148.69 /layui/Upload/quanjing/2018-05-17/173811990.png
INFO: [ app_init ] --START--
INFO: Run Behavior\BuildLiteBehavior [ RunTime:0.000000s ]
INFO: [ app_init ] --END-- [ RunTime:0.000000s ]
ERR: 无法加载模块:Upload

[ 2018-05-18T15:41:34+08:00 ] 180.157.148.69 /layui/Upload/quanjing/image/2018-05-18/132734930.png
INFO: [ app_init ] --START--
INFO: Run Behavior\BuildLiteBehavior [ RunTime:0.000000s ]
INFO: [ app_init ] --END-- [ RunTime:0.000000s ]
ERR: 无法加载模块:Upload

[ 2018-05-18T15:41:34+08:00 ] 180.157.148.69 /layui/Upload/quanjing/2018-05-17/173811990.png
INFO: [ app_init ] --START--
INFO: Run Behavior\BuildLiteBehavior [ RunTime:0.000000s ]
INFO: [ app_init ] --END-- [ RunTime:0.000000s ]
ERR: 无法加载模块:Upload

[ 2018-05-18T15:41:35+08:00 ] 180.157.148.69 /layui/Upload/quanjing/2018-05-17/173811990.png
INFO: [ app_init ] --START--
INFO: Run Behavior\BuildLiteBehavior [ RunTime:0.000000s ]
INFO: [ app_init ] --END-- [ RunTime:0.000000s ]
ERR: 无法加载模块:Upload

[ 2018-05-18T15:41:35+08:00 ] 180.157.148.69 /layui/Upload/quanjing/image/2018-05-18/132734930.png
INFO: [ app_init ] --START--
INFO: Run Behavior\BuildLiteBehavior [ RunTime:0.000000s ]
INFO: [ app_init ] --END-- [ RunTime:0.000976s ]
ERR: 无法加载模块:Upload

[ 2018-05-18T15:41:35+08:00 ] 180.157.148.69 /layui/Upload/quanjing/image/2018-05-18/132734930.png
INFO: [ app_init ] --START--
INFO: Run Behavior\BuildLiteBehavior [ RunTime:0.000000s ]
INFO: [ app_init ] --END-- [ RunTime:0.000977s ]
ERR: 无法加载模块:Upload

[ 2018-05-18T15:41:36+08:00 ] 180.157.148.69 /layui/Upload/quanjing/2018-05-17/173811990.png
INFO: [ app_init ] --START--
INFO: Run Behavior\BuildLiteBehavior [ RunTime:0.000000s ]
INFO: [ app_init ] --END-- [ RunTime:0.000000s ]
ERR: 无法加载模块:Upload

[ 2018-05-18T15:41:36+08:00 ] 180.157.148.69 /layui/Upload/quanjing/image/2018-05-18/132734930.png
INFO: [ app_init ] --START--
INFO: Run Behavior\BuildLiteBehavior [ RunTime:0.000000s ]
INFO: [ app_init ] --END-- [ RunTime:0.000976s ]
ERR: 无法加载模块:Upload

[ 2018-05-18T15:41:36+08:00 ] 180.157.148.69 /layui/Upload/quanjing/2018-05-17/173811990.png
INFO: [ app_init ] --START--
INFO: Run Behavior\BuildLiteBehavior [ RunTime:0.000000s ]
INFO: [ app_init ] --END-- [ RunTime:0.000000s ]
ERR: 无法加载模块:Upload

[ 2018-05-18T15:41:37+08:00 ] 180.157.148.69 /layui/Upload/quanjing/2018-05-17/173811990.png
INFO: [ app_init ] --START--
INFO: Run Behavior\BuildLiteBehavior [ RunTime:0.000000s ]
INFO: [ app_init ] --END-- [ RunTime:0.000977s ]
ERR: 无法加载模块:Upload

[ 2018-05-18T15:41:37+08:00 ] 180.157.148.69 /layui/Upload/quanjing/image/2018-05-18/132734930.png
INFO: [ app_init ] --START--
INFO: Run Behavior\BuildLiteBehavior [ RunTime:0.000000s ]
INFO: [ app_init ] --END-- [ RunTime:0.000976s ]
ERR: 无法加载模块:Upload

[ 2018-05-18T15:41:37+08:00 ] 180.157.148.69 /layui/Upload/quanjing/2018-05-17/173811990.png
INFO: [ app_init ] --START--
INFO: Run Behavior\BuildLiteBehavior [ RunTime:0.000000s ]
INFO: [ app_init ] --END-- [ RunTime:0.000000s ]
ERR: 无法加载模块:Upload

[ 2018-05-18T15:41:37+08:00 ] 180.157.148.69 /layui/Upload/quanjing/image/2018-05-18/132734930.png
INFO: [ app_init ] --START--
INFO: Run Behavior\BuildLiteBehavior [ RunTime:0.000000s ]
INFO: [ app_init ] --END-- [ RunTime:0.000977s ]
ERR: 无法加载模块:Upload

[ 2018-05-18T15:57:26+08:00 ] 122.235.153.120 /layui/Upload/quanjing/image/2018-05-18/132734930.png
INFO: [ app_init ] --START--
INFO: Run Behavior\BuildLiteBehavior [ RunTime:0.000000s ]
INFO: [ app_init ] --END-- [ RunTime:0.000977s ]
ERR: 无法加载模块:Upload

[ 2018-05-18T16:00:08+08:00 ] 122.235.153.120 /layui/Upload/quanjing/image/2018-05-18/132734930.png
INFO: [ app_init ] --START--
INFO: Run Behavior\BuildLiteBehavior [ RunTime:0.000000s ]
INFO: [ app_init ] --END-- [ RunTime:0.000000s ]
ERR: 无法加载模块:Upload

[ 2018-05-18T16:00:38+08:00 ] 122.235.153.120 /layui/Upload/quanjing/image/2018-05-18/132734930.png
INFO: [ app_init ] --START--
INFO: Run Behavior\BuildLiteBehavior [ RunTime:0.000000s ]
INFO: [ app_init ] --END-- [ RunTime:0.000000s ]
ERR: 无法加载模块:Upload

[ 2018-05-18T16:42:22+08:00 ] 180.157.148.69 /layui/Upload/quanjing/2018-05-17/173811990.png
INFO: [ app_init ] --START--
INFO: Run Behavior\BuildLiteBehavior [ RunTime:0.000000s ]
INFO: [ app_init ] --END-- [ RunTime:0.000000s ]
ERR: 无法加载模块:Upload

[ 2018-05-18T16:42:22+08:00 ] 180.157.148.69 /layui/Upload/quanjing/2018-05-17/164550406.png
INFO: [ app_init ] --START--
INFO: Run Behavior\BuildLiteBehavior [ RunTime:0.000000s ]
INFO: [ app_init ] --END-- [ RunTime:0.000000s ]
ERR: 无法加载模块:Upload

[ 2018-05-18T16:42:22+08:00 ] 180.157.148.69 /layui/Upload/quanjing/2018-05-17/160400146.png
INFO: [ app_init ] --START--
INFO: Run Behavior\BuildLiteBehavior [ RunTime:0.000000s ]
INFO: [ app_init ] --END-- [ RunTime:0.000000s ]
ERR: 无法加载模块:Upload

[ 2018-05-18T16:42:22+08:00 ] 180.157.148.69 /layui/Upload/quanjing/2018-05-17/150116473.png
INFO: [ app_init ] --START--
INFO: Run Behavior\BuildLiteBehavior [ RunTime:0.000000s ]
INFO: [ app_init ] --END-- [ RunTime:0.000000s ]
ERR: 无法加载模块:Upload

[ 2018-05-18T16:42:22+08:00 ] 180.157.148.69 /layui/Upload/quanjing/2018-05-09/195207262.gif
INFO: [ app_init ] --START--
INFO: Run Behavior\BuildLiteBehavior [ RunTime:0.000000s ]
INFO: [ app_init ] --END-- [ RunTime:0.000000s ]
ERR: 无法加载模块:Upload

[ 2018-05-18T16:42:22+08:00 ] 180.157.148.69 /layui/Upload/quanjing/2018-05-12/105220809.jpg
INFO: [ app_init ] --START--
INFO: Run Behavior\BuildLiteBehavior [ RunTime:0.000000s ]
INFO: [ app_init ] --END-- [ RunTime:0.000000s ]
ERR: 无法加载模块:Upload

[ 2018-05-18T16:55:09+08:00 ] 122.235.153.120 /layui/Upload/quanjing/2018-05-17/173811990.png
INFO: [ app_init ] --START--
INFO: Run Behavior\BuildLiteBehavior [ RunTime:0.000000s ]
INFO: [ app_init ] --END-- [ RunTime:0.000000s ]
ERR: 无法加载模块:Upload

[ 2018-05-18T16:55:09+08:00 ] 122.235.153.120 /layui/Upload/quanjing/2018-05-17/164550406.png
INFO: [ app_init ] --START--
INFO: Run Behavior\BuildLiteBehavior [ RunTime:0.000000s ]
INFO: [ app_init ] --END-- [ RunTime:0.000000s ]
ERR: 无法加载模块:Upload

[ 2018-05-18T16:55:09+08:00 ] 122.235.153.120 /layui/Upload/quanjing/2018-05-17/160400146.png
INFO: [ app_init ] --START--
INFO: Run Behavior\BuildLiteBehavior [ RunTime:0.000000s ]
INFO: [ app_init ] --END-- [ RunTime:0.000000s ]
ERR: 无法加载模块:Upload

[ 2018-05-18T16:55:09+08:00 ] 122.235.153.120 /layui/Upload/quanjing/2018-05-17/150116473.png
INFO: [ app_init ] --START--
INFO: Run Behavior\BuildLiteBehavior [ RunTime:0.000000s ]
INFO: [ app_init ] --END-- [ RunTime:0.000000s ]
ERR: 无法加载模块:Upload

[ 2018-05-18T17:02:52+08:00 ] 122.235.152.79 /layui/Upload/quanjing/2018-05-17/150116473.png
INFO: [ app_init ] --START--
INFO: Run Behavior\BuildLiteBehavior [ RunTime:0.000000s ]
INFO: [ app_init ] --END-- [ RunTime:0.000000s ]
ERR: 无法加载模块:Upload

[ 2018-05-18T17:02:52+08:00 ] 122.235.152.79 /layui/Upload/quanjing/2018-05-17/160400146.png
INFO: [ app_init ] --START--
INFO: Run Behavior\BuildLiteBehavior [ RunTime:0.000000s ]
INFO: [ app_init ] --END-- [ RunTime:0.000000s ]
ERR: 无法加载模块:Upload

[ 2018-05-18T17:02:52+08:00 ] 122.235.152.79 /layui/Upload/quanjing/2018-05-12/105220809.jpg
INFO: [ app_init ] --START--
INFO: Run Behavior\BuildLiteBehavior [ RunTime:0.015625s ]
INFO: [ app_init ] --END-- [ RunTime:0.015625s ]
ERR: 无法加载模块:Upload

[ 2018-05-18T17:02:52+08:00 ] 122.235.152.79 /layui/Upload/quanjing/2018-05-17/164550406.png
INFO: [ app_init ] --START--
INFO: Run Behavior\BuildLiteBehavior [ RunTime:0.000000s ]
INFO: [ app_init ] --END-- [ RunTime:0.015625s ]
ERR: 无法加载模块:Upload

[ 2018-05-18T17:02:52+08:00 ] 122.235.152.79 /layui/Upload/quanjing/2018-05-09/195207262.gif
INFO: [ app_init ] --START--
INFO: Run Behavior\BuildLiteBehavior [ RunTime:0.000000s ]
INFO: [ app_init ] --END-- [ RunTime:0.015625s ]
ERR: 无法加载模块:Upload

[ 2018-05-18T17:02:52+08:00 ] 122.235.152.79 /layui/Upload/quanjing/2018-05-17/173811990.png
INFO: [ app_init ] --START--
INFO: Run Behavior\BuildLiteBehavior [ RunTime:0.000000s ]
INFO: [ app_init ] --END-- [ RunTime:0.000000s ]
ERR: 无法加载模块:Upload

[ 2018-05-18T17:09:24+08:00 ] 122.235.152.79 /layui/Upload/quanjing/2018-05-17/160400146.png
INFO: [ app_init ] --START--
INFO: Run Behavior\BuildLiteBehavior [ RunTime:0.000000s ]
INFO: [ app_init ] --END-- [ RunTime:0.000000s ]
ERR: 无法加载模块:Upload

[ 2018-05-18T17:09:24+08:00 ] 122.235.152.79 /layui/Upload/quanjing/2018-05-17/173811990.png
INFO: [ app_init ] --START--
INFO: Run Behavior\BuildLiteBehavior [ RunTime:0.000000s ]
INFO: [ app_init ] --END-- [ RunTime:0.000000s ]
ERR: 无法加载模块:Upload

[ 2018-05-18T17:09:24+08:00 ] 122.235.152.79 /layui/Upload/quanjing/2018-05-17/164550406.png
INFO: [ app_init ] --START--
INFO: Run Behavior\BuildLiteBehavior [ RunTime:0.000000s ]
INFO: [ app_init ] --END-- [ RunTime:0.000000s ]
ERR: 无法加载模块:Upload

[ 2018-05-18T17:09:24+08:00 ] 122.235.152.79 /layui/Upload/quanjing/2018-05-17/150116473.png
INFO: [ app_init ] --START--
INFO: Run Behavior\BuildLiteBehavior [ RunTime:0.000000s ]
INFO: [ app_init ] --END-- [ RunTime:0.000000s ]
ERR: 无法加载模块:Upload

[ 2018-05-18T17:09:24+08:00 ] 122.235.152.79 /layui/Upload/quanjing/2018-05-09/195207262.gif
INFO: [ app_init ] --START--
INFO: Run Behavior\BuildLiteBehavior [ RunTime:0.000000s ]
INFO: [ app_init ] --END-- [ RunTime:0.000000s ]
ERR: 无法加载模块:Upload

[ 2018-05-18T17:09:24+08:00 ] 122.235.152.79 /layui/Upload/quanjing/2018-05-12/105220809.jpg
INFO: [ app_init ] --START--
INFO: Run Behavior\BuildLiteBehavior [ RunTime:0.000000s ]
INFO: [ app_init ] --END-- [ RunTime:0.000000s ]
ERR: 无法加载模块:Upload

[ 2018-05-18T17:10:25+08:00 ] 122.235.152.79 /layui/Upload/quanjing/2018-05-17/173811990.png
INFO: [ app_init ] --START--
INFO: Run Behavior\BuildLiteBehavior [ RunTime:0.000000s ]
INFO: [ app_init ] --END-- [ RunTime:0.000000s ]
ERR: 无法加载模块:Upload

[ 2018-05-18T17:10:25+08:00 ] 122.235.152.79 /layui/Upload/quanjing/2018-05-17/164550406.png
INFO: [ app_init ] --START--
INFO: Run Behavior\BuildLiteBehavior [ RunTime:0.000000s ]
INFO: [ app_init ] --END-- [ RunTime:0.000000s ]
ERR: 无法加载模块:Upload

[ 2018-05-18T17:10:25+08:00 ] 122.235.152.79 /layui/Upload/quanjing/2018-05-17/150116473.png
INFO: [ app_init ] --START--
INFO: Run Behavior\BuildLiteBehavior [ RunTime:0.000000s ]
INFO: [ app_init ] --END-- [ RunTime:0.000000s ]
ERR: 无法加载模块:Upload

[ 2018-05-18T17:10:25+08:00 ] 122.235.152.79 /layui/Upload/quanjing/2018-05-17/160400146.png
INFO: [ app_init ] --START--
INFO: Run Behavior\BuildLiteBehavior [ RunTime:0.000000s ]
INFO: [ app_init ] --END-- [ RunTime:0.000000s ]
ERR: 无法加载模块:Upload

[ 2018-05-18T17:10:25+08:00 ] 122.235.152.79 /layui/Upload/quanjing/2018-05-12/105220809.jpg
INFO: [ app_init ] --START--
INFO: Run Behavior\BuildLiteBehavior [ RunTime:0.000000s ]
INFO: [ app_init ] --END-- [ RunTime:0.000000s ]
ERR: 无法加载模块:Upload

[ 2018-05-18T17:10:25+08:00 ] 122.235.152.79 /layui/Upload/quanjing/2018-05-09/195207262.gif
INFO: [ app_init ] --START--
INFO: Run Behavior\BuildLiteBehavior [ RunTime:0.000000s ]
INFO: [ app_init ] --END-- [ RunTime:0.000000s ]
ERR: 无法加载模块:Upload

[ 2018-05-18T17:10:57+08:00 ] 122.235.152.79 /layui/Upload/quanjing/2018-05-17/173811990.png
INFO: [ app_init ] --START--
INFO: Run Behavior\BuildLiteBehavior [ RunTime:0.000000s ]
INFO: [ app_init ] --END-- [ RunTime:0.000000s ]
ERR: 无法加载模块:Upload

[ 2018-05-18T17:10:57+08:00 ] 122.235.152.79 /layui/Upload/quanjing/2018-05-17/164550406.png
INFO: [ app_init ] --START--
INFO: Run Behavior\BuildLiteBehavior [ RunTime:0.000000s ]
INFO: [ app_init ] --END-- [ RunTime:0.000000s ]
ERR: 无法加载模块:Upload

[ 2018-05-18T17:10:57+08:00 ] 122.235.152.79 /layui/Upload/quanjing/2018-05-17/160400146.png
INFO: [ app_init ] --START--
INFO: Run Behavior\BuildLiteBehavior [ RunTime:0.000000s ]
INFO: [ app_init ] --END-- [ RunTime:0.000000s ]
ERR: 无法加载模块:Upload

[ 2018-05-18T17:10:57+08:00 ] 122.235.152.79 /layui/Upload/quanjing/2018-05-17/150116473.png
INFO: [ app_init ] --START--
INFO: Run Behavior\BuildLiteBehavior [ RunTime:0.000000s ]
INFO: [ app_init ] --END-- [ RunTime:0.000000s ]
ERR: 无法加载模块:Upload

[ 2018-05-18T17:10:57+08:00 ] 122.235.152.79 /layui/Upload/quanjing/2018-05-12/105220809.jpg
INFO: [ app_init ] --START--
INFO: Run Behavior\BuildLiteBehavior [ RunTime:0.000000s ]
INFO: [ app_init ] --END-- [ RunTime:0.000000s ]
ERR: 无法加载模块:Upload

[ 2018-05-18T17:10:57+08:00 ] 122.235.152.79 /layui/Upload/quanjing/2018-05-09/195207262.gif
INFO: [ app_init ] --START--
INFO: Run Behavior\BuildLiteBehavior [ RunTime:0.000000s ]
INFO: [ app_init ] --END-- [ RunTime:0.015625s ]
ERR: 无法加载模块:Upload

[ 2018-05-18T17:11:33+08:00 ] 122.235.152.79 /layui/Upload/quanjing/2018-05-17/164550406.png
INFO: [ app_init ] --START--
INFO: Run Behavior\BuildLiteBehavior [ RunTime:0.000000s ]
INFO: [ app_init ] --END-- [ RunTime:0.000000s ]
ERR: 无法加载模块:Upload

[ 2018-05-18T17:11:33+08:00 ] 122.235.152.79 /layui/Upload/quanjing/2018-05-17/160400146.png
INFO: [ app_init ] --START--
INFO: Run Behavior\BuildLiteBehavior [ RunTime:0.000000s ]
INFO: [ app_init ] --END-- [ RunTime:0.000000s ]
ERR: 无法加载模块:Upload

[ 2018-05-18T17:11:33+08:00 ] 122.235.152.79 /layui/Upload/quanjing/2018-05-12/105220809.jpg
INFO: [ app_init ] --START--
INFO: Run Behavior\BuildLiteBehavior [ RunTime:0.000000s ]
INFO: [ app_init ] --END-- [ RunTime:0.000000s ]
ERR: 无法加载模块:Upload

[ 2018-05-18T17:11:33+08:00 ] 122.235.152.79 /layui/Upload/quanjing/2018-05-17/150116473.png
INFO: [ app_init ] --START--
INFO: Run Behavior\BuildLiteBehavior [ RunTime:0.000000s ]
INFO: [ app_init ] --END-- [ RunTime:0.000000s ]
ERR: 无法加载模块:Upload

[ 2018-05-18T17:11:33+08:00 ] 122.235.152.79 /layui/Upload/quanjing/2018-05-09/195207262.gif
INFO: [ app_init ] --START--
INFO: Run Behavior\BuildLiteBehavior [ RunTime:0.000000s ]
INFO: [ app_init ] --END-- [ RunTime:0.000000s ]
ERR: 无法加载模块:Upload

[ 2018-05-18T17:34:35+08:00 ] 180.157.148.69 /layui/Upload/quanjing/2018-05-17/164550406.png
INFO: [ app_init ] --START--
INFO: Run Behavior\BuildLiteBehavior [ RunTime:0.000000s ]
INFO: [ app_init ] --END-- [ RunTime:0.000000s ]
ERR: 无法加载模块:Upload

[ 2018-05-18T17:34:35+08:00 ] 180.157.148.69 /layui/Upload/quanjing/2018-05-17/160400146.png
INFO: [ app_init ] --START--
INFO: Run Behavior\BuildLiteBehavior [ RunTime:0.000000s ]
INFO: [ app_init ] --END-- [ RunTime:0.000000s ]
ERR: 无法加载模块:Upload

[ 2018-05-18T17:34:35+08:00 ] 180.157.148.69 /layui/Upload/quanjing/2018-05-09/195207262.gif
INFO: [ app_init ] --START--
INFO: Run Behavior\BuildLiteBehavior [ RunTime:0.000000s ]
INFO: [ app_init ] --END-- [ RunTime:0.000000s ]
ERR: 无法加载模块:Upload

[ 2018-05-18T17:34:35+08:00 ] 180.157.148.69 /layui/Upload/quanjing/2018-05-17/150116473.png
INFO: [ app_init ] --START--
INFO: Run Behavior\BuildLiteBehavior [ RunTime:0.000000s ]
INFO: [ app_init ] --END-- [ RunTime:0.000000s ]
ERR: 无法加载模块:Upload

[ 2018-05-18T17:34:35+08:00 ] 180.157.148.69 /layui/Upload/quanjing/2018-05-12/105220809.jpg
INFO: [ app_init ] --START--
INFO: Run Behavior\BuildLiteBehavior [ RunTime:0.000000s ]
INFO: [ app_init ] --END-- [ RunTime:0.000000s ]
ERR: 无法加载模块:Upload

