[ 2018-07-25T10:10:19+08:00 ] 125.120.67.202 /company/Upload/house/2018-07-25/100816389.jpg
INFO: [ app_init ] --START--
INFO: Run Behavior\BuildLiteBehavior [ RunTime:0.000000s ]
INFO: [ app_init ] --END-- [ RunTime:0.000977s ]
ERR: 无法加载模块:Upload

[ 2018-07-25T10:10:21+08:00 ] 125.120.67.202 /company/Upload/house/2018-07-25/100816389.jpg
INFO: [ app_init ] --START--
INFO: Run Behavior\BuildLiteBehavior [ RunTime:0.000000s ]
INFO: [ app_init ] --END-- [ RunTime:0.000976s ]
ERR: 无法加载模块:Upload

[ 2018-07-25T10:10:22+08:00 ] 125.120.67.202 /company/Upload/house/2018-07-25/100816389.jpg
INFO: [ app_init ] --START--
INFO: Run Behavior\BuildLiteBehavior [ RunTime:0.000000s ]
INFO: [ app_init ] --END-- [ RunTime:0.000000s ]
ERR: 无法加载模块:Upload

[ 2018-07-25T10:10:39+08:00 ] 125.120.67.202 /company/Upload/house/2018-07-25/100816389.jpg
INFO: [ app_init ] --START--
INFO: Run Behavior\BuildLiteBehavior [ RunTime:0.000000s ]
INFO: [ app_init ] --END-- [ RunTime:0.000976s ]
ERR: 无法加载模块:Upload

[ 2018-07-25T10:10:39+08:00 ] 125.120.67.202 /company/Upload/house/2018-07-25/100816389.jpg
INFO: [ app_init ] --START--
INFO: Run Behavior\BuildLiteBehavior [ RunTime:0.000976s ]
INFO: [ app_init ] --END-- [ RunTime:0.000976s ]
ERR: 无法加载模块:Upload

[ 2018-07-25T10:11:24+08:00 ] 125.120.67.202 /company/Upload/house/2018-07-25/100816389.jpg
INFO: [ app_init ] --START--
INFO: Run Behavior\BuildLiteBehavior [ RunTime:0.000976s ]
INFO: [ app_init ] --END-- [ RunTime:0.000976s ]
ERR: 无法加载模块:Upload

[ 2018-07-25T10:12:34+08:00 ] 125.120.67.202 /company/Upload/house/2018-07-25/100816389.jpg
INFO: [ app_init ] --START--
INFO: Run Behavior\BuildLiteBehavior [ RunTime:0.000000s ]
INFO: [ app_init ] --END-- [ RunTime:0.000977s ]
ERR: 无法加载模块:Upload

[ 2018-07-25T10:12:36+08:00 ] 125.120.67.202 /company/Upload/house/2018-07-25/100816389.jpg
INFO: [ app_init ] --START--
INFO: Run Behavior\BuildLiteBehavior [ RunTime:0.000000s ]
INFO: [ app_init ] --END-- [ RunTime:0.000977s ]
ERR: 无法加载模块:Upload

[ 2018-07-25T10:12:47+08:00 ] 125.120.67.202 /company/Upload/house/2018-07-25/100816389.jpg
INFO: [ app_init ] --START--
INFO: Run Behavior\BuildLiteBehavior [ RunTime:0.000000s ]
INFO: [ app_init ] --END-- [ RunTime:0.000977s ]
ERR: 无法加载模块:Upload

[ 2018-07-25T10:12:47+08:00 ] 125.120.67.202 /company/Upload/house/2018-07-24/164545748.jpg
INFO: [ app_init ] --START--
INFO: Run Behavior\BuildLiteBehavior [ RunTime:0.000000s ]
INFO: [ app_init ] --END-- [ RunTime:0.000976s ]
ERR: 无法加载模块:Upload

[ 2018-07-25T10:12:47+08:00 ] 125.120.67.202 /company/Upload/house/2018-07-24/164454555.jpg
INFO: [ app_init ] --START--
INFO: Run Behavior\BuildLiteBehavior [ RunTime:0.000000s ]
INFO: [ app_init ] --END-- [ RunTime:0.000976s ]
ERR: 无法加载模块:Upload

[ 2018-07-25T10:12:47+08:00 ] 125.120.67.202 /company/Upload/house/2018-07-24/164400838.jpg
INFO: [ app_init ] --START--
INFO: Run Behavior\BuildLiteBehavior [ RunTime:0.000000s ]
INFO: [ app_init ] --END-- [ RunTime:0.000977s ]
ERR: 无法加载模块:Upload

[ 2018-07-25T10:12:47+08:00 ] 125.120.67.202 /company/Upload/house/2018-07-24/164520372.jpg
INFO: [ app_init ] --START--
INFO: Run Behavior\BuildLiteBehavior [ RunTime:0.000977s ]
INFO: [ app_init ] --END-- [ RunTime:0.000977s ]
ERR: 无法加载模块:Upload

[ 2018-07-25T10:12:47+08:00 ] 125.120.67.202 /company/Upload/house/2018-07-24/164427459.jpg
INFO: [ app_init ] --START--
INFO: Run Behavior\BuildLiteBehavior [ RunTime:0.000000s ]
INFO: [ app_init ] --END-- [ RunTime:0.000976s ]
ERR: 无法加载模块:Upload

[ 2018-07-25T10:12:47+08:00 ] 125.120.67.202 /company/Upload/house/2018-07-24/163931215.jpg
INFO: [ app_init ] --START--
INFO: Run Behavior\BuildLiteBehavior [ RunTime:0.000000s ]
INFO: [ app_init ] --END-- [ RunTime:0.000977s ]
ERR: 无法加载模块:Upload

[ 2018-07-25T10:12:47+08:00 ] 125.120.67.202 /company/Upload/house/2018-07-24/163852903.jpg
INFO: [ app_init ] --START--
INFO: Run Behavior\BuildLiteBehavior [ RunTime:0.000000s ]
INFO: [ app_init ] --END-- [ RunTime:0.000976s ]
ERR: 无法加载模块:Upload

[ 2018-07-25T10:12:47+08:00 ] 125.120.67.202 /company/Upload/house/2018-07-24/163730483.jpg
INFO: [ app_init ] --START--
INFO: Run Behavior\BuildLiteBehavior [ RunTime:0.000000s ]
INFO: [ app_init ] --END-- [ RunTime:0.000976s ]
ERR: 无法加载模块:Upload

[ 2018-07-25T10:12:47+08:00 ] 125.120.67.202 /company/Upload/house/2018-07-24/163548355.jpg
INFO: [ app_init ] --START--
INFO: Run Behavior\BuildLiteBehavior [ RunTime:0.000000s ]
INFO: [ app_init ] --END-- [ RunTime:0.000977s ]
ERR: 无法加载模块:Upload

