[ 2018-06-13T15:47:25+08:00 ] 124.127.109.130 /layui/Upload/folder/2018-05-17/150055301.zip
INFO: [ app_init ] --START--
INFO: Run Behavior\BuildLiteBehavior [ RunTime:0.000000s ]
INFO: [ app_init ] --END-- [ RunTime:0.000000s ]
ERR: 无法加载模块:Upload

[ 2018-06-13T17:00:37+08:00 ] 61.174.234.7 /layui/Upload/bofan/folder/2018-06-13/%E4%B8%8B%E5%8D%88%2050503756.rfa
INFO: [ app_init ] --START--
INFO: Run Behavior\BuildLiteBehavior [ RunTime:0.000000s ]
INFO: [ app_init ] --END-- [ RunTime:0.000000s ]
ERR: 无法加载模块:Upload

[ 2018-06-13T17:08:38+08:00 ] 125.120.70.198 /layui/Upload/bofan/folder/2018-06-13/%E4%B8%8B%E5%8D%88%2050717840.rfa
INFO: [ app_init ] --START--
INFO: Run Behavior\BuildLiteBehavior [ RunTime:0.000000s ]
INFO: [ app_init ] --END-- [ RunTime:0.000000s ]
ERR: 无法加载模块:Upload

[ 2018-06-13T17:08:41+08:00 ] 125.120.70.198 /layui/Upload/bofan/folder/2018-06-13/%E4%B8%8B%E5%8D%88%2050503756.rfa
INFO: [ app_init ] --START--
INFO: Run Behavior\BuildLiteBehavior [ RunTime:0.000000s ]
INFO: [ app_init ] --END-- [ RunTime:0.000000s ]
ERR: 无法加载模块:Upload

