[ 2018-06-02T10:13:25+08:00 ] 113.108.10.16 /layui/Upload/mumu/folder/2018-06-01/141437811.rvt
INFO: [ app_init ] --START--
INFO: Run Behavior\BuildLiteBehavior [ RunTime:0.000000s ]
INFO: [ app_init ] --END-- [ RunTime:0.000000s ]
ERR: 无法加载模块:Upload

[ 2018-06-02T10:13:25+08:00 ] 113.108.10.16 /layui/Upload/mumu/folder/2018-06-01/141437811.rvt
INFO: [ app_init ] --START--
INFO: Run Behavior\BuildLiteBehavior [ RunTime:0.000000s ]
INFO: [ app_init ] --END-- [ RunTime:0.000000s ]
ERR: 无法加载模块:Upload

[ 2018-06-02T10:13:29+08:00 ] 220.184.221.203 /layui/Upload/mumu/folder/2018-06-01/141437811.rvt
INFO: [ app_init ] --START--
INFO: Run Behavior\BuildLiteBehavior [ RunTime:0.000000s ]
INFO: [ app_init ] --END-- [ RunTime:0.000000s ]
ERR: 无法加载模块:Upload

[ 2018-06-02T10:14:24+08:00 ] 140.207.54.197 /layui/Upload/mumu/folder/2018-06-01/141437811.rvt
INFO: [ app_init ] --START--
INFO: Run Behavior\BuildLiteBehavior [ RunTime:0.000000s ]
INFO: [ app_init ] --END-- [ RunTime:0.000000s ]
ERR: 无法加载模块:Upload

[ 2018-06-02T10:14:25+08:00 ] 61.151.226.63 /layui/Upload/mumu/folder/2018-06-01/141437811.rvt
INFO: [ app_init ] --START--
INFO: Run Behavior\BuildLiteBehavior [ RunTime:0.000000s ]
INFO: [ app_init ] --END-- [ RunTime:0.000000s ]
ERR: 无法加载模块:Upload

[ 2018-06-02T10:18:21+08:00 ] 180.163.28.123 /layui/Upload/mumu/folder/2018-06-01/141437811.rvt
INFO: [ app_init ] --START--
INFO: Run Behavior\BuildLiteBehavior [ RunTime:0.000000s ]
INFO: [ app_init ] --END-- [ RunTime:0.000000s ]
ERR: 无法加载模块:Upload

[ 2018-06-02T10:49:14+08:00 ] 124.89.78.233 /layui/Upload/mumu/folder/2018-06-02/104823722.jpg
INFO: [ app_init ] --START--
INFO: Run Behavior\BuildLiteBehavior [ RunTime:0.000000s ]
INFO: [ app_init ] --END-- [ RunTime:0.000000s ]
ERR: 无法加载模块:Upload

