[ 2018-06-29T10:52:26+08:00 ] 39.155.185.43 /layui/Upload/folder/2018-05-17/150055301.zip
INFO: [ app_init ] --START--
INFO: Run Behavior\BuildLiteBehavior [ RunTime:0.000000s ]
INFO: [ app_init ] --END-- [ RunTime:0.000000s ]
ERR: 无法加载模块:Upload

[ 2018-06-29T14:44:54+08:00 ] 116.228.16.198 /layui/Upload/folder/2018-05-17/150055301.zip
INFO: [ app_init ] --START--
INFO: Run Behavior\BuildLiteBehavior [ RunTime:0.000000s ]
INFO: [ app_init ] --END-- [ RunTime:0.000000s ]
ERR: 无法加载模块:Upload

[ 2018-06-29T15:59:05+08:00 ] 117.131.119.3 /layui/Upload/folder/2018-05-17/150055301.zip
INFO: [ app_init ] --START--
INFO: Run Behavior\BuildLiteBehavior [ RunTime:0.000000s ]
INFO: [ app_init ] --END-- [ RunTime:0.000000s ]
ERR: 无法加载模块:Upload

[ 2018-06-29T17:30:27+08:00 ] 113.111.7.238 /layui/Upload/folder/2018-05-17/150055301.zip
INFO: [ app_init ] --START--
INFO: Run Behavior\BuildLiteBehavior [ RunTime:0.000000s ]
INFO: [ app_init ] --END-- [ RunTime:0.000000s ]
ERR: 无法加载模块:Upload

[ 2018-06-29T18:47:48+08:00 ] 101.68.72.146 /layui/Upload/folder/2018-05-17/150055301.zip
INFO: [ app_init ] --START--
INFO: Run Behavior\BuildLiteBehavior [ RunTime:0.000000s ]
INFO: [ app_init ] --END-- [ RunTime:0.000000s ]
ERR: 无法加载模块:Upload

