[ 2018-06-01T13:23:01+08:00 ] 182.140.168.94 /layui/Upload/mumu/folder/2018-06-01/132251664.rar
INFO: [ app_init ] --START--
INFO: Run Behavior\BuildLiteBehavior [ RunTime:0.000000s ]
INFO: [ app_init ] --END-- [ RunTime:0.000000s ]
ERR: 无法加载模块:Upload

[ 2018-06-01T14:15:23+08:00 ] 113.108.10.18 /layui/Upload/mumu/folder/2018-06-01/141437886.rvt
INFO: [ app_init ] --START--
INFO: Run Behavior\BuildLiteBehavior [ RunTime:0.000000s ]
INFO: [ app_init ] --END-- [ RunTime:0.000000s ]
ERR: 无法加载模块:Upload

[ 2018-06-01T14:15:23+08:00 ] 113.108.10.18 /layui/Upload/mumu/folder/2018-06-01/141437886.rvt
INFO: [ app_init ] --START--
INFO: Run Behavior\BuildLiteBehavior [ RunTime:0.000000s ]
INFO: [ app_init ] --END-- [ RunTime:0.000000s ]
ERR: 无法加载模块:Upload

[ 2018-06-01T14:16:22+08:00 ] 223.166.151.191 /layui/Upload/mumu/folder/2018-06-01/141437886.rvt
INFO: [ app_init ] --START--
INFO: Run Behavior\BuildLiteBehavior [ RunTime:0.000000s ]
INFO: [ app_init ] --END-- [ RunTime:0.000000s ]
ERR: 无法加载模块:Upload

[ 2018-06-01T17:54:31+08:00 ] 124.89.78.233 /layui/Upload/mumu/folder/2018-06-01/141437801.rvt
INFO: [ app_init ] --START--
INFO: Run Behavior\BuildLiteBehavior [ RunTime:0.000000s ]
INFO: [ app_init ] --END-- [ RunTime:0.000000s ]
ERR: 无法加载模块:Upload

