[ 2018-05-23T10:22:00+08:00 ] 39.155.185.43 /layui/Upload/folder/2018-05-17/150055301.zip
INFO: [ app_init ] --START--
INFO: Run Behavior\BuildLiteBehavior [ RunTime:0.000000s ]
INFO: [ app_init ] --END-- [ RunTime:0.000000s ]
ERR: 无法加载模块:Upload

[ 2018-05-23T16:26:31+08:00 ] 218.74.29.32 /layui/Upload/quanjing/2018-05-17/173811990.png
INFO: [ app_init ] --START--
INFO: Run Behavior\BuildLiteBehavior [ RunTime:0.000000s ]
INFO: [ app_init ] --END-- [ RunTime:0.000977s ]
ERR: 无法加载模块:Upload

[ 2018-05-23T16:26:31+08:00 ] 218.74.29.32 /layui/Upload/quanjing/2018-05-17/160400146.png
INFO: [ app_init ] --START--
INFO: Run Behavior\BuildLiteBehavior [ RunTime:0.000000s ]
INFO: [ app_init ] --END-- [ RunTime:0.000977s ]
ERR: 无法加载模块:Upload

[ 2018-05-23T16:26:31+08:00 ] 218.74.29.32 /layui/Upload/quanjing/2018-05-17/164550406.png
INFO: [ app_init ] --START--
INFO: Run Behavior\BuildLiteBehavior [ RunTime:0.000000s ]
INFO: [ app_init ] --END-- [ RunTime:0.000000s ]
ERR: 无法加载模块:Upload

[ 2018-05-23T16:26:41+08:00 ] 218.74.29.32 /layui/Upload/quanjing/2018-05-17/150116473.png
INFO: [ app_init ] --START--
INFO: Run Behavior\BuildLiteBehavior [ RunTime:0.000000s ]
INFO: [ app_init ] --END-- [ RunTime:0.000000s ]
ERR: 无法加载模块:Upload

[ 2018-05-23T16:26:41+08:00 ] 218.74.29.32 /layui/Upload/quanjing/2018-05-12/105220809.jpg
INFO: [ app_init ] --START--
INFO: Run Behavior\BuildLiteBehavior [ RunTime:0.000000s ]
INFO: [ app_init ] --END-- [ RunTime:0.000000s ]
ERR: 无法加载模块:Upload

[ 2018-05-23T16:26:41+08:00 ] 218.74.29.32 /layui/Upload/quanjing/2018-05-10/175109454.jpeg
INFO: [ app_init ] --START--
INFO: Run Behavior\BuildLiteBehavior [ RunTime:0.000000s ]
INFO: [ app_init ] --END-- [ RunTime:0.000977s ]
ERR: 无法加载模块:Upload

[ 2018-05-23T16:26:41+08:00 ] 218.74.29.32 /layui/Upload/quanjing/2018-05-09/195207262.gif
INFO: [ app_init ] --START--
INFO: Run Behavior\BuildLiteBehavior [ RunTime:0.000000s ]
INFO: [ app_init ] --END-- [ RunTime:0.000000s ]
ERR: 无法加载模块:Upload

[ 2018-05-23T16:26:41+08:00 ] 218.74.29.32 /layui/Upload/quanjing/2018-05-09/195702495.gif
INFO: [ app_init ] --START--
INFO: Run Behavior\BuildLiteBehavior [ RunTime:0.000000s ]
INFO: [ app_init ] --END-- [ RunTime:0.000977s ]
ERR: 无法加载模块:Upload

[ 2018-05-23T16:26:41+08:00 ] 218.74.29.32 /layui/Upload/quanjing/2018-05-09/195647960.gif
INFO: [ app_init ] --START--
INFO: Run Behavior\BuildLiteBehavior [ RunTime:0.000000s ]
INFO: [ app_init ] --END-- [ RunTime:0.000000s ]
ERR: 无法加载模块:Upload

[ 2018-05-23T16:28:15+08:00 ] 218.74.29.32 /layui/Upload/quanjing/2018-05-17/173811990.png
INFO: [ app_init ] --START--
INFO: Run Behavior\BuildLiteBehavior [ RunTime:0.000977s ]
INFO: [ app_init ] --END-- [ RunTime:0.000977s ]
ERR: 无法加载模块:Upload

[ 2018-05-23T16:28:15+08:00 ] 218.74.29.32 /layui/Upload/quanjing/2018-05-17/160400146.png
INFO: [ app_init ] --START--
INFO: Run Behavior\BuildLiteBehavior [ RunTime:0.000000s ]
INFO: [ app_init ] --END-- [ RunTime:0.000977s ]
ERR: 无法加载模块:Upload

[ 2018-05-23T16:28:15+08:00 ] 218.74.29.32 /layui/Upload/quanjing/2018-05-17/164550406.png
INFO: [ app_init ] --START--
INFO: Run Behavior\BuildLiteBehavior [ RunTime:0.000000s ]
INFO: [ app_init ] --END-- [ RunTime:0.000000s ]
ERR: 无法加载模块:Upload

[ 2018-05-23T16:28:20+08:00 ] 218.74.29.32 /layui/Upload/quanjing/2018-05-17/150116473.png
INFO: [ app_init ] --START--
INFO: Run Behavior\BuildLiteBehavior [ RunTime:0.000000s ]
INFO: [ app_init ] --END-- [ RunTime:0.000000s ]
ERR: 无法加载模块:Upload

[ 2018-05-23T16:28:20+08:00 ] 218.74.29.32 /layui/Upload/quanjing/2018-05-12/105220809.jpg
INFO: [ app_init ] --START--
INFO: Run Behavior\BuildLiteBehavior [ RunTime:0.000000s ]
INFO: [ app_init ] --END-- [ RunTime:0.000977s ]
ERR: 无法加载模块:Upload

[ 2018-05-23T16:28:20+08:00 ] 218.74.29.32 /layui/Upload/quanjing/2018-05-10/175109454.jpeg
INFO: [ app_init ] --START--
INFO: Run Behavior\BuildLiteBehavior [ RunTime:0.000000s ]
INFO: [ app_init ] --END-- [ RunTime:0.000977s ]
ERR: 无法加载模块:Upload

[ 2018-05-23T16:28:20+08:00 ] 218.74.29.32 /layui/Upload/quanjing/2018-05-09/195647960.gif
INFO: [ app_init ] --START--
INFO: Run Behavior\BuildLiteBehavior [ RunTime:0.000000s ]
INFO: [ app_init ] --END-- [ RunTime:0.000000s ]
ERR: 无法加载模块:Upload

[ 2018-05-23T16:28:20+08:00 ] 218.74.29.32 /layui/Upload/quanjing/2018-05-09/195702495.gif
INFO: [ app_init ] --START--
INFO: Run Behavior\BuildLiteBehavior [ RunTime:0.000000s ]
INFO: [ app_init ] --END-- [ RunTime:0.000977s ]
ERR: 无法加载模块:Upload

[ 2018-05-23T16:28:20+08:00 ] 218.74.29.32 /layui/Upload/quanjing/2018-05-09/195207262.gif
INFO: [ app_init ] --START--
INFO: Run Behavior\BuildLiteBehavior [ RunTime:0.000000s ]
INFO: [ app_init ] --END-- [ RunTime:0.000977s ]
ERR: 无法加载模块:Upload

[ 2018-05-23T16:28:35+08:00 ] 218.74.29.32 /layui/Upload/quanjing/2018-05-17/150116473.png
INFO: [ app_init ] --START--
INFO: Run Behavior\BuildLiteBehavior [ RunTime:0.000000s ]
INFO: [ app_init ] --END-- [ RunTime:0.000000s ]
ERR: 无法加载模块:Upload

[ 2018-05-23T16:28:35+08:00 ] 218.74.29.32 /layui/Upload/quanjing/2018-05-12/105220809.jpg
INFO: [ app_init ] --START--
INFO: Run Behavior\BuildLiteBehavior [ RunTime:0.000000s ]
INFO: [ app_init ] --END-- [ RunTime:0.000976s ]
ERR: 无法加载模块:Upload

[ 2018-05-23T16:28:35+08:00 ] 218.74.29.32 /layui/Upload/quanjing/2018-05-09/195702495.gif
INFO: [ app_init ] --START--
INFO: Run Behavior\BuildLiteBehavior [ RunTime:0.000000s ]
INFO: [ app_init ] --END-- [ RunTime:0.000977s ]
ERR: 无法加载模块:Upload

[ 2018-05-23T16:28:35+08:00 ] 218.74.29.32 /layui/Upload/quanjing/2018-05-10/175109454.jpeg
INFO: [ app_init ] --START--
INFO: Run Behavior\BuildLiteBehavior [ RunTime:0.000000s ]
INFO: [ app_init ] --END-- [ RunTime:0.000976s ]
ERR: 无法加载模块:Upload

[ 2018-05-23T16:28:35+08:00 ] 218.74.29.32 /layui/Upload/quanjing/2018-05-09/195647960.gif
INFO: [ app_init ] --START--
INFO: Run Behavior\BuildLiteBehavior [ RunTime:0.000000s ]
INFO: [ app_init ] --END-- [ RunTime:0.000977s ]
ERR: 无法加载模块:Upload

[ 2018-05-23T16:28:36+08:00 ] 218.74.29.32 /layui/Upload/quanjing/2018-05-17/164550406.png
INFO: [ app_init ] --START--
INFO: Run Behavior\BuildLiteBehavior [ RunTime:0.000000s ]
INFO: [ app_init ] --END-- [ RunTime:0.000977s ]
ERR: 无法加载模块:Upload

[ 2018-05-23T16:28:36+08:00 ] 218.74.29.32 /layui/Upload/quanjing/2018-05-17/173811990.png
INFO: [ app_init ] --START--
INFO: Run Behavior\BuildLiteBehavior [ RunTime:0.000000s ]
INFO: [ app_init ] --END-- [ RunTime:0.000977s ]
ERR: 无法加载模块:Upload

[ 2018-05-23T16:28:36+08:00 ] 218.74.29.32 /layui/Upload/quanjing/2018-05-17/160400146.png
INFO: [ app_init ] --START--
INFO: Run Behavior\BuildLiteBehavior [ RunTime:0.000000s ]
INFO: [ app_init ] --END-- [ RunTime:0.000000s ]
ERR: 无法加载模块:Upload

[ 2018-05-23T16:28:43+08:00 ] 218.74.29.32 /layui/Upload/quanjing/2018-05-17/164550406.png
INFO: [ app_init ] --START--
INFO: Run Behavior\BuildLiteBehavior [ RunTime:0.000000s ]
INFO: [ app_init ] --END-- [ RunTime:0.000976s ]
ERR: 无法加载模块:Upload

[ 2018-05-23T16:28:43+08:00 ] 218.74.29.32 /layui/Upload/quanjing/2018-05-17/160400146.png
INFO: [ app_init ] --START--
INFO: Run Behavior\BuildLiteBehavior [ RunTime:0.000000s ]
INFO: [ app_init ] --END-- [ RunTime:0.000000s ]
ERR: 无法加载模块:Upload

[ 2018-05-23T16:28:43+08:00 ] 218.74.29.32 /layui/Upload/quanjing/2018-05-17/150116473.png
INFO: [ app_init ] --START--
INFO: Run Behavior\BuildLiteBehavior [ RunTime:0.000000s ]
INFO: [ app_init ] --END-- [ RunTime:0.000976s ]
ERR: 无法加载模块:Upload

[ 2018-05-23T16:28:45+08:00 ] 218.74.29.32 /layui/Upload/quanjing/2018-05-12/105220809.jpg
INFO: [ app_init ] --START--
INFO: Run Behavior\BuildLiteBehavior [ RunTime:0.000000s ]
INFO: [ app_init ] --END-- [ RunTime:0.000977s ]
ERR: 无法加载模块:Upload

[ 2018-05-23T16:28:45+08:00 ] 218.74.29.32 /layui/Upload/quanjing/2018-05-10/175109454.jpeg
INFO: [ app_init ] --START--
INFO: Run Behavior\BuildLiteBehavior [ RunTime:0.000000s ]
INFO: [ app_init ] --END-- [ RunTime:0.000976s ]
ERR: 无法加载模块:Upload

[ 2018-05-23T16:28:45+08:00 ] 218.74.29.32 /layui/Upload/quanjing/2018-05-09/195702495.gif
INFO: [ app_init ] --START--
INFO: Run Behavior\BuildLiteBehavior [ RunTime:0.000977s ]
INFO: [ app_init ] --END-- [ RunTime:0.000977s ]
ERR: 无法加载模块:Upload

[ 2018-05-23T16:28:45+08:00 ] 218.74.29.32 /layui/Upload/quanjing/2018-05-09/195647960.gif
INFO: [ app_init ] --START--
INFO: Run Behavior\BuildLiteBehavior [ RunTime:0.000000s ]
INFO: [ app_init ] --END-- [ RunTime:0.000976s ]
ERR: 无法加载模块:Upload

[ 2018-05-23T16:28:49+08:00 ] 218.74.29.32 /layui/Upload/quanjing/2018-05-12/105220809.jpg
INFO: [ app_init ] --START--
INFO: Run Behavior\BuildLiteBehavior [ RunTime:0.000000s ]
INFO: [ app_init ] --END-- [ RunTime:0.000976s ]
ERR: 无法加载模块:Upload

[ 2018-05-23T16:28:49+08:00 ] 218.74.29.32 /layui/Upload/quanjing/2018-05-10/175109454.jpeg
INFO: [ app_init ] --START--
INFO: Run Behavior\BuildLiteBehavior [ RunTime:0.000000s ]
INFO: [ app_init ] --END-- [ RunTime:0.000976s ]
ERR: 无法加载模块:Upload

[ 2018-05-23T16:28:49+08:00 ] 218.74.29.32 /layui/Upload/quanjing/2018-05-09/195702495.gif
INFO: [ app_init ] --START--
INFO: Run Behavior\BuildLiteBehavior [ RunTime:0.000000s ]
INFO: [ app_init ] --END-- [ RunTime:0.000977s ]
ERR: 无法加载模块:Upload

[ 2018-05-23T16:28:53+08:00 ] 218.74.29.32 /layui/Upload/quanjing/2018-05-10/175109454.jpeg
INFO: [ app_init ] --START--
INFO: Run Behavior\BuildLiteBehavior [ RunTime:0.000000s ]
INFO: [ app_init ] --END-- [ RunTime:0.000977s ]
ERR: 无法加载模块:Upload

[ 2018-05-23T16:28:53+08:00 ] 218.74.29.32 /layui/Upload/quanjing/2018-05-12/105220809.jpg
INFO: [ app_init ] --START--
INFO: Run Behavior\BuildLiteBehavior [ RunTime:0.000000s ]
INFO: [ app_init ] --END-- [ RunTime:0.000000s ]
ERR: 无法加载模块:Upload

[ 2018-05-23T16:28:57+08:00 ] 218.74.29.32 /layui/Upload/quanjing/2018-05-10/175109454.jpeg
INFO: [ app_init ] --START--
INFO: Run Behavior\BuildLiteBehavior [ RunTime:0.000000s ]
INFO: [ app_init ] --END-- [ RunTime:0.000976s ]
ERR: 无法加载模块:Upload

[ 2018-05-23T16:28:57+08:00 ] 218.74.29.32 /layui/Upload/quanjing/2018-05-12/105220809.jpg
INFO: [ app_init ] --START--
INFO: Run Behavior\BuildLiteBehavior [ RunTime:0.000000s ]
INFO: [ app_init ] --END-- [ RunTime:0.000977s ]
ERR: 无法加载模块:Upload

[ 2018-05-23T16:29:00+08:00 ] 218.74.29.32 /layui/Upload/quanjing/2018-05-12/105220809.jpg
INFO: [ app_init ] --START--
INFO: Run Behavior\BuildLiteBehavior [ RunTime:0.000000s ]
INFO: [ app_init ] --END-- [ RunTime:0.000977s ]
ERR: 无法加载模块:Upload

[ 2018-05-23T16:29:19+08:00 ] 218.74.29.32 /layui/Upload/quanjing/2018-05-17/164550406.png
INFO: [ app_init ] --START--
INFO: Run Behavior\BuildLiteBehavior [ RunTime:0.000000s ]
INFO: [ app_init ] --END-- [ RunTime:0.000976s ]
ERR: 无法加载模块:Upload

[ 2018-05-23T16:29:19+08:00 ] 218.74.29.32 /layui/Upload/quanjing/2018-05-17/160400146.png
INFO: [ app_init ] --START--
INFO: Run Behavior\BuildLiteBehavior [ RunTime:0.000977s ]
INFO: [ app_init ] --END-- [ RunTime:0.000977s ]
ERR: 无法加载模块:Upload

[ 2018-05-23T16:29:19+08:00 ] 218.74.29.32 /layui/Upload/quanjing/2018-05-17/150116473.png
INFO: [ app_init ] --START--
INFO: Run Behavior\BuildLiteBehavior [ RunTime:0.000000s ]
INFO: [ app_init ] --END-- [ RunTime:0.000976s ]
ERR: 无法加载模块:Upload

[ 2018-05-23T16:29:26+08:00 ] 218.74.29.32 /layui/Upload/quanjing/2018-05-17/164550406.png
INFO: [ app_init ] --START--
INFO: Run Behavior\BuildLiteBehavior [ RunTime:0.000000s ]
INFO: [ app_init ] --END-- [ RunTime:0.000000s ]
ERR: 无法加载模块:Upload

[ 2018-05-23T16:29:26+08:00 ] 218.74.29.32 /layui/Upload/quanjing/2018-05-17/160400146.png
INFO: [ app_init ] --START--
INFO: Run Behavior\BuildLiteBehavior [ RunTime:0.000000s ]
INFO: [ app_init ] --END-- [ RunTime:0.000977s ]
ERR: 无法加载模块:Upload

[ 2018-05-23T16:29:26+08:00 ] 218.74.29.32 /layui/Upload/quanjing/2018-05-17/150116473.png
INFO: [ app_init ] --START--
INFO: Run Behavior\BuildLiteBehavior [ RunTime:0.000000s ]
INFO: [ app_init ] --END-- [ RunTime:0.000977s ]
ERR: 无法加载模块:Upload

[ 2018-05-23T16:29:26+08:00 ] 218.74.29.32 /layui/Upload/quanjing/2018-05-17/160400146.png
INFO: [ app_init ] --START--
INFO: Run Behavior\BuildLiteBehavior [ RunTime:0.000000s ]
INFO: [ app_init ] --END-- [ RunTime:0.000976s ]
ERR: 无法加载模块:Upload

[ 2018-05-23T16:29:26+08:00 ] 218.74.29.32 /layui/Upload/quanjing/2018-05-17/164550406.png
INFO: [ app_init ] --START--
INFO: Run Behavior\BuildLiteBehavior [ RunTime:0.000000s ]
INFO: [ app_init ] --END-- [ RunTime:0.000977s ]
ERR: 无法加载模块:Upload

[ 2018-05-23T16:29:26+08:00 ] 218.74.29.32 /layui/Upload/quanjing/2018-05-17/150116473.png
INFO: [ app_init ] --START--
INFO: Run Behavior\BuildLiteBehavior [ RunTime:0.000977s ]
INFO: [ app_init ] --END-- [ RunTime:0.000977s ]
ERR: 无法加载模块:Upload

[ 2018-05-23T16:29:31+08:00 ] 218.74.29.32 /layui/Upload/quanjing/2018-05-17/164550406.png
INFO: [ app_init ] --START--
INFO: Run Behavior\BuildLiteBehavior [ RunTime:0.000000s ]
INFO: [ app_init ] --END-- [ RunTime:0.000977s ]
ERR: 无法加载模块:Upload

[ 2018-05-23T16:29:31+08:00 ] 218.74.29.32 /layui/Upload/quanjing/2018-05-17/160400146.png
INFO: [ app_init ] --START--
INFO: Run Behavior\BuildLiteBehavior [ RunTime:0.000000s ]
INFO: [ app_init ] --END-- [ RunTime:0.000976s ]
ERR: 无法加载模块:Upload

[ 2018-05-23T16:29:38+08:00 ] 218.74.29.32 /layui/Upload/quanjing/2018-05-17/164550406.png
INFO: [ app_init ] --START--
INFO: Run Behavior\BuildLiteBehavior [ RunTime:0.000000s ]
INFO: [ app_init ] --END-- [ RunTime:0.000976s ]
ERR: 无法加载模块:Upload

